{"/home/david/Private/hub/common/node-jsjws/Gruntfile.js":{"path":"/home/david/Private/hub/common/node-jsjws/Gruntfile.js","s":{"1":1,"2":1,"3":1,"4":1,"5":1,"6":1,"7":1,"8":1,"9":1,"10":1,"11":1,"12":1,"13":1,"14":1,"15":1,"16":1,"17":1,"18":1,"19":1,"20":1,"21":1,"22":1,"23":1,"24":1,"25":1,"26":1,"27":1,"28":1,"29":1,"30":1,"31":0},"b":{"1":[1,0],"2":[1,0],"3":[0,1]},"f":{"1":1,"2":1,"3":1,"4":1},"fnMap":{"1":{"name":"(anonymous_1)","line":6,"loc":{"start":{"line":6,"column":17},"end":{"line":7,"column":0}}},"2":{"name":"(anonymous_2)","line":122,"loc":{"start":{"line":122,"column":32},"end":{"line":123,"column":4}}},"3":{"name":"(anonymous_3)","line":131,"loc":{"start":{"line":131,"column":4},"end":{"line":132,"column":4}}},"4":{"name":"(anonymous_4)","line":142,"loc":{"start":{"line":142,"column":4},"end":{"line":143,"column":4}}}},"statementMap":{"1":{"start":{"line":4,"column":0},"end":{"line":4,"column":60}},"2":{"start":{"line":6,"column":0},"end":{"line":154,"column":2}},"3":{"start":{"line":8,"column":4},"end":{"line":91,"column":7}},"4":{"start":{"line":93,"column":4},"end":{"line":93,"column":39}},"5":{"start":{"line":94,"column":4},"end":{"line":94,"column":43}},"6":{"start":{"line":95,"column":4},"end":{"line":95,"column":39}},"7":{"start":{"line":96,"column":4},"end":{"line":96,"column":37}},"8":{"start":{"line":98,"column":4},"end":{"line":98,"column":45}},"9":{"start":{"line":99,"column":4},"end":{"line":104,"column":56}},"10":{"start":{"line":105,"column":4},"end":{"line":110,"column":56}},"11":{"start":{"line":111,"column":4},"end":{"line":111,"column":70}},"12":{"start":{"line":112,"column":4},"end":{"line":112,"column":54}},"13":{"start":{"line":113,"column":4},"end":{"line":113,"column":41}},"14":{"start":{"line":114,"column":4},"end":{"line":114,"column":75}},"15":{"start":{"line":115,"column":4},"end":{"line":115,"column":54}},"16":{"start":{"line":116,"column":4},"end":{"line":116,"column":46}},"17":{"start":{"line":117,"column":4},"end":{"line":117,"column":54}},"18":{"start":{"line":118,"column":4},"end":{"line":118,"column":46}},"19":{"start":{"line":119,"column":4},"end":{"line":119,"column":50}},"20":{"start":{"line":120,"column":4},"end":{"line":120,"column":52}},"21":{"start":{"line":122,"column":4},"end":{"line":125,"column":7}},"22":{"start":{"line":124,"column":8},"end":{"line":124,"column":37}},"23":{"start":{"line":129,"column":4},"end":{"line":138,"column":7}},"24":{"start":{"line":133,"column":8},"end":{"line":137,"column":9}},"25":{"start":{"line":135,"column":12},"end":{"line":135,"column":54}},"26":{"start":{"line":136,"column":12},"end":{"line":136,"column":40}},"27":{"start":{"line":140,"column":4},"end":{"line":153,"column":7}},"28":{"start":{"line":144,"column":8},"end":{"line":152,"column":9}},"29":{"start":{"line":146,"column":12},"end":{"line":146,"column":41}},"30":{"start":{"line":148,"column":12},"end":{"line":151,"column":13}},"31":{"start":{"line":150,"column":16},"end":{"line":150,"column":62}}},"branchMap":{"1":{"line":133,"type":"if","locations":[{"start":{"line":133,"column":8},"end":{"line":133,"column":8}},{"start":{"line":133,"column":8},"end":{"line":133,"column":8}}]},"2":{"line":144,"type":"if","locations":[{"start":{"line":144,"column":8},"end":{"line":144,"column":8}},{"start":{"line":144,"column":8},"end":{"line":144,"column":8}}]},"3":{"line":148,"type":"if","locations":[{"start":{"line":148,"column":12},"end":{"line":148,"column":12}},{"start":{"line":148,"column":12},"end":{"line":148,"column":12}}]}}},"/home/david/Private/hub/common/node-jsjws/lib/jsjws.js":{"path":"/home/david/Private/hub/common/node-jsjws/lib/jsjws.js","s":{"1":1,"2":1,"3":1,"4":0,"5":1,"6":1,"7":1,"8":1599,"9":1,"10":1603,"11":1603,"12":107448,"13":1,"14":1,"15":1,"16":1035,"17":1,"18":0,"19":0,"20":0,"21":0,"22":0,"23":0,"24":1,"25":0,"26":0,"27":0,"28":1,"29":0,"30":0,"31":0,"32":0,"33":0,"34":0,"35":0,"36":0,"37":0,"38":0,"39":0,"40":0,"41":0,"42":0,"43":0,"44":0,"45":0,"46":0,"47":0,"48":0,"49":0,"50":0,"51":0,"52":0,"53":0,"54":0,"55":1,"56":0,"57":0,"58":0,"59":0,"60":0,"61":1,"62":1,"63":0,"64":0,"65":0,"66":0,"67":0,"68":0,"69":0,"70":0,"71":0,"72":0,"73":0,"74":0,"75":0,"76":0,"77":0,"78":0,"79":0,"80":1,"81":20,"82":20,"83":20,"84":20,"85":20,"86":20,"87":20,"88":20,"89":1,"90":15,"91":15,"92":0,"93":0,"94":15,"95":15,"96":15,"97":0,"98":1,"99":493,"100":1,"101":0,"102":0,"103":0,"104":0,"105":0,"106":0,"107":0,"108":0,"109":0,"110":0,"111":1,"112":0,"113":0,"114":0,"115":0,"116":0,"117":0,"118":0,"119":0,"120":0,"121":0,"122":1,"123":1,"124":1,"125":1,"126":1,"127":1,"128":0,"129":0,"130":0,"131":0,"132":0,"133":0,"134":0,"135":0,"136":0,"137":0,"138":0,"139":0,"140":0,"141":0,"142":0,"143":0,"144":0,"145":0,"146":0,"147":0,"148":0,"149":1,"150":0,"151":0,"152":0,"153":0,"154":0,"155":1,"156":1,"157":0,"158":0,"159":0,"160":0,"161":0,"162":0,"163":0,"164":0,"165":0,"166":0,"167":0,"168":0,"169":0,"170":0,"171":0,"172":0,"173":0,"174":0,"175":0,"176":0,"177":0,"178":0,"179":0,"180":0,"181":0,"182":0,"183":0,"184":0,"185":1,"186":0,"187":0,"188":0,"189":0,"190":0,"191":0,"192":0,"193":0,"194":0,"195":0,"196":1,"197":1,"198":1,"199":0,"200":1,"201":0,"202":1,"203":0,"204":1,"205":0,"206":1,"207":1,"208":1,"209":1,"210":1,"211":1,"212":1,"213":1,"214":1,"215":0,"216":1,"217":4,"218":4,"219":4,"220":4,"221":4,"222":4,"223":4,"224":4,"225":4,"226":4,"227":4,"228":4,"229":4,"230":4,"231":0,"232":0,"233":0,"234":4,"235":4,"236":4,"237":4,"238":4,"239":4,"240":4,"241":4,"242":4,"243":4,"244":4,"245":1,"246":530,"247":0,"248":530,"249":530,"250":530,"251":226,"252":530,"253":1,"254":0,"255":0,"256":0,"257":0,"258":0,"259":1,"260":0,"261":0,"262":0,"263":0,"264":0,"265":1,"266":1,"267":1,"268":1,"269":1,"270":1,"271":1,"272":1,"273":1,"274":540,"275":540,"276":540,"277":540,"278":94450,"279":94450,"280":540,"281":4,"282":4,"283":536,"284":531,"285":531,"286":540,"287":540,"288":1066,"289":540,"290":1,"291":510,"292":510,"293":510,"294":510,"295":510,"296":510,"297":177907,"298":500,"299":177407,"300":177407,"301":0,"302":177407,"303":44600,"304":44600,"305":44600,"306":132807,"307":44600,"308":44600,"309":44600,"310":88207,"311":44107,"312":44107,"313":44107,"314":44107,"315":44100,"316":44100,"317":44100,"318":510,"319":0,"320":510,"321":1,"322":0,"323":0,"324":0,"325":0,"326":0,"327":0,"328":1,"329":1,"330":1,"331":1,"332":73092,"333":1698,"334":8,"335":1690,"336":260,"337":1430,"338":1,"339":71394,"340":1,"341":0,"342":0,"343":0,"344":0,"345":0,"346":1,"347":0,"348":0,"349":0,"350":0,"351":0,"352":0,"353":0,"354":0,"355":0,"356":1,"357":193094213,"358":193094213,"359":4040460388,"360":4040460388,"361":4040460388,"362":4040460388,"363":4040460388,"364":4040460388,"365":193094213,"366":1,"367":0,"368":0,"369":1,"370":0,"371":0,"372":1,"373":1,"374":1,"375":1,"376":1,"377":1,"378":1,"379":1,"380":1,"381":1,"382":1,"383":1,"384":1,"385":1,"386":10,"387":1,"388":1,"389":26,"390":1,"391":1,"392":26,"393":1,"394":675967,"395":1,"396":653594,"397":653594,"398":1,"399":4546,"400":204324,"401":4546,"402":4546,"403":1,"404":2028,"405":2028,"406":2028,"407":2011,"408":17,"409":0,"410":17,"411":1,"412":1561,"413":1561,"414":1561,"415":1,"416":1698,"417":1698,"418":1430,"419":268,"420":0,"421":268,"422":268,"423":0,"424":0,"425":0,"426":0,"427":0,"428":0,"429":0,"430":0,"431":1698,"432":1698,"433":1698,"434":1698,"435":721186,"436":721186,"437":0,"438":0,"439":0,"440":721186,"441":721186,"442":104320,"443":616866,"444":9764,"445":9764,"446":607102,"447":721186,"448":721186,"449":112386,"450":1698,"451":0,"452":0,"453":0,"454":1698,"455":1698,"456":0,"457":1,"458":3777850,"459":3777850,"460":2386706,"461":1,"462":813,"463":0,"464":813,"465":813,"466":813,"467":0,"468":0,"469":0,"470":0,"471":0,"472":0,"473":0,"474":0,"475":0,"476":813,"477":813,"478":813,"479":813,"480":0,"481":0,"482":813,"483":413980,"484":0,"485":0,"486":413980,"487":413980,"488":59140,"489":59140,"490":413980,"491":386585,"492":413980,"493":410353,"494":813,"495":1,"496":0,"497":0,"498":0,"499":1,"500":2116822,"501":1,"502":1856846,"503":1856846,"504":6,"505":1856840,"506":1856840,"507":1856840,"508":14214,"509":1842626,"510":1844577,"511":1842533,"512":93,"513":1,"514":12970,"515":12970,"516":530,"517":530,"518":12970,"519":9261,"520":9261,"521":12970,"522":9104,"523":9104,"524":12970,"525":11501,"526":11501,"527":12970,"528":9571,"529":9571,"530":12970,"531":1,"532":6400,"533":0,"534":6400,"535":1,"536":10205,"537":10205,"538":250194,"539":10205,"540":414867,"541":10205,"542":10205,"543":1,"544":1833928,"545":68182096,"546":1833928,"547":1833928,"548":1,"549":8171,"550":8171,"551":8171,"552":8171,"553":8171,"554":489906,"555":489906,"556":8171,"557":108,"558":8171,"559":8171,"560":8171,"561":8171,"562":1,"563":52996,"564":52996,"565":52996,"566":12,"567":12,"568":52984,"569":52984,"570":52984,"571":52984,"572":52984,"573":1713137,"574":1713137,"575":52984,"576":52984,"577":52984,"578":52984,"579":1,"580":38661,"581":38661,"582":789331,"583":789331,"584":789331,"585":38661,"586":24978,"587":24978,"588":688311,"589":688311,"590":688311,"591":24978,"592":13683,"593":13683,"594":1152,"595":1152,"596":1152,"597":13683,"598":38661,"599":38661,"600":2,"601":38659,"602":1,"603":38661,"604":38661,"605":1,"606":268995,"607":268995,"608":268995,"609":268995,"610":9971013,"611":268995,"612":9971009,"613":268995,"614":268995,"615":268995,"616":0,"617":1,"618":1564447,"619":1564447,"620":1564447,"621":116351440,"622":1564447,"623":56611273,"624":56611273,"625":7933,"626":7933,"627":1564447,"628":1564447,"629":1564447,"630":1564447,"631":1,"632":4084,"633":4084,"634":0,"635":4084,"636":4084,"637":0,"638":0,"639":0,"640":0,"641":0,"642":4084,"643":0,"644":4084,"645":4084,"646":4084,"647":4084,"648":4084,"649":0,"650":0,"651":4084,"652":4084,"653":4084,"654":0,"655":4084,"656":4084,"657":4084,"658":4084,"659":4084,"660":0,"661":0,"662":4084,"663":4084,"664":4084,"665":0,"666":4084,"667":152537,"668":152537,"669":17,"670":17,"671":17,"672":0,"673":4084,"674":0,"675":0,"676":0,"677":4084,"678":4084,"679":4084,"680":4084,"681":4084,"682":0,"683":1,"684":1598,"685":1598,"686":1598,"687":0,"688":1598,"689":1,"690":466,"691":1,"692":466,"693":0,"694":466,"695":1,"696":466,"697":1,"698":466,"699":1,"700":0,"701":0,"702":1,"703":466,"704":466,"705":1,"706":1,"707":1,"708":1,"709":1,"710":1,"711":2020,"712":0,"713":2020,"714":2020,"715":0,"716":2020,"717":2020,"718":2020,"719":2020,"720":2020,"721":2020,"722":1,"723":2020,"724":2020,"725":2020,"726":2020,"727":2020,"728":2020,"729":1,"730":2020,"731":2020,"732":2020,"733":2020,"734":0,"735":2020,"736":1,"737":2020,"738":2020,"739":2020,"740":2020,"741":1,"742":1833928,"743":2465750,"744":1833928,"745":68183674,"746":68183674,"747":68183674,"748":68183674,"749":68183674,"750":7220,"751":7220,"752":1833928,"753":1833928,"754":1833928,"755":118,"756":1,"757":1563981,"758":1563981,"759":1,"760":267927,"761":267927,"762":1,"763":1,"764":1,"765":1,"766":1,"767":1,"768":50810,"769":1,"770":959,"771":0,"772":959,"773":959,"774":959,"775":8354,"776":8354,"777":493,"778":7861,"779":7861,"780":7861,"781":959,"782":1,"783":959,"784":959,"785":466,"786":493,"787":959,"788":1,"789":1,"790":1,"791":1,"792":1,"793":1,"794":1,"795":1,"796":1,"797":1,"798":1,"799":1,"800":1,"801":1,"802":1,"803":1,"804":1,"805":1,"806":1,"807":1,"808":1,"809":1,"810":1,"811":1,"812":1,"813":40,"814":40,"815":40,"816":1,"817":147,"818":0,"819":0,"820":0,"821":0,"822":147,"823":145,"824":2,"825":2,"826":0,"827":1,"828":0,"829":1,"830":0,"831":1,"832":0,"833":1,"834":15320,"835":6,"836":15314,"837":20,"838":15294,"839":1,"840":0,"841":0,"842":0,"843":0,"844":0,"845":0,"846":0,"847":0,"848":0,"849":0,"850":0,"851":0,"852":1,"853":0,"854":0,"855":0,"856":0,"857":0,"858":0,"859":0,"860":0,"861":0,"862":0,"863":0,"864":0,"865":0,"866":0,"867":0,"868":0,"869":0,"870":0,"871":0,"872":0,"873":0,"874":0,"875":1,"876":16,"877":8,"878":0,"879":8,"880":8,"881":3,"882":8,"883":4,"884":8,"885":2583,"886":2583,"887":0,"888":8,"889":8,"890":8,"891":8,"892":0,"893":8,"894":8,"895":1,"896":244,"897":244,"898":244,"899":244,"900":244,"901":24,"902":244,"903":63096,"904":9003,"905":9003,"906":54093,"907":54093,"908":9028,"909":9028,"910":63096,"911":30950,"912":63096,"913":0,"914":63096,"915":62439,"916":244,"917":1,"918":0,"919":1,"920":0,"921":1,"922":0,"923":1,"924":3,"925":3,"926":111,"927":3,"928":0,"929":0,"930":0,"931":0,"932":3,"933":3,"934":0,"935":3,"936":3,"937":3,"938":1,"939":0,"940":1,"941":0,"942":0,"943":0,"944":1,"945":114,"946":1,"947":0,"948":0,"949":0,"950":1,"951":0,"952":1,"953":0,"954":0,"955":0,"956":1,"957":0,"958":1,"959":0,"960":0,"961":0,"962":1,"963":0,"964":0,"965":0,"966":0,"967":0,"968":0,"969":1,"970":3,"971":3,"972":0,"973":3,"974":3,"975":1,"976":435,"977":435,"978":0,"979":435,"980":435,"981":1,"982":16909,"983":0,"984":16909,"985":16909,"986":0,"987":0,"988":16909,"989":32,"990":32,"991":16909,"992":557,"993":557,"994":16909,"995":1831,"996":1831,"997":16909,"998":3010,"999":16909,"1000":1,"1001":16909,"1002":16909,"1003":16909,"1004":0,"1005":0,"1006":0,"1007":1,"1008":0,"1009":0,"1010":0,"1011":0,"1012":0,"1013":1,"1014":0,"1015":0,"1016":0,"1017":0,"1018":1,"1019":8,"1020":8,"1021":0,"1022":8,"1023":1,"1024":0,"1025":0,"1026":0,"1027":1,"1028":0,"1029":1,"1030":0,"1031":1,"1032":0,"1033":1,"1034":4879,"1035":4879,"1036":32384,"1037":32384,"1038":32384,"1039":4879,"1040":530,"1041":530,"1042":19577,"1043":19577,"1044":19577,"1045":530,"1046":4349,"1047":4349,"1048":1,"1049":1,"1050":1,"1051":4349,"1052":4879,"1053":4879,"1054":0,"1055":4879,"1056":0,"1057":4879,"1058":4879,"1059":1,"1060":756,"1061":756,"1062":756,"1063":1,"1064":981,"1065":981,"1066":981,"1067":1,"1068":1068,"1069":1068,"1070":1068,"1071":1,"1072":0,"1073":0,"1074":0,"1075":1,"1076":0,"1077":0,"1078":0,"1079":1,"1080":0,"1081":0,"1082":0,"1083":1,"1084":0,"1085":0,"1086":0,"1087":1,"1088":0,"1089":0,"1090":0,"1091":1,"1092":2587,"1093":0,"1094":2587,"1095":0,"1096":2587,"1097":2587,"1098":0,"1099":0,"1100":0,"1101":0,"1102":1,"1103":1,"1104":0,"1105":1,"1106":0,"1107":1,"1108":0,"1109":1,"1110":1,"1111":1,"1112":1,"1113":1,"1114":0,"1115":1,"1116":0,"1117":0,"1118":0,"1119":0,"1120":0,"1121":0,"1122":0,"1123":0,"1124":0,"1125":0,"1126":0,"1127":1,"1128":0,"1129":0,"1130":0,"1131":0,"1132":0,"1133":0,"1134":0,"1135":0,"1136":0,"1137":1,"1138":0,"1139":0,"1140":0,"1141":0,"1142":0,"1143":1,"1144":0,"1145":0,"1146":0,"1147":0,"1148":0,"1149":0,"1150":0,"1151":0,"1152":1,"1153":0,"1154":1,"1155":0,"1156":0,"1157":0,"1158":0,"1159":0,"1160":0,"1161":0,"1162":0,"1163":0,"1164":0,"1165":0,"1166":1,"1167":0,"1168":0,"1169":1,"1170":0,"1171":0,"1172":1,"1173":1,"1174":1,"1175":1,"1176":1,"1177":1,"1178":1527,"1179":1527,"1180":0,"1181":1527,"1182":0,"1183":1527,"1184":0,"1185":1527,"1186":0,"1187":1527,"1188":0,"1189":1527,"1190":1527,"1191":0,"1192":1527,"1193":0,"1194":1527,"1195":1527,"1196":1527,"1197":1527,"1198":1527,"1199":1527,"1200":1527,"1201":47337,"1202":47337,"1203":47337,"1204":1527,"1205":1527,"1206":1527,"1207":221624,"1208":178728,"1209":42896,"1210":42896,"1211":41440,"1212":221624,"1213":221624,"1214":221794,"1215":221794,"1216":221624,"1217":41074,"1218":41074,"1219":221624,"1220":1527,"1221":1527,"1222":220097,"1223":511639,"1224":511639,"1225":511639,"1226":220097,"1227":77606,"1228":142491,"1229":142491,"1230":142491,"1231":220097,"1232":221624,"1233":453682,"1234":453682,"1235":453682,"1236":453682,"1237":453682,"1238":15425,"1239":15425,"1240":1527,"1241":1,"1242":12,"1243":12,"1244":12,"1245":0,"1246":0,"1247":0,"1248":12,"1249":12,"1250":0,"1251":12,"1252":0,"1253":12,"1254":0,"1255":0,"1256":12,"1257":8225,"1258":4040,"1259":8225,"1260":34,"1261":8225,"1262":8155,"1263":8155,"1264":70,"1265":70,"1266":12,"1267":0,"1268":12,"1269":1,"1270":39542,"1271":0,"1272":39542,"1273":39542,"1274":39542,"1275":0,"1276":39542,"1277":1463054,"1278":39542,"1279":1,"1280":8,"1281":8,"1282":0,"1283":8,"1284":8,"1285":8,"1286":7053,"1287":11032,"1288":11032,"1289":8166,"1290":4104,"1291":4104,"1292":8166,"1293":2866,"1294":1452,"1295":11032,"1296":7053,"1297":2949,"1298":2949,"1299":50,"1300":13,"1301":13,"1302":50,"1303":2899,"1304":1455,"1305":2949,"1306":7053,"1307":5540,"1308":5540,"1309":4075,"1310":5540,"1311":1513,"1312":1513,"1313":31,"1314":1513,"1315":8,"1316":0,"1317":8,"1318":0,"1319":8,"1320":6,"1321":2,"1322":6,"1323":0,"1324":6,"1325":1,"1326":1,"1327":1,"1328":2599,"1329":2599,"1330":0,"1331":0,"1332":0,"1333":0,"1334":2599,"1335":0,"1336":2599,"1337":2599,"1338":39542,"1339":39542,"1340":61443,"1341":39542,"1342":39542,"1343":93811,"1344":2164,"1345":435,"1346":1,"1347":435,"1348":435,"1349":435,"1350":0,"1351":435,"1352":435,"1353":435,"1354":0,"1355":435,"1356":435,"1357":467,"1358":467,"1359":467,"1360":436,"1361":436,"1362":466,"1363":466,"1364":0,"1365":436,"1366":419,"1367":16,"1368":1,"1369":1,"1370":1,"1371":1,"1372":1,"1373":1,"1374":1,"1375":1,"1376":1,"1377":1,"1378":1,"1379":1,"1380":1,"1381":1,"1382":1,"1383":1,"1384":1,"1385":1,"1386":1,"1387":1,"1388":1,"1389":1,"1390":1,"1391":1,"1392":1,"1393":1,"1394":1,"1395":1,"1396":1,"1397":1,"1398":1,"1399":1,"1400":1,"1401":1,"1402":1,"1403":1,"1404":1,"1405":1,"1406":1,"1407":1,"1408":1,"1409":1,"1410":1,"1411":1,"1412":1,"1413":1,"1414":1,"1415":1,"1416":1,"1417":1,"1418":1,"1419":1,"1420":1,"1421":9776,"1422":9776,"1423":9776,"1424":8,"1425":9776,"1426":9771,"1427":9767,"1428":9776,"1429":9776,"1430":9776,"1431":5720,"1432":5720,"1433":5720,"1434":8,"1435":36,"1436":36,"1437":8,"1438":1,"1439":0,"1440":1,"1441":20235,"1442":20235,"1443":13654,"1444":6581,"1445":4047,"1446":4047,"1447":4047,"1448":4047,"1449":4047,"1450":4047,"1451":4047,"1452":0,"1453":0,"1454":0,"1455":4047,"1456":113359,"1457":4047,"1458":4047,"1459":4047,"1460":4047,"1461":4047,"1462":4047,"1463":0,"1464":0,"1465":0,"1466":0,"1467":0,"1468":0,"1469":0,"1470":1,"1471":1,"1472":4047,"1473":4047,"1474":4047,"1475":4047,"1476":177920,"1477":177920,"1478":177920,"1479":4047,"1480":3528,"1481":3528,"1482":3528,"1483":308352,"1484":3528,"1485":1,"1486":0,"1487":0,"1488":0,"1489":0,"1490":0,"1491":0,"1492":0,"1493":519,"1494":519,"1495":519,"1496":143777,"1497":519,"1498":1,"1499":0,"1500":0,"1501":0,"1502":519,"1503":1,"1504":4047,"1505":4047,"1506":4047,"1507":519,"1508":4047,"1509":4047,"1510":8094,"1511":8094,"1512":8094,"1513":8094,"1514":8094,"1515":8094,"1516":8094,"1517":0,"1518":8094,"1519":8094,"1520":8094,"1521":8094,"1522":5503,"1523":7381,"1524":5503,"1525":5503,"1526":8094,"1527":0,"1528":0,"1529":0,"1530":1,"1531":4047,"1532":4047,"1533":4047,"1534":4047,"1535":4047,"1536":4047,"1537":4047,"1538":4047,"1539":0,"1540":4047,"1541":4047,"1542":2,"1543":0,"1544":2,"1545":0,"1546":1,"1547":1,"1548":1,"1549":1,"1550":321,"1551":146,"1552":175,"1553":175,"1554":0,"1555":175,"1556":175,"1557":0,"1558":1,"1559":147,"1560":147,"1561":0,"1562":147,"1563":1,"1564":147,"1565":147,"1566":0,"1567":147,"1568":147,"1569":73,"1570":74,"1571":147,"1572":1,"1573":174,"1574":174,"1575":0,"1576":174,"1577":1,"1578":69,"1579":69,"1580":69,"1581":1,"1582":0,"1583":0,"1584":0,"1585":0,"1586":1,"1587":68,"1588":68,"1589":68,"1590":1,"1591":10,"1592":10,"1593":10,"1594":10,"1595":10,"1596":10,"1597":10,"1598":34,"1599":34,"1600":10,"1601":24,"1602":0,"1603":24,"1604":24,"1605":24,"1606":10,"1607":1,"1608":0,"1609":0,"1610":1,"1611":0,"1612":0,"1613":0,"1614":0,"1615":0,"1616":1,"1617":0,"1618":0,"1619":1,"1620":0,"1621":0,"1622":1,"1623":0,"1624":0,"1625":0,"1626":0,"1627":0,"1628":0,"1629":0,"1630":1,"1631":1,"1632":0,"1633":0,"1634":0,"1635":0,"1636":1,"1637":0,"1638":0,"1639":0,"1640":0,"1641":1,"1642":1335,"1643":1335,"1644":93936,"1645":93936,"1646":5932,"1647":93936,"1648":1335,"1649":1,"1650":0,"1651":1,"1652":0,"1653":1,"1654":0,"1655":1,"1656":0,"1657":1,"1658":5642,"1659":5642,"1660":5642,"1661":5642,"1662":1,"1663":10724,"1664":3792,"1665":6932,"1666":3356,"1667":10724,"1668":10724,"1669":10724,"1670":1,"1671":530,"1672":1,"1673":494,"1674":1,"1675":1,"1676":1,"1677":4412,"1678":1,"1679":8492,"1680":0,"1681":0,"1682":0,"1683":0,"1684":1,"1685":0,"1686":1,"1687":0,"1688":1,"1689":0,"1690":1,"1691":0,"1692":1,"1693":3528,"1694":3528,"1695":153216,"1696":3528,"1697":1,"1698":3528,"1699":3528,"1700":308352,"1701":3528,"1702":1,"1703":0,"1704":1,"1705":0,"1706":1,"1707":0,"1708":0,"1709":0,"1710":0,"1711":0,"1712":0,"1713":0,"1714":0,"1715":1,"1716":0,"1717":0,"1718":1,"1719":0,"1720":0,"1721":0,"1722":1,"1723":1,"1724":1,"1725":1,"1726":1,"1727":1,"1728":1,"1729":1,"1730":1,"1731":270,"1732":0,"1733":270,"1734":1,"1735":270,"1736":270,"1737":270,"1738":0,"1739":270,"1740":270,"1741":270,"1742":270,"1743":270,"1744":50348,"1745":270,"1746":270,"1747":1,"1748":519,"1749":519,"1750":1,"1751":3528,"1752":3528,"1753":1,"1754":0,"1755":0,"1756":1,"1757":0,"1758":0,"1759":1,"1760":0,"1761":0,"1762":1,"1763":0,"1764":0,"1765":1,"1766":0,"1767":0,"1768":1,"1769":0,"1770":0,"1771":1,"1772":0,"1773":0,"1774":1,"1775":1,"1776":4047,"1777":4047,"1778":4047,"1779":4047,"1780":4047,"1781":0,"1782":4047,"1783":4047,"1784":4047,"1785":0,"1786":4047,"1787":519,"1788":4047,"1789":3528,"1790":3528,"1791":4047,"1792":4047,"1793":4047,"1794":4047,"1795":519,"1796":519,"1797":4047,"1798":3528,"1799":3528,"1800":4047,"1801":0,"1802":0,"1803":0,"1804":0,"1805":0,"1806":0,"1807":0,"1808":0,"1809":0,"1810":0,"1811":0,"1812":0,"1813":0,"1814":0,"1815":0,"1816":0,"1817":0,"1818":4047,"1819":0,"1820":4047,"1821":0,"1822":4047,"1823":0,"1824":4047,"1825":0,"1826":4047,"1827":0,"1828":4047,"1829":4047,"1830":4047,"1831":4047,"1832":4047,"1833":4047,"1834":1,"1835":0,"1836":0,"1837":0,"1838":0,"1839":0,"1840":0,"1841":0,"1842":0,"1843":0,"1844":0,"1845":0,"1846":0,"1847":0,"1848":0,"1849":0,"1850":0,"1851":0,"1852":0,"1853":0,"1854":0,"1855":0,"1856":0,"1857":0,"1858":0,"1859":0,"1860":0,"1861":0,"1862":0,"1863":0,"1864":0,"1865":0,"1866":0,"1867":0,"1868":0,"1869":0,"1870":0,"1871":0,"1872":0,"1873":0,"1874":0,"1875":0,"1876":0,"1877":0,"1878":0,"1879":0,"1880":0,"1881":0,"1882":0,"1883":0,"1884":0,"1885":0,"1886":0,"1887":1,"1888":0,"1889":0,"1890":0,"1891":0,"1892":0,"1893":0,"1894":0,"1895":0,"1896":0,"1897":0,"1898":0,"1899":0,"1900":0,"1901":0,"1902":0,"1903":0,"1904":0,"1905":0,"1906":0,"1907":0,"1908":0,"1909":0,"1910":0,"1911":0,"1912":0,"1913":0,"1914":0,"1915":0,"1916":0,"1917":0,"1918":0,"1919":0,"1920":0,"1921":0,"1922":0,"1923":0,"1924":0,"1925":0,"1926":0,"1927":0,"1928":0,"1929":0,"1930":0,"1931":0,"1932":0,"1933":0,"1934":0,"1935":0,"1936":0,"1937":0,"1938":0,"1939":0,"1940":0,"1941":0,"1942":0,"1943":0,"1944":0,"1945":0,"1946":0,"1947":0,"1948":0,"1949":0,"1950":0,"1951":0,"1952":0,"1953":0,"1954":0,"1955":0,"1956":0,"1957":0,"1958":0,"1959":0,"1960":0,"1961":0,"1962":0,"1963":0,"1964":0,"1965":0,"1966":0,"1967":0,"1968":0,"1969":0,"1970":0,"1971":0,"1972":0,"1973":0,"1974":0,"1975":0,"1976":0,"1977":0,"1978":0,"1979":0,"1980":0,"1981":0,"1982":0,"1983":0,"1984":0,"1985":0,"1986":0,"1987":0,"1988":0,"1989":0,"1990":0,"1991":0,"1992":0,"1993":0,"1994":0,"1995":0,"1996":0,"1997":0,"1998":0,"1999":0,"2000":0,"2001":0,"2002":0,"2003":0,"2004":0,"2005":0,"2006":0,"2007":0,"2008":0,"2009":0,"2010":0,"2011":0,"2012":0,"2013":0,"2014":0,"2015":0,"2016":0,"2017":0,"2018":0,"2019":0,"2020":0,"2021":0,"2022":0,"2023":0,"2024":0,"2025":0,"2026":0,"2027":0,"2028":0,"2029":0,"2030":0,"2031":0,"2032":0,"2033":0,"2034":0,"2035":1,"2036":1,"2037":1,"2038":1,"2039":1,"2040":0,"2041":0,"2042":0,"2043":0,"2044":1,"2045":530,"2046":530,"2047":530,"2048":35,"2049":530,"2050":1,"2051":270,"2052":270,"2053":270,"2054":270,"2055":1,"2056":270,"2057":270,"2058":270,"2059":270,"2060":270,"2061":1,"2062":0,"2063":1,"2064":0,"2065":1,"2066":504,"2067":504,"2068":2520,"2069":2520,"2070":504,"2071":1,"2072":260,"2073":260,"2074":260,"2075":260,"2076":260,"2077":260,"2078":1,"2079":260,"2080":260,"2081":260,"2082":260,"2083":260,"2084":260,"2085":1560,"2086":260,"2087":260,"2088":0,"2089":0,"2090":0,"2091":0,"2092":260,"2093":0,"2094":260,"2095":260,"2096":260,"2097":260,"2098":260,"2099":260,"2100":260,"2101":260,"2102":41080,"2103":260,"2104":260,"2105":260,"2106":260,"2107":53820,"2108":260,"2109":260,"2110":260,"2111":12480,"2112":260,"2113":260,"2114":1,"2115":0,"2116":0,"2117":0,"2118":0,"2119":1,"2120":0,"2121":0,"2122":0,"2123":1,"2124":249,"2125":991,"2126":991,"2127":991,"2128":249,"2129":249,"2130":0,"2131":1,"2132":0,"2133":0,"2134":0,"2135":0,"2136":0,"2137":0,"2138":0,"2139":0,"2140":0,"2141":0,"2142":1,"2143":0,"2144":0,"2145":0,"2146":1,"2147":249,"2148":249,"2149":249,"2150":249,"2151":0,"2152":249,"2153":249,"2154":249,"2155":249,"2156":0,"2157":249,"2158":249,"2159":249,"2160":249,"2161":249,"2162":249,"2163":1,"2164":0,"2165":0,"2166":0,"2167":0,"2168":0,"2169":0,"2170":0,"2171":0,"2172":0,"2173":0,"2174":0,"2175":0,"2176":0,"2177":1,"2178":244,"2179":244,"2180":244,"2181":244,"2182":244,"2183":244,"2184":1,"2185":244,"2186":244,"2187":0,"2188":244,"2189":1464,"2190":244,"2191":244,"2192":244,"2193":244,"2194":244,"2195":244,"2196":244,"2197":0,"2198":0,"2199":0,"2200":0,"2201":244,"2202":0,"2203":244,"2204":244,"2205":62463,"2206":244,"2207":1,"2208":244,"2209":0,"2210":244,"2211":244,"2212":244,"2213":244,"2214":244,"2215":0,"2216":244,"2217":244,"2218":244,"2219":50508,"2220":244,"2221":244,"2222":244,"2223":38552,"2224":0,"2225":244,"2226":0,"2227":244,"2228":1,"2229":1,"2230":1,"2231":1,"2232":1,"2233":1,"2234":1,"2235":1,"2236":1,"2237":1,"2238":1,"2239":1,"2240":1,"2241":1,"2242":1,"2243":1,"2244":1,"2245":1,"2246":1,"2247":1,"2248":1,"2249":1,"2250":1,"2251":0,"2252":1,"2253":0,"2254":1,"2255":0,"2256":1,"2257":0,"2258":0,"2259":0,"2260":0,"2261":0,"2262":0,"2263":0,"2264":0,"2265":0,"2266":1,"2267":0,"2268":1,"2269":0,"2270":1,"2271":0,"2272":1,"2273":0,"2274":0,"2275":0,"2276":0,"2277":0,"2278":0,"2279":0,"2280":1,"2281":1,"2282":0,"2283":1,"2284":0,"2285":0,"2286":0,"2287":1,"2288":0,"2289":0,"2290":0,"2291":0,"2292":0,"2293":0,"2294":0,"2295":0,"2296":0,"2297":0,"2298":0,"2299":0,"2300":0,"2301":0,"2302":0,"2303":0,"2304":0,"2305":0,"2306":0,"2307":0,"2308":1,"2309":0,"2310":0,"2311":0,"2312":0,"2313":0,"2314":0,"2315":0,"2316":0,"2317":0,"2318":0,"2319":0,"2320":0,"2321":0,"2322":0,"2323":0,"2324":0,"2325":0,"2326":0,"2327":0,"2328":0,"2329":1,"2330":0,"2331":0,"2332":0,"2333":0,"2334":0,"2335":1,"2336":0,"2337":0,"2338":0,"2339":1,"2340":0,"2341":0,"2342":0,"2343":0,"2344":0,"2345":0,"2346":0,"2347":0,"2348":0,"2349":0,"2350":0,"2351":0,"2352":0,"2353":0,"2354":0,"2355":0,"2356":0,"2357":0,"2358":0,"2359":0,"2360":0,"2361":0,"2362":0,"2363":0,"2364":0,"2365":0,"2366":0,"2367":0,"2368":0,"2369":0,"2370":0,"2371":0,"2372":0,"2373":0,"2374":0,"2375":0,"2376":0,"2377":0,"2378":0,"2379":0,"2380":0,"2381":0,"2382":0,"2383":0,"2384":0,"2385":0,"2386":0,"2387":0,"2388":0,"2389":0,"2390":0,"2391":0,"2392":0,"2393":0,"2394":0,"2395":0,"2396":0,"2397":0,"2398":0,"2399":0,"2400":0,"2401":0,"2402":0,"2403":0,"2404":0,"2405":0,"2406":0,"2407":0,"2408":0,"2409":0,"2410":0,"2411":0,"2412":0,"2413":0,"2414":0,"2415":0,"2416":0,"2417":0,"2418":0,"2419":0,"2420":0,"2421":0,"2422":0,"2423":0,"2424":0,"2425":0,"2426":0,"2427":0,"2428":0,"2429":0,"2430":0,"2431":0,"2432":0,"2433":0,"2434":0,"2435":0,"2436":0,"2437":0,"2438":0,"2439":0,"2440":0,"2441":0,"2442":0,"2443":0,"2444":0,"2445":0,"2446":0,"2447":0,"2448":0,"2449":0,"2450":0,"2451":0,"2452":0,"2453":0,"2454":0,"2455":0,"2456":0,"2457":0,"2458":0,"2459":0,"2460":0,"2461":0,"2462":0,"2463":0,"2464":0,"2465":0,"2466":0,"2467":0,"2468":0,"2469":0,"2470":0,"2471":0,"2472":0,"2473":0,"2474":0,"2475":0,"2476":0,"2477":0,"2478":0,"2479":0,"2480":0,"2481":0,"2482":0,"2483":0,"2484":0,"2485":0,"2486":0,"2487":0,"2488":0,"2489":0,"2490":0,"2491":0,"2492":0,"2493":0,"2494":0,"2495":0,"2496":0,"2497":0,"2498":0,"2499":0,"2500":0,"2501":0,"2502":0,"2503":0,"2504":0,"2505":0,"2506":0,"2507":0,"2508":0,"2509":0,"2510":0,"2511":0,"2512":0,"2513":0,"2514":0,"2515":0,"2516":0,"2517":0,"2518":0,"2519":0,"2520":0,"2521":0,"2522":0,"2523":0,"2524":0,"2525":0,"2526":0,"2527":0,"2528":0,"2529":0,"2530":0,"2531":0,"2532":0,"2533":0,"2534":0,"2535":0,"2536":0,"2537":0,"2538":0,"2539":0,"2540":0,"2541":0,"2542":0,"2543":0,"2544":0,"2545":0,"2546":0,"2547":0,"2548":0,"2549":0,"2550":0,"2551":0,"2552":0,"2553":0,"2554":0,"2555":0,"2556":0,"2557":0,"2558":0,"2559":0,"2560":0,"2561":0,"2562":0,"2563":2,"2564":2,"2565":0,"2566":2,"2567":2,"2568":0,"2569":2,"2570":0,"2571":2,"2572":2,"2573":0,"2574":2,"2575":2,"2576":0,"2577":0,"2578":0,"2579":0,"2580":0,"2581":0,"2582":0,"2583":0,"2584":0,"2585":0,"2586":0,"2587":0,"2588":0,"2589":0,"2590":0,"2591":0,"2592":0,"2593":0,"2594":0,"2595":0,"2596":0,"2597":0,"2598":0,"2599":0,"2600":0,"2601":0,"2602":0,"2603":0,"2604":0,"2605":0,"2606":0,"2607":0,"2608":0,"2609":0,"2610":0,"2611":0,"2612":0,"2613":0,"2614":0,"2615":0,"2616":0,"2617":0,"2618":0,"2619":0,"2620":0,"2621":0,"2622":0,"2623":0,"2624":0,"2625":0,"2626":0,"2627":0,"2628":0,"2629":0,"2630":0,"2631":0,"2632":0,"2633":0,"2634":0,"2635":0,"2636":0,"2637":0,"2638":0,"2639":0,"2640":0,"2641":0,"2642":0,"2643":0,"2644":1,"2645":0,"2646":0,"2647":0,"2648":0,"2649":0,"2650":0,"2651":0,"2652":0,"2653":0,"2654":0,"2655":0,"2656":0,"2657":0,"2658":0,"2659":0,"2660":0,"2661":0,"2662":0,"2663":0,"2664":0,"2665":0,"2666":0,"2667":0,"2668":0,"2669":0,"2670":0,"2671":0,"2672":0,"2673":0,"2674":0,"2675":0,"2676":0,"2677":0,"2678":0,"2679":0,"2680":0,"2681":0,"2682":0,"2683":0,"2684":0,"2685":0,"2686":0,"2687":0,"2688":0,"2689":0,"2690":0,"2691":0,"2692":0,"2693":0,"2694":0,"2695":0,"2696":0,"2697":0,"2698":0,"2699":0,"2700":0,"2701":0,"2702":0,"2703":0,"2704":0,"2705":0,"2706":0,"2707":0,"2708":0,"2709":0,"2710":0,"2711":0,"2712":0,"2713":0,"2714":0,"2715":0,"2716":0,"2717":0,"2718":0,"2719":0,"2720":0,"2721":0,"2722":0,"2723":0,"2724":0,"2725":0,"2726":0,"2727":0,"2728":0,"2729":0,"2730":1,"2731":0,"2732":0,"2733":0,"2734":0,"2735":0,"2736":0,"2737":0,"2738":0,"2739":0,"2740":0,"2741":0,"2742":0,"2743":0,"2744":0,"2745":0,"2746":0,"2747":0,"2748":0,"2749":0,"2750":0,"2751":0,"2752":0,"2753":0,"2754":0,"2755":0,"2756":0,"2757":0,"2758":0,"2759":0,"2760":0,"2761":0,"2762":0,"2763":0,"2764":1,"2765":0,"2766":0,"2767":1,"2768":0,"2769":0,"2770":1,"2771":0,"2772":0,"2773":1,"2774":0,"2775":0,"2776":0,"2777":0,"2778":0,"2779":0,"2780":0,"2781":0,"2782":0,"2783":0,"2784":0,"2785":0,"2786":0,"2787":0,"2788":0,"2789":0,"2790":0,"2791":0,"2792":0,"2793":0,"2794":0,"2795":0,"2796":0,"2797":0,"2798":0,"2799":0,"2800":0,"2801":0,"2802":0,"2803":0,"2804":0,"2805":0,"2806":0,"2807":0,"2808":0,"2809":0,"2810":0,"2811":0,"2812":0,"2813":0,"2814":0,"2815":0,"2816":0,"2817":0,"2818":0,"2819":0,"2820":0,"2821":0,"2822":0,"2823":0,"2824":0,"2825":0,"2826":0,"2827":0,"2828":0,"2829":0,"2830":0,"2831":0,"2832":0,"2833":0,"2834":0,"2835":0,"2836":0,"2837":0,"2838":0,"2839":0,"2840":0,"2841":0,"2842":0,"2843":0,"2844":0,"2845":0,"2846":0,"2847":0,"2848":0,"2849":0,"2850":0,"2851":0,"2852":0,"2853":0,"2854":0,"2855":0,"2856":0,"2857":0,"2858":0,"2859":0,"2860":0,"2861":0,"2862":1,"2863":0,"2864":0,"2865":0,"2866":1,"2867":0,"2868":0,"2869":0,"2870":1,"2871":0,"2872":0,"2873":0,"2874":0,"2875":0,"2876":0,"2877":0,"2878":0,"2879":0,"2880":0,"2881":0,"2882":0,"2883":0,"2884":0,"2885":1,"2886":0,"2887":1,"2888":1,"2889":1,"2890":1,"2891":0,"2892":0,"2893":0,"2894":0,"2895":1,"2896":0,"2897":0,"2898":0,"2899":0,"2900":0,"2901":0,"2902":0,"2903":0,"2904":0,"2905":0,"2906":0,"2907":0,"2908":0,"2909":0,"2910":0,"2911":0,"2912":0,"2913":0,"2914":0,"2915":1,"2916":0,"2917":0,"2918":0,"2919":0,"2920":0,"2921":0,"2922":1,"2923":0,"2924":0,"2925":0,"2926":0,"2927":0,"2928":0,"2929":0,"2930":0,"2931":0,"2932":0,"2933":0,"2934":0,"2935":0,"2936":0,"2937":0,"2938":0,"2939":0,"2940":0,"2941":0,"2942":0,"2943":0,"2944":0,"2945":0,"2946":0,"2947":0,"2948":0,"2949":0,"2950":0,"2951":0,"2952":0,"2953":0,"2954":0,"2955":0,"2956":0,"2957":0,"2958":0,"2959":0,"2960":0,"2961":0,"2962":0,"2963":0,"2964":0,"2965":0,"2966":0,"2967":0,"2968":0,"2969":0,"2970":0,"2971":0,"2972":0,"2973":0,"2974":0,"2975":0,"2976":0,"2977":0,"2978":0,"2979":0,"2980":0,"2981":0,"2982":0,"2983":0,"2984":1,"2985":0,"2986":0,"2987":1,"2988":0,"2989":0,"2990":0,"2991":0,"2992":0,"2993":0,"2994":0,"2995":0,"2996":0,"2997":0,"2998":0,"2999":0,"3000":0,"3001":0,"3002":0,"3003":0,"3004":0,"3005":0,"3006":0,"3007":0,"3008":0,"3009":0,"3010":0,"3011":0,"3012":0,"3013":0,"3014":0,"3015":0,"3016":0,"3017":0,"3018":0,"3019":0,"3020":0,"3021":1,"3022":0,"3023":0,"3024":0,"3025":0,"3026":0,"3027":0,"3028":0,"3029":0,"3030":0,"3031":0,"3032":0,"3033":0,"3034":0,"3035":0,"3036":0,"3037":0,"3038":0,"3039":0,"3040":0,"3041":0,"3042":0,"3043":0,"3044":0,"3045":0,"3046":1,"3047":1,"3048":0,"3049":0,"3050":0,"3051":0,"3052":0,"3053":0,"3054":0,"3055":0,"3056":0,"3057":0,"3058":0,"3059":0,"3060":0,"3061":0,"3062":0,"3063":0,"3064":0,"3065":0,"3066":0,"3067":0,"3068":0,"3069":0,"3070":0,"3071":0,"3072":0,"3073":0,"3074":0,"3075":0,"3076":0,"3077":0,"3078":0,"3079":0,"3080":0,"3081":0,"3082":0,"3083":1,"3084":1,"3085":0,"3086":0,"3087":0,"3088":0,"3089":0,"3090":0,"3091":0,"3092":0,"3093":0,"3094":0,"3095":0,"3096":0,"3097":0,"3098":0,"3099":1,"3100":1,"3101":0,"3102":0,"3103":0,"3104":1,"3105":1,"3106":0,"3107":0,"3108":0,"3109":0,"3110":0,"3111":0,"3112":0,"3113":0,"3114":0,"3115":0,"3116":0,"3117":0,"3118":0,"3119":0,"3120":0,"3121":0,"3122":0,"3123":0,"3124":0,"3125":0,"3126":0,"3127":0,"3128":1,"3129":1,"3130":0,"3131":0,"3132":0,"3133":0,"3134":0,"3135":0,"3136":0,"3137":0,"3138":0,"3139":0,"3140":0,"3141":0,"3142":0,"3143":0,"3144":0,"3145":0,"3146":0,"3147":0,"3148":0,"3149":0,"3150":0,"3151":0,"3152":0,"3153":0,"3154":0,"3155":0,"3156":0,"3157":0,"3158":0,"3159":0,"3160":0,"3161":0,"3162":0,"3163":0,"3164":0,"3165":0,"3166":0,"3167":0,"3168":0,"3169":0,"3170":0,"3171":0,"3172":0,"3173":0,"3174":0,"3175":0,"3176":0,"3177":0,"3178":0,"3179":0,"3180":0,"3181":0,"3182":0,"3183":1,"3184":1,"3185":0,"3186":0,"3187":1,"3188":1,"3189":0,"3190":0,"3191":0,"3192":1,"3193":1,"3194":0,"3195":0,"3196":0,"3197":0,"3198":0,"3199":0,"3200":0,"3201":0,"3202":0,"3203":0,"3204":0,"3205":0,"3206":0,"3207":0,"3208":0,"3209":0,"3210":0,"3211":0,"3212":0,"3213":0,"3214":0,"3215":0,"3216":0,"3217":0,"3218":0,"3219":0,"3220":0,"3221":0,"3222":0,"3223":0,"3224":0,"3225":0,"3226":0,"3227":0,"3228":0,"3229":0,"3230":0,"3231":0,"3232":0,"3233":0,"3234":0,"3235":0,"3236":0,"3237":0,"3238":0,"3239":0,"3240":0,"3241":0,"3242":0,"3243":0,"3244":0,"3245":0,"3246":0,"3247":0,"3248":0,"3249":0,"3250":0,"3251":0,"3252":0,"3253":0,"3254":0,"3255":1,"3256":1,"3257":0,"3258":0,"3259":1,"3260":1,"3261":0,"3262":0,"3263":1,"3264":1,"3265":0,"3266":0,"3267":1,"3268":1,"3269":0,"3270":0,"3271":1,"3272":1,"3273":0,"3274":0,"3275":1,"3276":1,"3277":0,"3278":0,"3279":0,"3280":0,"3281":0,"3282":0,"3283":0,"3284":0,"3285":0,"3286":0,"3287":0,"3288":0,"3289":0,"3290":0,"3291":0,"3292":0,"3293":0,"3294":0,"3295":0,"3296":0,"3297":0,"3298":0,"3299":0,"3300":1,"3301":1,"3302":0,"3303":0,"3304":0,"3305":0,"3306":0,"3307":0,"3308":0,"3309":0,"3310":0,"3311":0,"3312":0,"3313":0,"3314":0,"3315":0,"3316":0,"3317":0,"3318":0,"3319":0,"3320":0,"3321":0,"3322":0,"3323":0,"3324":0,"3325":1,"3326":1,"3327":0,"3328":0,"3329":0,"3330":0,"3331":0,"3332":0,"3333":0,"3334":0,"3335":0,"3336":1,"3337":1,"3338":0,"3339":0,"3340":0,"3341":0,"3342":0,"3343":0,"3344":0,"3345":0,"3346":0,"3347":0,"3348":0,"3349":0,"3350":0,"3351":0,"3352":0,"3353":1,"3354":1,"3355":0,"3356":0,"3357":0,"3358":0,"3359":0,"3360":0,"3361":0,"3362":0,"3363":0,"3364":0,"3365":0,"3366":0,"3367":0,"3368":0,"3369":0,"3370":0,"3371":0,"3372":0,"3373":0,"3374":0,"3375":0,"3376":0,"3377":0,"3378":0,"3379":0,"3380":0,"3381":0,"3382":1,"3383":1,"3384":0,"3385":1,"3386":0,"3387":1,"3388":1,"3389":1,"3390":0,"3391":0,"3392":0,"3393":0,"3394":0,"3395":0,"3396":0,"3397":0,"3398":0,"3399":0,"3400":0,"3401":0,"3402":0,"3403":0,"3404":0,"3405":0,"3406":0,"3407":0,"3408":0,"3409":0,"3410":0,"3411":0,"3412":0,"3413":0,"3414":0,"3415":0,"3416":0,"3417":0,"3418":0,"3419":0,"3420":0,"3421":0,"3422":0,"3423":0,"3424":0,"3425":0,"3426":0,"3427":0,"3428":0,"3429":0,"3430":0,"3431":0,"3432":0,"3433":0,"3434":0,"3435":0,"3436":0,"3437":0,"3438":1,"3439":1,"3440":0,"3441":0,"3442":0,"3443":0,"3444":0,"3445":0,"3446":0,"3447":0,"3448":0,"3449":0,"3450":0,"3451":0,"3452":0,"3453":0,"3454":0,"3455":0,"3456":0,"3457":0,"3458":0,"3459":0,"3460":0,"3461":0,"3462":0,"3463":0,"3464":0,"3465":0,"3466":0,"3467":0,"3468":0,"3469":0,"3470":0,"3471":0,"3472":0,"3473":0,"3474":0,"3475":0,"3476":0,"3477":0,"3478":0,"3479":0,"3480":0,"3481":0,"3482":0,"3483":0,"3484":0,"3485":0,"3486":0,"3487":0,"3488":0,"3489":0,"3490":0,"3491":0,"3492":0,"3493":0,"3494":0,"3495":0,"3496":0,"3497":0,"3498":0,"3499":0,"3500":0,"3501":0,"3502":0,"3503":0,"3504":0,"3505":0,"3506":0,"3507":0,"3508":0,"3509":1,"3510":1,"3511":0,"3512":0,"3513":0,"3514":0,"3515":0,"3516":0,"3517":0,"3518":0,"3519":0,"3520":0,"3521":0,"3522":0,"3523":0,"3524":0,"3525":0,"3526":0,"3527":1,"3528":1,"3529":0,"3530":0,"3531":0,"3532":0,"3533":0,"3534":0,"3535":0,"3536":1,"3537":1,"3538":0,"3539":0,"3540":0,"3541":0,"3542":0,"3543":0,"3544":0,"3545":0,"3546":0,"3547":0,"3548":0,"3549":0,"3550":0,"3551":0,"3552":0,"3553":0,"3554":0,"3555":0,"3556":0,"3557":0,"3558":1,"3559":1,"3560":0,"3561":0,"3562":0,"3563":0,"3564":0,"3565":0,"3566":0,"3567":0,"3568":0,"3569":0,"3570":0,"3571":0,"3572":0,"3573":0,"3574":0,"3575":0,"3576":1,"3577":1,"3578":0,"3579":0,"3580":0,"3581":0,"3582":0,"3583":0,"3584":0,"3585":0,"3586":0,"3587":0,"3588":0,"3589":0,"3590":1,"3591":1,"3592":0,"3593":0,"3594":0,"3595":0,"3596":0,"3597":0,"3598":0,"3599":0,"3600":0,"3601":0,"3602":0,"3603":0,"3604":0,"3605":0,"3606":0,"3607":0,"3608":0,"3609":0,"3610":0,"3611":0,"3612":0,"3613":0,"3614":0,"3615":0,"3616":0,"3617":0,"3618":0,"3619":0,"3620":0,"3621":1,"3622":1,"3623":0,"3624":0,"3625":0,"3626":0,"3627":0,"3628":0,"3629":0,"3630":0,"3631":0,"3632":0,"3633":0,"3634":0,"3635":0,"3636":0,"3637":0,"3638":0,"3639":0,"3640":0,"3641":0,"3642":0,"3643":0,"3644":0,"3645":0,"3646":0,"3647":0,"3648":0,"3649":0,"3650":0,"3651":0,"3652":0,"3653":0,"3654":0,"3655":0,"3656":0,"3657":0,"3658":0,"3659":0,"3660":0,"3661":1,"3662":1,"3663":0,"3664":0,"3665":0,"3666":0,"3667":0,"3668":0,"3669":0,"3670":0,"3671":0,"3672":0,"3673":0,"3674":0,"3675":0,"3676":0,"3677":0,"3678":0,"3679":0,"3680":0,"3681":0,"3682":0,"3683":0,"3684":0,"3685":0,"3686":0,"3687":0,"3688":0,"3689":0,"3690":0,"3691":0,"3692":0,"3693":0,"3694":0,"3695":0,"3696":0,"3697":0,"3698":0,"3699":0,"3700":0,"3701":0,"3702":0,"3703":0,"3704":0,"3705":1,"3706":1,"3707":0,"3708":0,"3709":0,"3710":0,"3711":0,"3712":0,"3713":0,"3714":0,"3715":0,"3716":0,"3717":0,"3718":0,"3719":0,"3720":0,"3721":0,"3722":0,"3723":1,"3724":1,"3725":0,"3726":0,"3727":0,"3728":0,"3729":0,"3730":0,"3731":0,"3732":0,"3733":0,"3734":0,"3735":0,"3736":0,"3737":0,"3738":0,"3739":0,"3740":0,"3741":1,"3742":1,"3743":0,"3744":0,"3745":0,"3746":0,"3747":0,"3748":0,"3749":0,"3750":0,"3751":0,"3752":0,"3753":0,"3754":1,"3755":1,"3756":0,"3757":0,"3758":0,"3759":0,"3760":0,"3761":0,"3762":0,"3763":0,"3764":0,"3765":0,"3766":0,"3767":0,"3768":0,"3769":0,"3770":0,"3771":0,"3772":0,"3773":0,"3774":0,"3775":0,"3776":0,"3777":0,"3778":0,"3779":0,"3780":0,"3781":0,"3782":0,"3783":0,"3784":0,"3785":0,"3786":0,"3787":1,"3788":1,"3789":0,"3790":0,"3791":0,"3792":0,"3793":0,"3794":0,"3795":0,"3796":0,"3797":0,"3798":0,"3799":0,"3800":0,"3801":0,"3802":0,"3803":0,"3804":0,"3805":0,"3806":0,"3807":0,"3808":0,"3809":0,"3810":0,"3811":0,"3812":0,"3813":0,"3814":0,"3815":0,"3816":0,"3817":0,"3818":0,"3819":0,"3820":0,"3821":0,"3822":0,"3823":0,"3824":0,"3825":0,"3826":0,"3827":0,"3828":0,"3829":0,"3830":0,"3831":0,"3832":0,"3833":0,"3834":0,"3835":0,"3836":0,"3837":0,"3838":0,"3839":0,"3840":0,"3841":0,"3842":0,"3843":0,"3844":0,"3845":0,"3846":0,"3847":0,"3848":0,"3849":0,"3850":0,"3851":0,"3852":0,"3853":1,"3854":1,"3855":0,"3856":0,"3857":0,"3858":0,"3859":0,"3860":0,"3861":0,"3862":0,"3863":0,"3864":0,"3865":0,"3866":0,"3867":0,"3868":0,"3869":0,"3870":0,"3871":0,"3872":0,"3873":0,"3874":0,"3875":0,"3876":0,"3877":0,"3878":0,"3879":0,"3880":0,"3881":1,"3882":1,"3883":0,"3884":0,"3885":0,"3886":0,"3887":0,"3888":0,"3889":0,"3890":0,"3891":0,"3892":0,"3893":0,"3894":0,"3895":0,"3896":0,"3897":0,"3898":0,"3899":0,"3900":0,"3901":0,"3902":0,"3903":0,"3904":0,"3905":0,"3906":0,"3907":0,"3908":1,"3909":1,"3910":0,"3911":0,"3912":0,"3913":0,"3914":0,"3915":0,"3916":0,"3917":0,"3918":0,"3919":0,"3920":0,"3921":0,"3922":0,"3923":0,"3924":0,"3925":0,"3926":0,"3927":0,"3928":0,"3929":0,"3930":0,"3931":0,"3932":0,"3933":1,"3934":1,"3935":0,"3936":0,"3937":0,"3938":0,"3939":0,"3940":0,"3941":0,"3942":0,"3943":0,"3944":0,"3945":0,"3946":0,"3947":1,"3948":1,"3949":0,"3950":0,"3951":0,"3952":0,"3953":0,"3954":0,"3955":0,"3956":0,"3957":0,"3958":0,"3959":0,"3960":0,"3961":0,"3962":0,"3963":0,"3964":0,"3965":0,"3966":1,"3967":1,"3968":0,"3969":0,"3970":0,"3971":0,"3972":0,"3973":0,"3974":0,"3975":0,"3976":0,"3977":0,"3978":0,"3979":0,"3980":1,"3981":1,"3982":1,"3983":1,"3984":1,"3985":1,"3986":0,"3987":0,"3988":0,"3989":0,"3990":0,"3991":0,"3992":0,"3993":0,"3994":1,"3995":0,"3996":0,"3997":0,"3998":0,"3999":0,"4000":0,"4001":0,"4002":0,"4003":1,"4004":1,"4005":0,"4006":0,"4007":0,"4008":0,"4009":0,"4010":0,"4011":0,"4012":0,"4013":0,"4014":0,"4015":0,"4016":0,"4017":0,"4018":1,"4019":0,"4020":0,"4021":0,"4022":0,"4023":0,"4024":0,"4025":0,"4026":0,"4027":0,"4028":0,"4029":0,"4030":0,"4031":0,"4032":0,"4033":0,"4034":0,"4035":0,"4036":0,"4037":0,"4038":0,"4039":0,"4040":0,"4041":0,"4042":0,"4043":0,"4044":0,"4045":0,"4046":0,"4047":0,"4048":0,"4049":0,"4050":0,"4051":0,"4052":0,"4053":0,"4054":0,"4055":0,"4056":0,"4057":0,"4058":1,"4059":0,"4060":0,"4061":0,"4062":0,"4063":0,"4064":0,"4065":0,"4066":0,"4067":0,"4068":0,"4069":0,"4070":0,"4071":0,"4072":0,"4073":0,"4074":0,"4075":0,"4076":0,"4077":0,"4078":0,"4079":0,"4080":0,"4081":0,"4082":0,"4083":0,"4084":0,"4085":0,"4086":0,"4087":0,"4088":0,"4089":0,"4090":0,"4091":0,"4092":0,"4093":0,"4094":0,"4095":0,"4096":0,"4097":0,"4098":0,"4099":1,"4100":2,"4101":2,"4102":2,"4103":2,"4104":2,"4105":1,"4106":2,"4107":2,"4108":2,"4109":1,"4110":0,"4111":0,"4112":0,"4113":0,"4114":0,"4115":0,"4116":0,"4117":0,"4118":0,"4119":0,"4120":0,"4121":0,"4122":0,"4123":1,"4124":0,"4125":0,"4126":0,"4127":0,"4128":0,"4129":0,"4130":0,"4131":0,"4132":0,"4133":0,"4134":0,"4135":1,"4136":0,"4137":0,"4138":0,"4139":0,"4140":0,"4141":0,"4142":0,"4143":0,"4144":0,"4145":1,"4146":0,"4147":0,"4148":1,"4149":0,"4150":0,"4151":0,"4152":1,"4153":0,"4154":0,"4155":0,"4156":0,"4157":0,"4158":0,"4159":1,"4160":0,"4161":0,"4162":0,"4163":0,"4164":0,"4165":0,"4166":0,"4167":0,"4168":0,"4169":1,"4170":1,"4171":2,"4172":2,"4173":2,"4174":2,"4175":2,"4176":2,"4177":0,"4178":0,"4179":0,"4180":0,"4181":0,"4182":0,"4183":0,"4184":0,"4185":0,"4186":0,"4187":0,"4188":0,"4189":0,"4190":0,"4191":0,"4192":1,"4193":2,"4194":2,"4195":2,"4196":2,"4197":2,"4198":0,"4199":2,"4200":0,"4201":2,"4202":2,"4203":0,"4204":2,"4205":2,"4206":0,"4207":2,"4208":2,"4209":0,"4210":2,"4211":2,"4212":0,"4213":2,"4214":0,"4215":2,"4216":0,"4217":2,"4218":2,"4219":2,"4220":1,"4221":14,"4222":14,"4223":14,"4224":1,"4225":1,"4226":1,"4227":1,"4228":1,"4229":1,"4230":1,"4231":1,"4232":1,"4233":1,"4234":1,"4235":1,"4236":1,"4237":1,"4238":1,"4239":1,"4240":1,"4241":1,"4242":1,"4243":1,"4244":1,"4245":1,"4246":1,"4247":1,"4248":1,"4249":1,"4250":1,"4251":1,"4252":26,"4253":26,"4254":26,"4255":26,"4256":26,"4257":1,"4258":0,"4259":0,"4260":0,"4261":0,"4262":0,"4263":0,"4264":1,"4265":13,"4266":13,"4267":13,"4268":13,"4269":13,"4270":13,"4271":13,"4272":13,"4273":13,"4274":13,"4275":1,"4276":0,"4277":0,"4278":0,"4279":0,"4280":0,"4281":0,"4282":1,"4283":1,"4284":1,"4285":1,"4286":1,"4287":1,"4288":0,"4289":0,"4290":0,"4291":0,"4292":1,"4293":13,"4294":13,"4295":13,"4296":13,"4297":1,"4298":118,"4299":65,"4300":53,"4301":1,"4302":70,"4303":56,"4304":56,"4305":56,"4306":14,"4307":1,"4308":48,"4309":48,"4310":22,"4311":48,"4312":48,"4313":1,"4314":4,"4315":4,"4316":4,"4317":4,"4318":4,"4319":4,"4320":4,"4321":4,"4322":4,"4323":4,"4324":4,"4325":1,"4326":0,"4327":0,"4328":0,"4329":0,"4330":0,"4331":0,"4332":0,"4333":0,"4334":1,"4335":6,"4336":6,"4337":6,"4338":6,"4339":6,"4340":6,"4341":6,"4342":6,"4343":6,"4344":1,"4345":4,"4346":1,"4347":0,"4348":1,"4349":6,"4350":1,"4351":0,"4352":0,"4353":0,"4354":0,"4355":0,"4356":0,"4357":1,"4358":1,"4359":1,"4360":1,"4361":1,"4362":1,"4363":1,"4364":1,"4365":1,"4366":1,"4367":1,"4368":1,"4369":1,"4370":12264,"4371":12264,"4372":1,"4373":1513,"4374":1513,"4375":0,"4376":1513,"4377":1513,"4378":1513,"4379":1513,"4380":1513,"4381":12104,"4382":12104,"4383":12104,"4384":1513,"4385":0,"4386":0,"4387":0,"4388":0,"4389":0,"4390":0,"4391":1,"4392":1,"4393":1,"4394":1,"4395":1,"4396":1,"4397":1,"4398":1,"4399":1,"4400":1,"4401":310,"4402":310,"4403":1118,"4404":246,"4405":64,"4406":1,"4407":72,"4408":1,"4409":1,"4410":1,"4411":310,"4412":64,"4413":8,"4414":64,"4415":64,"4416":310,"4417":1,"4418":1,"4419":2534,"4420":4748,"4421":4748,"4422":4748,"4423":4748,"4424":4748,"4425":4748,"4426":4748,"4427":4748,"4428":4748,"4429":4748,"4430":303872,"4431":75968,"4432":227904,"4433":227904,"4434":227904,"4435":227904,"4436":227904,"4437":303872,"4438":303872,"4439":303872,"4440":303872,"4441":303872,"4442":303872,"4443":303872,"4444":303872,"4445":303872,"4446":303872,"4447":303872,"4448":303872,"4449":303872,"4450":303872,"4451":4748,"4452":4748,"4453":4748,"4454":4748,"4455":4748,"4456":4748,"4457":4748,"4458":4748,"4459":2534,"4460":2534,"4461":2534,"4462":2534,"4463":2534,"4464":2534,"4465":2534,"4466":2534,"4467":2534,"4468":2534,"4469":0,"4470":0,"4471":0,"4472":1,"4473":1,"4474":1,"4475":1,"4476":1,"4477":1,"4478":1,"4479":1,"4480":1,"4481":1,"4482":1,"4483":160,"4484":1,"4485":1,"4486":1,"4487":1,"4488":80,"4489":1,"4490":1513,"4491":2633,"4492":2633,"4493":2633,"4494":2633,"4495":2633,"4496":2633,"4497":2633,"4498":2633,"4499":2633,"4500":2633,"4501":2633,"4502":2633,"4503":2633,"4504":2633,"4505":2633,"4506":2633,"4507":2633,"4508":2633,"4509":2633,"4510":2633,"4511":2633,"4512":2633,"4513":2633,"4514":2633,"4515":2633,"4516":2633,"4517":2633,"4518":2633,"4519":2633,"4520":2633,"4521":2633,"4522":2633,"4523":2633,"4524":2633,"4525":2633,"4526":2633,"4527":2633,"4528":2633,"4529":2633,"4530":2633,"4531":2633,"4532":2633,"4533":210640,"4534":210640,"4535":42128,"4536":42128,"4537":168512,"4538":168512,"4539":168512,"4540":168512,"4541":168512,"4542":168512,"4543":168512,"4544":168512,"4545":168512,"4546":168512,"4547":168512,"4548":168512,"4549":168512,"4550":168512,"4551":168512,"4552":168512,"4553":168512,"4554":168512,"4555":168512,"4556":168512,"4557":168512,"4558":168512,"4559":168512,"4560":168512,"4561":210640,"4562":210640,"4563":210640,"4564":210640,"4565":210640,"4566":210640,"4567":210640,"4568":210640,"4569":210640,"4570":210640,"4571":210640,"4572":210640,"4573":210640,"4574":210640,"4575":210640,"4576":210640,"4577":210640,"4578":210640,"4579":210640,"4580":210640,"4581":210640,"4582":210640,"4583":210640,"4584":210640,"4585":210640,"4586":210640,"4587":210640,"4588":210640,"4589":210640,"4590":210640,"4591":210640,"4592":210640,"4593":210640,"4594":210640,"4595":210640,"4596":210640,"4597":210640,"4598":2633,"4599":2633,"4600":2633,"4601":2633,"4602":2633,"4603":2633,"4604":2633,"4605":2633,"4606":2633,"4607":2633,"4608":2633,"4609":2633,"4610":2633,"4611":2633,"4612":2633,"4613":2633,"4614":1513,"4615":1513,"4616":1513,"4617":1513,"4618":1513,"4619":1513,"4620":1513,"4621":1513,"4622":1513,"4623":1513,"4624":1513,"4625":0,"4626":0,"4627":0,"4628":1,"4629":1,"4630":1,"4631":1,"4632":1,"4633":1,"4634":1,"4635":1,"4636":1,"4637":1,"4638":0,"4639":0,"4640":0,"4641":0,"4642":0,"4643":0,"4644":0,"4645":0,"4646":0,"4647":0,"4648":0,"4649":0,"4650":0,"4651":0,"4652":0,"4653":0,"4654":0,"4655":0,"4656":0,"4657":0,"4658":0,"4659":0,"4660":0,"4661":0,"4662":0,"4663":0,"4664":0,"4665":1,"4666":1,"4667":1,"4668":1,"4669":286,"4670":285,"4671":285,"4672":0,"4673":0,"4674":0,"4675":0,"4676":1,"4677":132,"4678":0,"4679":132,"4680":132,"4681":8668,"4682":132,"4683":1,"4684":0,"4685":1,"4686":1,"4687":1,"4688":6452,"4689":4394,"4690":4394,"4691":4394,"4692":4394,"4693":0,"4694":4394,"4695":0,"4696":4394,"4697":4394,"4698":4394,"4699":0,"4700":6452,"4701":0,"4702":0,"4703":0,"4704":0,"4705":0,"4706":0,"4707":0,"4708":0,"4709":0,"4710":6452,"4711":0,"4712":0,"4713":0,"4714":6452,"4715":4246,"4716":0,"4717":4246,"4718":0,"4719":4246,"4720":4246,"4721":4246,"4722":4246,"4723":4246,"4724":4246,"4725":4246,"4726":4246,"4727":4246,"4728":4246,"4729":494,"4730":494,"4731":494,"4732":494,"4733":4246,"4734":4246,"4735":4246,"4736":4246,"4737":4246,"4738":0,"4739":1,"4740":2206,"4741":1,"4742":0,"4743":0,"4744":0,"4745":0,"4746":0,"4747":1,"4748":0,"4749":0,"4750":0,"4751":6452,"4752":0,"4753":0,"4754":6452,"4755":2234,"4756":2234,"4757":2234,"4758":2234,"4759":2,"4760":2232,"4761":2232,"4762":2232,"4763":2232,"4764":1606,"4765":626,"4766":244,"4767":382,"4768":133,"4769":249,"4770":6452,"4771":0,"4772":0,"4773":0,"4774":0,"4775":6452,"4776":1,"4777":3462,"4778":3462,"4779":3462,"4780":0,"4781":3462,"4782":1755,"4783":3462,"4784":1707,"4785":3462,"4786":1,"4787":0,"4788":1,"4789":0,"4790":0,"4791":0,"4792":0,"4793":0,"4794":1,"4795":2206,"4796":2206,"4797":976,"4798":1230,"4799":1230,"4800":1230,"4801":1230,"4802":547,"4803":683,"4804":260,"4805":423,"4806":153,"4807":270,"4808":1,"4809":0,"4810":0,"4811":6452,"4812":0,"4813":0,"4814":0,"4815":0,"4816":0,"4817":0,"4818":0,"4819":0,"4820":0,"4821":0,"4822":6452,"4823":2206,"4824":2206,"4825":0,"4826":2206,"4827":2206,"4828":2206,"4829":2206,"4830":2206,"4831":2206,"4832":2206,"4833":1,"4834":0,"4835":0,"4836":0,"4837":0,"4838":0,"4839":6452,"4840":0,"4841":0,"4842":0,"4843":0,"4844":0,"4845":0,"4846":0,"4847":0,"4848":0,"4849":0,"4850":1,"4851":1,"4852":1,"4853":1,"4854":1,"4855":1,"4856":1,"4857":14,"4858":14,"4859":14,"4860":14,"4861":14,"4862":14,"4863":14,"4864":1,"4865":1,"4866":1,"4867":13,"4868":1,"4869":4,"4870":1,"4871":6,"4872":1,"4873":27,"4874":1,"4875":34,"4876":1,"4877":61,"4878":1,"4879":1,"4880":6452,"4881":6452,"4882":6452,"4883":6452,"4884":2058,"4885":2058,"4886":2058,"4887":4394,"4888":1,"4889":34,"4890":1,"4891":34,"4892":1,"4893":3548,"4894":3548,"4895":0,"4896":3548,"4897":0,"4898":1,"4899":3548,"4900":3548,"4901":3115,"4902":3548,"4903":0,"4904":1,"4905":2012,"4906":1,"4907":1,"4908":4412,"4909":1,"4910":5918,"4911":1,"4912":1,"4913":1983,"4914":39,"4915":39,"4916":1983,"4917":39,"4918":39,"4919":1983,"4920":1983,"4921":1983,"4922":1983,"4923":976,"4924":1983,"4925":1983,"4926":5949,"4927":1983,"4928":1983,"4929":1983,"4930":1335,"4931":1335,"4932":1335,"4933":1335,"4934":1983,"4935":1983,"4936":1983,"4937":1983,"4938":1,"4939":3925,"4940":13,"4941":13,"4942":3925,"4943":1974,"4944":1951,"4945":2951,"4946":2951,"4947":2951,"4948":0,"4949":2951,"4950":0,"4951":2951,"4952":23,"4953":0,"4954":23,"4955":23,"4956":0,"4957":23,"4958":15,"4959":2936,"4960":987,"4961":0,"4962":987,"4963":2,"4964":1,"4965":2935,"4966":0,"4967":0,"4968":2935,"4969":0,"4970":2935,"4971":0,"4972":0,"4973":2935,"4974":972,"4975":1963,"4976":2,"4977":1,"4978":1961,"4979":648,"4980":1314,"4981":0,"4982":0,"4983":1314,"4984":648,"4985":666,"4986":1,"4987":1,"4988":1,"4989":1,"4990":1,"4991":1,"4992":1},"b":{"1":[0,0],"2":[0,0],"3":[0,0],"4":[0,0],"5":[0,0],"6":[0,0],"7":[0,0],"8":[0,0],"9":[0,15],"10":[15,0],"11":[15,15,15,15],"12":[0,0],"13":[0,0],"14":[0,0],"15":[0,0],"16":[0,0],"17":[0,0],"18":[0,0],"19":[0,0],"20":[0,0],"21":[0,0],"22":[0,0],"23":[0,0],"24":[0,0],"25":[0,0],"26":[0,0],"27":[0,0],"28":[0,0],"29":[0,0],"30":[0,0],"31":[0,0],"32":[0,0,0,0],"33":[0,1],"34":[0,1],"35":[0,1],"36":[0,1],"37":[1,0],"38":[1,1,1,1],"39":[4,0],"40":[4,4],"41":[4,0],"42":[4,4],"43":[0,4],"44":[4,0],"45":[0,530],"46":[530,530],"47":[0,0],"48":[0,0],"49":[4,536],"50":[531,5],"51":[540,0],"52":[500,177407],"53":[0,177407],"54":[44600,132807],"55":[44600,88207],"56":[44107,44100],"57":[0,510],"58":[1698,71394],"59":[8,1690],"60":[260,1430],"61":[1690,260],"62":[0,1],"63":[1,1],"64":[0,1],"65":[1,1],"66":[0,653594],"67":[0,2028],"68":[2011,17],"69":[0,17],"70":[1430,268],"71":[0,268],"72":[268,0],"73":[0,0],"74":[0,0],"75":[0,0],"76":[67592,653594],"77":[0,721186],"78":[0,0],"79":[104320,616866],"80":[9764,607102],"81":[112386,608800],"82":[0,1698],"83":[1698,268],"84":[0,0],"85":[0,1698],"86":[6164556,6164522],"87":[0,813],"88":[813,0],"89":[0,0],"90":[0,0],"91":[0,0],"92":[0,0],"93":[813,0],"94":[0,813],"95":[813,0],"96":[0,413980],"97":[59140,354840],"98":[386585,27395],"99":[410353,3627],"100":[813,0],"101":[0,2116822],"102":[6,1856840],"103":[14214,1842626],"104":[0,14214],"105":[1842533,2044],"106":[530,12440],"107":[9261,3709],"108":[9104,3866],"109":[11501,1469],"110":[9571,3399],"111":[0,6400],"112":[12,52984],"113":[52984,0],"114":[24978,13683],"115":[12418,26243],"116":[2,38659],"117":[1,38658],"118":[0,268995],"119":[7933,56603340],"120":[1564447,0],"121":[0,4084],"122":[0,4084],"123":[0,0],"124":[0,0],"125":[0,4084],"126":[4084,0],"127":[0,4084],"128":[4084,0],"129":[4084,0],"130":[0,4084],"131":[0,152537],"132":[17,152520],"133":[0,4084],"134":[0,0],"135":[4084,0],"136":[0,4084],"137":[0,1598],"138":[1598,0],"139":[0,466],"140":[466,466],"141":[0,2020],"142":[0,2020],"143":[0,2020],"144":[0,2020],"145":[2020,0],"146":[118,1833810],"147":[50806,4],"148":[0,959],"149":[959,959],"150":[493,7861],"151":[466,493],"152":[959,493],"153":[0,147],"154":[0,0],"155":[0,0],"156":[145,2],"157":[2,0],"158":[0,0],"159":[0,0],"160":[6,15314],"161":[20,15294],"162":[15314,15294,366],"163":[0,0],"164":[0,0],"165":[0,0,0],"166":[0,0],"167":[0,0],"168":[0,0],"169":[0,0],"170":[0,0],"171":[0,0],"172":[0,0],"173":[8,8],"174":[0,8],"175":[3,5],"176":[4,4],"177":[0,2583],"178":[0,8],"179":[244,0],"180":[24,220],"181":[244,25],"182":[9003,54093],"183":[9028,45065],"184":[30950,32146],"185":[0,63096],"186":[63096,877],"187":[62439,657],"188":[63096,877],"189":[0,0],"190":[0,0],"191":[0,3],"192":[0,3],"193":[0,435],"194":[0,16909],"195":[0,16909],"196":[32,16877],"197":[557,16352],"198":[1831,15078],"199":[3010,13899],"200":[16909,0],"201":[0,0],"202":[0,8],"203":[530,4349],"204":[0,4879],"205":[0,4879],"206":[0,4879],"207":[0,2587],"208":[0,0],"209":[0,0],"210":[0,0],"211":[0,0],"212":[0,0],"213":[0,1527],"214":[0,1527],"215":[0,1527],"216":[0,1527],"217":[0,1527],"218":[0,1527],"219":[0,1527],"220":[1527,0],"221":[178728,42896],"222":[41440,1456],"223":[41074,180550],"224":[1527,220097],"225":[77606,142491],"226":[675306,673779],"227":[15425,438257],"228":[0,12],"229":[0,12],"230":[0,12],"231":[0,12],"232":[0,12],"233":[0,12],"234":[4040,4185],"235":[34,8191],"236":[8155,70],"237":[0,12],"238":[0,39542],"239":[0,39542],"240":[39542,0],"241":[0,39542],"242":[0,8],"243":[8,0,8],"244":[8166,2866],"245":[4104,4062],"246":[8166,4062],"247":[1452,1414],"248":[50,2899],"249":[13,37],"250":[50,37],"251":[1455,1444],"252":[5540,1513],"253":[4075,1465],"254":[31,1482],"255":[0,8],"256":[0,8],"257":[6,2],"258":[0,6],"259":[0,2599],"260":[2599,0],"261":[0,0],"262":[0,2599],"263":[100985,100550],"264":[2164,91647],"265":[0,435],"266":[0,435],"267":[436,31],"268":[467,450],"269":[902,471],"270":[0,466],"271":[419,17],"272":[1,1],"273":[8,9768],"274":[9771,5],"275":[36,0],"276":[1,7],"277":[20235,6638],"278":[13654,6581],"279":[4047,0],"280":[0,4047],"281":[519,3528],"282":[0,8094],"283":[5503,2591],"284":[0,4047],"285":[146,175],"286":[0,175],"287":[175,0],"288":[175,175],"289":[0,147],"290":[0,147],"291":[73,74],"292":[0,174],"293":[10,24],"294":[34,34],"295":[0,24],"296":[0,0],"297":[0,0],"298":[0,0],"299":[0,0],"300":[5932,88004],"301":[3792,6932],"302":[3356,3576],"303":[1,0],"304":[0,0],"305":[1,0],"306":[1,0],"307":[1,0],"308":[1,0],"309":[0,270],"310":[0,270],"311":[0,4047],"312":[4047,4047],"313":[4047,0],"314":[4047,4047],"315":[0,4047],"316":[4047,2534],"317":[4047,0],"318":[4047,0],"319":[4047,0],"320":[0,0],"321":[0,0],"322":[0,0],"323":[0,0],"324":[0,0],"325":[0,0],"326":[0,0],"327":[0,0],"328":[0,0],"329":[0,0],"330":[0,0],"331":[0,0],"332":[0,0],"333":[0,0],"334":[0,0],"335":[0,0],"336":[0,0],"337":[0,0],"338":[0,0],"339":[0,0],"340":[0,0],"341":[0,0],"342":[0,0],"343":[0,0],"344":[0,0],"345":[0,0],"346":[0,0],"347":[0,0],"348":[0,0],"349":[0,0],"350":[0,0],"351":[0,0],"352":[0,0],"353":[0,0],"354":[0,0],"355":[0,0],"356":[0,0],"357":[0,0],"358":[0,0],"359":[260,0],"360":[260,0],"361":[260,0],"362":[0,0],"363":[0,0],"364":[0,260],"365":[260,0],"366":[249,742],"367":[0,0],"368":[0,249],"369":[0,249],"370":[0,0],"371":[0,0],"372":[244,0],"373":[0,244],"374":[244,0],"375":[244,0],"376":[0,0],"377":[0,0],"378":[0,244],"379":[0,244],"380":[0,244],"381":[0,38552],"382":[0,244],"383":[0,0],"384":[0,0],"385":[0,0],"386":[0,0],"387":[0,0],"388":[0,0],"389":[0,0],"390":[0,0],"391":[0,0],"392":[0,0],"393":[0,0],"394":[0,0],"395":[0,0],"396":[0,0],"397":[0,0],"398":[0,0],"399":[0,0],"400":[0,0],"401":[0,0],"402":[0,0],"403":[0,0],"404":[0,0],"405":[0,0],"406":[0,0],"407":[0,0],"408":[0,0],"409":[0,0],"410":[0,0],"411":[0,0],"412":[0,0],"413":[0,0],"414":[0,0],"415":[0,0],"416":[0,0],"417":[0,0],"418":[0,0],"419":[0,0],"420":[0,0],"421":[0,0],"422":[0,0],"423":[0,0],"424":[0,0],"425":[0,0],"426":[0,0],"427":[0,0],"428":[0,0],"429":[0,0],"430":[0,0],"431":[0,0],"432":[0,2],"433":[0,2],"434":[0,2],"435":[0,2],"436":[0,0],"437":[0,0],"438":[0,0],"439":[0,0],"440":[0,0],"441":[0,0],"442":[0,0],"443":[0,0],"444":[0,0],"445":[0,0],"446":[0,0],"447":[0,0],"448":[0,0],"449":[0,0],"450":[0,0],"451":[0,0],"452":[0,0],"453":[0,0],"454":[0,0],"455":[0,0],"456":[0,0],"457":[0,0],"458":[0,0],"459":[0,0],"460":[0,0],"461":[0,0,0,0,0,0,0,0],"462":[0,0],"463":[0,0,0,0,0],"464":[0,0],"465":[0,0],"466":[0,0],"467":[0,0],"468":[0,0],"469":[0,0,0,0,0],"470":[0,0],"471":[0,0,0],"472":[0,0],"473":[0,0],"474":[0,0],"475":[0,0],"476":[0,0],"477":[0,0],"478":[0,0],"479":[0,0],"480":[0,0],"481":[0,0],"482":[0,0],"483":[0,0],"484":[0,0],"485":[0,0],"486":[0,0],"487":[0,0],"488":[0,0],"489":[0,0],"490":[0,0],"491":[0,0],"492":[0,0,0,0,0,0,0,0,0],"493":[0,0],"494":[0,0,0,0,0,0],"495":[0,0],"496":[0,0,0,0,0,0],"497":[0,0],"498":[0,0,0,0,0,0],"499":[0,0],"500":[0,0,0,0,0,0],"501":[0,0],"502":[0,0],"503":[0,0,0,0,0,0],"504":[0,0],"505":[0,0],"506":[0,0,0,0,0,0],"507":[0,0],"508":[0,0],"509":[0,0,0,0],"510":[0,0],"511":[0,0],"512":[0,0],"513":[0,0,0,0],"514":[0,0],"515":[0,0],"516":[0,0],"517":[0,0,0,0],"518":[0,0],"519":[0,0],"520":[0,0],"521":[0,0],"522":[0,0],"523":[0,0],"524":[0,1],"525":[1,1],"526":[1,0],"527":[1,0],"528":[0,0],"529":[0,0],"530":[0,0],"531":[0,0],"532":[0,0],"533":[0,0],"534":[0,0],"535":[0,0],"536":[0,0],"537":[0,0],"538":[0,0],"539":[0,0],"540":[0,0],"541":[0,0],"542":[0,0],"543":[0,0],"544":[0,0],"545":[0,0],"546":[0,0],"547":[0,0],"548":[0,0],"549":[0,0],"550":[0,0],"551":[0,0],"552":[0,0],"553":[0,0],"554":[0,0],"555":[0,0],"556":[0,0],"557":[0,0],"558":[0,0],"559":[0,0],"560":[0,0],"561":[0,0],"562":[0,0],"563":[0,0],"564":[0,0],"565":[0,0],"566":[0,0],"567":[0,0],"568":[0,0],"569":[0,0],"570":[0,0],"571":[0,0],"572":[0,0],"573":[0,0],"574":[0,0],"575":[0,0],"576":[0,0],"577":[0,0],"578":[0,0],"579":[0,0],"580":[0,0],"581":[0,0],"582":[0,0],"583":[0,0],"584":[0,0],"585":[0,0],"586":[0,0],"587":[0,0],"588":[0,0],"589":[0,0],"590":[0,0],"591":[0,0],"592":[0,0],"593":[0,0],"594":[0,0],"595":[0,0],"596":[0,0],"597":[0,0],"598":[0,0],"599":[0,0],"600":[0,0],"601":[0,0],"602":[0,0],"603":[0,0],"604":[0,0],"605":[0,0],"606":[0,0],"607":[0,0],"608":[0,0],"609":[0,0],"610":[0,0],"611":[0,0],"612":[0,0],"613":[0,0],"614":[0,0],"615":[0,0],"616":[0,0],"617":[0,0],"618":[0,0],"619":[0,0],"620":[0,0],"621":[0,0],"622":[0,0],"623":[0,0],"624":[0,0],"625":[0,0],"626":[0,1],"627":[1,1],"628":[0,1],"629":[1,1],"630":[1,0],"631":[1,0],"632":[0,0],"633":[0,0],"634":[0,0],"635":[0,0],"636":[0,0],"637":[0,0],"638":[0,0],"639":[0,0],"640":[0,0],"641":[0,0],"642":[0,0],"643":[0,0],"644":[0,0],"645":[0,0],"646":[0,0],"647":[0,0],"648":[0,0],"649":[0,0],"650":[0,0],"651":[0,0],"652":[0,0],"653":[0,0],"654":[0,0],"655":[0,0],"656":[0,0],"657":[0,0],"658":[0,0],"659":[0,0],"660":[0,0],"661":[0,0],"662":[0,0],"663":[0,0],"664":[0,0],"665":[0,0],"666":[0,0],"667":[0,0],"668":[0,0],"669":[0,0],"670":[0,0],"671":[0,0],"672":[0,0],"673":[0,0],"674":[0,0],"675":[0,0],"676":[0,0],"677":[0,0],"678":[0,0],"679":[0,0],"680":[0,0],"681":[0,0],"682":[0,0],"683":[0,0],"684":[0,0],"685":[0,0],"686":[0,0],"687":[0,0],"688":[0,0],"689":[0,0],"690":[0,0],"691":[0,0],"692":[0,0],"693":[0,0],"694":[0,0],"695":[0,0],"696":[0,0],"697":[0,0],"698":[0,0],"699":[0,0],"700":[0,0],"701":[0,0],"702":[0,0],"703":[0,0],"704":[0,0],"705":[0,0],"706":[0,0],"707":[0,0],"708":[0,0],"709":[0,0],"710":[0,0],"711":[0,0],"712":[0,0],"713":[0,0],"714":[0,0],"715":[0,0],"716":[0,0],"717":[0,0],"718":[0,0],"719":[0,0],"720":[0,0],"721":[0,0],"722":[0,0],"723":[0,0],"724":[0,0],"725":[0,0],"726":[0,0],"727":[0,0],"728":[0,0],"729":[0,0],"730":[0,0],"731":[0,0],"732":[0,0],"733":[0,0],"734":[0,0],"735":[0,0],"736":[0,0],"737":[0,0],"738":[0,0],"739":[0,0],"740":[0,0],"741":[0,0],"742":[0,0],"743":[0,0],"744":[0,0],"745":[0,0],"746":[0,0],"747":[0,0],"748":[0,0],"749":[0,0],"750":[0,0],"751":[0,0],"752":[0,0],"753":[0,0],"754":[0,0],"755":[0,0],"756":[0,0],"757":[0,0],"758":[0,0],"759":[0,0],"760":[0,0],"761":[0,0],"762":[0,0],"763":[0,0],"764":[0,0],"765":[0,0],"766":[0,0],"767":[0,0],"768":[0,0],"769":[0,0],"770":[0,0],"771":[2,0],"772":[0,0],"773":[0,0],"774":[0,2],"775":[0,2],"776":[0,2],"777":[0,2],"778":[0,2],"779":[0,2],"780":[0,2],"781":[0,2],"782":[65,53],"783":[56,14],"784":[22,26],"785":[0,0],"786":[0,0,0],"787":[1513,0],"788":[0,1513],"789":[246,872],"790":[64,246],"791":[8,56],"792":[75968,227904],"793":[42128,168512],"794":[75231,93281],"795":[80078,88434],"796":[75411,93101],"797":[104295,106345],"798":[107345,103295],"799":[109857,100783],"800":[94897,115743],"801":[104785,105855],"802":[107556,103084],"803":[107107,103533],"804":[2029,604],"805":[1237,1396],"806":[2029,604],"807":[1043,1590],"808":[1594,1039],"809":[882,1751],"810":[2069,564],"811":[638,1995],"812":[0,0],"813":[0,0],"814":[1,0],"815":[0,132],"816":[0,1],"817":[1,1],"818":[1,0],"819":[1,0],"820":[0,4394],"821":[0,4394],"822":[4394,0],"823":[0,0],"824":[0,0],"825":[0,0],"826":[0,4246],"827":[4246,0,0],"828":[0,4246],"829":[494,3752],"830":[0,4246],"831":[0,0],"832":[2,2232],"833":[1606,626],"834":[244,382],"835":[133,249],"836":[0,3462],"837":[1755,1707],"838":[1707,1755],"839":[976,1230],"840":[547,683],"841":[260,423],"842":[153,270],"843":[0,0],"844":[0,2206],"845":[0,0],"846":[2058,4394],"847":[2058,0],"848":[34,34],"849":[34,34],"850":[3548,0],"851":[0,3548],"852":[3548,0],"853":[3548,0],"854":[3115,433],"855":[3548,3115],"856":[4116,296],"857":[39,1944],"858":[39,1944],"859":[976,1007],"860":[1983,687],"861":[1335,648],"862":[13,3912],"863":[1974,1951],"864":[2951,11],"865":[2951,1006],"866":[0,2951],"867":[0,2951],"868":[23,2928],"869":[0,23],"870":[23,0],"871":[15,8],"872":[987,1949],"873":[0,987],"874":[2,985],"875":[1,1],"876":[0,2935],"877":[0,0],"878":[0,2935],"879":[0,2935],"880":[0,0],"881":[972,1963],"882":[2,1961],"883":[1,1],"884":[648,1313],"885":[0,1314],"886":[0,0],"887":[648,666]},"f":{"1":0,"2":1599,"3":1603,"4":1035,"5":0,"6":0,"7":0,"8":0,"9":0,"10":20,"11":15,"12":493,"13":0,"14":0,"15":0,"16":0,"17":0,"18":0,"19":1,"20":4,"21":530,"22":0,"23":0,"24":540,"25":510,"26":0,"27":73092,"28":71394,"29":0,"30":0,"31":193094213,"32":675967,"33":653594,"34":4546,"35":2028,"36":1561,"37":1698,"38":3777850,"39":813,"40":0,"41":2116822,"42":1856846,"43":12970,"44":6400,"45":10205,"46":1833928,"47":8171,"48":52996,"49":38661,"50":268995,"51":1564447,"52":4084,"53":1598,"54":466,"55":466,"56":466,"57":466,"58":0,"59":466,"60":2020,"61":2020,"62":2020,"63":2020,"64":1833928,"65":1563981,"66":267927,"67":50810,"68":959,"69":959,"70":40,"71":147,"72":0,"73":0,"74":0,"75":15320,"76":0,"77":0,"78":16,"79":244,"80":0,"81":0,"82":0,"83":3,"84":0,"85":0,"86":114,"87":0,"88":0,"89":0,"90":0,"91":0,"92":0,"93":3,"94":435,"95":16909,"96":16909,"97":0,"98":0,"99":8,"100":0,"101":0,"102":0,"103":0,"104":4879,"105":756,"106":981,"107":1068,"108":0,"109":0,"110":0,"111":0,"112":0,"113":2587,"114":0,"115":0,"116":0,"117":0,"118":0,"119":0,"120":0,"121":0,"122":0,"123":0,"124":0,"125":0,"126":0,"127":1527,"128":12,"129":39542,"130":8,"131":2599,"132":435,"133":1,"134":1,"135":9776,"136":9776,"137":9767,"138":5720,"139":0,"140":8,"141":0,"142":20235,"143":4047,"144":4047,"145":4047,"146":0,"147":0,"148":4047,"149":3528,"150":0,"151":519,"152":0,"153":519,"154":4047,"155":4047,"156":8094,"157":0,"158":4047,"159":4047,"160":4047,"161":4047,"162":2,"163":0,"164":2,"165":0,"166":1,"167":321,"168":147,"169":147,"170":174,"171":69,"172":0,"173":68,"174":10,"175":0,"176":0,"177":0,"178":0,"179":0,"180":0,"181":0,"182":0,"183":1335,"184":0,"185":0,"186":0,"187":0,"188":5642,"189":10724,"190":530,"191":494,"192":4412,"193":8492,"194":0,"195":0,"196":0,"197":0,"198":0,"199":0,"200":3528,"201":3528,"202":0,"203":0,"204":0,"205":0,"206":0,"207":1,"208":270,"209":270,"210":519,"211":3528,"212":0,"213":0,"214":0,"215":0,"216":0,"217":0,"218":0,"219":0,"220":4047,"221":4047,"222":519,"223":3528,"224":4047,"225":519,"226":3528,"227":0,"228":0,"229":0,"230":0,"231":0,"232":0,"233":0,"234":0,"235":0,"236":0,"237":0,"238":0,"239":0,"240":0,"241":0,"242":0,"243":0,"244":0,"245":0,"246":0,"247":0,"248":0,"249":0,"250":0,"251":0,"252":0,"253":0,"254":0,"255":0,"256":0,"257":0,"258":0,"259":0,"260":0,"261":0,"262":0,"263":0,"264":0,"265":0,"266":0,"267":0,"268":0,"269":0,"270":0,"271":0,"272":0,"273":1,"274":0,"275":0,"276":530,"277":270,"278":270,"279":270,"280":0,"281":0,"282":504,"283":260,"284":260,"285":260,"286":1560,"287":0,"288":0,"289":249,"290":0,"291":0,"292":0,"293":249,"294":249,"295":0,"296":244,"297":244,"298":244,"299":1464,"300":1,"301":0,"302":0,"303":0,"304":0,"305":0,"306":0,"307":0,"308":0,"309":0,"310":0,"311":0,"312":0,"313":0,"314":0,"315":0,"316":0,"317":0,"318":0,"319":0,"320":0,"321":0,"322":0,"323":0,"324":0,"325":0,"326":0,"327":0,"328":0,"329":0,"330":0,"331":0,"332":0,"333":0,"334":0,"335":0,"336":0,"337":0,"338":2,"339":0,"340":0,"341":0,"342":0,"343":0,"344":0,"345":0,"346":0,"347":0,"348":0,"349":0,"350":0,"351":0,"352":0,"353":0,"354":1,"355":0,"356":0,"357":0,"358":0,"359":0,"360":0,"361":0,"362":0,"363":0,"364":0,"365":0,"366":0,"367":0,"368":0,"369":0,"370":0,"371":0,"372":0,"373":0,"374":0,"375":0,"376":0,"377":0,"378":0,"379":0,"380":0,"381":0,"382":0,"383":0,"384":0,"385":0,"386":0,"387":0,"388":0,"389":0,"390":0,"391":0,"392":0,"393":0,"394":0,"395":0,"396":0,"397":0,"398":0,"399":0,"400":0,"401":0,"402":0,"403":0,"404":0,"405":0,"406":0,"407":0,"408":0,"409":0,"410":0,"411":0,"412":0,"413":0,"414":0,"415":0,"416":0,"417":0,"418":0,"419":0,"420":0,"421":0,"422":0,"423":0,"424":0,"425":0,"426":0,"427":0,"428":0,"429":0,"430":0,"431":0,"432":0,"433":0,"434":0,"435":0,"436":0,"437":0,"438":0,"439":0,"440":0,"441":0,"442":0,"443":0,"444":0,"445":0,"446":0,"447":0,"448":0,"449":0,"450":0,"451":0,"452":0,"453":0,"454":0,"455":0,"456":0,"457":0,"458":0,"459":0,"460":0,"461":0,"462":0,"463":0,"464":0,"465":0,"466":0,"467":0,"468":0,"469":0,"470":0,"471":0,"472":0,"473":0,"474":0,"475":0,"476":0,"477":0,"478":0,"479":0,"480":0,"481":0,"482":0,"483":0,"484":0,"485":0,"486":0,"487":0,"488":0,"489":0,"490":0,"491":0,"492":0,"493":0,"494":0,"495":0,"496":0,"497":0,"498":0,"499":0,"500":0,"501":0,"502":0,"503":0,"504":0,"505":0,"506":0,"507":0,"508":0,"509":1,"510":0,"511":0,"512":1,"513":0,"514":0,"515":0,"516":0,"517":0,"518":0,"519":0,"520":0,"521":0,"522":0,"523":0,"524":0,"525":2,"526":2,"527":0,"528":0,"529":0,"530":0,"531":0,"532":0,"533":0,"534":2,"535":2,"536":14,"537":1,"538":1,"539":26,"540":0,"541":13,"542":0,"543":1,"544":0,"545":13,"546":118,"547":70,"548":48,"549":4,"550":0,"551":6,"552":4,"553":0,"554":6,"555":0,"556":1,"557":12264,"558":1513,"559":1513,"560":0,"561":1,"562":1,"563":310,"564":72,"565":2534,"566":4748,"567":2534,"568":0,"569":1,"570":160,"571":1,"572":1513,"573":2633,"574":1513,"575":0,"576":1,"577":0,"578":0,"579":0,"580":0,"581":286,"582":0,"583":132,"584":6452,"585":4394,"586":0,"587":0,"588":4246,"589":2206,"590":0,"591":0,"592":0,"593":0,"594":2234,"595":0,"596":3462,"597":0,"598":0,"599":2206,"600":0,"601":0,"602":2206,"603":0,"604":0,"605":14,"606":1,"607":13,"608":4,"609":6,"610":27,"611":34,"612":61,"613":6452,"614":6452,"615":34,"616":34,"617":3548,"618":3548,"619":2012,"620":4412,"621":5918,"622":1983,"623":3925},"fnMap":{"1":{"name":"alert","line":10,"loc":{"start":{"line":10,"column":0},"end":{"line":11,"column":0}}},"2":{"name":"SecureRandom","line":18,"loc":{"start":{"line":18,"column":0},"end":{"line":19,"column":0}}},"3":{"name":"(anonymous_3)","line":23,"loc":{"start":{"line":23,"column":35},"end":{"line":24,"column":0}}},"4":{"name":"parseBigInt","line":42,"loc":{"start":{"line":42,"column":0},"end":{"line":42,"column":28}}},"5":{"name":"linebrk","line":46,"loc":{"start":{"line":46,"column":0},"end":{"line":46,"column":22}}},"6":{"name":"byte2Hex","line":56,"loc":{"start":{"line":56,"column":0},"end":{"line":56,"column":21}}},"7":{"name":"pkcs1pad2","line":64,"loc":{"start":{"line":64,"column":0},"end":{"line":64,"column":24}}},"8":{"name":"oaep_mgf1_arr","line":100,"loc":{"start":{"line":100,"column":0},"end":{"line":101,"column":0}}},"9":{"name":"oaep_pad","line":120,"loc":{"start":{"line":120,"column":0},"end":{"line":121,"column":0}}},"10":{"name":"RSAKey","line":158,"loc":{"start":{"line":158,"column":0},"end":{"line":158,"column":18}}},"11":{"name":"RSASetPublic","line":170,"loc":{"start":{"line":170,"column":0},"end":{"line":170,"column":27}}},"12":{"name":"RSADoPublic","line":186,"loc":{"start":{"line":186,"column":0},"end":{"line":186,"column":24}}},"13":{"name":"RSAEncrypt","line":191,"loc":{"start":{"line":191,"column":0},"end":{"line":191,"column":26}}},"14":{"name":"RSAEncryptOAEP","line":201,"loc":{"start":{"line":201,"column":0},"end":{"line":201,"column":36}}},"15":{"name":"pkcs1unpad2","line":233,"loc":{"start":{"line":233,"column":0},"end":{"line":233,"column":26}}},"16":{"name":"oaep_mgf1_str","line":261,"loc":{"start":{"line":261,"column":0},"end":{"line":262,"column":0}}},"17":{"name":"oaep_unpad","line":281,"loc":{"start":{"line":281,"column":0},"end":{"line":282,"column":0}}},"18":{"name":"RSASetPrivate","line":346,"loc":{"start":{"line":346,"column":0},"end":{"line":346,"column":30}}},"19":{"name":"RSASetPrivateEx","line":364,"loc":{"start":{"line":364,"column":0},"end":{"line":364,"column":44}}},"20":{"name":"RSAGenerate","line":386,"loc":{"start":{"line":386,"column":0},"end":{"line":386,"column":26}}},"21":{"name":"RSADoPrivate","line":421,"loc":{"start":{"line":421,"column":0},"end":{"line":421,"column":25}}},"22":{"name":"RSADecrypt","line":440,"loc":{"start":{"line":440,"column":0},"end":{"line":440,"column":27}}},"23":{"name":"RSADecryptOAEP","line":449,"loc":{"start":{"line":449,"column":0},"end":{"line":449,"column":37}}},"24":{"name":"hex2b64","line":478,"loc":{"start":{"line":478,"column":0},"end":{"line":478,"column":20}}},"25":{"name":"b64tohex","line":499,"loc":{"start":{"line":499,"column":0},"end":{"line":499,"column":21}}},"26":{"name":"b64toBA","line":537,"loc":{"start":{"line":537,"column":0},"end":{"line":537,"column":20}}},"27":{"name":"BigInteger","line":563,"loc":{"start":{"line":563,"column":0},"end":{"line":563,"column":27}}},"28":{"name":"nbi","line":571,"loc":{"start":{"line":571,"column":0},"end":{"line":571,"column":15}}},"29":{"name":"am1","line":581,"loc":{"start":{"line":581,"column":0},"end":{"line":581,"column":26}}},"30":{"name":"am2","line":592,"loc":{"start":{"line":592,"column":0},"end":{"line":592,"column":26}}},"31":{"name":"am3","line":606,"loc":{"start":{"line":606,"column":0},"end":{"line":606,"column":26}}},"32":{"name":"int2char","line":651,"loc":{"start":{"line":651,"column":0},"end":{"line":651,"column":21}}},"33":{"name":"intAt","line":652,"loc":{"start":{"line":652,"column":0},"end":{"line":652,"column":20}}},"34":{"name":"bnpCopyTo","line":658,"loc":{"start":{"line":658,"column":0},"end":{"line":658,"column":22}}},"35":{"name":"bnpFromInt","line":665,"loc":{"start":{"line":665,"column":0},"end":{"line":665,"column":23}}},"36":{"name":"nbv","line":674,"loc":{"start":{"line":674,"column":0},"end":{"line":674,"column":16}}},"37":{"name":"bnpFromString","line":677,"loc":{"start":{"line":677,"column":0},"end":{"line":677,"column":28}}},"38":{"name":"bnpClamp","line":716,"loc":{"start":{"line":716,"column":0},"end":{"line":716,"column":20}}},"39":{"name":"bnToString","line":722,"loc":{"start":{"line":722,"column":0},"end":{"line":722,"column":23}}},"40":{"name":"bnNegate","line":752,"loc":{"start":{"line":752,"column":0},"end":{"line":752,"column":20}}},"41":{"name":"bnAbs","line":755,"loc":{"start":{"line":755,"column":0},"end":{"line":755,"column":17}}},"42":{"name":"bnCompareTo","line":758,"loc":{"start":{"line":758,"column":0},"end":{"line":758,"column":24}}},"43":{"name":"nbits","line":769,"loc":{"start":{"line":769,"column":0},"end":{"line":769,"column":18}}},"44":{"name":"bnBitLength","line":780,"loc":{"start":{"line":780,"column":0},"end":{"line":780,"column":23}}},"45":{"name":"bnpDLShiftTo","line":786,"loc":{"start":{"line":786,"column":0},"end":{"line":786,"column":27}}},"46":{"name":"bnpDRShiftTo","line":795,"loc":{"start":{"line":795,"column":0},"end":{"line":795,"column":27}}},"47":{"name":"bnpLShiftTo","line":802,"loc":{"start":{"line":802,"column":0},"end":{"line":802,"column":26}}},"48":{"name":"bnpRShiftTo","line":819,"loc":{"start":{"line":819,"column":0},"end":{"line":819,"column":26}}},"49":{"name":"bnpSubTo","line":837,"loc":{"start":{"line":837,"column":0},"end":{"line":837,"column":23}}},"50":{"name":"bnpMultiplyTo","line":871,"loc":{"start":{"line":871,"column":0},"end":{"line":871,"column":28}}},"51":{"name":"bnpSquareTo","line":883,"loc":{"start":{"line":883,"column":0},"end":{"line":883,"column":24}}},"52":{"name":"bnpDivRemTo","line":901,"loc":{"start":{"line":901,"column":0},"end":{"line":901,"column":28}}},"53":{"name":"bnMod","line":949,"loc":{"start":{"line":949,"column":0},"end":{"line":949,"column":18}}},"54":{"name":"Classic","line":957,"loc":{"start":{"line":957,"column":0},"end":{"line":957,"column":20}}},"55":{"name":"cConvert","line":958,"loc":{"start":{"line":958,"column":0},"end":{"line":958,"column":21}}},"56":{"name":"cRevert","line":962,"loc":{"start":{"line":962,"column":0},"end":{"line":962,"column":20}}},"57":{"name":"cReduce","line":963,"loc":{"start":{"line":963,"column":0},"end":{"line":963,"column":20}}},"58":{"name":"cMulTo","line":964,"loc":{"start":{"line":964,"column":0},"end":{"line":964,"column":23}}},"59":{"name":"cSqrTo","line":965,"loc":{"start":{"line":965,"column":0},"end":{"line":965,"column":21}}},"60":{"name":"bnpInvDigit","line":983,"loc":{"start":{"line":983,"column":0},"end":{"line":983,"column":23}}},"61":{"name":"Montgomery","line":999,"loc":{"start":{"line":999,"column":0},"end":{"line":999,"column":23}}},"62":{"name":"montConvert","line":1009,"loc":{"start":{"line":1009,"column":0},"end":{"line":1009,"column":24}}},"63":{"name":"montRevert","line":1018,"loc":{"start":{"line":1018,"column":0},"end":{"line":1018,"column":23}}},"64":{"name":"montReduce","line":1026,"loc":{"start":{"line":1026,"column":0},"end":{"line":1026,"column":23}}},"65":{"name":"montSqrTo","line":1045,"loc":{"start":{"line":1045,"column":0},"end":{"line":1045,"column":24}}},"66":{"name":"montMulTo","line":1048,"loc":{"start":{"line":1048,"column":0},"end":{"line":1048,"column":26}}},"67":{"name":"bnpIsEven","line":1057,"loc":{"start":{"line":1057,"column":0},"end":{"line":1057,"column":21}}},"68":{"name":"bnpExp","line":1060,"loc":{"start":{"line":1060,"column":0},"end":{"line":1060,"column":21}}},"69":{"name":"bnModPowInt","line":1073,"loc":{"start":{"line":1073,"column":0},"end":{"line":1073,"column":26}}},"70":{"name":"bnClone","line":1120,"loc":{"start":{"line":1120,"column":0},"end":{"line":1120,"column":19}}},"71":{"name":"bnIntValue","line":1123,"loc":{"start":{"line":1123,"column":0},"end":{"line":1123,"column":22}}},"72":{"name":"bnByteValue","line":1135,"loc":{"start":{"line":1135,"column":0},"end":{"line":1135,"column":23}}},"73":{"name":"bnShortValue","line":1138,"loc":{"start":{"line":1138,"column":0},"end":{"line":1138,"column":24}}},"74":{"name":"bnpChunkSize","line":1141,"loc":{"start":{"line":1141,"column":0},"end":{"line":1141,"column":25}}},"75":{"name":"bnSigNum","line":1144,"loc":{"start":{"line":1144,"column":0},"end":{"line":1144,"column":20}}},"76":{"name":"bnpToRadix","line":1151,"loc":{"start":{"line":1151,"column":0},"end":{"line":1151,"column":23}}},"77":{"name":"bnpFromRadix","line":1166,"loc":{"start":{"line":1166,"column":0},"end":{"line":1166,"column":27}}},"78":{"name":"bnpFromNumber","line":1193,"loc":{"start":{"line":1193,"column":0},"end":{"line":1193,"column":30}}},"79":{"name":"bnToByteArray","line":1219,"loc":{"start":{"line":1219,"column":0},"end":{"line":1219,"column":25}}},"80":{"name":"bnEquals","line":1243,"loc":{"start":{"line":1243,"column":0},"end":{"line":1243,"column":21}}},"81":{"name":"bnMin","line":1244,"loc":{"start":{"line":1244,"column":0},"end":{"line":1244,"column":18}}},"82":{"name":"bnMax","line":1245,"loc":{"start":{"line":1245,"column":0},"end":{"line":1245,"column":18}}},"83":{"name":"bnpBitwiseTo","line":1248,"loc":{"start":{"line":1248,"column":0},"end":{"line":1248,"column":30}}},"84":{"name":"op_and","line":1266,"loc":{"start":{"line":1266,"column":0},"end":{"line":1266,"column":21}}},"85":{"name":"bnAnd","line":1267,"loc":{"start":{"line":1267,"column":0},"end":{"line":1267,"column":18}}},"86":{"name":"op_or","line":1270,"loc":{"start":{"line":1270,"column":0},"end":{"line":1270,"column":20}}},"87":{"name":"bnOr","line":1271,"loc":{"start":{"line":1271,"column":0},"end":{"line":1271,"column":17}}},"88":{"name":"op_xor","line":1274,"loc":{"start":{"line":1274,"column":0},"end":{"line":1274,"column":21}}},"89":{"name":"bnXor","line":1275,"loc":{"start":{"line":1275,"column":0},"end":{"line":1275,"column":18}}},"90":{"name":"op_andnot","line":1278,"loc":{"start":{"line":1278,"column":0},"end":{"line":1278,"column":24}}},"91":{"name":"bnAndNot","line":1279,"loc":{"start":{"line":1279,"column":0},"end":{"line":1279,"column":21}}},"92":{"name":"bnNot","line":1282,"loc":{"start":{"line":1282,"column":0},"end":{"line":1282,"column":17}}},"93":{"name":"bnShiftLeft","line":1291,"loc":{"start":{"line":1291,"column":0},"end":{"line":1291,"column":24}}},"94":{"name":"bnShiftRight","line":1298,"loc":{"start":{"line":1298,"column":0},"end":{"line":1298,"column":25}}},"95":{"name":"lbit","line":1305,"loc":{"start":{"line":1305,"column":0},"end":{"line":1305,"column":17}}},"96":{"name":"bnGetLowestSetBit","line":1317,"loc":{"start":{"line":1317,"column":0},"end":{"line":1317,"column":29}}},"97":{"name":"cbit","line":1325,"loc":{"start":{"line":1325,"column":0},"end":{"line":1325,"column":17}}},"98":{"name":"bnBitCount","line":1332,"loc":{"start":{"line":1332,"column":0},"end":{"line":1332,"column":22}}},"99":{"name":"bnTestBit","line":1339,"loc":{"start":{"line":1339,"column":0},"end":{"line":1339,"column":22}}},"100":{"name":"bnpChangeBit","line":1346,"loc":{"start":{"line":1346,"column":0},"end":{"line":1346,"column":28}}},"101":{"name":"bnSetBit","line":1353,"loc":{"start":{"line":1353,"column":0},"end":{"line":1353,"column":21}}},"102":{"name":"bnClearBit","l
[...]
line":10306,"column":4},"end":{"line":10306,"column":4}}]},"782":{"line":10449,"type":"if","locations":[{"start":{"line":10449,"column":4},"end":{"line":10449,"column":4}},{"start":{"line":10449,"column":4},"end":{"line":10449,"column":4}}]},"783":{"line":10459,"type":"if","locations":[{"start":{"line":10459,"column":4},"end":{"line":10459,"column":4}},{"start":{"line":10459,"column":4},"end":{"line":10459,"column":4}}]},"784":{"line":10473,"type":"if","locations":[{"start":{"line":10473,"column":4},"end":{"line":10473,"column":4}},{"start":{"line":10473,"column":4},"end":{"line":10473,"column":4}}]},"785":{"line":10557,"type":"if","locations":[{"start":{"line":10557,"column":8},"end":{"line":10557,"column":8}},{"start":{"line":10557,"column":8},"end":{"line":10557,"column":8}}]},"786":{"line":10557,"type":"binary-expr","locations":[{"start":{"line":10557,"column":12},"end":{"line":10557,"column":25}},{"start":{"line":10557,"column":29},"end":{"line":10557,"column":35}},{"start":{"line":10557,"column":39},"end":{"line":10557,"column":60}}]},"787":{"line":10807,"type":"binary-expr","locations":[{"start":{"line":10807,"column":33},"end":{"line":10807,"column":38}},{"start":{"line":10807,"column":42},"end":{"line":10807,"column":44}}]},"788":{"line":10809,"type":"if","locations":[{"start":{"line":10809,"column":12},"end":{"line":10809,"column":12}},{"start":{"line":10809,"column":12},"end":{"line":10809,"column":12}}]},"789":{"line":10889,"type":"if","locations":[{"start":{"line":10889,"column":16},"end":{"line":10889,"column":16}},{"start":{"line":10889,"column":16},"end":{"line":10889,"column":16}}]},"790":{"line":10904,"type":"if","locations":[{"start":{"line":10904,"column":12},"end":{"line":10904,"column":12}},{"start":{"line":10904,"column":12},"end":{"line":10904,"column":12}}]},"791":{"line":10905,"type":"if","locations":[{"start":{"line":10905,"column":16},"end":{"line":10905,"column":16}},{"start":{"line":10905,"column":16},"end":{"line":10905,"column":16}}]},"792":{"line":10944,"type":"if","locations":[{"start":{"line":10944,"column":16},"end":{"line":10944,"column":16}},{"start":{"line":10944,"column":16},"end":{"line":10944,"column":16}}]},"793":{"line":11190,"type":"if","locations":[{"start":{"line":11190,"column":16},"end":{"line":11190,"column":16}},{"start":{"line":11190,"column":16},"end":{"line":11190,"column":16}}]},"794":{"line":11218,"type":"cond-expr","locations":[{"start":{"line":11218,"column":80},"end":{"line":11218,"column":81}},{"start":{"line":11218,"column":84},"end":{"line":11218,"column":85}}]},"795":{"line":11220,"type":"cond-expr","locations":[{"start":{"line":11220,"column":79},"end":{"line":11220,"column":80}},{"start":{"line":11220,"column":83},"end":{"line":11220,"column":84}}]},"796":{"line":11222,"type":"cond-expr","locations":[{"start":{"line":11222,"column":75},"end":{"line":11222,"column":76}},{"start":{"line":11222,"column":79},"end":{"line":11222,"column":80}}]},"797":{"line":11244,"type":"cond-expr","locations":[{"start":{"line":11244,"column":69},"end":{"line":11244,"column":70}},{"start":{"line":11244,"column":73},"end":{"line":11244,"column":74}}]},"798":{"line":11246,"type":"cond-expr","locations":[{"start":{"line":11246,"column":67},"end":{"line":11246,"column":68}},{"start":{"line":11246,"column":71},"end":{"line":11246,"column":72}}]},"799":{"line":11248,"type":"cond-expr","locations":[{"start":{"line":11248,"column":67},"end":{"line":11248,"column":68}},{"start":{"line":11248,"column":71},"end":{"line":11248,"column":72}}]},"800":{"line":11250,"type":"cond-expr","locations":[{"start":{"line":11250,"column":67},"end":{"line":11250,"column":68}},{"start":{"line":11250,"column":71},"end":{"line":11250,"column":72}}]},"801":{"line":11254,"type":"cond-expr","locations":[{"start":{"line":11254,"column":76},"end":{"line":11254,"column":77}},{"start":{"line":11254,"column":80},"end":{"line":11254,"column":81}}]},"802":{"line":11264,"type":"cond-expr","locations":[{"start":{"line":11264,"column":60},"end":{"line":11264,"column":61}},{"start":{"line":11264,"column":64},"end":{"line":11264,"column":65}}]},"803":{"line":11272,"type":"cond-expr","locations":[{"start":{"line":11272,"column":62},"end":{"line":11272,"column":63}},{"start":{"line":11272,"column":66},"end":{"line":11272,"column":67}}]},"804":{"line":11277,"type":"cond-expr","locations":[{"start":{"line":11277,"column":62},"end":{"line":11277,"column":63}},{"start":{"line":11277,"column":66},"end":{"line":11277,"column":67}}]},"805":{"line":11279,"type":"cond-expr","locations":[{"start":{"line":11279,"column":62},"end":{"line":11279,"column":63}},{"start":{"line":11279,"column":66},"end":{"line":11279,"column":67}}]},"806":{"line":11281,"type":"cond-expr","locations":[{"start":{"line":11281,"column":62},"end":{"line":11281,"column":63}},{"start":{"line":11281,"column":66},"end":{"line":11281,"column":67}}]},"807":{"line":11283,"type":"cond-expr","locations":[{"start":{"line":11283,"column":62},"end":{"line":11283,"column":63}},{"start":{"line":11283,"column":66},"end":{"line":11283,"column":67}}]},"808":{"line":11285,"type":"cond-expr","locations":[{"start":{"line":11285,"column":62},"end":{"line":11285,"column":63}},{"start":{"line":11285,"column":66},"end":{"line":11285,"column":67}}]},"809":{"line":11287,"type":"cond-expr","locations":[{"start":{"line":11287,"column":62},"end":{"line":11287,"column":63}},{"start":{"line":11287,"column":66},"end":{"line":11287,"column":67}}]},"810":{"line":11289,"type":"cond-expr","locations":[{"start":{"line":11289,"column":62},"end":{"line":11289,"column":63}},{"start":{"line":11289,"column":66},"end":{"line":11289,"column":67}}]},"811":{"line":11291,"type":"cond-expr","locations":[{"start":{"line":11291,"column":62},"end":{"line":11291,"column":63}},{"start":{"line":11291,"column":66},"end":{"line":11291,"column":67}}]},"812":{"line":11394,"type":"if","locations":[{"start":{"line":11394,"column":12},"end":{"line":11394,"column":12}},{"start":{"line":11394,"column":12},"end":{"line":11394,"column":12}}]},"813":{"line":11403,"type":"if","locations":[{"start":{"line":11403,"column":12},"end":{"line":11403,"column":12}},{"start":{"line":11403,"column":12},"end":{"line":11403,"column":12}}]},"814":{"line":11517,"type":"if","locations":[{"start":{"line":11517,"column":0},"end":{"line":11517,"column":0}},{"start":{"line":11517,"column":0},"end":{"line":11517,"column":0}}]},"815":{"line":11542,"type":"if","locations":[{"start":{"line":11542,"column":4},"end":{"line":11542,"column":4}},{"start":{"line":11542,"column":4},"end":{"line":11542,"column":4}}]},"816":{"line":11555,"type":"if","locations":[{"start":{"line":11555,"column":0},"end":{"line":11555,"column":0}},{"start":{"line":11555,"column":0},"end":{"line":11555,"column":0}}]},"817":{"line":11555,"type":"binary-expr","locations":[{"start":{"line":11555,"column":4},"end":{"line":11555,"column":30}},{"start":{"line":11555,"column":34},"end":{"line":11555,"column":39}}]},"818":{"line":11556,"type":"if","locations":[{"start":{"line":11556,"column":0},"end":{"line":11556,"column":0}},{"start":{"line":11556,"column":0},"end":{"line":11556,"column":0}}]},"819":{"line":11556,"type":"binary-expr","locations":[{"start":{"line":11556,"column":4},"end":{"line":11556,"column":34}},{"start":{"line":11556,"column":38},"end":{"line":11556,"column":47}}]},"820":{"line":11595,"type":"if","locations":[{"start":{"line":11595,"column":5},"end":{"line":11595,"column":5}},{"start":{"line":11595,"column":5},"end":{"line":11595,"column":5}}]},"821":{"line":11596,"type":"if","locations":[{"start":{"line":11596,"column":5},"end":{"line":11596,"column":5}},{"start":{"line":11596,"column":5},"end":{"line":11596,"column":5}}]},"822":{"line":11597,"type":"if","locations":[{"start":{"line":11597,"column":5},"end":{"line":11597,"column":5}},{"start":{"line":11597,"column":5},"end":{"line":11597,"column":5}}]},"823":{"line":11619,"type":"if","locations":[{"start":{"line":11619,"column":5},"end":{"line":11619,"column":5}},{"start":{"line":11619,"column":5},"end":{"line":11619,"column":5}}]},"824":{"line":11620,"type":"if","locations":[{"start":{"line":11620,"column":5},"end":{"line":11620,"column":5}},{"start":{"line":11620,"column":5},"end":{"line":11620,"column":5}}]},"825":{"line":11637,"type":"if","locations":[{"start":{"line":11637,"column":1},"end":{"line":11637,"column":1}},{"start":{"line":11637,"column":1},"end":{"line":11637,"column":1}}]},"826":{"line":11654,"type":"if","locations":[{"start":{"line":11654,"column":1},"end":{"line":11654,"column":1}},{"start":{"line":11654,"column":1},"end":{"line":11654,"column":1}}]},"827":{"line":11654,"type":"binary-expr","locations":[{"start":{"line":11654,"column":6},"end":{"line":11654,"column":34}},{"start":{"line":11655,"column":6},"end":{"line":11655,"column":21}},{"start":{"line":11655,"column":26},"end":{"line":11655,"column":62}}]},"828":{"line":11658,"type":"if","locations":[{"start":{"line":11658,"column":1},"end":{"line":11658,"column":1}},{"start":{"line":11658,"column":1},"end":{"line":11658,"column":1}}]},"829":{"line":11671,"type":"if","locations":[{"start":{"line":11671,"column":1},"end":{"line":11671,"column":1}},{"start":{"line":11671,"column":1},"end":{"line":11671,"column":1}}]},"830":{"line":11683,"type":"if","locations":[{"start":{"line":11683,"column":1},"end":{"line":11683,"column":1}},{"start":{"line":11683,"column":1},"end":{"line":11683,"column":1}}]},"831":{"line":11694,"type":"if","locations":[{"start":{"line":11694,"column":1},"end":{"line":11694,"column":1}},{"start":{"line":11694,"column":1},"end":{"line":11694,"column":1}}]},"832":{"line":11738,"type":"if","locations":[{"start":{"line":11738,"column":4},"end":{"line":11738,"column":4}},{"start":{"line":11738,"column":4},"end":{"line":11738,"column":4}}]},"833":{"line":11745,"type":"if","locations":[{"start":{"line":11745,"column":1},"end":{"line":11745,"column":1}},{"start":{"line":11745,"column":1},"end":{"line":11745,"column":1}}]},"834":{"line":11751,"type":"if","locations":[{"start":{"line":11751,"column":8},"end":{"line":11751,"column":8}},{"start":{"line":11751,"column":8},"end":{"line":11751,"column":8}}]},"835":{"line":11754,"type":"if","locations":[{"start":{"line":11754,"column":8},"end":{"line":11754,"column":8}},{"start":{"line":11754,"column":8},"end":{"line":11754,"column":8}}]},"836":{"line":11793,"type":"if","locations":[{"start":{"line":11793,"column":1},"end":{"line":11793,"column":1}},{"start":{"line":11793,"column":1},"end":{"line":11793,"column":1}}]},"837":{"line":11795,"type":"if","locations":[{"start":{"line":11795,"column":1},"end":{"line":11795,"column":1}},{"start":{"line":11795,"column":1},"end":{"line":11795,"column":1}}]},"838":{"line":11796,"type":"if","locations":[{"start":{"line":11796,"column":1},"end":{"line":11796,"column":1}},{"start":{"line":11796,"column":1},"end":{"line":11796,"column":1}}]},"839":{"line":11816,"type":"if","locations":[{"start":{"line":11816,"column":4},"end":{"line":11816,"column":4}},{"start":{"line":11816,"column":4},"end":{"line":11816,"column":4}}]},"840":{"line":11826,"type":"if","locations":[{"start":{"line":11826,"column":1},"end":{"line":11826,"column":1}},{"start":{"line":11826,"column":1},"end":{"line":11826,"column":1}}]},"841":{"line":11828,"type":"if","locations":[{"start":{"line":11828,"column":8},"end":{"line":11828,"column":8}},{"start":{"line":11828,"column":8},"end":{"line":11828,"column":8}}]},"842":{"line":11830,"type":"if","locations":[{"start":{"line":11830,"column":8},"end":{"line":11830,"column":8}},{"start":{"line":11830,"column":8},"end":{"line":11830,"column":8}}]},"843":{"line":11858,"type":"if","locations":[{"start":{"line":11858,"column":1},"end":{"line":11858,"column":1}},{"start":{"line":11858,"column":1},"end":{"line":11858,"column":1}}]},"844":{"line":11886,"type":"if","locations":[{"start":{"line":11886,"column":1},"end":{"line":11886,"column":1}},{"start":{"line":11886,"column":1},"end":{"line":11886,"column":1}}]},"845":{"line":11924,"type":"if","locations":[{"start":{"line":11924,"column":1},"end":{"line":11924,"column":1}},{"start":{"line":11924,"column":1},"end":{"line":11924,"column":1}}]},"846":{"line":12016,"type":"if","locations":[{"start":{"line":12016,"column":8},"end":{"line":12016,"column":8}},{"start":{"line":12016,"column":8},"end":{"line":12016,"column":8}}]},"847":{"line":12018,"type":"if","locations":[{"start":{"line":12018,"column":12},"end":{"line":12018,"column":12}},{"start":{"line":12018,"column":12},"end":{"line":12018,"column":12}}]},"848":{"line":12032,"type":"binary-expr","locations":[{"start":{"line":12032,"column":11},"end":{"line":12032,"column":25}},{"start":{"line":12032,"column":29},"end":{"line":12032,"column":49}}]},"849":{"line":12037,"type":"binary-expr","locations":[{"start":{"line":12037,"column":11},"end":{"line":12037,"column":25}},{"start":{"line":12037,"column":29},"end":{"line":12037,"column":52}}]},"850":{"line":12042,"type":"if","locations":[{"start":{"line":12042,"column":4},"end":{"line":12042,"column":4}},{"start":{"line":12042,"column":4},"end":{"line":12042,"column":4}}]},"851":{"line":12044,"type":"if","locations":[{"start":{"line":12044,"column":8},"end":{"line":12044,"column":8}},{"start":{"line":12044,"column":8},"end":{"line":12044,"column":8}}]},"852":{"line":12044,"type":"binary-expr","locations":[{"start":{"line":12044,"column":12},"end":{"line":12044,"column":33}},{"start":{"line":12044,"column":37},"end":{"line":12044,"column":57}}]},"853":{"line":12057,"type":"if","locations":[{"start":{"line":12057,"column":4},"end":{"line":12057,"column":4}},{"start":{"line":12057,"column":4},"end":{"line":12057,"column":4}}]},"854":{"line":12059,"type":"if","locations":[{"start":{"line":12059,"column":8},"end":{"line":12059,"column":8}},{"start":{"line":12059,"column":8},"end":{"line":12059,"column":8}}]},"855":{"line":12059,"type":"binary-expr","locations":[{"start":{"line":12059,"column":12},"end":{"line":12059,"column":36}},{"start":{"line":12059,"column":40},"end":{"line":12059,"column":63}}]},"856":{"line":12079,"type":"cond-expr","locations":[{"start":{"line":12079,"column":52},"end":{"line":12079,"column":69}},{"start":{"line":12079,"column":72},"end":{"line":12079,"column":73}}]},"857":{"line":12091,"type":"if","locations":[{"start":{"line":12091,"column":4},"end":{"line":12091,"column":4}},{"start":{"line":12091,"column":4},"end":{"line":12091,"column":4}}]},"858":{"line":12097,"type":"if","locations":[{"start":{"line":12097,"column":4},"end":{"line":12097,"column":4}},{"start":{"line":12097,"column":4},"end":{"line":12097,"column":4}}]},"859":{"line":12110,"type":"if","locations":[{"start":{"line":12110,"column":4},"end":{"line":12110,"column":4}},{"start":{"line":12110,"column":4},"end":{"line":12110,"column":4}}]},"860":{"line":12124,"type":"binary-expr","locations":[{"start":{"line":12124,"column":17},"end":{"line":12124,"column":27}},{"start":{"line":12124,"column":31},"end":{"line":12124,"column":34}}]},"861":{"line":12126,"type":"if","locations":[{"start":{"line":12126,"column":4},"end":{"line":12126,"column":4}},{"start":{"line":12126,"column":4},"end":{"line":12126,"column":4}}]},"862":{"line":12143,"type":"if","locations":[{"start":{"line":12143,"column":4},"end":{"line":12143,"column":4}},{"start":{"line":12143,"column":4},"end":{"line":12143,"column":4}}]},"863":{"line":12149,"type":"if","locations":[{"start":{"line":12149,"column":4},"end":{"line":12149,"column":4}},{"start":{"line":12149,"column":4},"end":{"line":12149,"column":4}}]},"864":{"line":12158,"type":"binary-expr","locations":[{"start":{"line":12158,"column":14},"end":{"line":12158,"column":21}},{"start":{"line":12158,"column":25},"end":{"line":12158,"column":27}}]},"865":{"line":12163,"type":"binary-expr","locations":[{"start":{"line":12163,"column":19},"end":{"line":12163,"column":35}},{"start":{"line":12163,"column":39},"end":{"line":12163,"column":40}}]},"866":{"line":12166,"type":"if","locations":[{"start":{"line":12166,"column":4},"end":{"line":12166,"column":4}},{"start":{"line":12166,"column":4},"end":{"line":12166,"column":4}}]},"867":{"line":12171,"type":"if","locations":[{"start":{"line":12171,"column":4},"end":{"line":12171,"column":4}},{"start":{"line":12171,"column":4},"end":{"line":12171,"column":4}}]},"868":{"line":12176,"type":"if","locations":[{"start":{"line":12176,"column":4},"end":{"line":12176,"column":4}},{"start":{"line":12176,"column":4},"end":{"line":12176,"column":4}}]},"869":{"line":12178,"type":"if","locations":[{"start":{"line":12178,"column":8},"end":{"line":12178,"column":8}},{"start":{"line":12178,"column":8},"end":{"line":12178,"column":8}}]},"870":{"line":12183,"type":"if","locations":[{"start":{"line":12183,"column":8},"end":{"line":12183,"column":8}},{"start":{"line":12183,"column":8},"end":{"line":12183,"column":8}}]},"871":{"line":12192,"type":"if","locations":[{"start":{"line":12192,"column":8},"end":{"line":12192,"column":8}},{"start":{"line":12192,"column":8},"end":{"line":12192,"column":8}}]},"872":{"line":12198,"type":"if","locations":[{"start":{"line":12198,"column":4},"end":{"line":12198,"column":4}},{"start":{"line":12198,"column":4},"end":{"line":12198,"column":4}}]},"873":{"line":12200,"type":"if","locations":[{"start":{"line":12200,"column":8},"end":{"line":12200,"column":8}},{"start":{"line":12200,"column":8},"end":{"line":12200,"column":8}}]},"874":{"line":12205,"type":"if","locations":[{"start":{"line":12205,"column":8},"end":{"line":12205,"column":8}},{"start":{"line":12205,"column":8},"end":{"line":12205,"column":8}}]},"875":{"line":12207,"type":"if","locations":[{"start":{"line":12207,"column":12},"end":{"line":12207,"column":12}},{"start":{"line":12207,"column":12},"end":{"line":12207,"column":12}}]},"876":{"line":12215,"type":"if","locations":[{"start":{"line":12215,"column":4},"end":{"line":12215,"column":4}},{"start":{"line":12215,"column":4},"end":{"line":12215,"column":4}}]},"877":{"line":12217,"type":"if","locations":[{"start":{"line":12217,"column":8},"end":{"line":12217,"column":8}},{"start":{"line":12217,"column":8},"end":{"line":12217,"column":8}}]},"878":{"line":12222,"type":"if","locations":[{"start":{"line":12222,"column":9},"end":{"line":12222,"column":9}},{"start":{"line":12222,"column":9},"end":{"line":12222,"column":9}}]},"879":{"line":12227,"type":"if","locations":[{"start":{"line":12227,"column":4},"end":{"line":12227,"column":4}},{"start":{"line":12227,"column":4},"end":{"line":12227,"column":4}}]},"880":{"line":12229,"type":"if","locations":[{"start":{"line":12229,"column":8},"end":{"line":12229,"column":8}},{"start":{"line":12229,"column":8},"end":{"line":12229,"column":8}}]},"881":{"line":12234,"type":"if","locations":[{"start":{"line":12234,"column":9},"end":{"line":12234,"column":9}},{"start":{"line":12234,"column":9},"end":{"line":12234,"column":9}}]},"882":{"line":12239,"type":"if","locations":[{"start":{"line":12239,"column":4},"end":{"line":12239,"column":4}},{"start":{"line":12239,"column":4},"end":{"line":12239,"column":4}}]},"883":{"line":12241,"type":"if","locations":[{"start":{"line":12241,"column":8},"end":{"line":12241,"column":8}},{"start":{"line":12241,"column":8},"end":{"line":12241,"column":8}}]},"884":{"line":12246,"type":"if","locations":[{"start":{"line":12246,"column":9},"end":{"line":12246,"column":9}},{"start":{"line":12246,"column":9},"end":{"line":12246,"column":9}}]},"885":{"line":12251,"type":"if","locations":[{"start":{"line":12251,"column":4},"end":{"line":12251,"column":4}},{"start":{"line":12251,"column":4},"end":{"line":12251,"column":4}}]},"886":{"line":12253,"type":"if","locations":[{"start":{"line":12253,"column":8},"end":{"line":12253,"column":8}},{"start":{"line":12253,"column":8},"end":{"line":12253,"column":8}}]},"887":{"line":12258,"type":"if","locations":[{"start":{"line":12258,"column":9},"end":{"line":12258,"column":9}},{"start":{"line":12258,"column":9},"end":{"line":12258,"column":9}}]}}}}