{"/home/david/Private/hub/common/node-jsjws/Gruntfile.js":{"path":"/home/david/Private/hub/common/node-jsjws/Gruntfile.js","s":{"1":1,"2":1,"3":1,"4":1,"5":1,"6":1,"7":1,"8":1,"9":1,"10":1,"11":1,"12":1,"13":1,"14":1,"15":1,"16":1,"17":1,"18":1,"19":1,"20":1,"21":1,"22":1,"23":1,"24":1,"25":1,"26":1,"27":1,"28":1,"29":1,"30":0},"b":{"1":[1,0],"2":[1,0],"3":[0,1]},"f":{"1":1,"2":1,"3":1,"4":1},"fnMap":{"1":{"name":"(anonymous_1)","line":6,"loc":{"start":{"line":6,"column":17},"end":{"line":7,"column":0}}},"2":{"name":"(anonymous_2)","line":109,"loc":{"start":{"line":109,"column":32},"end":{"line":110,"column":4}}},"3":{"name":"(anonymous_3)","line":118,"loc":{"start":{"line":118,"column":4},"end":{"line":119,"column":4}}},"4":{"name":"(anonymous_4)","line":129,"loc":{"start":{"line":129,"column":4},"end":{"line":130,"column":4}}}},"statementMap":{"1":{"start":{"line":2,"column":0},"end":{"line":2,"column":13}},"2":{"start":{"line":4,"column":0},"end":{"line":4,"column":48}},"3":{"start":{"line":6,"column":0},"end":{"line":141,"column":2}},"4":{"start":{"line":8,"column":4},"end":{"line":80,"column":7}},"5":{"start":{"line":82,"column":4},"end":{"line":82,"column":39}},"6":{"start":{"line":83,"column":4},"end":{"line":83,"column":43}},"7":{"start":{"line":84,"column":4},"end":{"line":84,"column":39}},"8":{"start":{"line":85,"column":4},"end":{"line":85,"column":37}},"9":{"start":{"line":87,"column":4},"end":{"line":87,"column":41}},"10":{"start":{"line":88,"column":4},"end":{"line":93,"column":56}},"11":{"start":{"line":94,"column":4},"end":{"line":99,"column":56}},"12":{"start":{"line":100,"column":4},"end":{"line":100,"column":41}},"13":{"start":{"line":101,"column":4},"end":{"line":101,"column":71}},"14":{"start":{"line":102,"column":4},"end":{"line":102,"column":54}},"15":{"start":{"line":103,"column":4},"end":{"line":103,"column":46}},"16":{"start":{"line":104,"column":4},"end":{"line":104,"column":54}},"17":{"start":{"line":105,"column":4},"end":{"line":105,"column":46}},"18":{"start":{"line":106,"column":4},"end":{"line":106,"column":50}},"19":{"start":{"line":107,"column":4},"end":{"line":107,"column":52}},"20":{"start":{"line":109,"column":4},"end":{"line":112,"column":7}},"21":{"start":{"line":111,"column":8},"end":{"line":111,"column":37}},"22":{"start":{"line":116,"column":4},"end":{"line":125,"column":7}},"23":{"start":{"line":120,"column":8},"end":{"line":124,"column":9}},"24":{"start":{"line":122,"column":12},"end":{"line":122,"column":54}},"25":{"start":{"line":123,"column":12},"end":{"line":123,"column":40}},"26":{"start":{"line":127,"column":4},"end":{"line":140,"column":7}},"27":{"start":{"line":131,"column":8},"end":{"line":139,"column":9}},"28":{"start":{"line":133,"column":12},"end":{"line":133,"column":41}},"29":{"start":{"line":135,"column":12},"end":{"line":138,"column":13}},"30":{"start":{"line":137,"column":16},"end":{"line":137,"column":62}}},"branchMap":{"1":{"line":120,"type":"if","locations":[{"start":{"line":120,"column":8},"end":{"line":120,"column":8}},{"start":{"line":120,"column":8},"end":{"line":120,"column":8}}]},"2":{"line":131,"type":"if","locations":[{"start":{"line":131,"column":8},"end":{"line":131,"column":8}},{"start":{"line":131,"column":8},"end":{"line":131,"column":8}}]},"3":{"line":135,"type":"if","locations":[{"start":{"line":135,"column":12},"end":{"line":135,"column":12}},{"start":{"line":135,"column":12},"end":{"line":135,"column":12}}]}}},"/home/david/Private/hub/common/node-jsjws/lib/jsjws.js":{"path":"/home/david/Private/hub/common/node-jsjws/lib/jsjws.js","s":{"1":1,"2":1,"3":1,"4":1,"5":0,"6":1,"7":1,"8":1,"9":778,"10":1,"11":782,"12":782,"13":90824,"14":1,"15":456,"16":1,"17":0,"18":0,"19":0,"20":0,"21":0,"22":0,"23":1,"24":0,"25":0,"26":0,"27":1,"28":0,"29":0,"30":0,"31":0,"32":0,"33":0,"34":0,"35":0,"36":0,"37":0,"38":0,"39":0,"40":0,"41":0,"42":0,"43":0,"44":0,"45":0,"46":0,"47":0,"48":0,"49":0,"50":0,"51":0,"52":0,"53":0,"54":1,"55":0,"56":0,"57":0,"58":0,"59":0,"60":1,"61":1,"62":0,"63":0,"64":0,"65":0,"66":0,"67":0,"68":0,"69":0,"70":0,"71":0,"72":0,"73":0,"74":0,"75":0,"76":0,"77":0,"78":0,"79":1,"80":18,"81":18,"82":18,"83":18,"84":18,"85":18,"86":18,"87":18,"88":1,"89":13,"90":0,"91":0,"92":13,"93":13,"94":13,"95":0,"96":1,"97":205,"98":1,"99":0,"100":0,"101":0,"102":0,"103":0,"104":0,"105":0,"106":0,"107":0,"108":0,"109":1,"110":0,"111":0,"112":0,"113":0,"114":0,"115":0,"116":0,"117":0,"118":0,"119":0,"120":1,"121":1,"122":1,"123":1,"124":1,"125":1,"126":0,"127":0,"128":0,"129":0,"130":0,"131":0,"132":0,"133":0,"134":0,"135":0,"136":0,"137":0,"138":0,"139":0,"140":0,"141":0,"142":0,"143":0,"144":0,"145":0,"146":0,"147":1,"148":0,"149":0,"150":0,"151":0,"152":0,"153":1,"154":1,"155":0,"156":0,"157":0,"158":0,"159":0,"160":0,"161":0,"162":0,"163":0,"164":0,"165":0,"166":0,"167":0,"168":0,"169":0,"170":0,"171":0,"172":0,"173":0,"174":0,"175":0,"176":0,"177":0,"178":0,"179":0,"180":0,"181":0,"182":0,"183":1,"184":0,"185":0,"186":0,"187":0,"188":0,"189":0,"190":0,"191":0,"192":0,"193":1,"194":1,"195":0,"196":1,"197":0,"198":1,"199":0,"200":1,"201":0,"202":1,"203":1,"204":1,"205":1,"206":1,"207":1,"208":1,"209":1,"210":1,"211":0,"212":1,"213":4,"214":4,"215":4,"216":4,"217":4,"218":4,"219":4,"220":4,"221":4,"222":4,"223":4,"224":4,"225":4,"226":4,"227":1,"228":1,"229":1,"230":4,"231":4,"232":4,"233":4,"234":4,"235":4,"236":4,"237":4,"238":4,"239":4,"240":1,"241":242,"242":0,"243":242,"244":242,"245":242,"246":91,"247":242,"248":1,"249":0,"250":0,"251":0,"252":0,"253":0,"254":1,"255":0,"256":0,"257":0,"258":0,"259":0,"260":1,"261":1,"262":1,"263":1,"264":1,"265":1,"266":1,"267":1,"268":1,"269":250,"270":250,"271":250,"272":250,"273":45095,"274":45095,"275":250,"276":3,"277":3,"278":247,"279":243,"280":243,"281":250,"282":250,"283":489,"284":250,"285":1,"286":219,"287":219,"288":219,"289":219,"290":219,"291":219,"292":76999,"293":207,"294":76792,"295":76792,"296":0,"297":76792,"298":19301,"299":19301,"300":19301,"301":57491,"302":19301,"303":19301,"304":19301,"305":38190,"306":19096,"307":19096,"308":19096,"309":19096,"310":19094,"311":19094,"312":19094,"313":219,"314":0,"315":219,"316":1,"317":0,"318":0,"319":0,"320":0,"321":0,"322":0,"323":1,"324":1,"325":1,"326":1,"327":44562,"328":779,"329":8,"330":771,"331":116,"332":655,"333":1,"334":43783,"335":1,"336":0,"337":0,"338":0,"339":0,"340":0,"341":1,"342":0,"343":0,"344":0,"345":0,"346":0,"347":0,"348":0,"349":0,"350":0,"351":1,"352":119241017,"353":119241017,"354":2487664822,"355":2487664822,"356":2487664822,"357":2487664822,"358":2487664822,"359":2487664822,"360":119241017,"361":1,"362":0,"363":0,"364":1,"365":0,"366":0,"367":1,"368":1,"369":1,"370":1,"371":1,"372":1,"373":1,"374":1,"375":1,"376":1,"377":1,"378":1,"379":1,"380":1,"381":10,"382":1,"383":1,"384":26,"385":1,"386":1,"387":26,"388":1,"389":303586,"390":1,"391":283718,"392":283718,"393":1,"394":2769,"395":117316,"396":2769,"397":2769,"398":1,"399":1445,"400":1445,"401":1445,"402":1428,"403":17,"404":0,"405":17,"406":1,"407":983,"408":983,"409":983,"410":1,"411":779,"412":779,"413":655,"414":124,"415":0,"416":124,"417":124,"418":0,"419":0,"420":0,"421":0,"422":0,"423":0,"424":0,"425":0,"426":779,"427":779,"428":779,"429":779,"430":314446,"431":314446,"432":0,"433":0,"434":0,"435":314446,"436":314446,"437":45502,"438":268944,"439":4436,"440":4436,"441":264508,"442":314446,"443":314446,"444":49159,"445":779,"446":0,"447":0,"448":0,"449":779,"450":779,"451":0,"452":1,"453":2369794,"454":2369794,"455":1518223,"456":1,"457":382,"458":0,"459":382,"460":382,"461":379,"462":3,"463":0,"464":3,"465":0,"466":3,"467":0,"468":3,"469":0,"470":3,"471":379,"472":379,"473":379,"474":379,"475":0,"476":0,"477":379,"478":190351,"479":0,"480":0,"481":190351,"482":190351,"483":27193,"484":27193,"485":190351,"486":177409,"487":190351,"488":188604,"489":379,"490":1,"491":0,"492":0,"493":0,"494":1,"495":1310669,"496":1,"497":1155288,"498":1155288,"499":7,"500":1155281,"501":1155281,"502":1155281,"503":13642,"504":1141639,"505":1143879,"506":1141549,"507":90,"508":1,"509":8754,"510":8754,"511":446,"512":446,"513":8754,"514":6919,"515":6919,"516":8754,"517":6604,"518":6604,"519":8754,"520":7690,"521":7690,"522":8754,"523":6654,"524":6654,"525":8754,"526":1,"527":4630,"528":0,"529":4630,"530":1,"531":6252,"532":6252,"533":129775,"534":6252,"535":228480,"536":6252,"537":6252,"538":1,"539":1134690,"540":42118919,"541":1134690,"542":1134690,"543":1,"544":5097,"545":5097,"546":5097,"547":5097,"548":5097,"549":270976,"550":270976,"551":5097,"552":180,"553":5097,"554":5097,"555":5097,"556":5097,"557":1,"558":51594,"559":51594,"560":51594,"561":12,"562":12,"563":51582,"564":51582,"565":51582,"566":51582,"567":51582,"568":1638736,"569":1638736,"570":51582,"571":51582,"572":51582,"573":51582,"574":1,"575":36643,"576":36643,"577":695882,"578":695882,"579":695882,"580":36643,"581":23428,"582":23428,"583":681026,"584":681026,"585":681026,"586":23428,"587":13215,"588":13215,"589":1151,"590":1151,"591":1151,"592":13215,"593":36643,"594":36643,"595":0,"596":36643,"597":1,"598":36643,"599":36643,"600":1,"601":166762,"602":166762,"603":166762,"604":166762,"605":6177765,"606":166762,"607":6177764,"608":166762,"609":166762,"610":166762,"611":0,"612":1,"613":967462,"614":967462,"615":967462,"616":71834368,"617":967462,"618":34949722,"619":34949722,"620":3556,"621":3556,"622":967462,"623":967462,"624":967462,"625":967462,"626":1,"627":2546,"628":2546,"629":0,"630":2546,"631":2546,"632":0,"633":0,"634":0,"635":0,"636":0,"637":2546,"638":0,"639":2546,"640":2546,"641":2546,"642":2546,"643":2546,"644":0,"645":0,"646":2546,"647":2546,"648":2546,"649":0,"650":2546,"651":2546,"652":2546,"653":2546,"654":2546,"655":6,"656":6,"657":2546,"658":2546,"659":2546,"660":0,"661":2546,"662":84945,"663":84945,"664":9,"665":9,"666":9,"667":0,"668":2546,"669":234,"670":234,"671":0,"672":2546,"673":2546,"674":2546,"675":2546,"676":2546,"677":0,"678":1,"679":734,"680":734,"681":734,"682":0,"683":734,"684":1,"685":427,"686":1,"687":427,"688":0,"689":427,"690":1,"691":427,"692":1,"693":427,"694":1,"695":0,"696":0,"697":1,"698":427,"699":427,"700":1,"701":1,"702":1,"703":1,"704":1,"705":1,"706":1151,"707":0,"708":1151,"709":1151,"710":0,"711":1151,"712":1151,"713":1151,"714":1151,"715":1151,"716":1151,"717":1,"718":1151,"719":1151,"720":1151,"721":1151,"722":1151,"723":1151,"724":1,"725":1151,"726":1151,"727":1151,"728":1151,"729":0,"730":1151,"731":1,"732":1151,"733":1151,"734":1151,"735":1151,"736":1,"737":1134456,"738":1558759,"739":1134456,"740":42111402,"741":42111402,"742":42111402,"743":42111402,"744":42111402,"745":4082,"746":4082,"747":1134456,"748":1134456,"749":1134456,"750":61,"751":1,"752":967035,"753":967035,"754":1,"755":166270,"756":166270,"757":1,"758":1,"759":1,"760":1,"761":1,"762":1,"763":49900,"764":1,"765":632,"766":0,"767":632,"768":632,"769":632,"770":3707,"771":3707,"772":205,"773":3502,"774":3502,"775":3502,"776":632,"777":1,"778":632,"779":632,"780":427,"781":205,"782":632,"783":1,"784":1,"785":1,"786":1,"787":1,"788":1,"789":1,"790":1,"791":1,"792":1,"793":1,"794":1,"795":1,"796":1,"797":1,"798":1,"799":1,"800":1,"801":1,"802":1,"803":1,"804":1,"805":1,"806":1,"807":1,"808":40,"809":40,"810":40,"811":1,"812":329,"813":0,"814":0,"815":0,"816":0,"817":329,"818":329,"819":0,"820":0,"821":0,"822":1,"823":0,"824":1,"825":0,"826":1,"827":3,"828":1,"829":15574,"830":7,"831":15567,"832":23,"833":15544,"834":1,"835":3,"836":3,"837":3,"838":0,"839":3,"840":3,"841":3,"842":3,"843":3,"844":231,"845":231,"846":3,"847":1,"848":0,"849":0,"850":0,"851":0,"852":0,"853":0,"854":0,"855":0,"856":0,"857":0,"858":0,"859":0,"860":0,"861":0,"862":0,"863":0,"864":0,"865":0,"866":0,"867":0,"868":0,"869":0,"870":1,"871":16,"872":8,"873":0,"874":8,"875":8,"876":5,"877":8,"878":3,"879":8,"880":2690,"881":2690,"882":0,"883":8,"884":8,"885":8,"886":8,"887":0,"888":8,"889":8,"890":1,"891":100,"892":100,"893":100,"894":100,"895":100,"896":17,"897":100,"898":25832,"899":3683,"900":3683,"901":22149,"902":22149,"903":3700,"904":3700,"905":25832,"906":12955,"907":25832,"908":0,"909":25832,"910":25583,"911":100,"912":1,"913":0,"914":1,"915":0,"916":1,"917":0,"918":1,"919":5,"920":5,"921":185,"922":5,"923":0,"924":0,"925":0,"926":0,"927":5,"928":5,"929":0,"930":5,"931":5,"932":5,"933":1,"934":0,"935":1,"936":0,"937":0,"938":0,"939":1,"940":190,"941":1,"942":0,"943":0,"944":0,"945":1,"946":0,"947":1,"948":0,"949":0,"950":0,"951":1,"952":0,"953":1,"954":0,"955":0,"956":0,"957":1,"958":0,"959":0,"960":0,"961":0,"962":0,"963":0,"964":1,"965":5,"966":5,"967":0,"968":5,"969":5,"970":1,"971":430,"972":430,"973":0,"974":430,"975":430,"976":1,"977":17078,"978":0,"979":17078,"980":17078,"981":0,"982":0,"983":17078,"984":27,"985":27,"986":17078,"987":519,"988":519,"989":17078,"990":1859,"991":1859,"992":17078,"993":3031,"994":17078,"995":1,"996":17078,"997":17078,"998":17078,"999":0,"1000":0,"1001":0,"1002":1,"1003":0,"1004":0,"1005":0,"1006":0,"1007":0,"1008":1,"1009":0,"1010":0,"1011":0,"1012":0,"1013":1,"1014":8,"1015":8,"1016":0,"1017":8,"1018":1,"1019":0,"1020":0,"1021":0,"1022":1,"1023":0,"1024":1,"1025":0,"1026":1,"1027":0,"1028":1,"1029":4462,"1030":4462,"1031":16813,"1032":16813,"1033":16813,"1034":4462,"1035":242,"1036":242,"1037":8946,"1038":8946,"1039":8946,"1040":242,"1041":4220,"1042":4220,"1043":0,"1044":0,"1045":0,"1046":4220,"1047":4462,"1048":4462,"1049":0,"1050":4462,"1051":0,"1052":4462,"1053":4462,"1054":1,"1055":333,"1056":333,"1057":333,"1058":1,"1059":688,"1060":688,"1061":688,"1062":1,"1063":492,"1064":492,"1065":492,"1066":1,"1067":0,"1068":0,"1069":0,"1070":1,"1071":0,"1072":0,"1073":0,"1074":1,"1075":0,"1076":0,"1077":0,"1078":1,"1079":0,"1080":0,"1081":0,"1082":1,"1083":0,"1084":0,"1085":0,"1086":1,"1087":2693,"1088":0,"1089":2693,"1090":0,"1091":2693,"1092":2693,"1093":0,"1094":0,"1095":0,"1096":0,"1097":1,"1098":1,"1099":0,"1100":1,"1101":0,"1102":1,"1103":0,"1104":1,"1105":1,"1106":1,"1107":1,"1108":1,"1109":0,"1110":1,"1111":0,"1112":0,"1113":0,"1114":0,"1115":0,"1116":0,"1117":0,"1118":0,"1119":0,"1120":0,"1121":0,"1122":1,"1123":0,"1124":0,"1125":0,"1126":0,"1127":0,"1128":0,"1129":0,"1130":0,"1131":0,"1132":1,"1133":0,"1134":0,"1135":0,"1136":0,"1137":0,"1138":1,"1139":0,"1140":0,"1141":0,"1142":0,"1143":0,"1144":0,"1145":0,"1146":0,"1147":1,"1148":0,"1149":1,"1150":0,"1151":0,"1152":0,"1153":0,"1154":0,"1155":0,"1156":0,"1157":0,"1158":0,"1159":0,"1160":0,"1161":1,"1162":0,"1163":0,"1164":1,"1165":0,"1166":0,"1167":1,"1168":1,"1169":1,"1170":1,"1171":1,"1172":1,"1173":946,"1174":946,"1175":0,"1176":946,"1177":0,"1178":946,"1179":0,"1180":946,"1181":0,"1182":946,"1183":0,"1184":946,"1185":946,"1186":0,"1187":946,"1188":0,"1189":946,"1190":946,"1191":946,"1192":946,"1193":946,"1194":946,"1195":946,"1196":29326,"1197":29326,"1198":29326,"1199":946,"1200":946,"1201":946,"1202":137685,"1203":112024,"1204":25661,"1205":25661,"1206":24786,"1207":137685,"1208":137685,"1209":134864,"1210":134864,"1211":137685,"1212":25547,"1213":25547,"1214":137685,"1215":946,"1216":946,"1217":136739,"1218":319943,"1219":319943,"1220":319943,"1221":136739,"1222":46856,"1223":89883,"1224":89883,"1225":89883,"1226":136739,"1227":137685,"1228":276067,"1229":276067,"1230":276067,"1231":276067,"1232":276067,"1233":9455,"1234":9455,"1235":946,"1236":1,"1237":12,"1238":12,"1239":12,"1240":0,"1241":0,"1242":0,"1243":12,"1244":12,"1245":0,"1246":12,"1247":0,"1248":12,"1249":0,"1250":0,"1251":12,"1252":8312,"1253":4091,"1254":8312,"1255":38,"1256":8312,"1257":8242,"1258":8242,"1259":70,"1260":70,"1261":12,"1262":0,"1263":12,"1264":1,"1265":39679,"1266":0,"1267":39679,"1268":39679,"1269":39679,"1270":0,"1271":39679,"1272":1468123,"1273":39679,"1274":1,"1275":8,"1276":8,"1277":0,"1278":8,"1279":8,"1280":8,"1281":6982,"1282":11035,"1283":11035,"1284":8171,"1285":4107,"1286":4107,"1287":8171,"1288":2864,"1289":1384,"1290":11035,"1291":6982,"1292":2943,"1293":2943,"1294":50,"1295":15,"1296":15,"1297":50,"1298":2893,"1299":1465,"1300":2943,"1301":6982,"1302":5520,"1303":5520,"1304":4059,"1305":5520,"1306":1462,"1307":1462,"1308":27,"1309":1462,"1310":8,"1311":0,"1312":8,"1313":0,"1314":8,"1315":7,"1316":1,"1317":7,"1318":0,"1319":7,"1320":1,"1321":1,"1322":1,"1323":2706,"1324":2706,"1325":0,"1326":0,"1327":0,"1328":0,"1329":2706,"1330":0,"1331":2706,"1332":2706,"1333":39679,"1334":39679,"1335":62361,"1336":39679,"1337":39679,"1338":94524,"1339":2276,"1340":430,"1341":1,"1342":430,"1343":430,"1344":430,"1345":0,"1346":430,"1347":430,"1348":430,"1349":0,"1350":430,"1351":430,"1352":462,"1353":462,"1354":462,"1355":423,"1356":423,"1357":427,"1358":427,"1359":0,"1360":423,"1361":414,"1362":16,"1363":1,"1364":1,"1365":1,"1366":1,"1367":1,"1368":1,"1369":1,"1370":1,"1371":1,"1372":1,"1373":1,"1374":1,"1375":1,"1376":1,"1377":1,"1378":1,"1379":1,"1380":1,"1381":1,"1382":1,"1383":1,"1384":1,"1385":1,"1386":1,"1387":1,"1388":1,"1389":1,"1390":1,"1391":1,"1392":1,"1393":1,"1394":1,"1395":1,"1396":1,"1397":1,"1398":1,"1399":1,"1400":1,"1401":1,"1402":1,"1403":1,"1404":1,"1405":1,"1406":1,"1407":1,"1408":1,"1409":1,"1410":1,"1411":1,"1412":217,"1413":86,"1414":131,"1415":131,"1416":0,"1417":131,"1418":131,"1419":0,"1420":1,"1421":95,"1422":95,"1423":0,"1424":95,"1425":1,"1426":95,"1427":95,"1428":0,"1429":95,"1430":95,"1431":43,"1432":52,"1433":95,"1434":1,"1435":122,"1436":122,"1437":0,"1438":122,"1439":1,"1440":61,"1441":61,"1442":61,"1443":1,"1444":0,"1445":0,"1446":0,"1447":0,"1448":1,"1449":34,"1450":34,"1451":34,"1452":1,"1453":0,"1454":0,"1455":0,"1456":0,"1457":0,"1458":0,"1459":0,"1460":0,"1461":0,"1462":0,"1463":0,"1464":0,"1465":0,"1466":0,"1467":0,"1468":0,"1469":1,"1470":0,"1471":0,"1472":1,"1473":0,"1474":0,"1475":0,"1476":0,"1477":0,"1478":1,"1479":0,"1480":0,"1481":1,"1482":0,"1483":0,"1484":1,"1485":1,"1486":0,"1487":0,"1488":0,"1489":0,"1490":1,"1491":0,"1492":0,"1493":0,"1494":0,"1495":1,"1496":658,"1497":658,"1498":84224,"1499":84224,"1500":5255,"1501":84224,"1502":658,"1503":1,"1504":0,"1505":1,"1506":0,"1507":1,"1508":0,"1509":1,"1510":0,"1511":1,"1512":2640,"1513":2640,"1514":2640,"1515":2640,"1516":1,"1517":2519,"1518":880,"1519":1639,"1520":638,"1521":2519,"1522":2519,"1523":2519,"1524":1,"1525":242,"1526":1,"1527":205,"1528":1,"1529":1,"1530":1,"1531":1760,"1532":1,"1533":1936,"1534":0,"1535":0,"1536":0,"1537":0,"1538":1,"1539":0,"1540":1,"1541":0,"1542":1,"1543":0,"1544":1,"1545":0,"1546":1,"1547":1512,"1548":1512,"1549":65664,"1550":1512,"1551":1,"1552":1512,"1553":1512,"1554":155650,"1555":1512,"1556":1,"1557":0,"1558":1,"1559":0,"1560":1,"1561":0,"1562":0,"1563":0,"1564":0,"1565":0,"1566":0,"1567":0,"1568":0,"1569":1,"1570":0,"1571":0,"1572":1,"1573":0,"1574":0,"1575":0,"1576":1,"1577":1,"1578":1,"1579":1,"1580":1,"1581":1,"1582":1,"1583":1,"1584":1,"1585":126,"1586":0,"1587":126,"1588":1,"1589":126,"1590":126,"1591":126,"1592":0,"1593":126,"1594":126,"1595":126,"1596":126,"1597":126,"1598":23564,"1599":126,"1600":126,"1601":1,"1602":231,"1603":231,"1604":1,"1605":1512,"1606":1512,"1607":1,"1608":0,"1609":0,"1610":1,"1611":0,"1612":0,"1613":1,"1614":0,"1615":0,"1616":1,"1617":0,"1618":0,"1619":1,"1620":0,"1621":0,"1622":1,"1623":0,"1624":0,"1625":1,"1626":0,"1627":0,"1628":1,"1629":1,"1630":1743,"1631":1743,"1632":1743,"1633":1743,"1634":1743,"1635":0,"1636":1743,"1637":1743,"1638":1743,"1639":0,"1640":1743,"1641":231,"1642":1743,"1643":1512,"1644":1512,"1645":1743,"1646":1743,"1647":1743,"1648":1743,"1649":231,"1650":231,"1651":1743,"1652":1512,"1653":1512,"1654":1743,"1655":0,"1656":0,"1657":0,"1658":0,"1659":0,"1660":0,"1661":0,"1662":0,"1663":0,"1664":0,"1665":0,"1666":0,"1667":0,"1668":0,"1669":0,"1670":0,"1671":0,"1672":1743,"1673":0,"1674":1743,"1675":0,"1676":1743,"1677":0,"1678":1743,"1679":0,"1680":1743,"1681":0,"1682":1743,"1683":1743,"1684":1743,"1685":1743,"1686":1743,"1687":1743,"1688":1,"1689":0,"1690":0,"1691":0,"1692":0,"1693":0,"1694":0,"1695":0,"1696":0,"1697":0,"1698":0,"1699":0,"1700":0,"1701":0,"1702":0,"1703":0,"1704":0,"1705":0,"1706":0,"1707":0,"1708":0,"1709":0,"1710":0,"1711":0,"1712":0,"1713":0,"1714":0,"1715":0,"1716":0,"1717":0,"1718":0,"1719":0,"1720":0,"1721":0,"1722":0,"1723":0,"1724":0,"1725":0,"1726":0,"1727":0,"1728":0,"1729":0,"1730":0,"1731":0,"1732":0,"1733":0,"1734":0,"1735":0,"1736":0,"1737":0,"1738":0,"1739":0,"1740":0,"1741":1,"1742":0,"1743":0,"1744":0,"1745":0,"1746":0,"1747":0,"1748":0,"1749":0,"1750":0,"1751":0,"1752":0,"1753":0,"1754":0,"1755":0,"1756":0,"1757":0,"1758":0,"1759":0,"1760":0,"1761":0,"1762":0,"1763":0,"1764":0,"1765":0,"1766":0,"1767":0,"1768":0,"1769":0,"1770":0,"1771":0,"1772":0,"1773":0,"1774":0,"1775":0,"1776":0,"1777":0,"1778":0,"1779":0,"1780":0,"1781":0,"1782":0,"1783":0,"1784":0,"1785":0,"1786":0,"1787":0,"1788":0,"1789":0,"1790":0,"1791":0,"1792":0,"1793":0,"1794":0,"1795":0,"1796":0,"1797":0,"1798":0,"1799":0,"1800":0,"1801":0,"1802":0,"1803":0,"1804":0,"1805":0,"1806":0,"1807":0,"1808":0,"1809":0,"1810":0,"1811":0,"1812":0,"1813":0,"1814":0,"1815":0,"1816":0,"1817":0,"1818":0,"1819":0,"1820":0,"1821":0,"1822":0,"1823":0,"1824":0,"1825":0,"1826":0,"1827":0,"1828":0,"1829":0,"1830":0,"1831":0,"1832":0,"1833":0,"1834":0,"1835":0,"1836":0,"1837":0,"1838":0,"1839":0,"1840":0,"1841":0,"1842":0,"1843":0,"1844":0,"1845":0,"1846":0,"1847":0,"1848":0,"1849":0,"1850":0,"1851":0,"1852":0,"1853":0,"1854":0,"1855":0,"1856":0,"1857":0,"1858":0,"1859":0,"1860":0,"1861":0,"1862":0,"1863":0,"1864":0,"1865":0,"1866":0,"1867":0,"1868":0,"1869":0,"1870":0,"1871":0,"1872":0,"1873":0,"1874":0,"1875":0,"1876":0,"1877":0,"1878":0,"1879":0,"1880":0,"1881":0,"1882":0,"1883":0,"1884":0,"1885":0,"1886":0,"1887":0,"1888":0,"1889":0,"1890":0,"1891":0,"1892":0,"1893":0,"1894":0,"1895":0,"1896":0,"1897":0,"1898":0,"1899":0,"1900":0,"1901":0,"1902":0,"1903":0,"1904":0,"1905":0,"1906":0,"1907":0,"1908":0,"1909":1,"1910":1,"1911":1,"1912":1,"1913":1,"1914":0,"1915":0,"1916":0,"1917":0,"1918":1,"1919":242,"1920":242,"1921":242,"1922":8,"1923":242,"1924":1,"1925":126,"1926":126,"1927":126,"1928":126,"1929":1,"1930":126,"1931":126,"1932":126,"1933":126,"1934":126,"1935":1,"1936":0,"1937":1,"1938":0,"1939":1,"1940":216,"1941":216,"1942":1080,"1943":1080,"1944":216,"1945":1,"1946":116,"1947":116,"1948":116,"1949":116,"1950":116,"1951":116,"1952":1,"1953":116,"1954":116,"1955":116,"1956":116,"1957":116,"1958":116,"1959":696,"1960":116,"1961":116,"1962":0,"1963":0,"1964":0,"1965":0,"1966":116,"1967":0,"1968":116,"1969":116,"1970":116,"1971":116,"1972":116,"1973":116,"1974":116,"1975":116,"1976":18328,"1977":116,"1978":116,"1979":116,"1980":116,"1981":24012,"1982":116,"1983":116,"1984":116,"1985":5568,"1986":116,"1987":116,"1988":1,"1989":0,"1990":0,"1991":0,"1992":0,"1993":1,"1994":0,"1995":0,"1996":0,"1997":1,"1998":105,"1999":415,"2000":415,"2001":415,"2002":105,"2003":105,"2004":0,"2005":1,"2006":0,"2007":0,"2008":0,"2009":0,"2010":0,"2011":0,"2012":0,"2013":0,"2014":0,"2015":0,"2016":1,"2017":0,"2018":0,"2019":0,"2020":1,"2021":105,"2022":105,"2023":105,"2024":105,"2025":0,"2026":105,"2027":105,"2028":105,"2029":105,"2030":0,"2031":105,"2032":105,"2033":105,"2034":105,"2035":105,"2036":105,"2037":1,"2038":0,"2039":0,"2040":0,"2041":0,"2042":0,"2043":0,"2044":0,"2045":0,"2046":0,"2047":0,"2048":0,"2049":0,"2050":0,"2051":1,"2052":100,"2053":100,"2054":100,"2055":100,"2056":100,"2057":100,"2058":1,"2059":100,"2060":100,"2061":0,"2062":100,"2063":600,"2064":100,"2065":100,"2066":100,"2067":100,"2068":100,"2069":100,"2070":100,"2071":0,"2072":0,"2073":0,"2074":0,"2075":100,"2076":0,"2077":100,"2078":100,"2079":25600,"2080":100,"2081":0,"2082":100,"2083":0,"2084":100,"2085":100,"2086":100,"2087":100,"2088":100,"2089":0,"2090":100,"2091":100,"2092":100,"2093":20700,"2094":100,"2095":100,"2096":100,"2097":15800,"2098":0,"2099":100,"2100":0,"2101":100,"2102":1,"2103":1,"2104":1,"2105":1,"2106":1,"2107":1,"2108":1,"2109":1,"2110":1,"2111":1,"2112":1,"2113":1,"2114":1,"2115":1,"2116":1,"2117":1,"2118":1,"2119":1,"2120":1,"2121":1,"2122":1,"2123":1,"2124":14,"2125":14,"2126":14,"2127":1,"2128":1,"2129":1,"2130":1,"2131":1,"2132":1,"2133":1,"2134":1,"2135":1,"2136":1,"2137":1,"2138":1,"2139":1,"2140":1,"2141":1,"2142":1,"2143":1,"2144":1,"2145":1,"2146":1,"2147":1,"2148":1,"2149":1,"2150":1,"2151":1,"2152":1,"2153":1,"2154":1,"2155":26,"2156":26,"2157":26,"2158":26,"2159":26,"2160":1,"2161":0,"2162":0,"2163":0,"2164":0,"2165":0,"2166":0,"2167":1,"2168":13,"2169":13,"2170":13,"2171":13,"2172":13,"2173":13,"2174":13,"2175":13,"2176":13,"2177":13,"2178":1,"2179":0,"2180":0,"2181":0,"2182":0,"2183":0,"2184":0,"2185":1,"2186":1,"2187":1,"2188":1,"2189":1,"2190":1,"2191":0,"2192":0,"2193":0,"2194":0,"2195":1,"2196":13,"2197":13,"2198":13,"2199":13,"2200":1,"2201":104,"2202":53,"2203":51,"2204":1,"2205":60,"2206":48,"2207":48,"2208":48,"2209":12,"2210":1,"2211":44,"2212":44,"2213":15,"2214":44,"2215":44,"2216":1,"2217":4,"2218":4,"2219":4,"2220":4,"2221":4,"2222":4,"2223":4,"2224":4,"2225":4,"2226":4,"2227":4,"2228":1,"2229":0,"2230":0,"2231":0,"2232":0,"2233":0,"2234":0,"2235":0,"2236":0,"2237":1,"2238":4,"2239":4,"2240":4,"2241":4,"2242":4,"2243":4,"2244":4,"2245":4,"2246":4,"2247":1,"2248":4,"2249":1,"2250":0,"2251":1,"2252":4,"2253":1,"2254":0,"2255":0,"2256":0,"2257":0,"2258":0,"2259":0,"2260":1,"2261":1,"2262":1,"2263":1,"2264":1,"2265":1,"2266":1,"2267":1,"2268":1,"2269":1,"2270":1,"2271":1,"2272":4304,"2273":4304,"2274":4304,"2275":8,"2276":4304,"2277":4299,"2278":4295,"2279":4304,"2280":4304,"2281":4304,"2282":2552,"2283":2552,"2284":2552,"2285":8,"2286":36,"2287":36,"2288":8,"2289":1,"2290":0,"2291":1,"2292":8715,"2293":8715,"2294":5878,"2295":2837,"2296":1743,"2297":1743,"2298":1743,"2299":1743,"2300":1743,"2301":1743,"2302":1743,"2303":0,"2304":0,"2305":0,"2306":1743,"2307":0,"2308":0,"2309":1743,"2310":1743,"2311":1743,"2312":1743,"2313":1743,"2314":1743,"2315":1743,"2316":0,"2317":0,"2318":0,"2319":0,"2320":0,"2321":0,"2322":0,"2323":1,"2324":1,"2325":1743,"2326":1743,"2327":1743,"2328":1743,"2329":76544,"2330":76544,"2331":76544,"2332":1743,"2333":1512,"2334":1512,"2335":1512,"2336":155650,"2337":1512,"2338":1,"2339":0,"2340":0,"2341":0,"2342":0,"2343":0,"2344":0,"2345":0,"2346":231,"2347":231,"2348":231,"2349":85615,"2350":231,"2351":1,"2352":0,"2353":0,"2354":0,"2355":231,"2356":1,"2357":1743,"2358":1743,"2359":1743,"2360":231,"2361":1743,"2362":1743,"2363":3486,"2364":3486,"2365":3486,"2366":3486,"2367":3486,"2368":3486,"2369":3486,"2370":0,"2371":3486,"2372":3486,"2373":3486,"2374":3486,"2375":2335,"2376":3797,"2377":2335,"2378":2335,"2379":3486,"2380":0,"2381":0,"2382":0,"2383":1,"2384":1743,"2385":1743,"2386":1743,"2387":1743,"2388":1743,"2389":1743,"2390":1743,"2391":1743,"2392":0,"2393":1743,"2394":1743,"2395":2,"2396":0,"2397":2,"2398":0,"2399":1,"2400":1,"2401":1,"2402":1,"2403":1,"2404":1,"2405":1,"2406":1,"2407":1,"2408":5352,"2409":5352,"2410":1,"2411":649,"2412":649,"2413":0,"2414":649,"2415":649,"2416":649,"2417":649,"2418":649,"2419":5192,"2420":5192,"2421":5192,"2422":649,"2423":0,"2424":0,"2425":0,"2426":0,"2427":0,"2428":0,"2429":1,"2430":1,"2431":1,"2432":1,"2433":1,"2434":1,"2435":1,"2436":1,"2437":1,"2438":1,"2439":310,"2440":310,"2441":1118,"2442":246,"2443":64,"2444":1,"2445":72,"2446":1,"2447":1,"2448":1,"2449":310,"2450":64,"2451":8,"2452":64,"2453":64,"2454":310,"2455":1,"2456":1,"2457":1094,"2458":2454,"2459":2454,"2460":2454,"2461":2454,"2462":2454,"2463":2454,"2464":2454,"2465":2454,"2466":2454,"2467":2454,"2468":157056,"2469":39264,"2470":117792,"2471":117792,"2472":117792,"2473":117792,"2474":117792,"2475":157056,"2476":157056,"2477":157056,"2478":157056,"2479":157056,"2480":157056,"2481":157056,"2482":157056,"2483":157056,"2484":157056,"2485":157056,"2486":157056,"2487":157056,"2488":157056,"2489":2454,"2490":2454,"2491":2454,"2492":2454,"2493":2454,"2494":2454,"2495":2454,"2496":2454,"2497":1094,"2498":1094,"2499":1094,"2500":1094,"2501":1094,"2502":1094,"2503":1094,"2504":1094,"2505":1094,"2506":1094,"2507":0,"2508":0,"2509":0,"2510":1,"2511":1,"2512":1,"2513":1,"2514":1,"2515":1,"2516":1,"2517":1,"2518":1,"2519":1,"2520":1,"2521":160,"2522":1,"2523":1,"2524":1,"2525":1,"2526":80,"2527":1,"2528":649,"2529":1343,"2530":1343,"2531":1343,"2532":1343,"2533":1343,"2534":1343,"2535":1343,"2536":1343,"2537":1343,"2538":1343,"2539":1343,"2540":1343,"2541":1343,"2542":1343,"2543":1343,"2544":1343,"2545":1343,"2546":1343,"2547":1343,"2548":1343,"2549":1343,"2550":1343,"2551":1343,"2552":1343,"2553":1343,"2554":1343,"2555":1343,"2556":1343,"2557":1343,"2558":1343,"2559":1343,"2560":1343,"2561":1343,"2562":1343,"2563":1343,"2564":1343,"2565":1343,"2566":1343,"2567":1343,"2568":1343,"2569":1343,"2570":1343,"2571":107440,"2572":107440,"2573":21488,"2574":21488,"2575":85952,"2576":85952,"2577":85952,"2578":85952,"2579":85952,"2580":85952,"2581":85952,"2582":85952,"2583":85952,"2584":85952,"2585":85952,"2586":85952,"2587":85952,"2588":85952,"2589":85952,"2590":85952,"2591":85952,"2592":85952,"2593":85952,"2594":85952,"2595":85952,"2596":85952,"2597":85952,"2598":85952,"2599":107440,"2600":107440,"2601":107440,"2602":107440,"2603":107440,"2604":107440,"2605":107440,"2606":107440,"2607":107440,"2608":107440,"2609":107440,"2610":107440,"2611":107440,"2612":107440,"2613":107440,"2614":107440,"2615":107440,"2616":107440,"2617":107440,"2618":107440,"2619":107440,"2620":107440,"2621":107440,"2622":107440,"2623":107440,"2624":107440,"2625":107440,"2626":107440,"2627":107440,"2628":107440,"2629":107440,"2630":107440,"2631":107440,"2632":107440,"2633":107440,"2634":107440,"2635":107440,"2636":1343,"2637":1343,"2638":1343,"2639":1343,"2640":1343,"2641":1343,"2642":1343,"2643":1343,"2644":1343,"2645":1343,"2646":1343,"2647":1343,"2648":1343,"2649":1343,"2650":1343,"2651":1343,"2652":649,"2653":649,"2654":649,"2655":649,"2656":649,"2657":649,"2658":649,"2659":649,"2660":649,"2661":649,"2662":649,"2663":0,"2664":0,"2665":0,"2666":1,"2667":1,"2668":1,"2669":1,"2670":1,"2671":1,"2672":1,"2673":1,"2674":1,"2675":1,"2676":0,"2677":0,"2678":0,"2679":0,"2680":0,"2681":0,"2682":0,"2683":0,"2684":0,"2685":0,"2686":0,"2687":0,"2688":0,"2689":0,"2690":0,"2691":0,"2692":0,"2693":0,"2694":0,"2695":0,"2696":0,"2697":0,"2698":0,"2699":0,"2700":0,"2701":0,"2702":0,"2703":1,"2704":1,"2705":1,"2706":1,"2707":122,"2708":122,"2709":122,"2710":0,"2711":0,"2712":0,"2713":0,"2714":1,"2715":0,"2716":1,"2717":1,"2718":1,"2719":2496,"2720":1116,"2721":1116,"2722":1116,"2723":1116,"2724":0,"2725":1116,"2726":0,"2727":1116,"2728":1116,"2729":1116,"2730":0,"2731":2496,"2732":0,"2733":0,"2734":0,"2735":0,"2736":0,"2737":0,"2738":0,"2739":0,"2740":0,"2741":2496,"2742":0,"2743":0,"2744":0,"2745":2496,"2746":968,"2747":0,"2748":968,"2749":0,"2750":968,"2751":968,"2752":968,"2753":968,"2754":968,"2755":968,"2756":968,"2757":968,"2758":968,"2759":968,"2760":205,"2761":205,"2762":205,"2763":205,"2764":968,"2765":968,"2766":968,"2767":968,"2768":968,"2769":0,"2770":1,"2771":880,"2772":1,"2773":0,"2774":0,"2775":0,"2776":0,"2777":0,"2778":1,"2779":0,"2780":0,"2781":0,"2782":2496,"2783":0,"2784":0,"2785":2496,"2786":583,"2787":583,"2788":583,"2789":583,"2790":583,"2791":328,"2792":255,"2793":100,"2794":155,"2795":50,"2796":105,"2797":2496,"2798":0,"2799":0,"2800":0,"2801":0,"2802":2496,"2803":1,"2804":1463,"2805":1463,"2806":1463,"2807":0,"2808":1463,"2809":752,"2810":1463,"2811":711,"2812":1463,"2813":1,"2814":0,"2815":1,"2816":0,"2817":0,"2818":0,"2819":0,"2820":0,"2821":1,"2822":880,"2823":880,"2824":0,"2825":880,"2826":880,"2827":880,"2828":566,"2829":314,"2830":116,"2831":198,"2832":72,"2833":126,"2834":1,"2835":0,"2836":0,"2837":2496,"2838":0,"2839":0,"2840":0,"2841":0,"2842":0,"2843":0,"2844":0,"2845":0,"2846":0,"2847":0,"2848":2496,"2849":880,"2850":880,"2851":0,"2852":880,"2853":880,"2854":880,"2855":880,"2856":880,"2857":880,"2858":880,"2859":1,"2860":0,"2861":0,"2862":0,"2863":0,"2864":0,"2865":2496,"2866":0,"2867":0,"2868":0,"2869":0,"2870":0,"2871":0,"2872":0,"2873":0,"2874":0,"2875":0,"2876":1,"2877":1,"2878":1,"2879":1,"2880":1,"2881":1,"2882":1,"2883":14,"2884":14,"2885":14,"2886":14,"2887":14,"2888":14,"2889":14,"2890":1,"2891":1,"2892":1,"2893":13,"2894":1,"2895":4,"2896":1,"2897":4,"2898":1,"2899":27,"2900":1,"2901":34,"2902":1,"2903":61,"2904":1,"2905":1,"2906":2496,"2907":2496,"2908":2496,"2909":1848,"2910":732,"2911":732,"2912":732,"2913":1116,"2914":1,"2915":34,"2916":1,"2917":34,"2918":1,"2919":955,"2920":955,"2921":0,"2922":955,"2923":0,"2924":1,"2925":955,"2926":955,"2927":811,"2928":955,"2929":0,"2930":1,"2931":385,"2932":1,"2933":1,"2934":1760,"2935":1,"2936":1964,"2937":1,"2938":1,"2939":658,"2940":10,"2941":10,"2942":658,"2943":324,"2944":658,"2945":658,"2946":658,"2947":658,"2948":658,"2949":1974,"2950":658,"2951":658,"2952":658,"2953":658,"2954":658,"2955":658,"2956":658,"2957":658,"2958":1,"2959":648,"2960":0,"2961":0,"2962":648,"2963":324,"2964":324,"2965":648,"2966":648,"2967":648,"2968":0,"2969":648,"2970":0,"2971":648,"2972":0,"2973":648,"2974":0,"2975":648,"2976":216,"2977":432,"2978":0,"2979":432,"2980":144,"2981":288,"2982":0,"2983":288,"2984":144,"2985":144,"2986":1,"2987":1,"2988":1,"2989":1,"2990":1,"2991":1},"b":{"1":[0,0],"2":[0,0],"3":[0,0],"4":[0,0],"5":[0,0],"6":[0,0],"7":[0,0],"8":[0,0],"9":[0,13],"10":[13,0],"11":[13,13,13,13],"12":[0,0],"13":[0,0],"14":[0,0],"15":[0,0],"16":[0,0],"17":[0,0],"18":[0,0],"19":[0,0],"20":[0,0],"21":[0,0],"22":[0,0],"23":[0,0],"24":[0,0],"25":[0,0],"26":[0,0],"27":[0,0],"28":[0,0],"29":[0,0],"30":[0,0],"31":[0,0],"32":[0,0,0,0],"33":[0,1],"34":[0,1],"35":[0,1],"36":[0,1],"37":[1,0],"38":[1,1,1,1],"39":[4,0],"40":[4,4],"41":[4,0],"42":[4,4],"43":[1,3],"44":[4,0],"45":[0,242],"46":[242,242],"47":[0,0],"48":[0,0],"49":[3,247],"50":[243,4],"51":[250,0],"52":[207,76792],"53":[0,76792],"54":[19301,57491],"55":[19301,38190],"56":[19096,19094],"57":[0,219],"58":[779,43783],"59":[8,771],"60":[116,655],"61":[771,116],"62":[0,1],"63":[1,1],"64":[0,1],"65":[1,1],"66":[0,283718],"67":[0,1445],"68":[1428,17],"69":[0,17],"70":[655,124],"71":[0,124],"72":[124,0],"73":[0,0],"74":[0,0],"75":[0,0],"76":[30728,283718],"77":[0,314446],"78":[0,0],"79":[45502,268944],"80":[4436,264508],"81":[49159,265287],"82":[0,779],"83":[779,124],"84":[0,0],"85":[0,779],"86":[3888017,3887985],"87":[0,382],"88":[379,3],"89":[0,3],"90":[0,3],"91":[0,3],"92":[0,3],"93":[379,0],"94":[0,379],"95":[379,0],"96":[0,190351],"97":[27193,163158],"98":[177409,12942],"99":[188604,1747],"100":[379,0],"101":[0,1310669],"102":[7,1155281],"103":[13642,1141639],"104":[0,13642],"105":[1141549,2330],"106":[446,8308],"107":[6919,1835],"108":[6604,2150],"109":[7690,1064],"110":[6654,2100],"111":[0,4630],"112":[12,51582],"113":[51582,0],"114":[23428,13215],"115":[12271,24372],"116":[0,36643],"117":[1,36642],"118":[0,166762],"119":[3556,34946166],"120":[967462,0],"121":[0,2546],"122":[0,2546],"123":[0,0],"124":[0,0],"125":[0,2546],"126":[2546,0],"127":[0,2546],"128":[2312,234],"129":[2312,234],"130":[6,2540],"131":[0,84945],"132":[9,84936],"133":[234,2312],"134":[0,234],"135":[2546,0],"136":[0,2546],"137":[0,734],"138":[734,0],"139":[0,427],"140":[427,427],"141":[0,1151],"142":[0,1151],"143":[0,1151],"144":[0,1151],"145":[1151,0],"146":[61,1134395],"147":[49896,4],"148":[0,632],"149":[632,632],"150":[205,3502],"151":[427,205],"152":[632,205],"153":[0,329],"154":[0,0],"155":[0,0],"156":[329,0],"157":[0,0],"158":[0,0],"159":[0,0],"160":[7,15567],"161":[23,15544],"162":[15567,15544,369],"163":[3,0],"164":[0,3],"165":[3,3,3],"166":[0,0],"167":[0,0],"168":[0,0],"169":[0,0],"170":[0,0],"171":[0,0],"172":[0,0],"173":[8,8],"174":[0,8],"175":[5,3],"176":[3,5],"177":[0,2690],"178":[0,8],"179":[100,0],"180":[17,83],"181":[100,17],"182":[3683,22149],"183":[3700,18449],"184":[12955,12877],"185":[0,25832],"186":[25832,332],"187":[25583,249],"188":[25832,332],"189":[0,0],"190":[0,0],"191":[0,5],"192":[0,5],"193":[0,430],"194":[0,17078],"195":[0,17078],"196":[27,17051],"197":[519,16559],"198":[1859,15219],"199":[3031,14047],"200":[17078,0],"201":[0,0],"202":[0,8],"203":[242,4220],"204":[0,4462],"205":[0,4462],"206":[0,4462],"207":[0,2693],"208":[0,0],"209":[0,0],"210":[0,0],"211":[0,0],"212":[0,0],"213":[0,946],"214":[0,946],"215":[0,946],"216":[0,946],"217":[0,946],"218":[0,946],"219":[0,946],"220":[946,0],"221":[112024,25661],"222":[24786,875],"223":[25547,112138],"224":[946,136739],"225":[46856,89883],"226":[413752,412806],"227":[9455,266612],"228":[0,12],"229":[0,12],"230":[0,12],"231":[0,12],"232":[0,12],"233":[0,12],"234":[4091,4221],"235":[38,8274],"236":[8242,70],"237":[0,12],"238":[0,39679],"239":[0,39679],"240":[39679,0],"241":[0,39679],"242":[0,8],"243":[8,0,8],"244":[8171,2864],"245":[4107,4064],"246":[8171,4064],"247":[1384,1480],"248":[50,2893],"249":[15,35],"250":[50,35],"251":[1465,1428],"252":[5520,1462],"253":[4059,1461],"254":[27,1435],"255":[0,8],"256":[0,8],"257":[7,1],"258":[0,7],"259":[0,2706],"260":[2706,0],"261":[0,0],"262":[0,2706],"263":[102040,101610],"264":[2276,92248],"265":[0,430],"266":[0,430],"267":[423,39],"268":[462,447],"269":[850,429],"270":[0,427],"271":[414,9],"272":[86,131],"273":[0,131],"274":[131,0],"275":[131,131],"276":[0,95],"277":[0,95],"278":[43,52],"279":[0,122],"280":[0,0],"281":[0,0],"282":[0,0],"283":[0,0],"284":[5255,78969],"285":[880,1639],"286":[638,1001],"287":[1,0],"288":[0,0],"289":[1,0],"290":[1,0],"291":[1,0],"292":[1,0],"293":[0,126],"294":[0,126],"295":[0,1743],"296":[1743,1743],"297":[1743,0],"298":[1743,1743],"299":[0,1743],"300":[1743,1094],"301":[1743,0],"302":[1743,0],"303":[1743,0],"304":[0,0],"305":[0,0],"306":[0,0],"307":[0,0],"308":[0,0],"309":[0,0],"310":[0,0],"311":[0,0],"312":[0,0],"313":[0,0],"314":[0,0],"315":[0,0],"316":[0,0],"317":[0,0],"318":[0,0],"319":[0,0],"320":[0,0,0],"321":[0,0],"322":[0,0,0],"323":[0,0],"324":[0,0],"325":[0,0],"326":[0,0],"327":[0,0],"328":[0,0,0,0],"329":[0,0],"330":[0,0],"331":[0,0],"332":[0,0],"333":[0,0],"334":[0,0],"335":[0,0],"336":[0,0],"337":[0,0],"338":[0,0],"339":[0,0],"340":[0,0],"341":[0,0],"342":[0,0],"343":[0,0],"344":[0,0],"345":[0,0],"346":[0,0],"347":[0,0],"348":[0,0],"349":[0,0],"350":[0,0],"351":[0,0],"352":[0,0],"353":[0,0],"354":[0,0],"355":[0,0],"356":[0,0],"357":[116,0],"358":[116,0],"359":[116,0],"360":[0,0],"361":[0,0],"362":[0,116],"363":[116,0],"364":[105,310],"365":[0,0],"366":[0,105],"367":[0,105],"368":[0,0],"369":[0,0],"370":[100,0],"371":[0,100],"372":[100,0],"373":[100,0],"374":[0,0],"375":[0,0],"376":[0,100],"377":[0,100],"378":[0,100],"379":[0,15800],"380":[0,100],"381":[53,51],"382":[48,12],"383":[15,29],"384":[0,0],"385":[0,0,0],"386":[1,1],"387":[8,4296],"388":[4299,5],"389":[36,0],"390":[1,7],"391":[8715,2894],"392":[5878,2837],"393":[1743,0],"394":[0,1743],"395":[0,1743],"396":[231,1512],"397":[0,3486],"398":[2335,1151],"399":[0,1743],"400":[649,0],"401":[0,649],"402":[246,872],"403":[64,246],"404":[8,56],"405":[39264,117792],"406":[21488,85952],"407":[38549,47403],"408":[41519,44433],"409":[38321,47631],"410":[53162,54278],"411":[54539,52901],"412":[56151,51289],"413":[48711,58729],"414":[53075,54365],"415":[54642,52798],"416":[54610,52830],"417":[968,375],"418":[649,694],"419":[970,373],"420":[539,804],"421":[804,539],"422":[499,844],"423":[992,351],"424":[379,964],"425":[0,0],"426":[0,0],"427":[1,0],"428":[0,1],"429":[1,1],"430":[1,0],"431":[1,0],"432":[0,1116],"433":[0,1116],"434":[1116,0],"435":[0,0],"436":[0,0],"437":[0,0],"438":[0,968],"439":[968,0,0],"440":[0,968],"441":[205,763],"442":[0,968],"443":[0,0],"444":[328,255],"445":[100,155],"446":[50,105],"447":[0,1463],"448":[752,711],"449":[711,752],"450":[0,880],"451":[566,314],"452":[116,198],"453":[72,126],"454":[0,0],"455":[0,880],"456":[0,0],"457":[732,1116],"458":[732,0],"459":[34,34],"460":[34,34],"461":[955,0],"462":[0,955],"463":[955,0],"464":[955,0],"465":[811,144],"466":[955,811],"467":[1464,296],"468":[10,648],"469":[658,324],"470":[658,226],"471":[0,648],"472":[324,324],"473":[648,0],"474":[648,216],"475":[0,648],"476":[0,648],"477":[0,648],"478":[0,648],"479":[216,432],"480":[0,432],"481":[144,288],"482":[0,288],"483":[144,144]},"f":{"1":0,"2":778,"3":782,"4":456,"5":0,"6":0,"7":0,"8":0,"9":0,"10":18,"11":13,"12":205,"13":0,"14":0,"15":0,"16":0,"17":0,"18":0,"19":1,"20":4,"21":242,"22":0,"23":0,"24":250,"25":219,"26":0,"27":44562,"28":43783,"29":0,"30":0,"31":119241017,"32":303586,"33":283718,"34":2769,"35":1445,"36":983,"37":779,"38":2369794,"39":382,"40":0,"41":1310669,"42":1155288,"43":8754,"44":4630,"45":6252,"46":1134690,"47":5097,"48":51594,"49":36643,"50":166762,"51":967462,"52":2546,"53":734,"54":427,"55":427,"56":427,"57":427,"58":0,"59":427,"60":1151,"61":1151,"62":1151,"63":1151,"64":1134456,"65":967035,"66":166270,"67":49900,"68":632,"69":632,"70":40,"71":329,"72":0,"73":0,"74":3,"75":15574,"76":3,"77":0,"78":16,"79":100,"80":0,"81":0,"82":0,"83":5,"84":0,"85":0,"86":190,"87":0,"88":0,"89":0,"90":0,"91":0,"92":0,"93":5,"94":430,"95":17078,"96":17078,"97":0,"98":0,"99":8,"100":0,"101":0,"102":0,"103":0,"104":4462,"105":333,"106":688,"107":492,"108":0,"109":0,"110":0,"111":0,"112":0,"113":2693,"114":0,"115":0,"116":0,"117":0,"118":0,"119":0,"120":0,"121":0,"122":0,"123":0,"124":0,"125":0,"126":0,"127":946,"128":12,"129":39679,"130":8,"131":2706,"132":430,"133":1,"134":217,"135":95,"136":95,"137":122,"138":61,"139":0,"140":34,"141":0,"142":0,"143":0,"144":0,"145":0,"146":0,"147":0,"148":0,"149":658,"150":0,"151":0,"152":0,"153":0,"154":2640,"155":2519,"156":242,"157":205,"158":1760,"159":1936,"160":0,"161":0,"162":0,"163":0,"164":0,"165":0,"166":1512,"167":1512,"168":0,"169":0,"170":0,"171":0,"172":0,"173":1,"174":126,"175":126,"176":231,"177":1512,"178":0,"179":0,"180":0,"181":0,"182":0,"183":0,"184":0,"185":0,"186":1743,"187":1743,"188":231,"189":1512,"190":1743,"191":231,"192":1512,"193":0,"194":0,"195":0,"196":0,"197":0,"198":0,"199":0,"200":0,"201":0,"202":0,"203":0,"204":0,"205":0,"206":0,"207":0,"208":0,"209":0,"210":0,"211":0,"212":0,"213":0,"214":0,"215":0,"216":0,"217":0,"218":0,"219":0,"220":0,"221":0,"222":0,"223":0,"224":0,"225":0,"226":0,"227":0,"228":0,"229":0,"230":0,"231":0,"232":0,"233":0,"234":0,"235":0,"236":0,"237":0,"238":0,"239":1,"240":0,"241":0,"242":242,"243":126,"244":126,"245":126,"246":0,"247":0,"248":216,"249":116,"250":116,"251":116,"252":696,"253":0,"254":0,"255":105,"256":0,"257":0,"258":0,"259":105,"260":105,"261":0,"262":100,"263":100,"264":100,"265":600,"266":14,"267":1,"268":1,"269":26,"270":0,"271":13,"272":0,"273":1,"274":0,"275":13,"276":104,"277":60,"278":44,"279":4,"280":0,"281":4,"282":4,"283":0,"284":4,"285":0,"286":1,"287":1,"288":4304,"289":4304,"290":4295,"291":2552,"292":0,"293":8,"294":0,"295":8715,"296":1743,"297":1743,"298":1743,"299":0,"300":0,"301":1743,"302":1512,"303":0,"304":231,"305":0,"306":231,"307":1743,"308":1743,"309":3486,"310":0,"311":1743,"312":1743,"313":1743,"314":1743,"315":2,"316":0,"317":2,"318":0,"319":1,"320":5352,"321":649,"322":649,"323":0,"324":1,"325":1,"326":310,"327":72,"328":1094,"329":2454,"330":1094,"331":0,"332":1,"333":160,"334":1,"335":649,"336":1343,"337":649,"338":0,"339":1,"340":0,"341":0,"342":0,"343":0,"344":122,"345":0,"346":2496,"347":1116,"348":0,"349":0,"350":968,"351":880,"352":0,"353":0,"354":0,"355":0,"356":583,"357":0,"358":1463,"359":0,"360":0,"361":880,"362":0,"363":0,"364":880,"365":0,"366":0,"367":14,"368":1,"369":13,"370":4,"371":4,"372":27,"373":34,"374":61,"375":2496,"376":1848,"377":34,"378":34,"379":955,"380":955,"381":385,"382":1760,"383":1964,"384":658,"385":324,"386":648},"fnMap":{"1":{"name":"alert","line":10,"loc":{"start":{"line":10,"column":0},"end":{"line":11,"column":0}}},"2":{"name":"SecureRandom","line":18,"loc":{"start":{"line":18,"column":0},"end":{"line":19,"column":0}}},"3":{"name":"(anonymous_3)","line":23,"loc":{"start":{"line":23,"column":35},"end":{"line":24,"column":0}}},"4":{"name":"parseBigInt","line":37,"loc":{"start":{"line":37,"column":0},"end":{"line":37,"column":28}}},"5":{"name":"linebrk","line":41,"loc":{"start":{"line":41,"column":0},"end":{"line":41,"column":22}}},"6":{"name":"byte2Hex","line":51,"loc":{"start":{"line":51,"column":0},"end":{"line":51,"column":21}}},"7":{"name":"pkcs1pad2","line":59,"loc":{"start":{"line":59,"column":0},"end":{"line":59,"column":24}}},"8":{"name":"oaep_mgf1_arr","line":95,"loc":{"start":{"line":95,"column":0},"end":{"line":96,"column":0}}},"9":{"name":"oaep_pad","line":115,"loc":{"start":{"line":115,"column":0},"end":{"line":116,"column":0}}},"10":{"name":"RSAKey","line":153,"loc":{"start":{"line":153,"column":0},"end":{"line":153,"column":18}}},"11":{"name":"RSASetPublic","line":165,"loc":{"start":{"line":165,"column":0},"end":{"line":165,"column":27}}},"12":{"name":"RSADoPublic","line":180,"loc":{"start":{"line":180,"column":0},"end":{"line":180,"column":24}}},"13":{"name":"RSAEncrypt","line":185,"loc":{"start":{"line":185,"column":0},"end":{"line":185,"column":26}}},"14":{"name":"RSAEncryptOAEP","line":195,"loc":{"start":{"line":195,"column":0},"end":{"line":195,"column":36}}},"15":{"name":"pkcs1unpad2","line":225,"loc":{"start":{"line":225,"column":0},"end":{"line":225,"column":26}}},"16":{"name":"oaep_mgf1_str","line":253,"loc":{"start":{"line":253,"column":0},"end":{"line":254,"column":0}}},"17":{"name":"oaep_unpad","line":273,"loc":{"start":{"line":273,"column":0},"end":{"line":274,"column":0}}},"18":{"name":"RSASetPrivate","line":338,"loc":{"start":{"line":338,"column":0},"end":{"line":338,"column":30}}},"19":{"name":"RSASetPrivateEx","line":355,"loc":{"start":{"line":355,"column":0},"end":{"line":355,"column":44}}},"20":{"name":"RSAGenerate","line":377,"loc":{"start":{"line":377,"column":0},"end":{"line":377,"column":26}}},"21":{"name":"RSADoPrivate","line":411,"loc":{"start":{"line":411,"column":0},"end":{"line":411,"column":25}}},"22":{"name":"RSADecrypt","line":430,"loc":{"start":{"line":430,"column":0},"end":{"line":430,"column":27}}},"23":{"name":"RSADecryptOAEP","line":439,"loc":{"start":{"line":439,"column":0},"end":{"line":439,"column":37}}},"24":{"name":"hex2b64","line":466,"loc":{"start":{"line":466,"column":0},"end":{"line":466,"column":20}}},"25":{"name":"b64tohex","line":487,"loc":{"start":{"line":487,"column":0},"end":{"line":487,"column":21}}},"26":{"name":"b64toBA","line":525,"loc":{"start":{"line":525,"column":0},"end":{"line":525,"column":20}}},"27":{"name":"BigInteger","line":549,"loc":{"start":{"line":549,"column":0},"end":{"line":549,"column":27}}},"28":{"name":"nbi","line":557,"loc":{"start":{"line":557,"column":0},"end":{"line":557,"column":15}}},"29":{"name":"am1","line":567,"loc":{"start":{"line":567,"column":0},"end":{"line":567,"column":26}}},"30":{"name":"am2","line":578,"loc":{"start":{"line":578,"column":0},"end":{"line":578,"column":26}}},"31":{"name":"am3","line":592,"loc":{"start":{"line":592,"column":0},"end":{"line":592,"column":26}}},"32":{"name":"int2char","line":637,"loc":{"start":{"line":637,"column":0},"end":{"line":637,"column":21}}},"33":{"name":"intAt","line":638,"loc":{"start":{"line":638,"column":0},"end":{"line":638,"column":20}}},"34":{"name":"bnpCopyTo","line":644,"loc":{"start":{"line":644,"column":0},"end":{"line":644,"column":22}}},"35":{"name":"bnpFromInt","line":651,"loc":{"start":{"line":651,"column":0},"end":{"line":651,"column":23}}},"36":{"name":"nbv","line":660,"loc":{"start":{"line":660,"column":0},"end":{"line":660,"column":16}}},"37":{"name":"bnpFromString","line":663,"loc":{"start":{"line":663,"column":0},"end":{"line":663,"column":28}}},"38":{"name":"bnpClamp","line":702,"loc":{"start":{"line":702,"column":0},"end":{"line":702,"column":20}}},"39":{"name":"bnToString","line":708,"loc":{"start":{"line":708,"column":0},"end":{"line":708,"column":23}}},"40":{"name":"bnNegate","line":738,"loc":{"start":{"line":738,"column":0},"end":{"line":738,"column":20}}},"41":{"name":"bnAbs","line":741,"loc":{"start":{"line":741,"column":0},"end":{"line":741,"column":17}}},"42":{"name":"bnCompareTo","line":744,"loc":{"start":{"line":744,"column":0},"end":{"line":744,"column":24}}},"43":{"name":"nbits","line":755,"loc":{"start":{"line":755,"column":0},"end":{"line":755,"column":18}}},"44":{"name":"bnBitLength","line":766,"loc":{"start":{"line":766,"column":0},"end":{"line":766,"column":23}}},"45":{"name":"bnpDLShiftTo","line":772,"loc":{"start":{"line":772,"column":0},"end":{"line":772,"column":27}}},"46":{"name":"bnpDRShiftTo","line":781,"loc":{"start":{"line":781,"column":0},"end":{"line":781,"column":27}}},"47":{"name":"bnpLShiftTo","line":788,"loc":{"start":{"line":788,"column":0},"end":{"line":788,"column":26}}},"48":{"name":"bnpRShiftTo","line":805,"loc":{"start":{"line":805,"column":0},"end":{"line":805,"column":26}}},"49":{"name":"bnpSubTo","line":823,"loc":{"start":{"line":823,"column":0},"end":{"line":823,"column":23}}},"50":{"name":"bnpMultiplyTo","line":857,"loc":{"start":{"line":857,"column":0},"end":{"line":857,"column":28}}},"51":{"name":"bnpSquareTo","line":869,"loc":{"start":{"line":869,"column":0},"end":{"line":869,"column":24}}},"52":{"name":"bnpDivRemTo","line":887,"loc":{"start":{"line":887,"column":0},"end":{"line":887,"column":28}}},"53":{"name":"bnMod","line":935,"loc":{"start":{"line":935,"column":0},"end":{"line":935,"column":18}}},"54":{"name":"Classic","line":943,"loc":{"start":{"line":943,"column":0},"end":{"line":943,"column":20}}},"55":{"name":"cConvert","line":944,"loc":{"start":{"line":944,"column":0},"end":{"line":944,"column":21}}},"56":{"name":"cRevert","line":948,"loc":{"start":{"line":948,"column":0},"end":{"line":948,"column":20}}},"57":{"name":"cReduce","line":949,"loc":{"start":{"line":949,"column":0},"end":{"line":949,"column":20}}},"58":{"name":"cMulTo","line":950,"loc":{"start":{"line":950,"column":0},"end":{"line":950,"column":23}}},"59":{"name":"cSqrTo","line":951,"loc":{"start":{"line":951,"column":0},"end":{"line":951,"column":21}}},"60":{"name":"bnpInvDigit","line":969,"loc":{"start":{"line":969,"column":0},"end":{"line":969,"column":23}}},"61":{"name":"Montgomery","line":985,"loc":{"start":{"line":985,"column":0},"end":{"line":985,"column":23}}},"62":{"name":"montConvert","line":995,"loc":{"start":{"line":995,"column":0},"end":{"line":995,"column":24}}},"63":{"name":"montRevert","line":1004,"loc":{"start":{"line":1004,"column":0},"end":{"line":1004,"column":23}}},"64":{"name":"montReduce","line":1012,"loc":{"start":{"line":1012,"column":0},"end":{"line":1012,"column":23}}},"65":{"name":"montSqrTo","line":1031,"loc":{"start":{"line":1031,"column":0},"end":{"line":1031,"column":24}}},"66":{"name":"montMulTo","line":1034,"loc":{"start":{"line":1034,"column":0},"end":{"line":1034,"column":26}}},"67":{"name":"bnpIsEven","line":1043,"loc":{"start":{"line":1043,"column":0},"end":{"line":1043,"column":21}}},"68":{"name":"bnpExp","line":1046,"loc":{"start":{"line":1046,"column":0},"end":{"line":1046,"column":21}}},"69":{"name":"bnModPowInt","line":1059,"loc":{"start":{"line":1059,"column":0},"end":{"line":1059,"column":26}}},"70":{"name":"bnClone","line":1104,"loc":{"start":{"line":1104,"column":0},"end":{"line":1104,"column":19}}},"71":{"name":"bnIntValue","line":1107,"loc":{"start":{"line":1107,"column":0},"end":{"line":1107,"column":22}}},"72":{"name":"bnByteValue","line":1119,"loc":{"start":{"line":1119,"column":0},"end":{"line":1119,"column":23}}},"73":{"name":"bnShortValue","line":1122,"loc":{"start":{"line":1122,"column":0},"end":{"line":1122,"column":24}}},"74":{"name":"bnpChunkSize","line":1125,"loc":{"start":{"line":1125,"column":0},"end":{"line":1125,"column":25}}},"75":{"name":"bnSigNum","line":1128,"loc":{"start":{"line":1128,"column":0},"end":{"line":1128,"column":20}}},"76":{"name":"bnpToRadix","line":1135,"loc":{"start":{"line":1135,"column":0},"end":{"line":1135,"column":23}}},"77":{"name":"bnpFromRadix","line":1150,"loc":{"start":{"line":1150,"column":0},"end":{"line":1150,"column":27}}},"78":{"name":"bnpFromNumber","line":1177,"loc":{"start":{"line":1177,"column":0},"end":{"line":1177,"column":30}}},"79":{"name":"bnToByteArray","line":1203,"loc":{"start":{"line":1203,"column":0},"end":{"line":1203,"column":25}}},"80":{"name":"bnEquals","line":1227,"loc":{"start":{"line":1227,"column":0},"end":{"line":1227,"column":21}}},"81":{"name":"bnMin","line":1228,"loc":{"start":{"line":1228,"column":0},"end":{"line":1228,"column":18}}},"82":{"name":"bnMax","line":1229,"loc":{"start":{"line":1229,"column":0},"end":{"line":1229,"column":18}}},"83":{"name":"bnpBitwiseTo","line":1232,"loc":{"start":{"line":1232,"column":0},"end":{"line":1232,"column":30}}},"84":{"name":"op_and","line":1250,"loc":{"start":{"line":1250,"column":0},"end":{"line":1250,"column":21}}},"85":{"name":"bnAnd","line":1251,"loc":{"start":{"line":1251,"column":0},"end":{"line":1251,"column":18}}},"86":{"name":"op_or","line":1254,"loc":{"start":{"line":1254,"column":0},"end":{"line":1254,"column":20}}},"87":{"name":"bnOr","line":1255,"loc":{"start":{"line":1255,"column":0},"end":{"line":1255,"column":17}}},"88":{"name":"op_xor","line":1258,"loc":{"start":{"line":1258,"column":0},"end":{"line":1258,"column":21}}},"89":{"name":"bnXor","line":1259,"loc":{"start":{"line":1259,"column":0},"end":{"line":1259,"column":18}}},"90":{"name":"op_andnot","line":1262,"loc":{"start":{"line":1262,"column":0},"end":{"line":1262,"column":24}}},"91":{"name":"bnAndNot","line":1263,"loc":{"start":{"line":1263,"column":0},"end":{"line":1263,"column":21}}},"92":{"name":"bnNot","line":1266,"loc":{"start":{"line":1266,"column":0},"end":{"line":1266,"column":17}}},"93":{"name":"bnShiftLeft","line":1275,"loc":{"start":{"line":1275,"column":0},"end":{"line":1275,"column":24}}},"94":{"name":"bnShiftRight","line":1282,"loc":{"start":{"line":1282,"column":0},"end":{"line":1282,"column":25}}},"95":{"name":"lbit","line":1289,"loc":{"start":{"line":1289,"column":0},"end":{"line":1289,"column":17}}},"96":{"name":"bnGetLowestSetBit","line":1301,"loc":{"start":{"line":1301,"column":0},"end":{"line":1301,"column":29}}},"97":{"name":"cbit","line":1309,"loc":{"start":{"line":1309,"column":0},"end":{"line":1309,"column":17}}},"98":{"name":"bnBitCount","line":1316,"loc":{"start":{"line":1316,"column":0},"end":{"line":1316,"column":22}}},"99":{"name":"bnTestBit","line":1323,"loc":{"start":{"line":1323,"column":0},"end":{"line":1323,"column":22}}},"100":{"name":"bnpChangeBit","line":1330,"loc":{"start":{"line":1330,"column":0},"end":{"line":1330,"column":28}}},"101":{"name":"bnSetBit","line":1337,"loc":{"start":{"line":1337,"column":0},"end":{"line":1337,"column":21}}},"102":{"name":"bnClearBit","line":1340,"loc":{"start":{"line":1340,"column":0},"end":{"line":1340,"column":23}}},"103":{"name":"bnFlipBit","line":1343,"loc":{"start":{"line":1343,"column":0},"end":{"line":1343,"column":22}}},"104":{"name":"bnpAddTo","line":1346,"loc":{"start":{"line":1346,"column":0},"end":{"line":1346,"column":23}}},"105":{"name":"bnAdd","line":1379,"loc":{"start":{"line":1379,"column":0},"end":{"line":1379,"column":18}}},"106":{"name":"bnSubtract","line":1382,"loc":{"start":{"line":1382,"column":0},"end":{"line":1382,"column":23}}},"107":{"name":"bnMultiply","line":1385,"loc":{"start":{"line":1385,"column":0},"end":{"line":1385,"column":23}}},"108":{"name":"bnSquare","line":1388,"loc":{"start":{"line":1388,"column":0},"end":{"line":1388,"column":20}}},"109":{"name":"bnDivide","line":1391,"loc":{"start":{"line":1391,"column":0},"end":{"line":1391,"column":21}}},"110":{"name":"bnRemainder","line":1394,"loc":{"start":{"line":1394,"column":0},"end":{"line":1394,"column":24}}},"111":{"name":"bnDivideAndRemainder","line":1397,"loc":{"start":{"line":1397,"column":0},"end":{"line":1397,"column":33}}},"112":{"name":"bnpDMultiply","line":1404,"loc":{"start":{"line":1404,"column":0},"end":{"line":1404,"column":25}}},"113":{"name":"bnpDAddOffset","line":1411,"loc":{"start":{"line":1411,"column":0},"end":{"line":1411,"column":28}}},"114":{"name":"NullExp","line":1423,"loc":{"start":{"line":1423,"column":0},"end":{"line":1423,"column":19}}},"115":{"name":"nNop","line":1424,"loc":{"start":{"line":1424,"column":0},"end":{"line":1424,"column":17}}},"116":{"name":"nMulTo","line":1425,"loc":{"start":{"line":1425,"column":0},"end":{"line":1425,"column":23}}},"117":{"name":"nSqrTo","line":1426,"loc":{"start":{"line":1426,"column":0},"end":{"line":1426,"column":21}}},"118":{"name":"bnPow","line":1434,"loc":{"start":{"line":1434,"column":0},"end":{"line":1434,"column":18}}},"119":{"name":"bnpMultiplyLowerTo","line":1438,"loc":{"start":{"line":1438,"column":0},"end":{"line":1438,"column":35}}},"120":{"name":"bnpMultiplyUpperTo","line":1451,"loc":{"start":{"line":1451,"column":0},"end":{"line":1451,"column":35}}},"121":{"name":"Barrett","line":1463,"loc":{"start":{"line":1463,"column":0},"end":{"line":1463,"column":20}}},"122":{"name":"barrettConvert","line":1472,"loc":{"start":{"line":1472,"column":0},"end":{"line":1472,"column":27}}},"123":{"name":"barrettRevert","line":1478,"loc":{"start":{"line":1478,"column":0},"end":{"line":1478,"column":26}}},"124":{"name":"barrettReduce","line":1481,"loc":{"start":{"line":1481,"column":0},"end":{"line":1481,"column":26}}},"125":{"name":"barrettSqrTo","line":1492,"loc":{"start":{"line":1492,"column":0},"end":{"line":1492,"column":27}}},"126":{"name":"barrettMulTo","line":1495,"loc":{"start":{"line":1495,"column":0},"end":{"line":1495,"column":29}}},"127":{"name":"bnModPow","line":1504,"loc":{"start":{"line":1504,"column":0},"end":{"line":1504,"column":23}}},"128":{"name":"bnGCD","line":1563,"loc":{"start":{"line":1563,"column":0},"end":{"line":1563,"column":18}}},"129":{"name":"bnpModInt","line":1591,"loc":{"start":{"line":1591,"column":0},"end":{"line":1591,"column":22}}},"130":{"name":"bnModInverse","line":1601,"loc":{"start":{"line":1601,"column":0},"end":{"line":1601,"column":25}}},"131":{"name":"bnIsProbablePrime","line":1646,"loc":{"start":{"line":1646,"column":0},"end":{"line":1646,"column":30}}},"132":{"name":"bnpMillerRabin","line":1665,"loc":{"start":{"line":1665,"column":0},"end":{"line":1665,"column":27}}},"133":{"name":"(anonymous_133)","line":1793,"loc":{"start":{"line":1793,"column":18},"end":{"line":1793,"column":29}}},"134":{"name":"(anonymous_134)","line":1803,"loc":{"start":{"line":1803,"column":34},"end":{"line":1803,"column":51}}},"135":{"name":"(anonymous_135)","line":1820,"loc":{"start":{"line":1820,"column":27},"end":{"line":1820,"column":44}}},"136":{"name":"(anonymous_136)","line":1842,"loc":{"start":{"line":1842,"column":27},"end":{"line":1842,"column":44}}},"137":{"name":"(anonymous_137)","line":1862,"loc":{"start":{"line":1862,"column":32},"end":{"line":1862,"column":49}}},"138":{"name":"(anonymous_138)","line":1877,"loc":{"start":{"line":1877,"column":27},"end":{"line":1877,"column":44}}},"139":{"name":"(anonymous_139)","line":1893,"loc":{"start":{"line":1893,"column":29},"end":{"line":1893,"column":46}}},"140":{"name":"(anonymous_140)","line":1909,"loc":{"start":{"line":1909,"column":37},"end":{"line":1909,"column":54}}},"141":{"name":"(anonymous_141)","line":1924,"loc":{"start":{"line":1924,"column":39},"end":{"line":1924,"column":56}}},"142":{"name":"(anonymous_142)","line":1957,"loc":{"start":{"line":1957,"column":34},"end":{"line":1957,"column":56}}},"143":{"name":"(anonymous_143)","line":1974,"loc":{"start":{"line":1974,"column":38},"end":{"line":1974,"column":73}}},"144":{"name":"(anonymous_144)","line":1994,"loc":{"start":{"line":1994,"column":39},"end":{"line":1994,"column":74}}},"145":{"name":"(anonymous_145)","line":2010,"loc":{"start":{"line":2010,"column":37},"end":{"line":2010,"column":72}}},"146":{"name":"Base64x","line":2059,"loc":{"start":{"line":2059,"column":0},"end":{"line":2059,"column":19}}},"147":{"name":"stoBA","line":2068,"loc":{"start":{"line":2068,"column":0},"end":{"line":2068,"column":18}}},"148":{"name":"BAtos","line":2081,"loc":{"start":{"line":2081,"column":0},"end":{"line":2081,"column":18}}},"149":{"name":"BAtohex","line":2095,"loc":{"start":{"line":2095,"column":0},"end":{"line":2095,"column":20}}},"150":{"name":"stohex","line":2112,"loc":{"start":{"line":2112,"column":0},"end":{"line":2112,"column":19}}},"151":{"name":"stob64","line":2123,"loc":{"start":{"line":2123,"column":0},"end":{"line":2123,"column":19}}},"152":{"name":"stob64u","line":2134,"loc":{"start":{"line":2134,"column":0},"end":{"line":2134,"column":20}}},"153":{"name":"b64utos","line":2144,"loc":{"start":{"line":2144,"column":0},"end":{"line":2144,"column":20}}},"154":{"name":"b64tob64u","line":2155,"loc":{"start":{"line":2155,"column":0},"end":{"line":2155,"column":22}}},"155":{"name":"b64utob64","line":2168,"loc":{"start":{"line":2168,"column":0},"end":{"line":2168,"column":22}}},"156":{"name":"hextob64u","line":2182,"loc":{"start":{"line":2182,"column":0},"end":{"line":2182,"column":22}}},"157":{"name":"b64utohex","line":2191,"loc":{"start":{"line":2191,"column":0},"end":{"line":2191,"column":22}}},"158":{"name":"(anonymous_158)","line":2199,"loc":{"start":{"line":2199,"column":15},"end":{"line":2200,"column":2}}},"159":{"name":"(anonymous_159)","line":2204,"loc":{"start":{"line":2204,"column":15},"end":{"line":2205,"column":2}}},"160":{"name":"(anonymous_160)","line":2218,"loc":{"start":{"line":2218,"column":15},"end":{"line":2219,"column":2}}},"161":{"name":"(anonymous_161)","line":2229,"loc":{"start":{"line":2229,"column":15},"end":{"line":2230,"column":2}}},"162":{"name":"utf8tob64","line":2242,"loc":{"start":{"line":2242,"column":0},"end":{"line":2242,"column":22}}},"163":{"name":"b64toutf8","line":2252,"loc":{"start":{"line":2252,"column":0},"end":{"line":2252,"column":22}}},"164":{"name":"utf8tohex","line":2263,"loc":{"start":{"line":2263,"column":0},"end":{"line":2263,"column":22}}},"165":{"name":"hextoutf8","line":2275,"loc":{"start":{"line":2275,"column":0},"end":{"line":2275,"column":22}}},"166":{"name":"hextorstr","line":2287,"loc":{"start":{"line":2287,"column":0},"end":{"line":2287,"column":25}}},"167":{"name":"rstrtohex","line":2303,"loc":{"start":{"line":2303,"column":0},"end":{"line":2303,"column":22}}},"168":{"name":"uricmptohex","line":2318,"loc":{"start":{"line":2318,"column":0},"end":{"line":2318,"column":24}}},"169":{"name":"hextouricmp","line":2328,"loc":{"start":{"line":2328,"column":0},"end":{"line":2328,"column":24}}},"170":{"name":"encodeURIComponentAll","line":2343,"loc":{"start":{"line":2343,"column":0},"end":{"line":2343,"column":35}}},"171":{"name":"newline_toUnix","line":2364,"loc":{"start":{"line":2364,"column":0},"end":{"line":2364,"column":27}}},"172":{"name":"newline_toDos","line":2375,"loc":{"start":{"line":2375,"column":0},"end":{"line":2375,"column":26}}},"173":{"name":"(anonymous_173)","line":2434,"loc":{"start":{"line":2434,"column":23},"end":{"line":2434,"column":34}}},"174":{"name":"(anonymous_174)","line":2512,"loc":{"start":{"line":2512,"column":28},"end":{"line":2512,"column":49}}},"175":{"name":"(anonymous_175)","line":2528,"loc":{"start":{"line":2528,"column":34},"end":{"line":2528,"column":64}}},"176":{"name":"(anonymous_176)","line":2556,"loc":{"start":{"line":2556,"column":22},"end":{"line":2556,"column":39}}},"177":{"name":"(anonymous_177)","line":2571,"loc":{"start":{"line":2571,"column":19},"end":{"line":2571,"column":39}}},"178":{"name":"(anonymous_178)","line":2585,"loc":{"start":{"line":2585,"column":16},"end":{"line":2585,"column":28}}},"179":{"name":"(anonymous_179)","line":2599,"loc":{"start":{"line":2599,"column":18},"end":{"line":2599,"column":30}}},"180":{"name":"(anonymous_180)","line":2604,"loc":{"start":{"line":2604,"column":21},"end":{"line":2604,"column":33}}},"181":{"name":"(anonymous_181)","line":2618,"loc":{"start":{"line":2618,"column":18},"end":{"line":2618,"column":30}}},"182":{"name":"(anonymous_182)","line":2623,"loc":{"start":{"line":2623,"column":21},"end":{"line":2623,"column":33}}},"183":{"name":"(anonymous_183)","line":2637,"loc":{"start":{"line":2637,"column":15},"end":{"line":2637,"column":27}}},"184":{"name":"(anonymous_184)","line":2651,"loc":{"start":{"line":2651,"column":21},"end":{"line":2651,"column":33}}},"185":{"name":"(anonymous_185)","line":2659,"loc":{"start":{"line":2659,"column":31},"end":{"line":2659,"column":43}}},"186":{"name":"(anonymous_186)","line":2698,"loc":{"start":{"line":2698,"column":28},"end":{"line":2698,"column":45}}},"187":{"name":"(anonymous_187)","line":2717,"loc":{"start":{"line":2717,"column":29},"end":{"line":2717,"column":49}}},"188":{"name":"(anonymous_188)","line":2728,"loc":{"start":{"line":2728,"column":25},"end":{"line":2728,"column":39}}},"189":{"name":"(anonymous_189)","line":2731,"loc":{"start":{"line":2731,"column":22},"end":{"line":2731,"column":36}}},"190":{"name":"(anonymous_190)","line":2735,"loc":{"start":{"line":2735,"column":19},"end":{"line":2735,"column":30}}},"191":{"name":"(anonymous_191)","line":2739,"loc":{"start":{"line":2739,"column":25},"end":{"line":2739,"column":39}}},"192":{"name":"(anonymous_192)","line":2743,"loc":{"start":{"line":2743,"column":22},"end":{"line":2743,"column":36}}},"193":{"name":"(anonymous_193)","line":2755,"loc":{"start":{"line":2755,"column":25},"end":{"line":2755,"column":39}}},"194":{"name":"(anonymous_194)","line":2758,"loc":{"start":{"line":2758,"column":22},"end":{"line":2758,"column":36}}},"195":{"name":"(anonymous_195)","line":2762,"loc":{"start":{"line":2762,"column":19},"end":{"line":2762,"column":30}}},"196":{"name":"(anonymous_196)","line":2766,"loc":{"start":{"line":2766,"column":25},"end":{"line":2766,"column":39}}},"197":{"name":"(anonymous_197)","line":2770,"loc":{"start":{"line":2770,"column":22},"end":{"line":2770,"column":36}}},"198":{"name":"(anonymous_198)","line":2787,"loc":{"start":{"line":2787,"column":24},"end":{"line":2787,"column":38}}},"199":{"name":"(anonymous_199)","line":2801,"loc":{"start":{"line":2801,"column":21},"end":{"line":2801,"column":35}}},"200":{"name":"(anonymous_200)","line":2814,"loc":{"start":{"line":2814,"column":18},"end":{"line":2814,"column":29}}},"201":{"name":"(anonymous_201)","line":2828,"loc":{"start":{"line":2828,"column":24},"end":{"line":2828,"column":38}}},"202":{"name":"(anonymous_202)","line":2842,"loc":{"start":{"line":2842,"column":21},"end":{"line":2842,"column":35}}},"203":{"name":"(anonymous_203)","line":2877,"loc":{"start":{"line":2877,"column":18},"end":{"line":2877,"column":35}}},"204":{"name":"(anonymous_204)","line":2884,"loc":{"start":{"line":2884,"column":29},"end":{"line":2884,"column":49}}},"205":{"name":"(anonymous_205)","line":2906,"loc":{"start":{"line":2906,"column":25},"end":{"line":2906,"column":39}}},"206":{"name":"(anonymous_206)","line":2909,"loc":{"start":{"line":2909,"column":22},"end":{"line":2909,"column":36}}},"207":{"name":"(anonymous_207)","line":2913,"loc":{"start":{"line":2913,"column":20},"end":{"line":2913,"column":31}}},"208":{"name":"(anonymous_208)","line":2917,"loc":{"start":{"line":2917,"column":26},"end":{"line":2917,"column":40}}},"209":{"name":"(anonymous_209)","line":2921,"loc":{"start":{"line":2921,"column":23},"end":{"line":2921,"column":37}}},"210":{"name":"(anonymous_210)","line":2938,"loc":{"start":{"line":2938,"column":24},"end":{"line":2938,"column":38}}},"211":{"name":"(anonymous_211)","line":2952,"loc":{"start":{"line":2952,"column":21},"end":{"line":2952,"column":35}}},"212":{"name":"(anonymous_212)","line":2965,"loc":{"start":{"line":2965,"column":19},"end":{"line":2965,"column":30}}},"213":{"name":"(anonymous_213)","line":2979,"loc":{"start":{"line":2979,"column":25},"end":{"line":2979,"column":39}}},"214":{"name":"(anonymous_214)","line":2994,"loc":{"start":{"line":2994,"column":22},"end":{"line":2994,"column":36}}},"215":{"name":"(anonymous_215)","line":3086,"loc":{"start":{"line":3086,"column":24},"end":{"line":3086,"column":41}}},"216":{"name":"(anonymous_216)","line":3106,"loc":{"start":{"line":3106,"column":24},"end":{"line":3106,"column":35}}},"217":{"name":"(anonymous_217)","line":3113,"loc":{"start":{"line":3113,"column":35},"end":{"line":3113,"column":60}}},"218":{"name":"(anonymous_218)","line":3133,"loc":{"start":{"line":3133,"column":29},"end":{"line":3133,"column":49}}},"219":{"name":"(anonymous_219)","line":3146,"loc":{"start":{"line":3146,"column":17},"end":{"line":3146,"column":37}}},"220":{"name":"(anonymous_220)","line":3205,"loc":{"start":{"line":3205,"column":21},"end":{"line":3205,"column":38}}},"221":{"name":"(anonymous_221)","line":3216,"loc":{"start":{"line":3216,"column":34},"end":{"line":3216,"column":51}}},"222":{"name":"(anonymous_222)","line":3229,"loc":{"start":{"line":3229,"column":39},"end":{"line":3229,"column":57}}},"223":{"name":"(anonymous_223)","line":3236,"loc":{"start":{"line":3236,"column":25},"end":{"line":3236,"column":39}}},"224":{"name":"(anonymous_224)","line":3239,"loc":{"start":{"line":3239,"column":22},"end":{"line":3239,"column":36}}},"225":{"name":"(anonymous_225)","line":3243,"loc":{"start":{"line":3243,"column":17},"end":{"line":3243,"column":28}}},"226":{"name":"(anonymous_226)","line":3263,"loc":{"start":{"line":3263,"column":23},"end":{"line":3263,"column":37}}},"227":{"name":"(anonymous_227)","line":3267,"loc":{"start":{"line":3267,"column":20},"end":{"line":3267,"column":34}}},"228":{"name":"(anonymous_228)","line":3271,"loc":{"start":{"line":3271,"column":19},"end":{"line":3271,"column":37}}},"229":{"name":"(anonymous_229)","line":3324,"loc":{"start":{"line":3324,"column":16},"end":{"line":3324,"column":36}}},"230":{"name":"(anonymous_230)","line":3348,"loc":{"start":{"line":3348,"column":33},"end":{"line":3348,"column":53}}},"231":{"name":"(anonymous_231)","line":3364,"loc":{"start":{"line":3364,"column":38},"end":{"line":3364,"column":56}}},"232":{"name":"(anonymous_232)","line":3386,"loc":{"start":{"line":3386,"column":20},"end":{"line":3386,"column":37}}},"233":{"name":"(anonymous_233)","line":3400,"loc":{"start":{"line":3400,"column":24},"end":{"line":3400,"column":38}}},"234":{"name":"(anonymous_234)","line":3414,"loc":{"start":{"line":3414,"column":21},"end":{"line":3414,"column":35}}},"235":{"name":"(anonymous_235)","line":3428,"loc":{"start":{"line":3428,"column":16},"end":{"line":3428,"column":27}}},"236":{"name":"(anonymous_236)","line":3443,"loc":{"start":{"line":3443,"column":22},"end":{"line":3443,"column":36}}},"237":{"name":"(anonymous_237)","line":3458,"loc":{"start":{"line":3458,"column":19},"end":{"line":3458,"column":33}}},"238":{"name":"(anonymous_238)","line":3473,"loc":{"start":{"line":3473,"column":18},"end":{"line":3473,"column":36}}},"239":{"name":"(anonymous_239)","line":3519,"loc":{"start":{"line":3519,"column":22},"end":{"line":3519,"column":33}}},"240":{"name":"_rsasign_getHexPaddedDigestInfoForString","line":3564,"loc":{"start":{"line":3564,"column":0},"end":{"line":3564,"column":71}}},"241":{"name":"(anonymous_241)","line":3565,"loc":{"start":{"line":3565,"column":19},"end":{"line":3565,"column":31}}},"242":{"name":"_zeroPaddingOfSignature","line":3571,"loc":{"start":{"line":3571,"column":0},"end":{"line":3571,"column":49}}},"243":{"name":"_rsasign_signString","line":3589,"loc":{"start":{"line":3589,"column":0},"end":{"line":3589,"column":41}}},"244":{"name":"(anonymous_244)","line":3590,"loc":{"start":{"line":3590,"column":19},"end":{"line":3590,"column":31}}},"245":{"name":"_rsasign_signWithMessageHash","line":3606,"loc":{"start":{"line":3606,"column":0},"end":{"line":3606,"column":57}}},"246":{"name":"_rsasign_signStringWithSHA1","line":3614,"loc":{"start":{"line":3614,"column":0},"end":{"line":3614,"column":40}}},"247":{"name":"_rsasign_signStringWithSHA256","line":3618,"loc":{"start":{"line":3618,"column":0},"end":{"line":3618,"column":42}}},"248":{"name":"pss_mgf1_str","line":3623,"loc":{"start":{"line":3623,"column":0},"end":{"line":3623,"column":39}}},"249":{"name":"_rsasign_signStringPSS","line":3655,"loc":{"start":{"line":3655,"column":0},"end":{"line":3655,"column":50}}},"250":{"name":"(anonymous_250)","line":3656,"loc":{"start":{"line":3656,"column":19},"end":{"line":3656,"column":34}}},"251":{"name":"_rsasign_signWithMessageHashPSS","line":3681,"loc":{"start":{"line":3681,"column":0},"end":{"line":3681,"column":63}}},"252":{"name":"(anonymous_252)","line":3687,"loc":{"start":{"line":3687,"column":19},"end":{"line":3687,"column":34}}},"253":{"name":"_rsasign_getDecryptSignatureBI","line":3741,"loc":{"start":{"line":3741,"column":0},"end":{"line":3741,"column":55}}},"254":{"name":"_rsasign_getHexDigestInfoFromSig","line":3748,"loc":{"start":{"line":3748,"column":0},"end":{"line":3748,"column":57}}},"255":{"name":"_rsasign_getAlgNameAndHashFromHexDisgestInfo","line":3754,"loc":{"start":{"line":3754,"column":0},"end":{"line":3754,"column":67}}},"256":{"name":"_rsasign_verifySignatureWithArgs","line":3766,"loc":{"start":{"line":3766,"column":0},"end":{"line":3766,"column":63}}},"257":{"name":"(anonymous_257)","line":3772,"loc":{"start":{"line":3772,"column":13},"end":{"line":3772,"column":25}}},"258":{"name":"_rsasign_verifyHexSignatureForMessage","line":3777,"loc":{"start":{"line":3777,"column":0},"end":{"line":3777,"column":59}}},"259":{"name":"_rsasign_verifyString","line":3795,"loc":{"start":{"line":3795,"column":0},"end":{"line":3795,"column":43}}},"260":{"name":"(anonymous_260)","line":3807,"loc":{"start":{"line":3807,"column":13},"end":{"line":3807,"column":25}}},"261":{"name":"_rsasign_verifyWithMessageHash","line":3823,"loc":{"start":{"line":3823,"column":0},"end":{"line":3823,"column":56}}},"262":{"name":"_rsasign_verifyStringPSS","line":3856,"loc":{"start":{"line":3856,"column":0},"end":{"line":3856,"column":61}}},"263":{"name":"(anonymous_263)","line":3857,"loc":{"start":{"line":3857,"column":19},"end":{"line":3857,"column":34}}},"264":{"name":"_rsasign_verifyWithMessageHashPSS","line":3883,"loc":{"start":{"line":3883,"column":0},"end":{"line":3883,"column":71}}},"265":{"name":"(anonymous_265)","line":3890,"loc":{"start":{"line":3890,"column":19},"end":{"line":3890,"column":34}}},"266":{"name":"_rsapem_extractEncodedData","line":4007,"loc":{"start":{"line":4007,"column":0},"end":{"line":4007,"column":52}}},"267":{"name":"_rsapem_getPosArrayOfChildrenFromHex","line":4013,"loc":{"start":{"line":4013,"column":0},"end":{"line":4013,"column":59}}},"268":{"name":"_rsapem_getHexValueArrayOfChildrenFromHex","line":4028,"loc":{"start":{"line":4028,"column":0},"end":{"line":4028,"column":64}}},"269":{"name":"_rsapem_getPosArrayOfChildrenFromPublicKeyHex","line":4044,"loc":{"start":{"line":4044,"column":0},"end":{"line":4044,"column":68}}},"270":{"name":"_rsapem_getPosArrayOfChildrenFromPrivateKeyHex","line":4052,"loc":{"start":{"line":4052,"column":0},"end":{"line":4052,"column":69}}},"271":{"name":"_rsapem_getHexValueArrayOfChildrenFromPublicKeyHex","line":4061,"loc":{"start":{"line":4061,"column":0},"end":{"line":4061,"column":73}}},"272":{"name":"_rsapem_getHexValueArrayOfChildrenFromPrivateKeyHex","line":4077,"loc":{"start":{"line":4077,"column":0},"end":{"line":4077,"column":74}}},"273":{"name":"_rsapem_readPrivateKeyFromPkcs1PemString","line":4087,"loc":{"start":{"line":4087,"column":0},"end":{"line":4087,"column":58}}},"274":{"name":"_rsapem_readPrivateKeyFromPkcs8PemString","line":4094,"loc":{"start":{"line":4094,"column":0},"end":{"line":4094,"column":58}}},"275":{"name":"_rsapem_readPublicKeyFromX509PemString","line":4101,"loc":{"start":{"line":4101,"column":0},"end":{"line":4101,"column":56}}},"276":{"name":"_rsapem_padWithZero","line":4111,"loc":{"start":{"line":4111,"column":0},"end":{"line":4111,"column":40}}},"277":{"name":"_rsapem_encodeLength","line":4121,"loc":{"start":{"line":4121,"column":0},"end":{"line":4121,"column":38}}},"278":{"name":"_rsapem_derEncodeNumber","line":4134,"loc":{"start":{"line":4134,"column":0},"end":{"line":4134,"column":41}}},"279":{"name":"_rsapem_privateKeyToPkcs1HexString","line":4146,"loc":{"start":{"line":4146,"column":0},"end":{"line":4146,"column":52}}},"280":{"name":"_rsapem_privateKeyToPkcs8HexString","line":4164,"loc":{"start":{"line":4164,"column":0},"end":{"line":4164,"column":52}}},"281":{"name":"_rsapem_publicKeyToX509HexString","line":4180,"loc":{"start":{"line":4180,"column":0},"end":{"line":4180,"column":50}}},"282":{"name":"_rsapem_privateKeyToPkcs1PemString","line":4199,"loc":{"start":{"line":4199,"column":0},"end":{"line":4199,"column":46}}},"283":{"name":"_rsapem_privateKeyToPkcs8PemString","line":4206,"loc":{"start":{"line":4206,"column":0},"end":{"line":4206,"column":46}}},"284":{"name":"_rsapem_publicKeyToX509PemString","line":4213,"loc":{"start":{"line":4213,"column":0},"end":{"line":4213,"column":44}}},"285":{"name":"_rsa_splitKey","line":4217,"loc":{"start":{"line":4217,"column":0},"end":{"line":4217,"column":34}}},"286":{"name":"(anonymous_286)","line":4248,"loc":{"start":{"line":4248,"column":28},"end":{"line":4248,"column":55}}},"287":{"name":"(anonymous_287)","line":4262,"loc":{"start":{"line":4262,"column":29},"end":{"line":4262,"column":41}}},"288":{"name":"F","line":4263,"loc":{"start":{"line":4263,"column":8},"end":{"line":4263,"column":21}}},"289":{"name":"(anonymous_289)","line":4284,"loc":{"start":{"line":4284,"column":20},"end":{"line":4284,"column":41}}},"290":{"name":"(anonymous_290)","line":4296,"loc":{"start":{"line":4296,"column":35},"end":{"line":4296,"column":47}}},"291":{"name":"(anonymous_291)","line":4322,"loc":{"start":{"line":4322,"column":20},"end":{"line":4322,"column":32}}},"292":{"name":"(anonymous_292)","line":4341,"loc":{"start":{"line":4341,"column":18},"end":{"line":4341,"column":30}}},"293":{"name":"(anonymous_293)","line":4355,"loc":{"start":{"line":4355,"column":19},"end":{"line":4355,"column":41}}},"294":{"name":"(anonymous_294)","line":4377,"loc":{"start":{"line":4377,"column":19},"end":{"line":4377,"column":31}}},"295":{"name":"(anonymous_295)","line":4402,"loc":{"start":{"line":4402,"column":14},"end":{"line":4402,"column":41}}},"296":{"name":"(anonymous_296)","line":4425,"loc":{"start":{"line":4425,"column":18},"end":{"line":4425,"column":37}}},"297":{"name":"(anonymous_297)","line":4440,"loc":{"start":{"line":4440,"column":16},"end":{"line":4440,"column":37}}},"298":{"name":"(anonymous_298)","line":4479,"loc":{"start":{"line":4479,"column":15},"end":{"line":4479,"column":27}}},"299":{"name":"(anonymous_299)","line":4498,"loc":{"start":{"line":4498,"column":15},"end":{"line":4498,"column":27}}},"300":{"name":"(anonymous_300)","line":4518,"loc":{"start":{"line":4518,"column":16},"end":{"line":4518,"column":34}}},"301":{"name":"(anonymous_301)","line":4550,"loc":{"start":{"line":4550,"column":19},"end":{"line":4550,"column":40}}},"302":{"name":"(anonymous_302)","line":4579,"loc":{"start":{"line":4579,"column":15},"end":{"line":4579,"column":33}}},"303":{"name":"(anonymous_303)","line":4610,"loc":{"start":{"line":4610,"column":19},"end":{"line":4610,"column":40}}},"304":{"name":"(anonymous_304)","line":4638,"loc":{"start":{"line":4638,"column":15},"end":{"line":4638,"column":36}}},"305":{"name":"(anonymous_305)","line":4669,"loc":{"start":{"line":4669,"column":19},"end":{"line":4669,"column":40}}},"306":{"name":"(anonymous_306)","line":4690,"loc":{"start":{"line":4690,"column":15},"end":{"line":4690,"column":34}}},"307":{"name":"(anonymous_307)","line":4710,"loc":{"start":{"line":4710,"column":15},"end":{"line":4710,"column":27}}},"308":{"name":"(anonymous_308)","line":4726,"loc":{"start":{"line":4726,"column":17},"end":{"line":4726,"column":33}}},"309":{"name":"(anonymous_309)","line":4751,"loc":{"start":{"line":4751,"column":18},"end":{"line":4751,"column":37}}},"310":{"name":"(anonymous_310)","line":4801,"loc":{"start":{"line":4801,"column":15},"end":{"line":4801,"column":27}}},"311":{"name":"(anonymous_311)","line":4831,"loc":{"start":{"line":4831,"column":14},"end":{"line":4831,"column":29}}},"312":{"name":"(anonymous_312)","line":4846,"loc":{"start":{"line":4846,"column":15},"end":{"line":4846,"column":27}}},"313":{"name":"(anonymous_313)","line":4866,"loc":{"start":{"line":4866,"column":16},"end":{"line":4866,"column":41
[...]
tions":[{"start":{"line":3901,"column":11},"end":{"line":3901,"column":11}},{"start":{"line":3901,"column":11},"end":{"line":3901,"column":11}}]},"376":{"line":3905,"type":"if","locations":[{"start":{"line":3905,"column":4},"end":{"line":3905,"column":4}},{"start":{"line":3905,"column":4},"end":{"line":3905,"column":4}}]},"377":{"line":3919,"type":"if","locations":[{"start":{"line":3919,"column":4},"end":{"line":3919,"column":4}},{"start":{"line":3919,"column":4},"end":{"line":3919,"column":4}}]},"378":{"line":3930,"type":"if","locations":[{"start":{"line":3930,"column":4},"end":{"line":3930,"column":4}},{"start":{"line":3930,"column":4},"end":{"line":3930,"column":4}}]},"379":{"line":3946,"type":"if","locations":[{"start":{"line":3946,"column":8},"end":{"line":3946,"column":8}},{"start":{"line":3946,"column":8},"end":{"line":3946,"column":8}}]},"380":{"line":3951,"type":"if","locations":[{"start":{"line":3951,"column":4},"end":{"line":3951,"column":4}},{"start":{"line":3951,"column":4},"end":{"line":3951,"column":4}}]},"381":{"line":4112,"type":"if","locations":[{"start":{"line":4112,"column":4},"end":{"line":4112,"column":4}},{"start":{"line":4112,"column":4},"end":{"line":4112,"column":4}}]},"382":{"line":4122,"type":"if","locations":[{"start":{"line":4122,"column":4},"end":{"line":4122,"column":4}},{"start":{"line":4122,"column":4},"end":{"line":4122,"column":4}}]},"383":{"line":4136,"type":"if","locations":[{"start":{"line":4136,"column":4},"end":{"line":4136,"column":4}},{"start":{"line":4136,"column":4},"end":{"line":4136,"column":4}}]},"384":{"line":4220,"type":"if","locations":[{"start":{"line":4220,"column":8},"end":{"line":4220,"column":8}},{"start":{"line":4220,"column":8},"end":{"line":4220,"column":8}}]},"385":{"line":4220,"type":"binary-expr","locations":[{"start":{"line":4220,"column":12},"end":{"line":4220,"column":25}},{"start":{"line":4220,"column":29},"end":{"line":4220,"column":35}},{"start":{"line":4220,"column":39},"end":{"line":4220,"column":60}}]},"386":{"line":4248,"type":"binary-expr","locations":[{"start":{"line":4248,"column":15},"end":{"line":4248,"column":23}},{"start":{"line":4248,"column":28},"end":{"line":4950,"column":7}}]},"387":{"line":4290,"type":"if","locations":[{"start":{"line":4290,"column":16},"end":{"line":4290,"column":16}},{"start":{"line":4290,"column":16},"end":{"line":4290,"column":16}}]},"388":{"line":4295,"type":"if","locations":[{"start":{"line":4295,"column":16},"end":{"line":4295,"column":16}},{"start":{"line":4295,"column":16},"end":{"line":4295,"column":16}}]},"389":{"line":4357,"type":"if","locations":[{"start":{"line":4357,"column":20},"end":{"line":4357,"column":20}},{"start":{"line":4357,"column":20},"end":{"line":4357,"column":20}}]},"390":{"line":4363,"type":"if","locations":[{"start":{"line":4363,"column":16},"end":{"line":4363,"column":16}},{"start":{"line":4363,"column":16},"end":{"line":4363,"column":16}}]},"391":{"line":4403,"type":"binary-expr","locations":[{"start":{"line":4403,"column":33},"end":{"line":4403,"column":38}},{"start":{"line":4403,"column":42},"end":{"line":4403,"column":44}}]},"392":{"line":4405,"type":"if","locations":[{"start":{"line":4405,"column":12},"end":{"line":4405,"column":12}},{"start":{"line":4405,"column":12},"end":{"line":4405,"column":12}}]},"393":{"line":4426,"type":"binary-expr","locations":[{"start":{"line":4426,"column":20},"end":{"line":4426,"column":27}},{"start":{"line":4426,"column":31},"end":{"line":4426,"column":34}}]},"394":{"line":4451,"type":"if","locations":[{"start":{"line":4451,"column":12},"end":{"line":4451,"column":12}},{"start":{"line":4451,"column":12},"end":{"line":4451,"column":12}}]},"395":{"line":4457,"type":"if","locations":[{"start":{"line":4457,"column":19},"end":{"line":4457,"column":19}},{"start":{"line":4457,"column":19},"end":{"line":4457,"column":19}}]},"396":{"line":4728,"type":"if","locations":[{"start":{"line":4728,"column":12},"end":{"line":4728,"column":12}},{"start":{"line":4728,"column":12},"end":{"line":4728,"column":12}}]},"397":{"line":4761,"type":"if","locations":[{"start":{"line":4761,"column":12},"end":{"line":4761,"column":12}},{"start":{"line":4761,"column":12},"end":{"line":4761,"column":12}}]},"398":{"line":4777,"type":"if","locations":[{"start":{"line":4777,"column":12},"end":{"line":4777,"column":12}},{"start":{"line":4777,"column":12},"end":{"line":4777,"column":12}}]},"399":{"line":4893,"type":"if","locations":[{"start":{"line":4893,"column":12},"end":{"line":4893,"column":12}},{"start":{"line":4893,"column":12},"end":{"line":4893,"column":12}}]},"400":{"line":5182,"type":"binary-expr","locations":[{"start":{"line":5182,"column":33},"end":{"line":5182,"column":38}},{"start":{"line":5182,"column":42},"end":{"line":5182,"column":44}}]},"401":{"line":5184,"type":"if","locations":[{"start":{"line":5184,"column":12},"end":{"line":5184,"column":12}},{"start":{"line":5184,"column":12},"end":{"line":5184,"column":12}}]},"402":{"line":5264,"type":"if","locations":[{"start":{"line":5264,"column":16},"end":{"line":5264,"column":16}},{"start":{"line":5264,"column":16},"end":{"line":5264,"column":16}}]},"403":{"line":5279,"type":"if","locations":[{"start":{"line":5279,"column":12},"end":{"line":5279,"column":12}},{"start":{"line":5279,"column":12},"end":{"line":5279,"column":12}}]},"404":{"line":5280,"type":"if","locations":[{"start":{"line":5280,"column":16},"end":{"line":5280,"column":16}},{"start":{"line":5280,"column":16},"end":{"line":5280,"column":16}}]},"405":{"line":5319,"type":"if","locations":[{"start":{"line":5319,"column":16},"end":{"line":5319,"column":16}},{"start":{"line":5319,"column":16},"end":{"line":5319,"column":16}}]},"406":{"line":5565,"type":"if","locations":[{"start":{"line":5565,"column":16},"end":{"line":5565,"column":16}},{"start":{"line":5565,"column":16},"end":{"line":5565,"column":16}}]},"407":{"line":5593,"type":"cond-expr","locations":[{"start":{"line":5593,"column":80},"end":{"line":5593,"column":81}},{"start":{"line":5593,"column":84},"end":{"line":5593,"column":85}}]},"408":{"line":5595,"type":"cond-expr","locations":[{"start":{"line":5595,"column":79},"end":{"line":5595,"column":80}},{"start":{"line":5595,"column":83},"end":{"line":5595,"column":84}}]},"409":{"line":5597,"type":"cond-expr","locations":[{"start":{"line":5597,"column":75},"end":{"line":5597,"column":76}},{"start":{"line":5597,"column":79},"end":{"line":5597,"column":80}}]},"410":{"line":5619,"type":"cond-expr","locations":[{"start":{"line":5619,"column":69},"end":{"line":5619,"column":70}},{"start":{"line":5619,"column":73},"end":{"line":5619,"column":74}}]},"411":{"line":5621,"type":"cond-expr","locations":[{"start":{"line":5621,"column":67},"end":{"line":5621,"column":68}},{"start":{"line":5621,"column":71},"end":{"line":5621,"column":72}}]},"412":{"line":5623,"type":"cond-expr","locations":[{"start":{"line":5623,"column":67},"end":{"line":5623,"column":68}},{"start":{"line":5623,"column":71},"end":{"line":5623,"column":72}}]},"413":{"line":5625,"type":"cond-expr","locations":[{"start":{"line":5625,"column":67},"end":{"line":5625,"column":68}},{"start":{"line":5625,"column":71},"end":{"line":5625,"column":72}}]},"414":{"line":5629,"type":"cond-expr","locations":[{"start":{"line":5629,"column":76},"end":{"line":5629,"column":77}},{"start":{"line":5629,"column":80},"end":{"line":5629,"column":81}}]},"415":{"line":5639,"type":"cond-expr","locations":[{"start":{"line":5639,"column":60},"end":{"line":5639,"column":61}},{"start":{"line":5639,"column":64},"end":{"line":5639,"column":65}}]},"416":{"line":5647,"type":"cond-expr","locations":[{"start":{"line":5647,"column":62},"end":{"line":5647,"column":63}},{"start":{"line":5647,"column":66},"end":{"line":5647,"column":67}}]},"417":{"line":5652,"type":"cond-expr","locations":[{"start":{"line":5652,"column":62},"end":{"line":5652,"column":63}},{"start":{"line":5652,"column":66},"end":{"line":5652,"column":67}}]},"418":{"line":5654,"type":"cond-expr","locations":[{"start":{"line":5654,"column":62},"end":{"line":5654,"column":63}},{"start":{"line":5654,"column":66},"end":{"line":5654,"column":67}}]},"419":{"line":5656,"type":"cond-expr","locations":[{"start":{"line":5656,"column":62},"end":{"line":5656,"column":63}},{"start":{"line":5656,"column":66},"end":{"line":5656,"column":67}}]},"420":{"line":5658,"type":"cond-expr","locations":[{"start":{"line":5658,"column":62},"end":{"line":5658,"column":63}},{"start":{"line":5658,"column":66},"end":{"line":5658,"column":67}}]},"421":{"line":5660,"type":"cond-expr","locations":[{"start":{"line":5660,"column":62},"end":{"line":5660,"column":63}},{"start":{"line":5660,"column":66},"end":{"line":5660,"column":67}}]},"422":{"line":5662,"type":"cond-expr","locations":[{"start":{"line":5662,"column":62},"end":{"line":5662,"column":63}},{"start":{"line":5662,"column":66},"end":{"line":5662,"column":67}}]},"423":{"line":5664,"type":"cond-expr","locations":[{"start":{"line":5664,"column":62},"end":{"line":5664,"column":63}},{"start":{"line":5664,"column":66},"end":{"line":5664,"column":67}}]},"424":{"line":5666,"type":"cond-expr","locations":[{"start":{"line":5666,"column":62},"end":{"line":5666,"column":63}},{"start":{"line":5666,"column":66},"end":{"line":5666,"column":67}}]},"425":{"line":5769,"type":"if","locations":[{"start":{"line":5769,"column":12},"end":{"line":5769,"column":12}},{"start":{"line":5769,"column":12},"end":{"line":5769,"column":12}}]},"426":{"line":5778,"type":"if","locations":[{"start":{"line":5778,"column":12},"end":{"line":5778,"column":12}},{"start":{"line":5778,"column":12},"end":{"line":5778,"column":12}}]},"427":{"line":5892,"type":"if","locations":[{"start":{"line":5892,"column":0},"end":{"line":5892,"column":0}},{"start":{"line":5892,"column":0},"end":{"line":5892,"column":0}}]},"428":{"line":5911,"type":"if","locations":[{"start":{"line":5911,"column":0},"end":{"line":5911,"column":0}},{"start":{"line":5911,"column":0},"end":{"line":5911,"column":0}}]},"429":{"line":5911,"type":"binary-expr","locations":[{"start":{"line":5911,"column":4},"end":{"line":5911,"column":30}},{"start":{"line":5911,"column":34},"end":{"line":5911,"column":39}}]},"430":{"line":5912,"type":"if","locations":[{"start":{"line":5912,"column":0},"end":{"line":5912,"column":0}},{"start":{"line":5912,"column":0},"end":{"line":5912,"column":0}}]},"431":{"line":5912,"type":"binary-expr","locations":[{"start":{"line":5912,"column":4},"end":{"line":5912,"column":34}},{"start":{"line":5912,"column":38},"end":{"line":5912,"column":47}}]},"432":{"line":5951,"type":"if","locations":[{"start":{"line":5951,"column":5},"end":{"line":5951,"column":5}},{"start":{"line":5951,"column":5},"end":{"line":5951,"column":5}}]},"433":{"line":5952,"type":"if","locations":[{"start":{"line":5952,"column":5},"end":{"line":5952,"column":5}},{"start":{"line":5952,"column":5},"end":{"line":5952,"column":5}}]},"434":{"line":5953,"type":"if","locations":[{"start":{"line":5953,"column":5},"end":{"line":5953,"column":5}},{"start":{"line":5953,"column":5},"end":{"line":5953,"column":5}}]},"435":{"line":5975,"type":"if","locations":[{"start":{"line":5975,"column":5},"end":{"line":5975,"column":5}},{"start":{"line":5975,"column":5},"end":{"line":5975,"column":5}}]},"436":{"line":5976,"type":"if","locations":[{"start":{"line":5976,"column":5},"end":{"line":5976,"column":5}},{"start":{"line":5976,"column":5},"end":{"line":5976,"column":5}}]},"437":{"line":5993,"type":"if","locations":[{"start":{"line":5993,"column":1},"end":{"line":5993,"column":1}},{"start":{"line":5993,"column":1},"end":{"line":5993,"column":1}}]},"438":{"line":6010,"type":"if","locations":[{"start":{"line":6010,"column":1},"end":{"line":6010,"column":1}},{"start":{"line":6010,"column":1},"end":{"line":6010,"column":1}}]},"439":{"line":6010,"type":"binary-expr","locations":[{"start":{"line":6010,"column":6},"end":{"line":6010,"column":34}},{"start":{"line":6011,"column":6},"end":{"line":6011,"column":21}},{"start":{"line":6011,"column":26},"end":{"line":6011,"column":62}}]},"440":{"line":6014,"type":"if","locations":[{"start":{"line":6014,"column":1},"end":{"line":6014,"column":1}},{"start":{"line":6014,"column":1},"end":{"line":6014,"column":1}}]},"441":{"line":6027,"type":"if","locations":[{"start":{"line":6027,"column":1},"end":{"line":6027,"column":1}},{"start":{"line":6027,"column":1},"end":{"line":6027,"column":1}}]},"442":{"line":6039,"type":"if","locations":[{"start":{"line":6039,"column":1},"end":{"line":6039,"column":1}},{"start":{"line":6039,"column":1},"end":{"line":6039,"column":1}}]},"443":{"line":6050,"type":"if","locations":[{"start":{"line":6050,"column":1},"end":{"line":6050,"column":1}},{"start":{"line":6050,"column":1},"end":{"line":6050,"column":1}}]},"444":{"line":6096,"type":"if","locations":[{"start":{"line":6096,"column":1},"end":{"line":6096,"column":1}},{"start":{"line":6096,"column":1},"end":{"line":6096,"column":1}}]},"445":{"line":6102,"type":"if","locations":[{"start":{"line":6102,"column":8},"end":{"line":6102,"column":8}},{"start":{"line":6102,"column":8},"end":{"line":6102,"column":8}}]},"446":{"line":6105,"type":"if","locations":[{"start":{"line":6105,"column":8},"end":{"line":6105,"column":8}},{"start":{"line":6105,"column":8},"end":{"line":6105,"column":8}}]},"447":{"line":6144,"type":"if","locations":[{"start":{"line":6144,"column":1},"end":{"line":6144,"column":1}},{"start":{"line":6144,"column":1},"end":{"line":6144,"column":1}}]},"448":{"line":6146,"type":"if","locations":[{"start":{"line":6146,"column":1},"end":{"line":6146,"column":1}},{"start":{"line":6146,"column":1},"end":{"line":6146,"column":1}}]},"449":{"line":6147,"type":"if","locations":[{"start":{"line":6147,"column":1},"end":{"line":6147,"column":1}},{"start":{"line":6147,"column":1},"end":{"line":6147,"column":1}}]},"450":{"line":6166,"type":"if","locations":[{"start":{"line":6166,"column":1},"end":{"line":6166,"column":1}},{"start":{"line":6166,"column":1},"end":{"line":6166,"column":1}}]},"451":{"line":6175,"type":"if","locations":[{"start":{"line":6175,"column":1},"end":{"line":6175,"column":1}},{"start":{"line":6175,"column":1},"end":{"line":6175,"column":1}}]},"452":{"line":6177,"type":"if","locations":[{"start":{"line":6177,"column":8},"end":{"line":6177,"column":8}},{"start":{"line":6177,"column":8},"end":{"line":6177,"column":8}}]},"453":{"line":6179,"type":"if","locations":[{"start":{"line":6179,"column":8},"end":{"line":6179,"column":8}},{"start":{"line":6179,"column":8},"end":{"line":6179,"column":8}}]},"454":{"line":6207,"type":"if","locations":[{"start":{"line":6207,"column":1},"end":{"line":6207,"column":1}},{"start":{"line":6207,"column":1},"end":{"line":6207,"column":1}}]},"455":{"line":6235,"type":"if","locations":[{"start":{"line":6235,"column":1},"end":{"line":6235,"column":1}},{"start":{"line":6235,"column":1},"end":{"line":6235,"column":1}}]},"456":{"line":6273,"type":"if","locations":[{"start":{"line":6273,"column":1},"end":{"line":6273,"column":1}},{"start":{"line":6273,"column":1},"end":{"line":6273,"column":1}}]},"457":{"line":6365,"type":"if","locations":[{"start":{"line":6365,"column":8},"end":{"line":6365,"column":8}},{"start":{"line":6365,"column":8},"end":{"line":6365,"column":8}}]},"458":{"line":6367,"type":"if","locations":[{"start":{"line":6367,"column":12},"end":{"line":6367,"column":12}},{"start":{"line":6367,"column":12},"end":{"line":6367,"column":12}}]},"459":{"line":6381,"type":"binary-expr","locations":[{"start":{"line":6381,"column":11},"end":{"line":6381,"column":25}},{"start":{"line":6381,"column":29},"end":{"line":6381,"column":49}}]},"460":{"line":6386,"type":"binary-expr","locations":[{"start":{"line":6386,"column":11},"end":{"line":6386,"column":25}},{"start":{"line":6386,"column":29},"end":{"line":6386,"column":52}}]},"461":{"line":6391,"type":"if","locations":[{"start":{"line":6391,"column":4},"end":{"line":6391,"column":4}},{"start":{"line":6391,"column":4},"end":{"line":6391,"column":4}}]},"462":{"line":6393,"type":"if","locations":[{"start":{"line":6393,"column":8},"end":{"line":6393,"column":8}},{"start":{"line":6393,"column":8},"end":{"line":6393,"column":8}}]},"463":{"line":6393,"type":"binary-expr","locations":[{"start":{"line":6393,"column":12},"end":{"line":6393,"column":33}},{"start":{"line":6393,"column":37},"end":{"line":6393,"column":57}}]},"464":{"line":6406,"type":"if","locations":[{"start":{"line":6406,"column":4},"end":{"line":6406,"column":4}},{"start":{"line":6406,"column":4},"end":{"line":6406,"column":4}}]},"465":{"line":6408,"type":"if","locations":[{"start":{"line":6408,"column":8},"end":{"line":6408,"column":8}},{"start":{"line":6408,"column":8},"end":{"line":6408,"column":8}}]},"466":{"line":6408,"type":"binary-expr","locations":[{"start":{"line":6408,"column":12},"end":{"line":6408,"column":36}},{"start":{"line":6408,"column":40},"end":{"line":6408,"column":63}}]},"467":{"line":6428,"type":"cond-expr","locations":[{"start":{"line":6428,"column":52},"end":{"line":6428,"column":69}},{"start":{"line":6428,"column":72},"end":{"line":6428,"column":73}}]},"468":{"line":6440,"type":"if","locations":[{"start":{"line":6440,"column":4},"end":{"line":6440,"column":4}},{"start":{"line":6440,"column":4},"end":{"line":6440,"column":4}}]},"469":{"line":6446,"type":"binary-expr","locations":[{"start":{"line":6446,"column":10},"end":{"line":6446,"column":13}},{"start":{"line":6446,"column":17},"end":{"line":6446,"column":61}}]},"470":{"line":6466,"type":"binary-expr","locations":[{"start":{"line":6466,"column":17},"end":{"line":6466,"column":27}},{"start":{"line":6466,"column":31},"end":{"line":6466,"column":34}}]},"471":{"line":6478,"type":"if","locations":[{"start":{"line":6478,"column":4},"end":{"line":6478,"column":4}},{"start":{"line":6478,"column":4},"end":{"line":6478,"column":4}}]},"472":{"line":6484,"type":"if","locations":[{"start":{"line":6484,"column":4},"end":{"line":6484,"column":4}},{"start":{"line":6484,"column":4},"end":{"line":6484,"column":4}}]},"473":{"line":6493,"type":"binary-expr","locations":[{"start":{"line":6493,"column":14},"end":{"line":6493,"column":21}},{"start":{"line":6493,"column":25},"end":{"line":6493,"column":27}}]},"474":{"line":6498,"type":"binary-expr","locations":[{"start":{"line":6498,"column":19},"end":{"line":6498,"column":35}},{"start":{"line":6498,"column":39},"end":{"line":6498,"column":40}}]},"475":{"line":6500,"type":"if","locations":[{"start":{"line":6500,"column":4},"end":{"line":6500,"column":4}},{"start":{"line":6500,"column":4},"end":{"line":6500,"column":4}}]},"476":{"line":6505,"type":"if","locations":[{"start":{"line":6505,"column":4},"end":{"line":6505,"column":4}},{"start":{"line":6505,"column":4},"end":{"line":6505,"column":4}}]},"477":{"line":6510,"type":"if","locations":[{"start":{"line":6510,"column":4},"end":{"line":6510,"column":4}},{"start":{"line":6510,"column":4},"end":{"line":6510,"column":4}}]},"478":{"line":6515,"type":"if","locations":[{"start":{"line":6515,"column":4},"end":{"line":6515,"column":4}},{"start":{"line":6515,"column":4},"end":{"line":6515,"column":4}}]},"479":{"line":6520,"type":"if","locations":[{"start":{"line":6520,"column":4},"end":{"line":6520,"column":4}},{"start":{"line":6520,"column":4},"end":{"line":6520,"column":4}}]},"480":{"line":6525,"type":"if","locations":[{"start":{"line":6525,"column":4},"end":{"line":6525,"column":4}},{"start":{"line":6525,"column":4},"end":{"line":6525,"column":4}}]},"481":{"line":6530,"type":"if","locations":[{"start":{"line":6530,"column":4},"end":{"line":6530,"column":4}},{"start":{"line":6530,"column":4},"end":{"line":6530,"column":4}}]},"482":{"line":6535,"type":"if","locations":[{"start":{"line":6535,"column":4},"end":{"line":6535,"column":4}},{"start":{"line":6535,"column":4},"end":{"line":6535,"column":4}}]},"483":{"line":6540,"type":"if","locations":[{"start":{"line":6540,"column":4},"end":{"line":6540,"column":4}},{"start":{"line":6540,"column":4},"end":{"line":6540,"column":4}}]}}}}