TN:
SF:/home/david/Private/hub/common/node-jsjws/Gruntfile.js
FN:6,(anonymous_1)
FN:109,(anonymous_2)
FN:118,(anonymous_3)
FN:129,(anonymous_4)
FNF:4
FNH:4
FNDA:1,(anonymous_1)
FNDA:1,(anonymous_2)
FNDA:1,(anonymous_3)
FNDA:1,(anonymous_4)
DA:2,1
DA:4,1
DA:6,1
DA:8,1
DA:82,1
DA:83,1
DA:84,1
DA:85,1
DA:87,1
DA:88,1
DA:94,1
DA:100,1
DA:101,1
DA:102,1
DA:103,1
DA:104,1
DA:105,1
DA:106,1
DA:107,1
DA:109,1
DA:111,1
DA:116,1
DA:120,1
DA:122,1
DA:123,1
DA:127,1
DA:131,1
DA:133,1
DA:135,1
DA:137,0
LF:30
LH:29
BRDA:120,1,0,1
BRDA:120,1,1,0
BRDA:131,2,0,1
BRDA:131,2,1,0
BRDA:135,3,0,0
BRDA:135,3,1,1
BRF:6
BRH:3
end_of_record
TN:
SF:/home/david/Private/hub/common/node-jsjws/lib/jsjws.js
FN:10,alert
FN:18,SecureRandom
FN:23,(anonymous_3)
FN:39,parseBigInt
FN:43,linebrk
FN:53,byte2Hex
FN:61,pkcs1pad2
FN:97,oaep_mgf1_arr
FN:117,oaep_pad
FN:155,RSAKey
FN:167,RSASetPublic
FN:182,RSADoPublic
FN:187,RSAEncrypt
FN:197,RSAEncryptOAEP
FN:229,pkcs1unpad2
FN:257,oaep_mgf1_str
FN:277,oaep_unpad
FN:342,RSASetPrivate
FN:359,RSASetPrivateEx
FN:381,RSAGenerate
FN:415,RSADoPrivate
FN:434,RSADecrypt
FN:443,RSADecryptOAEP
FN:472,hex2b64
FN:493,b64tohex
FN:531,b64toBA
FN:557,BigInteger
FN:565,nbi
FN:575,am1
FN:586,am2
FN:600,am3
FN:645,int2char
FN:646,intAt
FN:652,bnpCopyTo
FN:659,bnpFromInt
FN:668,nbv
FN:671,bnpFromString
FN:710,bnpClamp
FN:716,bnToString
FN:746,bnNegate
FN:749,bnAbs
FN:752,bnCompareTo
FN:763,nbits
FN:774,bnBitLength
FN:780,bnpDLShiftTo
FN:789,bnpDRShiftTo
FN:796,bnpLShiftTo
FN:813,bnpRShiftTo
FN:831,bnpSubTo
FN:865,bnpMultiplyTo
FN:877,bnpSquareTo
FN:895,bnpDivRemTo
FN:943,bnMod
FN:951,Classic
FN:952,cConvert
FN:956,cRevert
FN:957,cReduce
FN:958,cMulTo
FN:959,cSqrTo
FN:977,bnpInvDigit
FN:993,Montgomery
FN:1003,montConvert
FN:1012,montRevert
FN:1020,montReduce
FN:1039,montSqrTo
FN:1042,montMulTo
FN:1051,bnpIsEven
FN:1054,bnpExp
FN:1067,bnModPowInt
FN:1114,bnClone
FN:1117,bnIntValue
FN:1129,bnByteValue
FN:1132,bnShortValue
FN:1135,bnpChunkSize
FN:1138,bnSigNum
FN:1145,bnpToRadix
FN:1160,bnpFromRadix
FN:1187,bnpFromNumber
FN:1213,bnToByteArray
FN:1237,bnEquals
FN:1238,bnMin
FN:1239,bnMax
FN:1242,bnpBitwiseTo
FN:1260,op_and
FN:1261,bnAnd
FN:1264,op_or
FN:1265,bnOr
FN:1268,op_xor
FN:1269,bnXor
FN:1272,op_andnot
FN:1273,bnAndNot
FN:1276,bnNot
FN:1285,bnShiftLeft
FN:1292,bnShiftRight
FN:1299,lbit
FN:1311,bnGetLowestSetBit
FN:1319,cbit
FN:1326,bnBitCount
FN:1333,bnTestBit
FN:1340,bnpChangeBit
FN:1347,bnSetBit
FN:1350,bnClearBit
FN:1353,bnFlipBit
FN:1356,bnpAddTo
FN:1389,bnAdd
FN:1392,bnSubtract
FN:1395,bnMultiply
FN:1398,bnSquare
FN:1401,bnDivide
FN:1404,bnRemainder
FN:1407,bnDivideAndRemainder
FN:1414,bnpDMultiply
FN:1421,bnpDAddOffset
FN:1433,NullExp
FN:1434,nNop
FN:1435,nMulTo
FN:1436,nSqrTo
FN:1444,bnPow
FN:1448,bnpMultiplyLowerTo
FN:1461,bnpMultiplyUpperTo
FN:1473,Barrett
FN:1482,barrettConvert
FN:1488,barrettRevert
FN:1491,barrettReduce
FN:1502,barrettSqrTo
FN:1505,barrettMulTo
FN:1514,bnModPow
FN:1573,bnGCD
FN:1601,bnpModInt
FN:1611,bnModInverse
FN:1656,bnIsProbablePrime
FN:1675,bnpMillerRabin
FN:1803,(anonymous_133)
FN:1813,(anonymous_134)
FN:1830,(anonymous_135)
FN:1852,(anonymous_136)
FN:1872,(anonymous_137)
FN:1887,(anonymous_138)
FN:1903,(anonymous_139)
FN:1919,(anonymous_140)
FN:1934,(anonymous_141)
FN:1967,(anonymous_142)
FN:1996,(anonymous_143)
FN:2016,(anonymous_144)
FN:2032,(anonymous_145)
FN:2081,Base64x
FN:2090,stoBA
FN:2103,BAtos
FN:2117,BAtohex
FN:2134,stohex
FN:2145,stob64
FN:2156,stob64u
FN:2166,b64utos
FN:2177,b64tob64u
FN:2190,b64utob64
FN:2204,hextob64u
FN:2213,b64utohex
FN:2221,(anonymous_158)
FN:2226,(anonymous_159)
FN:2240,(anonymous_160)
FN:2251,(anonymous_161)
FN:2264,utf8tob64
FN:2274,b64toutf8
FN:2285,utf8tohex
FN:2297,hextoutf8
FN:2309,hextorstr
FN:2325,rstrtohex
FN:2340,uricmptohex
FN:2350,hextouricmp
FN:2365,encodeURIComponentAll
FN:2386,newline_toUnix
FN:2397,newline_toDos
FN:2456,(anonymous_173)
FN:2534,(anonymous_174)
FN:2550,(anonymous_175)
FN:2578,(anonymous_176)
FN:2593,(anonymous_177)
FN:2607,(anonymous_178)
FN:2621,(anonymous_179)
FN:2626,(anonymous_180)
FN:2640,(anonymous_181)
FN:2645,(anonymous_182)
FN:2659,(anonymous_183)
FN:2673,(anonymous_184)
FN:2681,(anonymous_185)
FN:2720,(anonymous_186)
FN:2739,(anonymous_187)
FN:2750,(anonymous_188)
FN:2753,(anonymous_189)
FN:2757,(anonymous_190)
FN:2761,(anonymous_191)
FN:2765,(anonymous_192)
FN:2777,(anonymous_193)
FN:2780,(anonymous_194)
FN:2784,(anonymous_195)
FN:2788,(anonymous_196)
FN:2792,(anonymous_197)
FN:2809,(anonymous_198)
FN:2823,(anonymous_199)
FN:2836,(anonymous_200)
FN:2850,(anonymous_201)
FN:2864,(anonymous_202)
FN:2902,(anonymous_203)
FN:2909,(anonymous_204)
FN:2931,(anonymous_205)
FN:2934,(anonymous_206)
FN:2938,(anonymous_207)
FN:2942,(anonymous_208)
FN:2946,(anonymous_209)
FN:2963,(anonymous_210)
FN:2977,(anonymous_211)
FN:2990,(anonymous_212)
FN:3004,(anonymous_213)
FN:3019,(anonymous_214)
FN:3111,(anonymous_215)
FN:3131,(anonymous_216)
FN:3138,(anonymous_217)
FN:3158,(anonymous_218)
FN:3171,(anonymous_219)
FN:3230,(anonymous_220)
FN:3241,(anonymous_221)
FN:3254,(anonymous_222)
FN:3261,(anonymous_223)
FN:3264,(anonymous_224)
FN:3268,(anonymous_225)
FN:3288,(anonymous_226)
FN:3292,(anonymous_227)
FN:3296,(anonymous_228)
FN:3349,(anonymous_229)
FN:3373,(anonymous_230)
FN:3389,(anonymous_231)
FN:3411,(anonymous_232)
FN:3425,(anonymous_233)
FN:3439,(anonymous_234)
FN:3453,(anonymous_235)
FN:3468,(anonymous_236)
FN:3483,(anonymous_237)
FN:3498,(anonymous_238)
FN:3544,(anonymous_239)
FN:3589,_rsasign_getHexPaddedDigestInfoForString
FN:3590,(anonymous_241)
FN:3596,_zeroPaddingOfSignature
FN:3614,_rsasign_signString
FN:3615,(anonymous_244)
FN:3631,_rsasign_signWithMessageHash
FN:3639,_rsasign_signStringWithSHA1
FN:3643,_rsasign_signStringWithSHA256
FN:3648,pss_mgf1_str
FN:3680,_rsasign_signStringPSS
FN:3681,(anonymous_250)
FN:3706,_rsasign_signWithMessageHashPSS
FN:3712,(anonymous_252)
FN:3766,_rsasign_getDecryptSignatureBI
FN:3773,_rsasign_getHexDigestInfoFromSig
FN:3779,_rsasign_getAlgNameAndHashFromHexDisgestInfo
FN:3791,_rsasign_verifySignatureWithArgs
FN:3797,(anonymous_257)
FN:3802,_rsasign_verifyHexSignatureForMessage
FN:3820,_rsasign_verifyString
FN:3832,(anonymous_260)
FN:3848,_rsasign_verifyWithMessageHash
FN:3881,_rsasign_verifyStringPSS
FN:3882,(anonymous_263)
FN:3908,_rsasign_verifyWithMessageHashPSS
FN:3915,(anonymous_265)
FN:4032,_rsapem_extractEncodedData
FN:4038,_rsapem_getPosArrayOfChildrenFromHex
FN:4053,_rsapem_getHexValueArrayOfChildrenFromHex
FN:4069,_rsapem_getPosArrayOfChildrenFromPublicKeyHex
FN:4077,_rsapem_getPosArrayOfChildrenFromPrivateKeyHex
FN:4086,_rsapem_getHexValueArrayOfChildrenFromPublicKeyHex
FN:4102,_rsapem_getHexValueArrayOfChildrenFromPrivateKeyHex
FN:4112,_rsapem_readPrivateKeyFromPkcs1PemString
FN:4119,_rsapem_readPrivateKeyFromPkcs8PemString
FN:4126,_rsapem_readPublicKeyFromX509PemString
FN:4136,_rsapem_padWithZero
FN:4146,_rsapem_encodeLength
FN:4159,_rsapem_derEncodeNumber
FN:4171,_rsapem_privateKeyToPkcs1HexString
FN:4189,_rsapem_privateKeyToPkcs8HexString
FN:4205,_rsapem_publicKeyToX509HexString
FN:4224,_rsapem_privateKeyToPkcs1PemString
FN:4231,_rsapem_privateKeyToPkcs8PemString
FN:4238,_rsapem_publicKeyToX509PemString
FN:4242,_rsa_splitKey
FN:4273,(anonymous_286)
FN:4287,(anonymous_287)
FN:4288,F
FN:4309,(anonymous_289)
FN:4321,(anonymous_290)
FN:4347,(anonymous_291)
FN:4366,(anonymous_292)
FN:4380,(anonymous_293)
FN:4402,(anonymous_294)
FN:4427,(anonymous_295)
FN:4450,(anonymous_296)
FN:4465,(anonymous_297)
FN:4504,(anonymous_298)
FN:4523,(anonymous_299)
FN:4543,(anonymous_300)
FN:4575,(anonymous_301)
FN:4604,(anonymous_302)
FN:4635,(anonymous_303)
FN:4663,(anonymous_304)
FN:4694,(anonymous_305)
FN:4715,(anonymous_306)
FN:4735,(anonymous_307)
FN:4751,(anonymous_308)
FN:4776,(anonymous_309)
FN:4826,(anonymous_310)
FN:4856,(anonymous_311)
FN:4871,(anonymous_312)
FN:4891,(anonymous_313)
FN:4916,(anonymous_314)
FN:4943,(anonymous_315)
FN:4944,(anonymous_316)
FN:4962,(anonymous_317)
FN:4963,(anonymous_318)
FN:4982,(anonymous_319)
FN:5008,(anonymous_320)
FN:5206,(anonymous_321)
FN:5225,(anonymous_322)
FN:5250,(anonymous_323)
FN:5272,(anonymous_324)
FN:5285,(anonymous_325)
FN:5286,isPrime
FN:5297,getFractionalBits
FN:5324,(anonymous_328)
FN:5328,(anonymous_329)
FN:5390,(anonymous_330)
FN:5411,(anonymous_331)
FN:5457,(anonymous_332)
FN:5467,X64Word_create
FN:5517,(anonymous_334)
FN:5527,(anonymous_335)
FN:5536,(anonymous_336)
FN:5694,(anonymous_337)
FN:5718,(anonymous_338)
FN:5766,(anonymous_339)
FN:5789,(anonymous_340)
FN:5836,(anonymous_341)
FN:5857,(anonymous_342)
FN:5878,(anonymous_343)
FN:5920,(anonymous_344)
FN:5929,(anonymous_345)
FN:5959,(anonymous_346)
FN:5972,(anonymous_347)
FN:5996,(anonymous_348)
FN:6017,(anonymous_349)
FN:6034,(anonymous_350)
FN:6069,_getSignatureInputByString
FN:6073,_getHashBySignatureInput
FN:6074,(anonymous_353)
FN:6079,_jws_verifySignature
FN:6098,(anonymous_355)
FN:6115,(anonymous_356)
FN:6156,(anonymous_357)
FN:6170,_jws_getHashAlgFromParsedHead
FN:6181,_jws_getHashAlgFromHead
FN:6185,_jws_generateSignatureValueBySI_NED
FN:6194,_jws_generateSignatureValueBySI_Key
FN:6218,_jws_generateSignatureValueByNED
FN:6238,(anonymous_363)
FN:6265,(anonymous_364)
FN:6281,_jws_generateSignatureValueBySI_PemPrvKey
FN:6304,(anonymous_366)
FN:6337,_rsapem_extractEncodedData2
FN:6348,(anonymous_368)
FN:6353,(anonymous_369)
FN:6358,(anonymous_370)
FN:6365,(anonymous_371)
FN:6372,_asnhex_getStartPosOfV_AtObj
FN:6377,_asnhex_getPosOfNextSibling_AtObj
FN:6382,_asnhex_getHexOfV_AtObj
FN:6389,(anonymous_375)
FN:6395,(anonymous_376)
FN:6411,(anonymous_377)
FN:6416,(anonymous_378)
FN:6421,(anonymous_379)
FN:6436,(anonymous_380)
FN:6451,(anonymous_381)
FN:6458,(anonymous_382)
FN:6463,(anonymous_383)
FN:6470,(anonymous_384)
FN:6511,(anonymous_385)
FNF:385
FNH:204
FNDA:0,alert
FNDA:778,SecureRandom
FNDA:782,(anonymous_3)
FNDA:456,parseBigInt
FNDA:0,linebrk
FNDA:0,byte2Hex
FNDA:0,pkcs1pad2
FNDA:0,oaep_mgf1_arr
FNDA:0,oaep_pad
FNDA:18,RSAKey
FNDA:13,RSASetPublic
FNDA:205,RSADoPublic
FNDA:0,RSAEncrypt
FNDA:0,RSAEncryptOAEP
FNDA:0,pkcs1unpad2
FNDA:0,oaep_mgf1_str
FNDA:0,oaep_unpad
FNDA:0,RSASetPrivate
FNDA:1,RSASetPrivateEx
FNDA:4,RSAGenerate
FNDA:242,RSADoPrivate
FNDA:0,RSADecrypt
FNDA:0,RSADecryptOAEP
FNDA:250,hex2b64
FNDA:219,b64tohex
FNDA:0,b64toBA
FNDA:38829,BigInteger
FNDA:38050,nbi
FNDA:0,am1
FNDA:0,am2
FNDA:102687176,am3
FNDA:303568,int2char
FNDA:283710,intAt
FNDA:2426,bnpCopyTo
FNDA:1181,bnpFromInt
FNDA:851,nbv
FNDA:779,bnpFromString
FNDA:2052100,bnpClamp
FNDA:382,bnToString
FNDA:0,bnNegate
FNDA:1127720,bnAbs
FNDA:996155,bnCompareTo
FNDA:7304,nbits
FNDA:3602,bnBitLength
FNDA:5699,bnpDLShiftTo
FNDA:976536,bnpDRShiftTo
FNDA:4673,bnpLShiftTo
FNDA:51273,bnpRShiftTo
FNDA:36163,bnpSubTo
FNDA:143364,bnpMultiplyTo
FNDA:832759,bnpSquareTo
FNDA:2335,bnpDivRemTo
FNDA:734,bnMod
FNDA:348,Classic
FNDA:348,cConvert
FNDA:348,cRevert
FNDA:348,cReduce
FNDA:0,cMulTo
FNDA:348,cSqrTo
FNDA:1019,bnpInvDigit
FNDA:1019,Montgomery
FNDA:1019,montConvert
FNDA:1019,montRevert
FNDA:976302,montReduce
FNDA:832411,montSqrTo
FNDA:142872,montMulTo
FNDA:48803,bnpIsEven
FNDA:553,bnpExp
FNDA:553,bnModPowInt
FNDA:40,bnClone
FNDA:329,bnIntValue
FNDA:0,bnByteValue
FNDA:0,bnShortValue
FNDA:3,bnpChunkSize
FNDA:15447,bnSigNum
FNDA:3,bnpToRadix
FNDA:0,bnpFromRadix
FNDA:16,bnpFromNumber
FNDA:100,bnToByteArray
FNDA:0,bnEquals
FNDA:0,bnMin
FNDA:0,bnMax
FNDA:3,bnpBitwiseTo
FNDA:0,op_and
FNDA:0,bnAnd
FNDA:114,op_or
FNDA:0,bnOr
FNDA:0,op_xor
FNDA:0,bnXor
FNDA:0,op_andnot
FNDA:0,bnAndNot
FNDA:0,bnNot
FNDA:3,bnShiftLeft
FNDA:298,bnShiftRight
FNDA:16850,lbit
FNDA:16850,bnGetLowestSetBit
FNDA:0,cbit
FNDA:0,bnBitCount
FNDA:8,bnTestBit
FNDA:0,bnpChangeBit
FNDA:0,bnSetBit
FNDA:0,bnClearBit
FNDA:0,bnFlipBit
FNDA:4461,bnpAddTo
FNDA:330,bnAdd
FNDA:556,bnSubtract
FNDA:492,bnMultiply
FNDA:0,bnSquare
FNDA:0,bnDivide
FNDA:0,bnRemainder
FNDA:0,bnDivideAndRemainder
FNDA:0,bnpDMultiply
FNDA:1797,bnpDAddOffset
FNDA:0,NullExp
FNDA:0,nNop
FNDA:0,nMulTo
FNDA:0,nSqrTo
FNDA:0,bnPow
FNDA:0,bnpMultiplyLowerTo
FNDA:0,bnpMultiplyUpperTo
FNDA:0,Barrett
FNDA:0,barrettConvert
FNDA:0,barrettRevert
FNDA:0,barrettReduce
FNDA:0,barrettSqrTo
FNDA:0,barrettMulTo
FNDA:814,bnModPow
FNDA:12,bnGCD
FNDA:27020,bnpModInt
FNDA:8,bnModInverse
FNDA:1810,bnIsProbablePrime
FNDA:298,bnpMillerRabin
FNDA:1,(anonymous_133)
FNDA:217,(anonymous_134)
FNDA:95,(anonymous_135)
FNDA:95,(anonymous_136)
FNDA:122,(anonymous_137)
FNDA:61,(anonymous_138)
FNDA:0,(anonymous_139)
FNDA:34,(anonymous_140)
FNDA:0,(anonymous_141)
FNDA:0,(anonymous_142)
FNDA:0,(anonymous_143)
FNDA:0,(anonymous_144)
FNDA:0,(anonymous_145)
FNDA:0,Base64x
FNDA:0,stoBA
FNDA:0,BAtos
FNDA:658,BAtohex
FNDA:0,stohex
FNDA:0,stob64
FNDA:0,stob64u
FNDA:0,b64utos
FNDA:2316,b64tob64u
FNDA:4139,b64utob64
FNDA:242,hextob64u
FNDA:205,b64utohex
FNDA:1760,(anonymous_158)
FNDA:3232,(anonymous_159)
FNDA:0,(anonymous_160)
FNDA:0,(anonymous_161)
FNDA:0,utf8tob64
FNDA:0,b64toutf8
FNDA:0,utf8tohex
FNDA:0,hextoutf8
FNDA:1512,hextorstr
FNDA:1512,rstrtohex
FNDA:0,uricmptohex
FNDA:0,hextouricmp
FNDA:0,encodeURIComponentAll
FNDA:0,newline_toUnix
FNDA:0,newline_toDos
FNDA:1,(anonymous_173)
FNDA:126,(anonymous_174)
FNDA:126,(anonymous_175)
FNDA:231,(anonymous_176)
FNDA:1512,(anonymous_177)
FNDA:0,(anonymous_178)
FNDA:0,(anonymous_179)
FNDA:0,(anonymous_180)
FNDA:0,(anonymous_181)
FNDA:0,(anonymous_182)
FNDA:0,(anonymous_183)
FNDA:0,(anonymous_184)
FNDA:0,(anonymous_185)
FNDA:1743,(anonymous_186)
FNDA:1743,(anonymous_187)
FNDA:231,(anonymous_188)
FNDA:1512,(anonymous_189)
FNDA:1743,(anonymous_190)
FNDA:231,(anonymous_191)
FNDA:1512,(anonymous_192)
FNDA:0,(anonymous_193)
FNDA:0,(anonymous_194)
FNDA:0,(anonymous_195)
FNDA:0,(anonymous_196)
FNDA:0,(anonymous_197)
FNDA:0,(anonymous_198)
FNDA:0,(anonymous_199)
FNDA:0,(anonymous_200)
FNDA:0,(anonymous_201)
FNDA:0,(anonymous_202)
FNDA:0,(anonymous_203)
FNDA:0,(anonymous_204)
FNDA:0,(anonymous_205)
FNDA:0,(anonymous_206)
FNDA:0,(anonymous_207)
FNDA:0,(anonymous_208)
FNDA:0,(anonymous_209)
FNDA:0,(anonymous_210)
FNDA:0,(anonymous_211)
FNDA:0,(anonymous_212)
FNDA:0,(anonymous_213)
FNDA:0,(anonymous_214)
FNDA:0,(anonymous_215)
FNDA:0,(anonymous_216)
FNDA:0,(anonymous_217)
FNDA:0,(anonymous_218)
FNDA:0,(anonymous_219)
FNDA:0,(anonymous_220)
FNDA:0,(anonymous_221)
FNDA:0,(anonymous_222)
FNDA:0,(anonymous_223)
FNDA:0,(anonymous_224)
FNDA:0,(anonymous_225)
FNDA:0,(anonymous_226)
FNDA:0,(anonymous_227)
FNDA:0,(anonymous_228)
FNDA:0,(anonymous_229)
FNDA:0,(anonymous_230)
FNDA:0,(anonymous_231)
FNDA:0,(anonymous_232)
FNDA:0,(anonymous_233)
FNDA:0,(anonymous_234)
FNDA:0,(anonymous_235)
FNDA:0,(anonymous_236)
FNDA:0,(anonymous_237)
FNDA:0,(anonymous_238)
FNDA:1,(anonymous_239)
FNDA:0,_rsasign_getHexPaddedDigestInfoForString
FNDA:0,(anonymous_241)
FNDA:242,_zeroPaddingOfSignature
FNDA:126,_rsasign_signString
FNDA:126,(anonymous_244)
FNDA:126,_rsasign_signWithMessageHash
FNDA:0,_rsasign_signStringWithSHA1
FNDA:0,_rsasign_signStringWithSHA256
FNDA:216,pss_mgf1_str
FNDA:116,_rsasign_signStringPSS
FNDA:116,(anonymous_250)
FNDA:116,_rsasign_signWithMessageHashPSS
FNDA:696,(anonymous_252)
FNDA:0,_rsasign_getDecryptSignatureBI
FNDA:0,_rsasign_getHexDigestInfoFromSig
FNDA:105,_rsasign_getAlgNameAndHashFromHexDisgestInfo
FNDA:0,_rsasign_verifySignatureWithArgs
FNDA:0,(anonymous_257)
FNDA:0,_rsasign_verifyHexSignatureForMessage
FNDA:105,_rsasign_verifyString
FNDA:105,(anonymous_260)
FNDA:0,_rsasign_verifyWithMessageHash
FNDA:100,_rsasign_verifyStringPSS
FNDA:100,(anonymous_263)
FNDA:100,_rsasign_verifyWithMessageHashPSS
FNDA:600,(anonymous_265)
FNDA:14,_rsapem_extractEncodedData
FNDA:1,_rsapem_getPosArrayOfChildrenFromHex
FNDA:1,_rsapem_getHexValueArrayOfChildrenFromHex
FNDA:26,_rsapem_getPosArrayOfChildrenFromPublicKeyHex
FNDA:0,_rsapem_getPosArrayOfChildrenFromPrivateKeyHex
FNDA:13,_rsapem_getHexValueArrayOfChildrenFromPublicKeyHex
FNDA:0,_rsapem_getHexValueArrayOfChildrenFromPrivateKeyHex
FNDA:1,_rsapem_readPrivateKeyFromPkcs1PemString
FNDA:0,_rsapem_readPrivateKeyFromPkcs8PemString
FNDA:13,_rsapem_readPublicKeyFromX509PemString
FNDA:104,_rsapem_padWithZero
FNDA:60,_rsapem_encodeLength
FNDA:44,_rsapem_derEncodeNumber
FNDA:4,_rsapem_privateKeyToPkcs1HexString
FNDA:0,_rsapem_privateKeyToPkcs8HexString
FNDA:4,_rsapem_publicKeyToX509HexString
FNDA:4,_rsapem_privateKeyToPkcs1PemString
FNDA:0,_rsapem_privateKeyToPkcs8PemString
FNDA:4,_rsapem_publicKeyToX509PemString
FNDA:0,_rsa_splitKey
FNDA:1,(anonymous_286)
FNDA:1,(anonymous_287)
FNDA:4304,F
FNDA:4304,(anonymous_289)
FNDA:4295,(anonymous_290)
FNDA:2552,(anonymous_291)
FNDA:0,(anonymous_292)
FNDA:8,(anonymous_293)
FNDA:0,(anonymous_294)
FNDA:8715,(anonymous_295)
FNDA:1743,(anonymous_296)
FNDA:1743,(anonymous_297)
FNDA:1743,(anonymous_298)
FNDA:0,(anonymous_299)
FNDA:0,(anonymous_300)
FNDA:1743,(anonymous_301)
FNDA:1512,(anonymous_302)
FNDA:0,(anonymous_303)
FNDA:231,(anonymous_304)
FNDA:0,(anonymous_305)
FNDA:231,(anonymous_306)
FNDA:1743,(anonymous_307)
FNDA:1743,(anonymous_308)
FNDA:3486,(anonymous_309)
FNDA:0,(anonymous_310)
FNDA:1743,(anonymous_311)
FNDA:1743,(anonymous_312)
FNDA:1743,(anonymous_313)
FNDA:1743,(anonymous_314)
FNDA:2,(anonymous_315)
FNDA:0,(anonymous_316)
FNDA:2,(anonymous_317)
FNDA:0,(anonymous_318)
FNDA:1,(anonymous_319)
FNDA:5352,(anonymous_320)
FNDA:649,(anonymous_321)
FNDA:649,(anonymous_322)
FNDA:0,(anonymous_323)
FNDA:1,(anonymous_324)
FNDA:1,(anonymous_325)
FNDA:310,isPrime
FNDA:72,getFractionalBits
FNDA:1094,(anonymous_328)
FNDA:2454,(anonymous_329)
FNDA:1094,(anonymous_330)
FNDA:0,(anonymous_331)
FNDA:1,(anonymous_332)
FNDA:160,X64Word_create
FNDA:1,(anonymous_334)
FNDA:649,(anonymous_335)
FNDA:1343,(anonymous_336)
FNDA:649,(anonymous_337)
FNDA:0,(anonymous_338)
FNDA:1,(anonymous_339)
FNDA:0,(anonymous_340)
FNDA:0,(anonymous_341)
FNDA:0,(anonymous_342)
FNDA:0,(anonymous_343)
FNDA:122,(anonymous_344)
FNDA:0,(anonymous_345)
FNDA:2496,(anonymous_346)
FNDA:1764,(anonymous_347)
FNDA:0,(anonymous_348)
FNDA:0,(anonymous_349)
FNDA:1616,(anonymous_350)
FNDA:880,_getSignatureInputByString
FNDA:0,_getHashBySignatureInput
FNDA:0,(anonymous_353)
FNDA:0,_jws_verifySignature
FNDA:0,(anonymous_355)
FNDA:1231,(anonymous_356)
FNDA:0,(anonymous_357)
FNDA:1463,_jws_getHashAlgFromParsedHead
FNDA:0,_jws_getHashAlgFromHead
FNDA:0,_jws_generateSignatureValueBySI_NED
FNDA:880,_jws_generateSignatureValueBySI_Key
FNDA:0,_jws_generateSignatureValueByNED
FNDA:0,(anonymous_363)
FNDA:880,(anonymous_364)
FNDA:0,_jws_generateSignatureValueBySI_PemPrvKey
FNDA:0,(anonymous_366)
FNDA:14,_rsapem_extractEncodedData2
FNDA:1,(anonymous_368)
FNDA:13,(anonymous_369)
FNDA:4,(anonymous_370)
FNDA:4,(anonymous_371)
FNDA:27,_asnhex_getStartPosOfV_AtObj
FNDA:34,_asnhex_getPosOfNextSibling_AtObj
FNDA:61,_asnhex_getHexOfV_AtObj
FNDA:2496,(anonymous_375)
FNDA:2496,(anonymous_376)
FNDA:34,(anonymous_377)
FNDA:34,(anonymous_378)
FNDA:1279,(anonymous_379)
FNDA:1279,(anonymous_380)
FNDA:385,(anonymous_381)
FNDA:1760,(anonymous_382)
FNDA:1964,(anonymous_383)
FNDA:658,(anonymous_384)
FNDA:1296,(anonymous_385)
DA:2,1
DA:4,1
DA:6,1
DA:10,1
DA:12,0
DA:15,1
DA:16,1
DA:18,1
DA:20,778
DA:23,1
DA:25,782
DA:27,782
DA:29,90824
DA:39,1
DA:40,456
DA:43,1
DA:44,0
DA:45,0
DA:46,0
DA:47,0
DA:48,0
DA:50,0
DA:53,1
DA:54,0
DA:55,0
DA:57,0
DA:61,1
DA:62,0
DA:63,0
DA:64,0
DA:66,0
DA:67,0
DA:68,0
DA:69,0
DA:70,0
DA:71,0
DA:73,0
DA:74,0
DA:75,0
DA:78,0
DA:79,0
DA:80,0
DA:83,0
DA:84,0
DA:85,0
DA:86,0
DA:87,0
DA:88,0
DA:89,0
DA:91,0
DA:92,0
DA:93,0
DA:97,1
DA:99,0
DA:101,0
DA:103,0
DA:108,0
DA:111,0
DA:114,1
DA:117,1
DA:119,0
DA:121,0
DA:124,0
DA:126,0
DA:128,0
DA:131,0
DA:132,0
DA:133,0
DA:135,0
DA:136,0
DA:138,0
DA:140,0
DA:143,0
DA:144,0
DA:146,0
DA:148,0
DA:151,0
DA:155,1
DA:156,18
DA:157,18
DA:158,18
DA:159,18
DA:160,18
DA:161,18
DA:162,18
DA:163,18
DA:167,1
DA:168,13
DA:170,0
DA:171,0
DA:173,13
DA:174,13
DA:175,13
DA:178,0
DA:182,1
DA:183,205
DA:187,1
DA:188,0
DA:189,0
DA:190,0
DA:191,0
DA:192,0
DA:193,0
DA:197,1
DA:198,0
DA:199,0
DA:200,0
DA:201,0
DA:202,0
DA:203,0
DA:213,1
DA:216,1
DA:217,1
DA:218,1
DA:221,1
DA:229,1
DA:230,0
DA:231,0
DA:232,0
DA:233,0
DA:234,0
DA:235,0
DA:236,0
DA:237,0
DA:238,0
DA:239,0
DA:240,0
DA:241,0
DA:242,0
DA:244,0
DA:245,0
DA:246,0
DA:249,0
DA:250,0
DA:253,0
DA:257,1
DA:259,0
DA:261,0
DA:263,0
DA:268,0
DA:271,0
DA:274,1
DA:277,1
DA:279,0
DA:281,0
DA:283,0
DA:285,0
DA:288,0
DA:290,0
DA:293,0
DA:295,0
DA:297,0
DA:300,0
DA:301,0
DA:303,0
DA:304,0
DA:306,0
DA:308,0
DA:311,0
DA:314,0
DA:316,0
DA:318,0
DA:321,0
DA:323,0
DA:325,0
DA:328,0
DA:330,0
DA:331,0
DA:333,0
DA:335,0
DA:338,0
DA:342,1
DA:343,0
DA:345,0
DA:346,0
DA:347,0
DA:349,0
DA:350,0
DA:351,0
DA:352,0
DA:355,0
DA:359,1
DA:361,1
DA:362,1
DA:363,1
DA:364,1
DA:366,1
DA:367,1
DA:368,1
DA:369,1
DA:370,1
DA:371,1
DA:372,1
DA:373,1
DA:374,1
DA:376,0
DA:381,1
DA:382,4
DA:383,4
DA:384,4
DA:385,4
DA:386,4
DA:387,4
DA:388,4
DA:389,4
DA:391,4
DA:392,4
DA:393,4
DA:395,4
DA:396,3
DA:397,3
DA:398,3
DA:400,4
DA:401,4
DA:402,4
DA:403,4
DA:404,4
DA:405,4
DA:406,4
DA:407,4
DA:408,4
DA:409,4
DA:415,1
DA:416,242
DA:417,0
DA:420,242
DA:421,242
DA:423,242
DA:424,88
DA:429,242
DA:434,1
DA:435,0
DA:436,0
DA:437,0
DA:438,0
DA:443,1
DA:444,0
DA:445,0
DA:446,0
DA:447,0
DA:458,1
DA:461,1
DA:462,1
DA:463,1
DA:464,1
DA:465,1
DA:469,1
DA:470,1
DA:472,1
DA:473,250
DA:474,250
DA:475,250
DA:476,250
DA:477,45094
DA:478,45094
DA:480,250
DA:481,4
DA:482,4
DA:484,246
DA:485,244
DA:486,244
DA:488,492
DA:489,250
DA:493,1
DA:494,219
DA:495,219
DA:496,219
DA:497,219
DA:498,219
DA:499,219
DA:500,76999
DA:501,76788
DA:502,76788
DA:503,76788
DA:504,19301
DA:505,19301
DA:506,19301
DA:508,57487
DA:509,19301
DA:510,19301
DA:511,19301
DA:513,38186
DA:514,19096
DA:515,19096
DA:516,19096
DA:517,19096
DA:520,19090
DA:521,19090
DA:522,19090
DA:525,219
DA:526,0
DA:527,219
DA:531,1
DA:533,0
DA:534,0
DA:535,0
DA:536,0
DA:537,0
DA:539,0
DA:550,1
DA:553,1
DA:554,1
DA:557,1
DA:558,38829
DA:559,779
DA:560,771
DA:561,655
DA:565,38050
DA:575,1
DA:576,0
DA:577,0
DA:578,0
DA:579,0
DA:581,0
DA:586,1
DA:587,0
DA:588,0
DA:589,0
DA:590,0
DA:591,0
DA:592,0
DA:593,0
DA:594,0
DA:596,0
DA:600,1
DA:601,102687176
DA:602,102687176
DA:603,2144309632
DA:604,2144309632
DA:605,2144309632
DA:606,2144309632
DA:607,2144309632
DA:608,2144309632
DA:610,102687176
DA:612,1
DA:613,0
DA:614,0
DA:616,1
DA:617,0
DA:618,0
DA:621,1
DA:622,1
DA:625,1
DA:626,1
DA:627,1
DA:629,1
DA:630,1
DA:631,1
DA:632,1
DA:635,1
DA:636,1
DA:637,1
DA:638,1
DA:639,10
DA:640,1
DA:641,26
DA:642,1
DA:643,26
DA:645,303568
DA:646,1
DA:647,283710
DA:648,283710
DA:652,1
DA:653,104624
DA:654,2426
DA:655,2426
DA:659,1
DA:660,1181
DA:661,1181
DA:662,1181
DA:663,17
DA:664,17
DA:668,851
DA:671,1
DA:672,779
DA:673,779
DA:674,124
DA:675,124
DA:676,0
DA:677,0
DA:678,0
DA:679,0
DA:680,779
DA:681,779
DA:682,779
DA:683,779
DA:684,314438
DA:685,314438
DA:686,0
DA:687,0
DA:689,314438
DA:690,314438
DA:691,45502
DA:692,268936
DA:693,4436
DA:694,4436
DA:697,264500
DA:698,314438
DA:699,314438
DA:701,779
DA:702,0
DA:703,0
DA:705,779
DA:706,779
DA:710,1
DA:711,2052100
DA:712,2052100
DA:716,1
DA:717,382
DA:718,382
DA:719,382
DA:720,3
DA:721,3
DA:722,3
DA:723,3
DA:724,3
DA:725,379
DA:726,379
DA:727,379
DA:728,379
DA:729,379
DA:730,190281
DA:731,0
DA:732,0
DA:735,190281
DA:736,190281
DA:738,190281
DA:739,190281
DA:742,379
DA:746,1
DA:749,1127720
DA:752,1
DA:753,996155
DA:754,996155
DA:755,996147
DA:756,996147
DA:757,996147
DA:758,984587
DA:759,89
DA:763,1
DA:764,7304
DA:765,7304
DA:766,7304
DA:767,7304
DA:768,7304
DA:769,7304
DA:770,7304
DA:774,1
DA:775,3602
DA:776,3602
DA:780,1
DA:781,5699
DA:782,121658
DA:783,212731
DA:784,5699
DA:785,5699
DA:789,1
DA:790,36267047
DA:791,976536
DA:792,976536
DA:796,1
DA:797,4673
DA:798,4673
DA:799,4673
DA:800,4673
DA:801,4673
DA:802,252356
DA:803,252356
DA:805,4673
DA:806,4673
DA:807,4673
DA:808,4673
DA:809,4673
DA:813,1
DA:814,51273
DA:815,51273
DA:816,51273
DA:817,51261
DA:818,51261
DA:819,51261
DA:820,51261
DA:821,51261
DA:822,1629965
DA:823,1629965
DA:825,51261
DA:826,51261
DA:827,51261
DA:831,1
DA:832,36163
DA:833,36163
DA:834,687476
DA:835,687476
DA:836,687476
DA:838,36163
DA:839,23024
DA:840,23024
DA:841,679517
DA:842,679517
DA:843,679517
DA:845,23024
DA:848,13139
DA:849,13139
DA:850,1154
DA:851,1154
DA:852,1154
DA:854,13139
DA:856,36163
DA:857,36163
DA:858,36162
DA:859,36163
DA:860,36163
DA:865,1
DA:866,143364
DA:867,143364
DA:868,143364
DA:869,5312041
DA:870,5312046
DA:871,143364
DA:872,143364
DA:873,143364
DA:877,1
DA:878,832759
DA:879,832759
DA:880,61866298
DA:881,832759
DA:882,30100390
DA:883,30100390
DA:884,3436
DA:885,3436
DA:888,832759
DA:889,832759
DA:890,832759
DA:895,1
DA:896,2335
DA:897,2335
DA:898,2335
DA:899,2335
DA:900,0
DA:901,0
DA:902,0
DA:904,2335
DA:905,2335
DA:906,2335
DA:907,2335
DA:908,0
DA:909,2335
DA:910,2335
DA:911,2335
DA:912,2335
DA:913,2335
DA:914,2335
DA:915,2335
DA:916,2335
DA:917,7
DA:918,7
DA:920,2335
DA:921,2335
DA:922,2335
DA:923,2335
DA:925,81887
DA:926,81887
DA:927,10
DA:928,10
DA:929,10
DA:932,2335
DA:933,234
DA:934,234
DA:936,2335
DA:937,2335
DA:938,2335
DA:939,2335
DA:943,1
DA:944,734
DA:945,734
DA:946,734
DA:947,734
DA:951,348
DA:952,1
DA:953,348
DA:954,348
DA:956,348
DA:957,348
DA:958,1
DA:959,348
DA:961,1
DA:962,1
DA:963,1
DA:964,1
DA:965,1
DA:977,1
DA:978,1019
DA:979,1019
DA:980,1019
DA:981,1019
DA:982,1019
DA:983,1019
DA:984,1019
DA:987,1019
DA:989,1019
DA:993,1
DA:994,1019
DA:995,1019
DA:996,1019
DA:997,1019
DA:998,1019
DA:999,1019
DA:1003,1
DA:1004,1019
DA:1005,1019
DA:1006,1019
DA:1007,1019
DA:1008,1019
DA:1012,1
DA:1013,1019
DA:1014,1019
DA:1015,1019
DA:1016,1019
DA:1020,1
DA:1021,976302
DA:1022,1331447
DA:1023,976302
DA:1025,36259704
DA:1026,36259704
DA:1028,36259704
DA:1029,36259704
DA:1031,36259704
DA:1033,976302
DA:1034,976302
DA:1035,976302
DA:1039,832411
DA:1042,142872
DA:1044,1
DA:1045,1
DA:1046,1
DA:1047,1
DA:1048,1
DA:1051,48803
DA:1054,1
DA:1055,553
DA:1056,553
DA:1057,553
DA:1058,553
DA:1059,3628
DA:1060,3628
DA:1061,3423
DA:1063,553
DA:1067,1
DA:1068,553
DA:1069,553
DA:1070,553
DA:1074,1
DA:1075,1
DA:1076,1
DA:1077,1
DA:1078,1
DA:1079,1
DA:1080,1
DA:1081,1
DA:1082,1
DA:1083,1
DA:1084,1
DA:1085,1
DA:1086,1
DA:1087,1
DA:1088,1
DA:1091,1
DA:1092,1
DA:1093,1
DA:1094,1
DA:1095,1
DA:1096,1
DA:1097,1
DA:1100,1
DA:1101,1
DA:1114,40
DA:1117,1
DA:1118,329
DA:1119,0
DA:1120,0
DA:1122,329
DA:1123,0
DA:1125,0
DA:1129,1
DA:1132,1
DA:1135,3
DA:1138,1
DA:1139,15447
DA:1140,15439
DA:1141,15416
DA:1145,1
DA:1146,3
DA:1147,3
DA:1148,3
DA:1149,3
DA:1150,3
DA:1151,3
DA:1152,3
DA:1153,231
DA:1154,231
DA:1156,3
DA:1160,1
DA:1161,0
DA:1162,0
DA:1163,0
DA:1164,0
DA:1165,0
DA:1166,0
DA:1167,0
DA:1168,0
DA:1169,0
DA:1171,0
DA:1172,0
DA:1173,0
DA:1174,0
DA:1175,0
DA:1176,0
DA:1179,0
DA:1180,0
DA:1181,0
DA:1183,0
DA:1187,1
DA:1188,16
DA:1190,8
DA:1192,8
DA:1193,8
DA:1194,3
DA:1195,8
DA:1196,8
DA:1197,1794
DA:1198,1794
DA:1204,8
DA:1205,8
DA:1206,8
DA:1207,8
DA:1208,8
DA:1213,1
DA:1214,100
DA:1215,100
DA:1216,100
DA:1217,100
DA:1218,100
DA:1219,15
DA:1220,100
DA:1221,25836
DA:1222,3684
DA:1223,3684
DA:1226,22152
DA:1227,22152
DA:1229,25836
DA:1230,25836
DA:1231,25836
DA:1234,100
DA:1237,1
DA:1238,1
DA:1239,1
DA:1242,1
DA:1243,3
DA:1244,111
DA:1245,3
DA:1246,0
DA:1247,0
DA:1248,0
DA:1251,3
DA:1252,3
DA:1253,3
DA:1255,3
DA:1256,3
DA:1260,1
DA:1261,1
DA:1264,114
DA:1265,1
DA:1268,1
DA:1269,1
DA:1272,1
DA:1273,1
DA:1276,1
DA:1277,0
DA:1278,0
DA:1279,0
DA:1280,0
DA:1281,0
DA:1285,1
DA:1286,3
DA:1287,3
DA:1288,3
DA:1292,1
DA:1293,298
DA:1294,298
DA:1295,298
DA:1299,1
DA:1300,16850
DA:1301,16850
DA:1302,16850
DA:1303,16850
DA:1304,16850
DA:1305,16850
DA:1306,16850
DA:1307,16850
DA:1311,1
DA:1312,16850
DA:1313,16850
DA:1314,0
DA:1315,0
DA:1319,1
DA:1320,0
DA:1321,0
DA:1322,0
DA:1326,1
DA:1327,0
DA:1328,0
DA:1329,0
DA:1333,1
DA:1334,8
DA:1335,8
DA:1336,8
DA:1340,1
DA:1341,0
DA:1342,0
DA:1343,0
DA:1347,1
DA:1350,1
DA:1353,1
DA:1356,1
DA:1357,4461
DA:1358,4461
DA:1359,16777
DA:1360,16777
DA:1361,16777
DA:1363,4461
DA:1364,242
DA:1365,242
DA:1366,8936
DA:1367,8936
DA:1368,8936
DA:1370,242
DA:1373,4219
DA:1374,4219
DA:1375,0
DA:1376,0
DA:1377,0
DA:1379,4219
DA:1381,4461
DA:1382,4461
DA:1383,4461
DA:1384,4461
DA:1385,4461
DA:1389,330
DA:1392,556
DA:1395,492
DA:1398,1
DA:1401,1
DA:1404,1
DA:1407,1
DA:1408,0
DA:1409,0
DA:1410,0
DA:1414,1
DA:1415,0
DA:1416,0
DA:1417,0
DA:1421,1
DA:1422,1797
DA:1423,1797
DA:1424,1797
DA:1425,1797
DA:1426,0
DA:1427,0
DA:1428,0
DA:1433,1
DA:1434,1
DA:1435,1
DA:1436,1
DA:1438,1
DA:1439,1
DA:1440,1
DA:1441,1
DA:1444,1
DA:1448,1
DA:1449,0
DA:1450,0
DA:1451,0
DA:1452,0
DA:1453,0
DA:1454,0
DA:1455,0
DA:1456,0
DA:1461,1
DA:1462,0
DA:1463,0
DA:1464,0
DA:1465,0
DA:1466,0
DA:1467,0
DA:1468,0
DA:1469,0
DA:1473,1
DA:1475,0
DA:1476,0
DA:1477,0
DA:1478,0
DA:1479,0
DA:1482,1
DA:1483,0
DA:1484,0
DA:1485,0
DA:1488,1
DA:1491,1
DA:1492,0
DA:1493,0
DA:1494,0
DA:1495,0
DA:1496,0
DA:1497,0
DA:1498,0
DA:1502,1
DA:1505,1
DA:1507,1
DA:1508,1
DA:1509,1
DA:1510,1
DA:1511,1
DA:1514,1
DA:1515,814
DA:1516,814
DA:1517,814
DA:1518,814
DA:1519,814
DA:1520,814
DA:1521,814
DA:1522,814
DA:1523,0
DA:1524,814
DA:1525,0
DA:1527,814
DA:1530,814
DA:1531,814
DA:1532,814
DA:1533,814
DA:1534,814
DA:1535,814
DA:1536,25234
DA:1537,25234
DA:1538,25234
DA:1542,814
DA:1543,814
DA:1544,814
DA:1545,118247
DA:1547,22634
DA:1548,22634
DA:1551,118247
DA:1552,118247
DA:1553,118247
DA:1554,118247
DA:1555,814
DA:1556,814
DA:1559,273298
DA:1560,117433
DA:1561,117433
DA:1564,118247
DA:1565,241088
DA:1566,241088
DA:1569,814
DA:1573,1
DA:1574,12
DA:1575,12
DA:1576,12
DA:1577,12
DA:1578,12
DA:1579,12
DA:1580,12
DA:1581,0
DA:1582,0
DA:1584,12
DA:1585,8264
DA:1586,8264
DA:1587,8264
DA:1588,8188
DA:1589,8188
DA:1592,76
DA:1593,76
DA:1596,12
DA:1597,12
DA:1601,1
DA:1602,27020
DA:1603,27020
DA:1604,27020
DA:1605,27020
DA:1606,999740
DA:1607,27020
DA:1611,1
DA:1612,8
DA:1613,8
DA:1614,8
DA:1615,8
DA:1616,8
DA:1617,6902
DA:1618,11043
DA:1619,11043
DA:1620,8165
DA:1621,8165
DA:1623,2878
DA:1624,11043
DA:1626,6902
DA:1627,2987
DA:1628,2987
DA:1629,44
DA:1630,44
DA:1632,2943
DA:1633,2987
DA:1635,6902
DA:1636,5453
DA:1637,5453
DA:1638,5453
DA:1641,1449
DA:1642,1449
DA:1643,1449
DA:1646,8
DA:1647,8
DA:1648,8
DA:1649,8
DA:1652,1
DA:1653,1
DA:1656,1
DA:1657,1810
DA:1658,1810
DA:1659,0
DA:1660,0
DA:1661,0
DA:1663,1810
DA:1664,1810
DA:1665,1810
DA:1666,27020
DA:1667,42190
DA:1668,27020
DA:1669,64215
DA:1671,298
DA:1675,1
DA:1676,298
DA:1677,298
DA:1678,298
DA:1679,298
DA:1680,298
DA:1681,298
DA:1682,298
DA:1683,298
DA:1685,330
DA:1686,330
DA:1687,330
DA:1688,292
DA:1689,292
DA:1690,348
DA:1691,348
DA:1693,292
DA:1696,16
DA:1700,1
DA:1701,1
DA:1702,1
DA:1703,1
DA:1704,1
DA:1705,1
DA:1706,1
DA:1707,1
DA:1708,1
DA:1709,1
DA:1710,1
DA:1711,1
DA:1712,1
DA:1715,1
DA:1716,1
DA:1717,1
DA:1718,1
DA:1719,1
DA:1720,1
DA:1721,1
DA:1722,1
DA:1723,1
DA:1724,1
DA:1725,1
DA:1726,1
DA:1727,1
DA:1728,1
DA:1729,1
DA:1730,1
DA:1731,1
DA:1732,1
DA:1733,1
DA:1734,1
DA:1735,1
DA:1736,1
DA:1737,1
DA:1738,1
DA:1739,1
DA:1740,1
DA:1741,1
DA:1742,1
DA:1743,1
DA:1744,1
DA:1745,1
DA:1746,1
DA:1747,1
DA:1750,1
DA:1803,1
DA:1813,1
DA:1814,217
DA:1815,131
DA:1816,131
DA:1817,131
DA:1818,0
DA:1830,1
DA:1831,95
DA:1832,95
DA:1833,95
DA:1852,1
DA:1853,95
DA:1854,95
DA:1855,95
DA:1856,95
DA:1857,43
DA:1859,52
DA:1861,95
DA:1872,1
DA:1873,122
DA:1874,122
DA:1875,122
DA:1887,1
DA:1888,61
DA:1889,61
DA:1890,61
DA:1903,1
DA:1904,0
DA:1905,0
DA:1906,0
DA:1907,0
DA:1919,1
DA:1920,34
DA:1921,34
DA:1922,34
DA:1934,1
DA:1935,0
DA:1936,0
DA:1937,0
DA:1939,0
DA:1940,0
DA:1941,0
DA:1942,0
DA:1943,0
DA:1944,0
DA:1945,0
DA:1947,0
DA:1948,0
DA:1950,0
DA:1953,0
DA:1967,1
DA:1968,0
DA:1969,0
DA:1996,1
DA:1997,0
DA:1998,0
DA:2000,0
DA:2001,0
DA:2002,0
DA:2016,1
DA:2017,0
DA:2018,0
DA:2032,1
DA:2033,0
DA:2034,0
DA:2081,1
DA:2090,1
DA:2091,0
DA:2092,0
DA:2093,0
DA:2095,0
DA:2103,1
DA:2104,0
DA:2105,0
DA:2106,0
DA:2108,0
DA:2117,1
DA:2118,658
DA:2119,658
DA:2120,84224
DA:2121,84224
DA:2122,84224
DA:2124,658
DA:2134,1
DA:2135,0
DA:2145,1
DA:2146,0
DA:2156,1
DA:2157,0
DA:2166,1
DA:2167,0
DA:2177,1
DA:2178,2316
DA:2179,2316
DA:2180,2316
DA:2181,2316
DA:2190,1
DA:2191,4139
DA:2192,2933
DA:2193,4139
DA:2194,4139
DA:2195,4139
DA:2204,1
DA:2205,242
DA:2213,1
DA:2214,205
DA:2217,1
DA:2219,1
DA:2221,1
DA:2223,1760
DA:2226,1
DA:2228,3232
DA:2240,0
DA:2242,0
DA:2251,0
DA:2253,0
DA:2264,1
DA:2265,0
DA:2274,1
DA:2275,0
DA:2285,1
DA:2286,0
DA:2297,1
DA:2298,0
DA:2309,1
DA:2310,1512
DA:2311,1512
DA:2312,65664
DA:2314,1512
DA:2325,1
DA:2326,1512
DA:2327,1512
DA:2328,155650
DA:2330,1512
DA:2340,1
DA:2341,0
DA:2350,1
DA:2351,0
DA:2365,1
DA:2366,0
DA:2367,0
DA:2368,0
DA:2369,0
DA:2370,0
DA:2371,0
DA:2373,0
DA:2376,0
DA:2386,1
DA:2387,0
DA:2388,0
DA:2397,1
DA:2398,0
DA:2399,0
DA:2400,0
DA:2431,1
DA:2446,1
DA:2456,1
DA:2457,1
DA:2471,1
DA:2515,1
DA:2534,1
DA:2535,126
DA:2536,0
DA:2537,126
DA:2550,1
DA:2551,126
DA:2552,126
DA:2554,126
DA:2555,0
DA:2557,126
DA:2558,126
DA:2559,126
DA:2560,126
DA:2561,126
DA:2562,23564
DA:2564,126
DA:2565,126
DA:2578,1
DA:2579,231
DA:2580,231
DA:2593,1
DA:2594,1512
DA:2595,1512
DA:2607,1
DA:2608,0
DA:2609,0
DA:2621,1
DA:2622,0
DA:2623,0
DA:2626,1
DA:2627,0
DA:2628,0
DA:2640,1
DA:2641,0
DA:2642,0
DA:2645,1
DA:2646,0
DA:2647,0
DA:2659,1
DA:2660,0
DA:2661,0
DA:2673,1
DA:2674,0
DA:2675,0
DA:2681,1
DA:2720,1
DA:2721,1743
DA:2722,1743
DA:2723,1743
DA:2739,1743
DA:2740,1743
DA:2743,1743
DA:2745,1743
DA:2746,1743
DA:2748,0
DA:2750,1743
DA:2751,231
DA:2753,1743
DA:2754,1512
DA:2755,1512
DA:2757,1743
DA:2758,1743
DA:2759,1743
DA:2761,1743
DA:2762,231
DA:2763,231
DA:2765,1743
DA:2766,1512
DA:2767,1512
DA:2770,1743
DA:2772,0
DA:2773,0
DA:2775,0
DA:2777,0
DA:2778,0
DA:2780,0
DA:2781,0
DA:2782,0
DA:2784,0
DA:2785,0
DA:2786,0
DA:2788,0
DA:2789,0
DA:2790,0
DA:2792,0
DA:2793,0
DA:2794,0
DA:2809,1743
DA:2810,0
DA:2823,1743
DA:2824,0
DA:2836,1743
DA:2837,0
DA:2850,1743
DA:2851,0
DA:2864,1743
DA:2865,0
DA:2868,1743
DA:2869,1743
DA:2870,1743
DA:2871,1743
DA:2872,1743
DA:2873,1743
DA:2902,1
DA:2903,0
DA:2904,0
DA:2905,0
DA:2906,0
DA:2907,0
DA:2909,0
DA:2910,0
DA:2912,0
DA:2913,0
DA:2914,0
DA:2917,0
DA:2918,0
DA:2920,0
DA:2923,0
DA:2925,0
DA:2926,0
DA:2927,0
DA:2929,0
DA:2931,0
DA:2932,0
DA:2934,0
DA:2935,0
DA:2936,0
DA:2938,0
DA:2939,0
DA:2940,0
DA:2942,0
DA:2943,0
DA:2944,0
DA:2946,0
DA:2947,0
DA:2948,0
DA:2963,0
DA:2964,0
DA:2977,0
DA:2978,0
DA:2990,0
DA:2991,0
DA:3004,0
DA:3005,0
DA:3019,0
DA:3020,0
DA:3023,0
DA:3024,0
DA:3025,0
DA:3027,0
DA:3028,0
DA:3029,0
DA:3030,0
DA:3031,0
DA:3111,1
DA:3112,0
DA:3113,0
DA:3115,0
DA:3116,0
DA:3117,0
DA:3118,0
DA:3119,0
DA:3120,0
DA:3121,0
DA:3122,0
DA:3123,0
DA:3124,0
DA:3126,0
DA:3127,0
DA:3128,0
DA:3129,0
DA:3131,0
DA:3132,0
DA:3133,0
DA:3134,0
DA:3138,0
DA:3139,0
DA:3140,0
DA:3141,0
DA:3142,0
DA:3144,0
DA:3158,0
DA:3159,0
DA:3160,0
DA:3161,0
DA:3163,0
DA:3164,0
DA:3165,0
DA:3167,0
DA:3171,0
DA:3172,0
DA:3173,0
DA:3175,0
DA:3176,0
DA:3177,0
DA:3180,0
DA:3181,0
DA:3183,0
DA:3186,0
DA:3187,0
DA:3188,0
DA:3189,0
DA:3191,0
DA:3192,0
DA:3193,0
DA:3195,0
DA:3196,0
DA:3197,0
DA:3201,0
DA:3202,0
DA:3205,0
DA:3207,0
DA:3208,0
DA:3209,0
DA:3210,0
DA:3211,0
DA:3212,0
DA:3213,0
DA:3215,0
DA:3217,0
DA:3218,0
DA:3219,0
DA:3220,0
DA:3221,0
DA:3222,0
DA:3223,0
DA:3225,0
DA:3230,0
DA:3231,0
DA:3233,0
DA:3234,0
DA:3236,0
DA:3238,0
DA:3241,0
DA:3242,0
DA:3244,0
DA:3245,0
DA:3246,0
DA:3247,0
DA:3248,0
DA:3249,0
DA:3251,0
DA:3254,0
DA:3255,0
DA:3256,0
DA:3257,0
DA:3258,0
DA:3261,0
DA:3262,0
DA:3264,0
DA:3265,0
DA:3268,0
DA:3269,0
DA:3270,0
DA:3272,0
DA:3273,0
DA:3274,0
DA:3275,0
DA:3278,0
DA:3279,0
DA:3281,0
DA:3282,0
DA:3284,0
DA:3286,0
DA:3288,0
DA:3289,0
DA:3290,0
DA:3292,0
DA:3293,0
DA:3294,0
DA:3296,0
DA:3297,0
DA:3298,0
DA:3300,0
DA:3301,0
DA:3302,0
DA:3303,0
DA:3306,0
DA:3307,0
DA:3308,0
DA:3309,0
DA:3311,0
DA:3349,0
DA:3350,0
DA:3373,0
DA:3374,0
DA:3389,0
DA:3390,0
DA:3411,0
DA:3412,0
DA:3425,0
DA:3426,0
DA:3439,0
DA:3440,0
DA:3453,0
DA:3454,0
DA:3468,0
DA:3469,0
DA:3483,0
DA:3484,0
DA:3498,0
DA:3499,0
DA:3502,0
DA:3504,0
DA:3505,0
DA:3506,0
DA:3507,0
DA:3508,0
DA:3510,0
DA:3512,0
DA:3513,0
DA:3514,0
DA:3517,0
DA:3519,0
DA:3520,0
DA:3521,0
DA:3523,0
DA:3524,0
DA:3525,0
DA:3526,0
DA:3528,0
DA:3544,1
DA:3545,1
DA:3582,1
DA:3583,1
DA:3589,1
DA:3590,0
DA:3591,0
DA:3593,0
DA:3596,1
DA:3597,242
DA:3598,242
DA:3599,242
DA:3600,18
DA:3602,242
DA:3614,1
DA:3615,126
DA:3616,126
DA:3618,126
DA:3631,1
DA:3632,126
DA:3633,126
DA:3634,126
DA:3635,126
DA:3636,126
DA:3639,1
DA:3640,0
DA:3643,1
DA:3644,0
DA:3648,1
DA:3649,216
DA:3651,216
DA:3652,1080
DA:3657,1080
DA:3660,216
DA:3680,1
DA:3681,116
DA:3682,116
DA:3684,116
DA:3685,116
DA:3706,1
DA:3707,116
DA:3708,116
DA:3709,116
DA:3710,116
DA:3711,116
DA:3712,696
DA:3714,116
DA:3715,116
DA:3716,0
DA:3717,0
DA:3718,0
DA:3719,0
DA:3722,116
DA:3723,0
DA:3726,116
DA:3728,116
DA:3729,116
DA:3730,116
DA:3731,116
DA:3734,116
DA:3735,116
DA:3737,116
DA:3738,18328
DA:3741,116
DA:3742,116
DA:3743,116
DA:3745,116
DA:3746,24012
DA:3749,116
DA:3750,116
DA:3752,116
DA:3753,5568
DA:3756,116
DA:3758,116
DA:3766,1
DA:3767,0
DA:3768,0
DA:3769,0
DA:3770,0
DA:3773,1
DA:3774,0
DA:3775,0
DA:3776,0
DA:3779,1
DA:3780,105
DA:3781,415
DA:3782,415
DA:3783,415
DA:3784,105
DA:3785,105
DA:3788,0
DA:3791,1
DA:3792,0
DA:3793,0
DA:3794,0
DA:3795,0
DA:3796,0
DA:3797,0
DA:3798,0
DA:3799,0
DA:3802,1
DA:3803,0
DA:3804,0
DA:3807,0
DA:3820,1
DA:3821,105
DA:3822,105
DA:3823,105
DA:3824,105
DA:3825,105
DA:3826,105
DA:3827,105
DA:3829,105
DA:3830,105
DA:3831,105
DA:3832,105
DA:3833,105
DA:3834,105
DA:3848,1
DA:3849,0
DA:3850,0
DA:3851,0
DA:3852,0
DA:3853,0
DA:3854,0
DA:3855,0
DA:3857,0
DA:3858,0
DA:3859,0
DA:3860,0
DA:3881,1
DA:3882,100
DA:3883,100
DA:3885,100
DA:3886,100
DA:3908,1
DA:3909,100
DA:3911,100
DA:3912,0
DA:3915,600
DA:3916,100
DA:3917,100
DA:3918,100
DA:3919,100
DA:3920,100
DA:3922,100
DA:3923,100
DA:3924,0
DA:3925,0
DA:3926,0
DA:3927,0
DA:3930,100
DA:3931,0
DA:3934,100
DA:3936,100
DA:3937,25599
DA:3940,100
DA:3941,1
DA:3944,100
DA:3945,0
DA:3948,100
DA:3950,100
DA:3951,100
DA:3953,100
DA:3955,100
DA:3956,0
DA:3959,100
DA:3960,100
DA:3962,100
DA:3963,20700
DA:3966,100
DA:3968,100
DA:3970,100
DA:3971,15800
DA:3972,0
DA:3976,100
DA:3977,0
DA:3980,100
DA:3984,1
DA:3985,1
DA:3986,1
DA:3987,1
DA:3988,1
DA:3989,1
DA:3990,1
DA:3992,1
DA:3993,1
DA:3994,1
DA:3995,1
DA:3996,1
DA:3998,1
DA:3999,1
DA:4000,1
DA:4001,1
DA:4002,1
DA:4004,1
DA:4005,1
DA:4006,1
DA:4007,1
DA:4032,1
DA:4033,14
DA:4034,14
DA:4035,14
DA:4038,1
DA:4039,1
DA:4040,1
DA:4041,1
DA:4042,1
DA:4043,1
DA:4044,1
DA:4045,1
DA:4046,1
DA:4047,1
DA:4048,1
DA:4049,1
DA:4050,1
DA:4053,1
DA:4054,1
DA:4055,1
DA:4056,1
DA:4057,1
DA:4058,1
DA:4059,1
DA:4060,1
DA:4061,1
DA:4062,1
DA:4063,1
DA:4064,1
DA:4065,1
DA:4066,1
DA:4069,1
DA:4070,26
DA:4071,26
DA:4072,26
DA:4073,26
DA:4074,26
DA:4077,1
DA:4078,0
DA:4079,0
DA:4080,0
DA:4081,0
DA:4082,0
DA:4083,0
DA:4086,1
DA:4087,13
DA:4088,13
DA:4089,13
DA:4091,13
DA:4092,13
DA:4093,13
DA:4094,13
DA:4096,13
DA:4097,13
DA:4098,13
DA:4102,1
DA:4103,0
DA:4104,0
DA:4105,0
DA:4106,0
DA:4108,0
DA:4109,0
DA:4112,1
DA:4113,1
DA:4114,1
DA:4115,1
DA:4116,1
DA:4119,1
DA:4120,0
DA:4121,0
DA:4122,0
DA:4123,0
DA:4126,1
DA:4127,13
DA:4128,13
DA:4129,13
DA:4130,13
DA:4136,1
DA:4137,104
DA:4138,53
DA:4140,51
DA:4146,1
DA:4147,60
DA:4148,48
DA:4149,48
DA:4150,48
DA:4152,12
DA:4159,1
DA:4160,44
DA:4161,44
DA:4162,15
DA:4164,44
DA:4165,44
DA:4171,1
DA:4172,4
DA:4173,4
DA:4174,4
DA:4175,4
DA:4176,4
DA:4177,4
DA:4178,4
DA:4179,4
DA:4180,4
DA:4182,4
DA:4183,4
DA:4189,1
DA:4190,0
DA:4191,0
DA:4192,0
DA:4193,0
DA:4194,0
DA:4196,0
DA:4198,0
DA:4199,0
DA:4205,1
DA:4206,4
DA:4207,4
DA:4208,4
DA:4210,4
DA:4211,4
DA:4213,4
DA:4214,4
DA:4216,4
DA:4218,4
DA:4224,1
DA:4225,4
DA:4231,1
DA:4232,0
DA:4238,1
DA:4239,4
DA:4242,1
DA:4243,0
DA:4244,0
DA:4245,0
DA:4246,0
DA:4248,0
DA:4251,0
DA:4254,1
DA:4255,1
DA:4257,1
DA:4258,1
DA:4260,1
DA:4261,1
DA:4273,1
DA:4277,1
DA:4282,1
DA:4287,1
DA:4288,1
DA:4290,1
DA:4311,4304
DA:4312,4304
DA:4315,4304
DA:4316,8
DA:4320,4304
DA:4321,4299
DA:4322,4295
DA:4327,4304
DA:4330,4304
DA:4332,4304
DA:4348,2552
DA:4349,2552
DA:4351,2552
DA:4381,8
DA:4382,36
DA:4383,36
DA:4388,8
DA:4389,1
DA:4403,0
DA:4414,1
DA:4428,8715
DA:4430,8715
DA:4431,5878
DA:4433,2837
DA:4451,1743
DA:4467,1743
DA:4468,1743
DA:4469,1743
DA:4470,1743
DA:4473,1743
DA:4476,1743
DA:4478,0
DA:4479,0
DA:4480,0
DA:4482,1743
DA:4484,0
DA:4485,0
DA:4489,1743
DA:4491,1743
DA:4494,1743
DA:4506,1743
DA:4507,1743
DA:4510,1743
DA:4511,1743
DA:4524,0
DA:4525,0
DA:4527,0
DA:4544,0
DA:4545,0
DA:4546,0
DA:4549,0
DA:4556,1
DA:4561,1
DA:4577,1743
DA:4578,1743
DA:4581,1743
DA:4582,1743
DA:4583,76544
DA:4584,76544
DA:4585,76544
DA:4588,1743
DA:4606,1512
DA:4609,1512
DA:4610,1512
DA:4611,155650
DA:4614,1512
DA:4621,1
DA:4637,0
DA:4638,0
DA:4641,0
DA:4642,0
DA:4643,0
DA:4644,0
DA:4647,0
DA:4665,231
DA:4668,231
DA:4669,231
DA:4670,85615
DA:4673,231
DA:4680,1
DA:4695,0
DA:4696,0
DA:4698,0
DA:4716,231
DA:4727,1
DA:4737,1743
DA:4738,1743
DA:4753,1743
DA:4754,231
DA:4758,1743
DA:4759,1743
DA:4778,3486
DA:4779,3486
DA:4780,3486
DA:4781,3486
DA:4782,3486
DA:4785,3486
DA:4786,3486
DA:4788,0
DA:4792,3486
DA:4796,3486
DA:4799,3486
DA:4802,3486
DA:4803,2335
DA:4805,3797
DA:4809,2335
DA:4810,2335
DA:4814,3486
DA:4827,0
DA:4828,0
DA:4830,0
DA:4841,1
DA:4858,1743
DA:4861,1743
DA:4873,1743
DA:4876,1743
DA:4893,1743
DA:4896,1743
DA:4899,1743
DA:4918,1743
DA:4919,0
DA:4923,1743
DA:4925,1743
DA:4944,2
DA:4945,0
DA:4963,2
DA:4964,0
DA:4972,1
DA:4974,1
DA:4982,1
DA:4984,1
DA:4985,1
DA:4986,1
DA:4987,1
DA:4992,1
DA:4997,1
DA:5009,5352
DA:5010,5352
DA:5185,1
DA:5207,649
DA:5209,649
DA:5210,0
DA:5212,649
DA:5227,649
DA:5228,649
DA:5231,649
DA:5232,649
DA:5233,5192
DA:5234,5192
DA:5235,5192
DA:5238,649
DA:5251,0
DA:5254,0
DA:5257,0
DA:5258,0
DA:5259,0
DA:5262,0
DA:5272,1
DA:5274,1
DA:5275,1
DA:5276,1
DA:5277,1
DA:5278,1
DA:5281,1
DA:5282,1
DA:5285,1
DA:5286,1
DA:5287,310
DA:5288,310
DA:5289,1118
DA:5290,246
DA:5294,64
DA:5297,1
DA:5298,72
DA:5301,1
DA:5302,1
DA:5303,1
DA:5304,310
DA:5305,64
DA:5306,8
DA:5308,64
DA:5310,64
DA:5313,310
DA:5318,1
DA:5323,1
DA:5325,1094
DA:5330,2454
DA:5333,2454
DA:5334,2454
DA:5335,2454
DA:5336,2454
DA:5337,2454
DA:5338,2454
DA:5339,2454
DA:5340,2454
DA:5343,2454
DA:5344,157056
DA:5345,39264
DA:5347,117792
DA:5348,117792
DA:5352,117792
DA:5353,117792
DA:5357,117792
DA:5360,157056
DA:5361,157056
DA:5363,157056
DA:5364,157056
DA:5366,157056
DA:5367,157056
DA:5369,157056
DA:5370,157056
DA:5371,157056
DA:5372,157056
DA:5373,157056
DA:5374,157056
DA:5375,157056
DA:5376,157056
DA:5380,2454
DA:5381,2454
DA:5382,2454
DA:5383,2454
DA:5384,2454
DA:5385,2454
DA:5386,2454
DA:5387,2454
DA:5392,1094
DA:5393,1094
DA:5395,1094
DA:5396,1094
DA:5399,1094
DA:5400,1094
DA:5401,1094
DA:5402,1094
DA:5405,1094
DA:5408,1094
DA:5412,0
DA:5413,0
DA:5415,0
DA:5433,1
DA:5449,1
DA:5457,1
DA:5459,1
DA:5460,1
DA:5461,1
DA:5462,1
DA:5463,1
DA:5464,1
DA:5465,1
DA:5467,1
DA:5468,160
DA:5472,1
DA:5516,1
DA:5517,1
DA:5518,1
DA:5519,80
DA:5526,1
DA:5528,649
DA:5538,1343
DA:5540,1343
DA:5541,1343
DA:5542,1343
DA:5543,1343
DA:5544,1343
DA:5545,1343
DA:5546,1343
DA:5547,1343
DA:5549,1343
DA:5550,1343
DA:5551,1343
DA:5552,1343
DA:5553,1343
DA:5554,1343
DA:5555,1343
DA:5556,1343
DA:5557,1343
DA:5558,1343
DA:5559,1343
DA:5560,1343
DA:5561,1343
DA:5562,1343
DA:5563,1343
DA:5564,1343
DA:5567,1343
DA:5568,1343
DA:5569,1343
DA:5570,1343
DA:5571,1343
DA:5572,1343
DA:5573,1343
DA:5574,1343
DA:5575,1343
DA:5576,1343
DA:5577,1343
DA:5578,1343
DA:5579,1343
DA:5580,1343
DA:5581,1343
DA:5582,1343
DA:5585,1343
DA:5587,107440
DA:5590,107440
DA:5591,21488
DA:5592,21488
DA:5595,85952
DA:5596,85952
DA:5597,85952
DA:5598,85952
DA:5599,85952
DA:5602,85952
DA:5603,85952
DA:5604,85952
DA:5605,85952
DA:5606,85952
DA:5609,85952
DA:5610,85952
DA:5611,85952
DA:5613,85952
DA:5614,85952
DA:5615,85952
DA:5617,85952
DA:5618,85952
DA:5619,85952
DA:5620,85952
DA:5621,85952
DA:5622,85952
DA:5624,85952
DA:5625,85952
DA:5628,107440
DA:5629,107440
DA:5630,107440
DA:5631,107440
DA:5633,107440
DA:5634,107440
DA:5635,107440
DA:5636,107440
DA:5639,107440
DA:5640,107440
DA:5641,107440
DA:5643,107440
DA:5644,107440
DA:5645,107440
DA:5646,107440
DA:5647,107440
DA:5648,107440
DA:5649,107440
DA:5650,107440
DA:5653,107440
DA:5654,107440
DA:5657,107440
DA:5658,107440
DA:5659,107440
DA:5660,107440
DA:5661,107440
DA:5662,107440
DA:5663,107440
DA:5664,107440
DA:5665,107440
DA:5666,107440
DA:5667,107440
DA:5668,107440
DA:5669,107440
DA:5670,107440
DA:5671,107440
DA:5672,107440
DA:5676,1343
DA:5677,1343
DA:5678,1343
DA:5679,1343
DA:5680,1343
DA:5681,1343
DA:5682,1343
DA:5683,1343
DA:5684,1343
DA:5685,1343
DA:5686,1343
DA:5687,1343
DA:5688,1343
DA:5689,1343
DA:5690,1343
DA:5691,1343
DA:5696,649
DA:5697,649
DA:5699,649
DA:5700,649
DA:5703,649
DA:5704,649
DA:5705,649
DA:5706,649
DA:5709,649
DA:5712,649
DA:5715,649
DA:5719,0
DA:5720,0
DA:5722,0
DA:5742,1
DA:5758,1
DA:5766,1
DA:5768,1
DA:5769,1
DA:5770,1
DA:5771,1
DA:5772,1
DA:5773,1
DA:5778,1
DA:5791,0
DA:5794,0
DA:5795,0
DA:5799,0
DA:5800,0
DA:5803,0
DA:5804,0
DA:5808,0
DA:5811,0
DA:5812,0
DA:5815,0
DA:5816,0
DA:5819,0
DA:5820,0
DA:5821,0
DA:5823,0
DA:5826,0
DA:5838,0
DA:5841,0
DA:5842,0
DA:5858,0
DA:5861,0
DA:5880,0
DA:5883,0
DA:5884,0
DA:5885,0
DA:5887,0
DA:5916,1
DA:5917,1
DA:5919,1
DA:5920,1
DA:5922,122
DA:5923,122
DA:5924,122
DA:5929,0
DA:5931,0
DA:5932,0
DA:5933,0
DA:5936,1
DA:5937,1
DA:5959,1
DA:5972,2496
DA:5973,1764
DA:5974,1764
DA:5975,1764
DA:5976,1764
DA:5977,1764
DA:5978,1764
DA:5979,1764
DA:5981,0
DA:5996,2496
DA:5997,0
DA:5998,0
DA:5999,0
DA:6000,0
DA:6001,0
DA:6002,0
DA:6004,0
DA:6017,2496
DA:6018,0
DA:6019,0
DA:6021,0
DA:6034,2496
DA:6035,1616
DA:6037,0
DA:6039,1616
DA:6040,0
DA:6042,1616
DA:6043,1616
DA:6044,1616
DA:6045,1616
DA:6046,1616
DA:6047,1616
DA:6048,1616
DA:6049,1616
DA:6050,1616
DA:6052,1616
DA:6053,205
DA:6054,205
DA:6055,205
DA:6056,205
DA:6059,1616
DA:6060,1616
DA:6061,1616
DA:6062,1616
DA:6064,1616
DA:6065,0
DA:6069,1
DA:6070,880
DA:6073,1
DA:6074,0
DA:6075,0
DA:6076,0
DA:6079,1
DA:6080,0
DA:6081,0
DA:6082,0
DA:6098,2496
DA:6099,0
DA:6100,0
DA:6115,2496
DA:6116,1231
DA:6117,1231
DA:6118,1231
DA:6119,1231
DA:6120,324
DA:6122,907
DA:6123,907
DA:6124,907
DA:6126,907
DA:6127,652
DA:6132,255
DA:6133,100
DA:6135,155
DA:6136,50
DA:6138,105
DA:6156,2496
DA:6157,0
DA:6158,0
DA:6159,0
DA:6160,0
DA:6164,2496
DA:6170,1
DA:6171,1463
DA:6172,1463
DA:6174,1463
DA:6175,0
DA:6176,1463
DA:6177,1463
DA:6178,1463
DA:6181,1
DA:6182,0
DA:6185,1
DA:6186,0
DA:6187,0
DA:6189,0
DA:6190,0
DA:6191,0
DA:6194,1
DA:6195,880
DA:6197,880
DA:6198,324
DA:6201,556
DA:6203,556
DA:6205,556
DA:6207,556
DA:6208,242
DA:6209,314
DA:6210,116
DA:6211,198
DA:6212,72
DA:6214,126
DA:6218,1
DA:6219,0
DA:6220,0
DA:6238,2496
DA:6239,0
DA:6240,0
DA:6241,0
DA:6242,0
DA:6244,0
DA:6245,0
DA:6246,0
DA:6247,0
DA:6249,0
DA:6265,2496
DA:6266,880
DA:6267,880
DA:6268,0
DA:6269,880
DA:6270,880
DA:6272,880
DA:6273,880
DA:6274,880
DA:6275,880
DA:6277,880
DA:6281,1
DA:6282,0
DA:6283,0
DA:6284,0
DA:6285,0
DA:6286,0
DA:6304,2496
DA:6305,0
DA:6306,0
DA:6307,0
DA:6308,0
DA:6310,0
DA:6311,0
DA:6312,0
DA:6313,0
DA:6315,0
DA:6327,1
DA:6329,1
DA:6330,1
DA:6331,1
DA:6332,1
DA:6334,1
DA:6337,1
DA:6339,14
DA:6340,14
DA:6341,14
DA:6342,14
DA:6343,14
DA:6344,14
DA:6345,14
DA:6348,1
DA:6350,1
DA:6353,1
DA:6355,13
DA:6358,1
DA:6360,4
DA:6365,1
DA:6367,4
DA:6372,1
DA:6374,27
DA:6377,1
DA:6379,34
DA:6382,1
DA:6384,61
DA:6387,1
DA:6389,1
DA:6391,2496
DA:6393,2496
DA:6395,2496
DA:6397,2496
DA:6399,732
DA:6401,732
DA:6404,732
DA:6407,1764
DA:6411,1
DA:6413,34
DA:6416,1
DA:6418,34
DA:6421,1
DA:6423,1279
DA:6425,1279
DA:6427,0
DA:6430,1279
DA:6433,0
DA:6436,1
DA:6438,1279
DA:6440,1279
DA:6442,1135
DA:6445,1279
DA:6448,0
DA:6451,1
DA:6453,385
DA:6456,1
DA:6458,1
DA:6460,1760
DA:6463,1
DA:6465,1964
DA:6468,1
DA:6470,1
DA:6472,658
DA:6474,10
DA:6475,10
DA:6478,658
DA:6480,658
DA:6482,658
DA:6485,658
DA:6487,324
DA:6490,658
DA:6492,658
DA:6494,1974
DA:6497,658
DA:6499,658
DA:6501,658
DA:6503,658
DA:6504,658
DA:6505,658
DA:6506,658
DA:6508,658
DA:6511,1
DA:6513,1296
DA:6515,0
DA:6516,0
DA:6519,1296
DA:6521,972
DA:6525,324
DA:6528,972
DA:6530,972
DA:6535,972
DA:6537,0
DA:6540,972
DA:6542,0
DA:6545,972
DA:6547,0
DA:6550,972
DA:6552,0
DA:6555,972
DA:6557,324
DA:6560,648
DA:6562,0
DA:6565,648
DA:6567,216
DA:6570,432
DA:6572,0
DA:6575,432
DA:6577,216
DA:6580,216
DA:6586,1
DA:6588,1
DA:6589,1
DA:6590,1
DA:6591,1
DA:6592,1
LF:2643
LH:1824
BRDA:54,1,0,0
BRDA:54,1,1,0
BRDA:62,2,0,0
BRDA:62,2,1,0
BRDA:68,3,0,0
BRDA:68,3,1,0
BRDA:70,4,0,0
BRDA:70,4,1,0
BRDA:73,5,0,0
BRDA:73,5,1,0
BRDA:73,6,0,0
BRDA:73,6,1,0
BRDA:119,7,0,0
BRDA:119,7,1,0
BRDA:135,8,0,0
BRDA:135,8,1,0
BRDA:168,9,0,0
BRDA:168,9,1,13
BRDA:173,10,0,13
BRDA:173,10,1,0
BRDA:173,11,0,13
BRDA:173,11,1,13
BRDA:173,11,2,13
BRDA:173,11,3,13
BRDA:189,12,0,0
BRDA:189,12,1,0
BRDA:191,13,0,0
BRDA:191,13,1,0
BRDA:193,14,0,0
BRDA:193,14,1,0
BRDA:199,15,0,0
BRDA:199,15,1,0
BRDA:201,16,0,0
BRDA:201,16,1,0
BRDA:203,17,0,0
BRDA:203,17,1,0
BRDA:232,18,0,0
BRDA:232,18,1,0
BRDA:233,19,0,0
BRDA:233,19,1,0
BRDA:233,20,0,0
BRDA:233,20,1,0
BRDA:237,21,0,0
BRDA:237,21,1,0
BRDA:241,22,0,0
BRDA:241,22,1,0
BRDA:244,23,0,0
BRDA:244,23,1,0
BRDA:244,24,0,0
BRDA:244,24,1,0
BRDA:295,25,0,0
BRDA:295,25,1,0
BRDA:303,26,0,0
BRDA:303,26,1,0
BRDA:323,27,0,0
BRDA:323,27,1,0
BRDA:331,28,0,0
BRDA:331,28,1,0
BRDA:333,29,0,0
BRDA:333,29,1,0
BRDA:343,30,0,0
BRDA:343,30,1,0
BRDA:349,31,0,0
BRDA:349,31,1,0
BRDA:349,32,0,0
BRDA:349,32,1,0
BRDA:349,32,2,0
BRDA:349,32,3,0
BRDA:361,33,0,0
BRDA:361,33,1,1
BRDA:362,34,0,0
BRDA:362,34,1,1
BRDA:363,35,0,0
BRDA:363,35,1,1
BRDA:364,36,0,0
BRDA:364,36,1,1
BRDA:366,37,0,1
BRDA:366,37,1,0
BRDA:366,38,0,1
BRDA:366,38,1,1
BRDA:366,38,2,1
BRDA:366,38,3,1
BRDA:389,39,0,4
BRDA:389,39,1,0
BRDA:389,40,0,4
BRDA:389,40,1,4
BRDA:393,41,0,4
BRDA:393,41,1,0
BRDA:393,42,0,4
BRDA:393,42,1,4
BRDA:395,43,0,3
BRDA:395,43,1,1
BRDA:403,44,0,4
BRDA:403,44,1,0
BRDA:416,45,0,0
BRDA:416,45,1,242
BRDA:416,46,0,242
BRDA:416,46,1,242
BRDA:437,47,0,0
BRDA:437,47,1,0
BRDA:446,48,0,0
BRDA:446,48,1,0
BRDA:480,49,0,4
BRDA:480,49,1,246
BRDA:484,50,0,244
BRDA:484,50,1,2
BRDA:488,51,0,250
BRDA:488,51,1,0
BRDA:500,52,0,211
BRDA:500,52,1,76788
BRDA:502,53,0,0
BRDA:502,53,1,76788
BRDA:503,54,0,19301
BRDA:503,54,1,57487
BRDA:508,55,0,19301
BRDA:508,55,1,38186
BRDA:513,56,0,19096
BRDA:513,56,1,19090
BRDA:525,57,0,0
BRDA:525,57,1,219
BRDA:558,58,0,779
BRDA:558,58,1,38050
BRDA:559,59,0,8
BRDA:559,59,1,771
BRDA:560,60,0,116
BRDA:560,60,1,655
BRDA:560,61,0,771
BRDA:560,61,1,116
BRDA:612,62,0,0
BRDA:612,62,1,1
BRDA:612,63,0,1
BRDA:612,63,1,1
BRDA:616,64,0,0
BRDA:616,64,1,1
BRDA:616,65,0,1
BRDA:616,65,1,1
BRDA:648,66,0,0
BRDA:648,66,1,283710
BRDA:661,67,0,0
BRDA:661,67,1,1181
BRDA:662,68,0,1164
BRDA:662,68,1,17
BRDA:663,69,0,0
BRDA:663,69,1,17
BRDA:673,70,0,655
BRDA:673,70,1,124
BRDA:674,71,0,0
BRDA:674,71,1,124
BRDA:675,72,0,124
BRDA:675,72,1,0
BRDA:676,73,0,0
BRDA:676,73,1,0
BRDA:677,74,0,0
BRDA:677,74,1,0
BRDA:678,75,0,0
BRDA:678,75,1,0
BRDA:684,76,0,30728
BRDA:684,76,1,283710
BRDA:685,77,0,0
BRDA:685,77,1,314438
BRDA:686,78,0,0
BRDA:686,78,1,0
BRDA:690,79,0,45502
BRDA:690,79,1,268936
BRDA:692,80,0,4436
BRDA:692,80,1,264500
BRDA:699,81,0,49159
BRDA:699,81,1,265279
BRDA:701,82,0,0
BRDA:701,82,1,779
BRDA:701,83,0,779
BRDA:701,83,1,124
BRDA:703,84,0,0
BRDA:703,84,1,0
BRDA:706,85,0,0
BRDA:706,85,1,779
BRDA:712,86,0,3347454
BRDA:712,86,1,3347421
BRDA:717,87,0,0
BRDA:717,87,1,382
BRDA:719,88,0,379
BRDA:719,88,1,3
BRDA:720,89,0,0
BRDA:720,89,1,3
BRDA:721,90,0,0
BRDA:721,90,1,3
BRDA:722,91,0,0
BRDA:722,91,1,3
BRDA:723,92,0,0
BRDA:723,92,1,3
BRDA:727,93,0,379
BRDA:727,93,1,0
BRDA:728,94,0,0
BRDA:728,94,1,379
BRDA:728,95,0,379
BRDA:728,95,1,0
BRDA:730,96,0,0
BRDA:730,96,1,190281
BRDA:736,97,0,27183
BRDA:736,97,1,163098
BRDA:738,98,0,177545
BRDA:738,98,1,12736
BRDA:739,99,0,188594
BRDA:739,99,1,1687
BRDA:742,100,0,379
BRDA:742,100,1,0
BRDA:749,101,0,0
BRDA:749,101,1,1127720
BRDA:754,102,0,8
BRDA:754,102,1,996147
BRDA:757,103,0,13426
BRDA:757,103,1,982721
BRDA:757,104,0,0
BRDA:757,104,1,13426
BRDA:758,105,0,982632
BRDA:758,105,1,1955
BRDA:765,106,0,450
BRDA:765,106,1,6854
BRDA:766,107,0,5553
BRDA:766,107,1,1751
BRDA:767,108,0,5222
BRDA:767,108,1,2082
BRDA:768,109,0,6459
BRDA:768,109,1,845
BRDA:769,110,0,5381
BRDA:769,110,1,1923
BRDA:775,111,0,0
BRDA:775,111,1,3602
BRDA:816,112,0,12
BRDA:816,112,1,51261
BRDA:825,113,0,51261
BRDA:825,113,1,0
BRDA:838,114,0,23024
BRDA:838,114,1,13139
BRDA:856,115,0,12343
BRDA:856,115,1,23820
BRDA:857,116,0,1
BRDA:857,116,1,36162
BRDA:858,117,0,1
BRDA:858,117,1,36161
BRDA:873,118,0,0
BRDA:873,118,1,143364
BRDA:883,119,0,3436
BRDA:883,119,1,30096954
BRDA:888,120,0,832759
BRDA:888,120,1,0
BRDA:897,121,0,0
BRDA:897,121,1,2335
BRDA:899,122,0,0
BRDA:899,122,1,2335
BRDA:900,123,0,0
BRDA:900,123,1,0
BRDA:901,124,0,0
BRDA:901,124,1,0
BRDA:904,125,0,0
BRDA:904,125,1,2335
BRDA:907,126,0,2335
BRDA:907,126,1,0
BRDA:911,127,0,0
BRDA:911,127,1,2335
BRDA:912,128,0,2101
BRDA:912,128,1,234
BRDA:914,129,0,2101
BRDA:914,129,1,234
BRDA:916,130,0,7
BRDA:916,130,1,2328
BRDA:925,131,0,0
BRDA:925,131,1,81887
BRDA:926,132,0,10
BRDA:926,132,1,81877
BRDA:932,133,0,234
BRDA:932,133,1,2101
BRDA:934,134,0,0
BRDA:934,134,1,234
BRDA:938,135,0,2335
BRDA:938,135,1,0
BRDA:939,136,0,0
BRDA:939,136,1,2335
BRDA:946,137,0,0
BRDA:946,137,1,734
BRDA:946,138,0,734
BRDA:946,138,1,0
BRDA:953,139,0,0
BRDA:953,139,1,348
BRDA:953,140,0,348
BRDA:953,140,1,348
BRDA:978,141,0,0
BRDA:978,141,1,1019
BRDA:980,142,0,0
BRDA:980,142,1,1019
BRDA:989,143,0,0
BRDA:989,143,1,1019
BRDA:1007,144,0,0
BRDA:1007,144,1,1019
BRDA:1007,145,0,1019
BRDA:1007,145,1,0
BRDA:1035,146,0,49
BRDA:1035,146,1,976253
BRDA:1051,147,0,48799
BRDA:1051,147,1,4
BRDA:1055,148,0,0
BRDA:1055,148,1,553
BRDA:1055,149,0,553
BRDA:1055,149,1,553
BRDA:1060,150,0,205
BRDA:1060,150,1,3423
BRDA:1069,151,0,348
BRDA:1069,151,1,205
BRDA:1069,152,0,553
BRDA:1069,152,1,205
BRDA:1118,153,0,0
BRDA:1118,153,1,329
BRDA:1119,154,0,0
BRDA:1119,154,1,0
BRDA:1120,155,0,0
BRDA:1120,155,1,0
BRDA:1122,156,0,329
BRDA:1122,156,1,0
BRDA:1123,157,0,0
BRDA:1123,157,1,0
BRDA:1129,158,0,0
BRDA:1129,158,1,0
BRDA:1132,159,0,0
BRDA:1132,159,1,0
BRDA:1139,160,0,8
BRDA:1139,160,1,15439
BRDA:1140,161,0,23
BRDA:1140,161,1,15416
BRDA:1140,162,0,15439
BRDA:1140,162,1,15416
BRDA:1140,162,2,372
BRDA:1146,163,0,3
BRDA:1146,163,1,0
BRDA:1147,164,0,0
BRDA:1147,164,1,3
BRDA:1147,165,0,3
BRDA:1147,165,1,3
BRDA:1147,165,2,3
BRDA:1162,166,0,0
BRDA:1162,166,1,0
BRDA:1167,167,0,0
BRDA:1167,167,1,0
BRDA:1168,168,0,0
BRDA:1168,168,1,0
BRDA:1168,169,0,0
BRDA:1168,169,1,0
BRDA:1172,170,0,0
BRDA:1172,170,1,0
BRDA:1179,171,0,0
BRDA:1179,171,1,0
BRDA:1183,172,0,0
BRDA:1183,172,1,0
BRDA:1188,173,0,8
BRDA:1188,173,1,8
BRDA:1190,174,0,0
BRDA:1190,174,1,8
BRDA:1193,175,0,3
BRDA:1193,175,1,5
BRDA:1195,176,0,3
BRDA:1195,176,1,5
BRDA:1198,177,0,0
BRDA:1198,177,1,1794
BRDA:1207,178,0,0
BRDA:1207,178,1,8
BRDA:1217,179,0,100
BRDA:1217,179,1,0
BRDA:1218,180,0,15
BRDA:1218,180,1,85
BRDA:1218,181,0,100
BRDA:1218,181,1,16
BRDA:1221,182,0,3684
BRDA:1221,182,1,22152
BRDA:1227,183,0,3700
BRDA:1227,183,1,18452
BRDA:1229,184,0,12825
BRDA:1229,184,1,13011
BRDA:1230,185,0,0
BRDA:1230,185,1,25836
BRDA:1230,186,0,25836
BRDA:1230,186,1,337
BRDA:1231,187,0,25584
BRDA:1231,187,1,252
BRDA:1231,188,0,25836
BRDA:1231,188,1,337
BRDA:1238,189,0,0
BRDA:1238,189,1,0
BRDA:1239,190,0,0
BRDA:1239,190,1,0
BRDA:1245,191,0,0
BRDA:1245,191,1,3
BRDA:1287,192,0,0
BRDA:1287,192,1,3
BRDA:1294,193,0,0
BRDA:1294,193,1,298
BRDA:1300,194,0,0
BRDA:1300,194,1,16850
BRDA:1302,195,0,0
BRDA:1302,195,1,16850
BRDA:1303,196,0,32
BRDA:1303,196,1,16818
BRDA:1304,197,0,521
BRDA:1304,197,1,16329
BRDA:1305,198,0,1783
BRDA:1305,198,1,15067
BRDA:1306,199,0,2939
BRDA:1306,199,1,13911
BRDA:1313,200,0,16850
BRDA:1313,200,1,0
BRDA:1314,201,0,0
BRDA:1314,201,1,0
BRDA:1335,202,0,0
BRDA:1335,202,1,8
BRDA:1363,203,0,242
BRDA:1363,203,1,4219
BRDA:1381,204,0,1
BRDA:1381,204,1,4460
BRDA:1382,205,0,0
BRDA:1382,205,1,4461
BRDA:1383,206,0,0
BRDA:1383,206,1,4461
BRDA:1422,207,0,0
BRDA:1422,207,1,1797
BRDA:1427,208,0,0
BRDA:1427,208,1,0
BRDA:1483,209,0,0
BRDA:1483,209,1,0
BRDA:1483,210,0,0
BRDA:1483,210,1,0
BRDA:1484,211,0,0
BRDA:1484,211,1,0
BRDA:1493,212,0,0
BRDA:1493,212,1,0
BRDA:1516,213,0,0
BRDA:1516,213,1,814
BRDA:1517,214,0,0
BRDA:1517,214,1,814
BRDA:1518,215,0,0
BRDA:1518,215,1,814
BRDA:1519,216,0,0
BRDA:1519,216,1,814
BRDA:1520,217,0,0
BRDA:1520,217,1,814
BRDA:1522,218,0,0
BRDA:1522,218,1,814
BRDA:1524,219,0,0
BRDA:1524,219,1,814
BRDA:1532,220,0,814
BRDA:1532,220,1,0
BRDA:1545,221,0,95613
BRDA:1545,221,1,22634
BRDA:1548,222,0,21867
BRDA:1548,222,1,767
BRDA:1553,223,0,22042
BRDA:1553,223,1,96205
BRDA:1554,224,0,814
BRDA:1554,224,1,117433
BRDA:1560,225,0,40633
BRDA:1560,225,1,76800
BRDA:1564,226,0,359335
BRDA:1564,226,1,358521
BRDA:1566,227,0,8076
BRDA:1566,227,1,233012
BRDA:1574,228,0,0
BRDA:1574,228,1,12
BRDA:1575,229,0,0
BRDA:1575,229,1,12
BRDA:1576,230,0,0
BRDA:1576,230,1,12
BRDA:1578,231,0,0
BRDA:1578,231,1,12
BRDA:1579,232,0,0
BRDA:1579,232,1,12
BRDA:1580,233,0,0
BRDA:1580,233,1,12
BRDA:1585,234,0,4074
BRDA:1585,234,1,4190
BRDA:1586,235,0,33
BRDA:1586,235,1,8231
BRDA:1587,236,0,8188
BRDA:1587,236,1,76
BRDA:1596,237,0,0
BRDA:1596,237,1,12
BRDA:1602,238,0,0
BRDA:1602,238,1,27020
BRDA:1603,239,0,0
BRDA:1603,239,1,27020
BRDA:1604,240,0,27020
BRDA:1604,240,1,0
BRDA:1605,241,0,0
BRDA:1605,241,1,27020
BRDA:1613,242,0,0
BRDA:1613,242,1,8
BRDA:1613,243,0,8
BRDA:1613,243,1,0
BRDA:1613,243,2,8
BRDA:1619,244,0,8165
BRDA:1619,244,1,2878
BRDA:1620,245,0,4104
BRDA:1620,245,1,4061
BRDA:1620,246,0,8165
BRDA:1620,246,1,4061
BRDA:1623,247,0,1436
BRDA:1623,247,1,1442
BRDA:1628,248,0,44
BRDA:1628,248,1,2943
BRDA:1629,249,0,19
BRDA:1629,249,1,25
BRDA:1629,250,0,44
BRDA:1629,250,1,25
BRDA:1632,251,0,1510
BRDA:1632,251,1,1433
BRDA:1635,252,0,5453
BRDA:1635,252,1,1449
BRDA:1637,253,0,4048
BRDA:1637,253,1,1405
BRDA:1642,254,0,21
BRDA:1642,254,1,1428
BRDA:1646,255,0,0
BRDA:1646,255,1,8
BRDA:1647,256,0,0
BRDA:1647,256,1,8
BRDA:1648,257,0,8
BRDA:1648,257,1,0
BRDA:1649,258,0,0
BRDA:1649,258,1,8
BRDA:1658,259,0,0
BRDA:1658,259,1,1810
BRDA:1658,260,0,1810
BRDA:1658,260,1,0
BRDA:1660,261,0,0
BRDA:1660,261,1,0
BRDA:1663,262,0,0
BRDA:1663,262,1,1810
BRDA:1667,263,0,69210
BRDA:1667,263,1,68912
BRDA:1669,264,0,1512
BRDA:1669,264,1,62703
BRDA:1678,265,0,0
BRDA:1678,265,1,298
BRDA:1681,266,0,0
BRDA:1681,266,1,298
BRDA:1687,267,0,292
BRDA:1687,267,1,38
BRDA:1687,268,0,330
BRDA:1687,268,1,311
BRDA:1689,269,0,640
BRDA:1689,269,1,349
BRDA:1691,270,0,0
BRDA:1691,270,1,348
BRDA:1693,271,0,282
BRDA:1693,271,1,10
BRDA:1814,272,0,86
BRDA:1814,272,1,131
BRDA:1816,273,0,0
BRDA:1816,273,1,131
BRDA:1817,274,0,131
BRDA:1817,274,1,0
BRDA:1817,275,0,131
BRDA:1817,275,1,131
BRDA:1832,276,0,0
BRDA:1832,276,1,95
BRDA:1854,277,0,0
BRDA:1854,277,1,95
BRDA:1856,278,0,43
BRDA:1856,278,1,52
BRDA:1874,279,0,0
BRDA:1874,279,1,122
BRDA:1944,280,0,0
BRDA:1944,280,1,0
BRDA:1944,281,0,0
BRDA:1944,281,1,0
BRDA:1945,282,0,0
BRDA:1945,282,1,0
BRDA:1997,283,0,0
BRDA:1997,283,1,0
BRDA:2121,284,0,5303
BRDA:2121,284,1,78921
BRDA:2191,285,0,1206
BRDA:2191,285,1,2933
BRDA:2192,286,0,1900
BRDA:2192,286,1,1033
BRDA:2219,287,0,1
BRDA:2219,287,1,0
BRDA:2369,288,0,0
BRDA:2369,288,1,0
BRDA:2431,289,0,1
BRDA:2431,289,1,0
BRDA:2431,290,0,1
BRDA:2431,290,1,0
BRDA:2446,291,0,1
BRDA:2446,291,1,0
BRDA:2446,292,0,1
BRDA:2446,292,1,0
BRDA:2535,293,0,0
BRDA:2535,293,1,126
BRDA:2554,294,0,0
BRDA:2554,294,1,126
BRDA:2740,295,0,0
BRDA:2740,295,1,1743
BRDA:2740,296,0,1743
BRDA:2740,296,1,1743
BRDA:2743,297,0,1743
BRDA:2743,297,1,0
BRDA:2743,298,0,1743
BRDA:2743,298,1,1743
BRDA:2770,299,0,0
BRDA:2770,299,1,1743
BRDA:2770,300,0,1743
BRDA:2770,300,1,1094
BRDA:2868,301,0,1743
BRDA:2868,301,1,0
BRDA:2869,302,0,1743
BRDA:2869,302,1,0
BRDA:2871,303,0,1743
BRDA:2871,303,1,0
BRDA:2910,304,0,0
BRDA:2910,304,1,0
BRDA:2913,305,0,0
BRDA:2913,305,1,0
BRDA:2917,306,0,0
BRDA:2917,306,1,0
BRDA:2923,307,0,0
BRDA:2923,307,1,0
BRDA:2923,308,0,0
BRDA:2923,308,1,0
BRDA:3023,309,0,0
BRDA:3023,309,1,0
BRDA:3024,310,0,0
BRDA:3024,310,1,0
BRDA:3027,311,0,0
BRDA:3027,311,1,0
BRDA:3029,312,0,0
BRDA:3029,312,1,0
BRDA:3132,313,0,0
BRDA:3132,313,1,0
BRDA:3160,314,0,0
BRDA:3160,314,1,0
BRDA:3163,315,0,0
BRDA:3163,315,1,0
BRDA:3172,316,0,0
BRDA:3172,316,1,0
BRDA:3173,317,0,0
BRDA:3173,317,1,0
BRDA:3173,318,0,0
BRDA:3173,318,1,0
BRDA:3177,319,0,0
BRDA:3177,319,1,0
BRDA:3177,320,0,0
BRDA:3177,320,1,0
BRDA:3177,320,2,0
BRDA:3183,321,0,0
BRDA:3183,321,1,0
BRDA:3183,322,0,0
BRDA:3183,322,1,0
BRDA:3183,322,2,0
BRDA:3189,323,0,0
BRDA:3189,323,1,0
BRDA:3189,324,0,0
BRDA:3189,324,1,0
BRDA:3193,325,0,0
BRDA:3193,325,1,0
BRDA:3193,326,0,0
BRDA:3193,326,1,0
BRDA:3197,327,0,0
BRDA:3197,327,1,0
BRDA:3197,328,0,0
BRDA:3197,328,1,0
BRDA:3197,328,2,0
BRDA:3197,328,3,0
BRDA:3207,329,0,0
BRDA:3207,329,1,0
BRDA:3208,330,0,0
BRDA:3208,330,1,0
BRDA:3211,331,0,0
BRDA:3211,331,1,0
BRDA:3217,332,0,0
BRDA:3217,332,1,0
BRDA:3218,333,0,0
BRDA:3218,333,1,0
BRDA:3221,334,0,0
BRDA:3221,334,1,0
BRDA:3231,335,0,0
BRDA:3231,335,1,0
BRDA:3231,336,0,0
BRDA:3231,336,1,0
BRDA:3242,337,0,0
BRDA:3242,337,1,0
BRDA:3242,338,0,0
BRDA:3242,338,1,0
BRDA:3246,339,0,0
BRDA:3246,339,1,0
BRDA:3248,340,0,0
BRDA:3248,340,1,0
BRDA:3270,341,0,0
BRDA:3270,341,1,0
BRDA:3270,342,0,0
BRDA:3270,342,1,0
BRDA:3274,343,0,0
BRDA:3274,343,1,0
BRDA:3278,344,0,0
BRDA:3278,344,1,0
BRDA:3281,345,0,0
BRDA:3281,345,1,0
BRDA:3298,346,0,0
BRDA:3298,346,1,0
BRDA:3298,347,0,0
BRDA:3298,347,1,0
BRDA:3302,348,0,0
BRDA:3302,348,1,0
BRDA:3306,349,0,0
BRDA:3306,349,1,0
BRDA:3308,350,0,0
BRDA:3308,350,1,0
BRDA:3504,351,0,0
BRDA:3504,351,1,0
BRDA:3505,352,0,0
BRDA:3505,352,1,0
BRDA:3507,353,0,0
BRDA:3507,353,1,0
BRDA:3517,354,0,0
BRDA:3517,354,1,0
BRDA:3519,355,0,0
BRDA:3519,355,1,0
BRDA:3520,356,0,0
BRDA:3520,356,1,0
BRDA:3684,357,0,116
BRDA:3684,357,1,0
BRDA:3714,358,0,116
BRDA:3714,358,1,0
BRDA:3714,359,0,116
BRDA:3714,359,1,0
BRDA:3716,360,0,0
BRDA:3716,360,1,0
BRDA:3718,361,0,0
BRDA:3718,361,1,0
BRDA:3722,362,0,0
BRDA:3722,362,1,116
BRDA:3728,363,0,116
BRDA:3728,363,1,0
BRDA:3783,364,0,105
BRDA:3783,364,1,310
BRDA:3794,365,0,0
BRDA:3794,365,1,0
BRDA:3824,366,0,0
BRDA:3824,366,1,105
BRDA:3829,367,0,0
BRDA:3829,367,1,105
BRDA:3852,368,0,0
BRDA:3852,368,1,0
BRDA:3857,369,0,0
BRDA:3857,369,1,0
BRDA:3885,370,0,100
BRDA:3885,370,1,0
BRDA:3911,371,0,0
BRDA:3911,371,1,100
BRDA:3922,372,0,100
BRDA:3922,372,1,0
BRDA:3922,373,0,100
BRDA:3922,373,1,0
BRDA:3924,374,0,0
BRDA:3924,374,1,0
BRDA:3926,375,0,0
BRDA:3926,375,1,0
BRDA:3930,376,0,0
BRDA:3930,376,1,100
BRDA:3944,377,0,0
BRDA:3944,377,1,100
BRDA:3955,378,0,0
BRDA:3955,378,1,100
BRDA:3971,379,0,0
BRDA:3971,379,1,15800
BRDA:3976,380,0,0
BRDA:3976,380,1,100
BRDA:4137,381,0,53
BRDA:4137,381,1,51
BRDA:4147,382,0,48
BRDA:4147,382,1,12
BRDA:4161,383,0,15
BRDA:4161,383,1,29
BRDA:4245,384,0,0
BRDA:4245,384,1,0
BRDA:4245,385,0,0
BRDA:4245,385,1,0
BRDA:4245,385,2,0
BRDA:4273,386,0,1
BRDA:4273,386,1,1
BRDA:4315,387,0,8
BRDA:4315,387,1,4296
BRDA:4320,388,0,4299
BRDA:4320,388,1,5
BRDA:4382,389,0,36
BRDA:4382,389,1,0
BRDA:4388,390,0,1
BRDA:4388,390,1,7
BRDA:4428,391,0,8715
BRDA:4428,391,1,2894
BRDA:4430,392,0,5878
BRDA:4430,392,1,2837
BRDA:4451,393,0,1743
BRDA:4451,393,1,0
BRDA:4476,394,0,0
BRDA:4476,394,1,1743
BRDA:4482,395,0,0
BRDA:4482,395,1,1743
BRDA:4753,396,0,231
BRDA:4753,396,1,1512
BRDA:4786,397,0,0
BRDA:4786,397,1,3486
BRDA:4802,398,0,2335
BRDA:4802,398,1,1151
BRDA:4918,399,0,0
BRDA:4918,399,1,1743
BRDA:5207,400,0,649
BRDA:5207,400,1,0
BRDA:5209,401,0,0
BRDA:5209,401,1,649
BRDA:5289,402,0,246
BRDA:5289,402,1,872
BRDA:5304,403,0,64
BRDA:5304,403,1,246
BRDA:5305,404,0,8
BRDA:5305,404,1,56
BRDA:5344,405,0,39264
BRDA:5344,405,1,117792
BRDA:5590,406,0,21488
BRDA:5590,406,1,85952
BRDA:5618,407,0,38563
BRDA:5618,407,1,47389
BRDA:5620,408,0,41240
BRDA:5620,408,1,44712
BRDA:5622,409,0,38529
BRDA:5622,409,1,47423
BRDA:5644,410,0,53145
BRDA:5644,410,1,54295
BRDA:5646,411,0,54521
BRDA:5646,411,1,52919
BRDA:5648,412,0,56354
BRDA:5648,412,1,51086
BRDA:5650,413,0,48636
BRDA:5650,413,1,58804
BRDA:5654,414,0,53652
BRDA:5654,414,1,53788
BRDA:5664,415,0,54765
BRDA:5664,415,1,52675
BRDA:5672,416,0,54192
BRDA:5672,416,1,53248
BRDA:5677,417,0,968
BRDA:5677,417,1,375
BRDA:5679,418,0,630
BRDA:5679,418,1,713
BRDA:5681,419,0,1003
BRDA:5681,419,1,340
BRDA:5683,420,0,563
BRDA:5683,420,1,780
BRDA:5685,421,0,821
BRDA:5685,421,1,522
BRDA:5687,422,0,491
BRDA:5687,422,1,852
BRDA:5689,423,0,988
BRDA:5689,423,1,355
BRDA:5691,424,0,410
BRDA:5691,424,1,933
BRDA:5794,425,0,0
BRDA:5794,425,1,0
BRDA:5803,426,0,0
BRDA:5803,426,1,0
BRDA:5917,427,0,1
BRDA:5917,427,1,0
BRDA:5936,428,0,0
BRDA:5936,428,1,1
BRDA:5936,429,0,1
BRDA:5936,429,1,1
BRDA:5937,430,0,1
BRDA:5937,430,1,0
BRDA:5937,431,0,1
BRDA:5937,431,1,0
BRDA:5976,432,0,0
BRDA:5976,432,1,1764
BRDA:5977,433,0,0
BRDA:5977,433,1,1764
BRDA:5978,434,0,1764
BRDA:5978,434,1,0
BRDA:6000,435,0,0
BRDA:6000,435,1,0
BRDA:6001,436,0,0
BRDA:6001,436,1,0
BRDA:6018,437,0,0
BRDA:6018,437,1,0
BRDA:6035,438,0,0
BRDA:6035,438,1,1616
BRDA:6035,439,0,1616
BRDA:6035,439,1,0
BRDA:6035,439,2,0
BRDA:6039,440,0,0
BRDA:6039,440,1,1616
BRDA:6052,441,0,205
BRDA:6052,441,1,1411
BRDA:6064,442,0,0
BRDA:6064,442,1,1616
BRDA:6075,443,0,0
BRDA:6075,443,1,0
BRDA:6119,444,0,324
BRDA:6119,444,1,907
BRDA:6126,445,0,652
BRDA:6126,445,1,255
BRDA:6132,446,0,100
BRDA:6132,446,1,155
BRDA:6135,447,0,50
BRDA:6135,447,1,105
BRDA:6174,448,0,0
BRDA:6174,448,1,1463
BRDA:6176,449,0,752
BRDA:6176,449,1,711
BRDA:6177,450,0,711
BRDA:6177,450,1,752
BRDA:6197,451,0,324
BRDA:6197,451,1,556
BRDA:6207,452,0,242
BRDA:6207,452,1,314
BRDA:6209,453,0,116
BRDA:6209,453,1,198
BRDA:6211,454,0,72
BRDA:6211,454,1,126
BRDA:6239,455,0,0
BRDA:6239,455,1,0
BRDA:6267,456,0,0
BRDA:6267,456,1,880
BRDA:6305,457,0,0
BRDA:6305,457,1,0
BRDA:6397,458,0,732
BRDA:6397,458,1,1764
BRDA:6399,459,0,732
BRDA:6399,459,1,0
BRDA:6413,460,0,34
BRDA:6413,460,1,34
BRDA:6418,461,0,34
BRDA:6418,461,1,34
BRDA:6423,462,0,1279
BRDA:6423,462,1,0
BRDA:6425,463,0,0
BRDA:6425,463,1,1279
BRDA:6425,464,0,1279
BRDA:6425,464,1,0
BRDA:6438,465,0,1279
BRDA:6438,465,1,0
BRDA:6440,466,0,1135
BRDA:6440,466,1,144
BRDA:6440,467,0,1279
BRDA:6440,467,1,1135
BRDA:6460,468,0,1464
BRDA:6460,468,1,296
BRDA:6472,469,0,10
BRDA:6472,469,1,648
BRDA:6485,470,0,324
BRDA:6485,470,1,334
BRDA:6501,471,0,658
BRDA:6501,471,1,226
BRDA:6513,472,0,0
BRDA:6513,472,1,1296
BRDA:6519,473,0,972
BRDA:6519,473,1,324
BRDA:6528,474,0,972
BRDA:6528,474,1,0
BRDA:6533,475,0,972
BRDA:6533,475,1,324
BRDA:6535,476,0,0
BRDA:6535,476,1,972
BRDA:6540,477,0,0
BRDA:6540,477,1,972
BRDA:6545,478,0,0
BRDA:6545,478,1,972
BRDA:6550,479,0,0
BRDA:6550,479,1,972
BRDA:6555,480,0,324
BRDA:6555,480,1,648
BRDA:6560,481,0,0
BRDA:6560,481,1,648
BRDA:6565,482,0,216
BRDA:6565,482,1,432
BRDA:6570,483,0,0
BRDA:6570,483,1,432
BRDA:6575,484,0,216
BRDA:6575,484,1,216
BRF:983
BRH:531
end_of_record
