TN:
SF:/home/david/Private/hub/common/node-jsjws/Gruntfile.js
FN:6,(anonymous_1)
FN:109,(anonymous_2)
FN:118,(anonymous_3)
FN:129,(anonymous_4)
FNF:4
FNH:4
FNDA:1,(anonymous_1)
FNDA:1,(anonymous_2)
FNDA:1,(anonymous_3)
FNDA:1,(anonymous_4)
DA:2,1
DA:4,1
DA:6,1
DA:8,1
DA:82,1
DA:83,1
DA:84,1
DA:85,1
DA:87,1
DA:88,1
DA:94,1
DA:100,1
DA:101,1
DA:102,1
DA:103,1
DA:104,1
DA:105,1
DA:106,1
DA:107,1
DA:109,1
DA:111,1
DA:116,1
DA:120,1
DA:122,1
DA:123,1
DA:127,1
DA:131,1
DA:133,1
DA:135,1
DA:137,0
LF:30
LH:29
BRDA:120,1,0,1
BRDA:120,1,1,0
BRDA:131,2,0,1
BRDA:131,2,1,0
BRDA:135,3,0,0
BRDA:135,3,1,1
BRF:6
BRH:3
end_of_record
TN:
SF:/home/david/Private/hub/common/node-jsjws/lib/jsjws.js
FN:10,alert
FN:18,SecureRandom
FN:23,(anonymous_3)
FN:37,parseBigInt
FN:41,linebrk
FN:51,byte2Hex
FN:59,pkcs1pad2
FN:95,oaep_mgf1_arr
FN:115,oaep_pad
FN:153,RSAKey
FN:165,RSASetPublic
FN:180,RSADoPublic
FN:185,RSAEncrypt
FN:195,RSAEncryptOAEP
FN:225,pkcs1unpad2
FN:253,oaep_mgf1_str
FN:273,oaep_unpad
FN:338,RSASetPrivate
FN:355,RSASetPrivateEx
FN:377,RSAGenerate
FN:411,RSADoPrivate
FN:430,RSADecrypt
FN:439,RSADecryptOAEP
FN:466,hex2b64
FN:487,b64tohex
FN:525,b64toBA
FN:549,BigInteger
FN:557,nbi
FN:567,am1
FN:578,am2
FN:592,am3
FN:637,int2char
FN:638,intAt
FN:644,bnpCopyTo
FN:651,bnpFromInt
FN:660,nbv
FN:663,bnpFromString
FN:702,bnpClamp
FN:708,bnToString
FN:738,bnNegate
FN:741,bnAbs
FN:744,bnCompareTo
FN:755,nbits
FN:766,bnBitLength
FN:772,bnpDLShiftTo
FN:781,bnpDRShiftTo
FN:788,bnpLShiftTo
FN:805,bnpRShiftTo
FN:823,bnpSubTo
FN:857,bnpMultiplyTo
FN:869,bnpSquareTo
FN:887,bnpDivRemTo
FN:935,bnMod
FN:943,Classic
FN:944,cConvert
FN:948,cRevert
FN:949,cReduce
FN:950,cMulTo
FN:951,cSqrTo
FN:969,bnpInvDigit
FN:985,Montgomery
FN:995,montConvert
FN:1004,montRevert
FN:1012,montReduce
FN:1031,montSqrTo
FN:1034,montMulTo
FN:1043,bnpIsEven
FN:1046,bnpExp
FN:1059,bnModPowInt
FN:1104,bnClone
FN:1107,bnIntValue
FN:1119,bnByteValue
FN:1122,bnShortValue
FN:1125,bnpChunkSize
FN:1128,bnSigNum
FN:1135,bnpToRadix
FN:1150,bnpFromRadix
FN:1177,bnpFromNumber
FN:1203,bnToByteArray
FN:1227,bnEquals
FN:1228,bnMin
FN:1229,bnMax
FN:1232,bnpBitwiseTo
FN:1250,op_and
FN:1251,bnAnd
FN:1254,op_or
FN:1255,bnOr
FN:1258,op_xor
FN:1259,bnXor
FN:1262,op_andnot
FN:1263,bnAndNot
FN:1266,bnNot
FN:1275,bnShiftLeft
FN:1282,bnShiftRight
FN:1289,lbit
FN:1301,bnGetLowestSetBit
FN:1309,cbit
FN:1316,bnBitCount
FN:1323,bnTestBit
FN:1330,bnpChangeBit
FN:1337,bnSetBit
FN:1340,bnClearBit
FN:1343,bnFlipBit
FN:1346,bnpAddTo
FN:1379,bnAdd
FN:1382,bnSubtract
FN:1385,bnMultiply
FN:1388,bnSquare
FN:1391,bnDivide
FN:1394,bnRemainder
FN:1397,bnDivideAndRemainder
FN:1404,bnpDMultiply
FN:1411,bnpDAddOffset
FN:1423,NullExp
FN:1424,nNop
FN:1425,nMulTo
FN:1426,nSqrTo
FN:1434,bnPow
FN:1438,bnpMultiplyLowerTo
FN:1451,bnpMultiplyUpperTo
FN:1463,Barrett
FN:1472,barrettConvert
FN:1478,barrettRevert
FN:1481,barrettReduce
FN:1492,barrettSqrTo
FN:1495,barrettMulTo
FN:1504,bnModPow
FN:1563,bnGCD
FN:1591,bnpModInt
FN:1601,bnModInverse
FN:1646,bnIsProbablePrime
FN:1665,bnpMillerRabin
FN:1793,(anonymous_133)
FN:1803,(anonymous_134)
FN:1820,(anonymous_135)
FN:1842,(anonymous_136)
FN:1862,(anonymous_137)
FN:1877,(anonymous_138)
FN:1893,(anonymous_139)
FN:1909,(anonymous_140)
FN:1924,(anonymous_141)
FN:1957,(anonymous_142)
FN:1974,(anonymous_143)
FN:1994,(anonymous_144)
FN:2010,(anonymous_145)
FN:2059,Base64x
FN:2068,stoBA
FN:2081,BAtos
FN:2095,BAtohex
FN:2112,stohex
FN:2123,stob64
FN:2134,stob64u
FN:2144,b64utos
FN:2155,b64tob64u
FN:2168,b64utob64
FN:2182,hextob64u
FN:2191,b64utohex
FN:2199,(anonymous_158)
FN:2204,(anonymous_159)
FN:2218,(anonymous_160)
FN:2229,(anonymous_161)
FN:2242,utf8tob64
FN:2252,b64toutf8
FN:2263,utf8tohex
FN:2275,hextoutf8
FN:2287,hextorstr
FN:2303,rstrtohex
FN:2318,uricmptohex
FN:2328,hextouricmp
FN:2343,encodeURIComponentAll
FN:2364,newline_toUnix
FN:2375,newline_toDos
FN:2434,(anonymous_173)
FN:2511,(anonymous_174)
FN:2527,(anonymous_175)
FN:2555,(anonymous_176)
FN:2570,(anonymous_177)
FN:2584,(anonymous_178)
FN:2598,(anonymous_179)
FN:2603,(anonymous_180)
FN:2617,(anonymous_181)
FN:2622,(anonymous_182)
FN:2636,(anonymous_183)
FN:2650,(anonymous_184)
FN:2658,(anonymous_185)
FN:2697,(anonymous_186)
FN:2716,(anonymous_187)
FN:2727,(anonymous_188)
FN:2730,(anonymous_189)
FN:2734,(anonymous_190)
FN:2738,(anonymous_191)
FN:2742,(anonymous_192)
FN:2754,(anonymous_193)
FN:2757,(anonymous_194)
FN:2761,(anonymous_195)
FN:2765,(anonymous_196)
FN:2769,(anonymous_197)
FN:2786,(anonymous_198)
FN:2800,(anonymous_199)
FN:2813,(anonymous_200)
FN:2827,(anonymous_201)
FN:2841,(anonymous_202)
FN:2876,(anonymous_203)
FN:2883,(anonymous_204)
FN:2905,(anonymous_205)
FN:2908,(anonymous_206)
FN:2912,(anonymous_207)
FN:2916,(anonymous_208)
FN:2920,(anonymous_209)
FN:2937,(anonymous_210)
FN:2951,(anonymous_211)
FN:2964,(anonymous_212)
FN:2978,(anonymous_213)
FN:2993,(anonymous_214)
FN:3085,(anonymous_215)
FN:3105,(anonymous_216)
FN:3112,(anonymous_217)
FN:3132,(anonymous_218)
FN:3145,(anonymous_219)
FN:3204,(anonymous_220)
FN:3215,(anonymous_221)
FN:3228,(anonymous_222)
FN:3235,(anonymous_223)
FN:3238,(anonymous_224)
FN:3242,(anonymous_225)
FN:3262,(anonymous_226)
FN:3266,(anonymous_227)
FN:3270,(anonymous_228)
FN:3323,(anonymous_229)
FN:3347,(anonymous_230)
FN:3363,(anonymous_231)
FN:3385,(anonymous_232)
FN:3399,(anonymous_233)
FN:3413,(anonymous_234)
FN:3427,(anonymous_235)
FN:3442,(anonymous_236)
FN:3457,(anonymous_237)
FN:3472,(anonymous_238)
FN:3518,(anonymous_239)
FN:3563,_rsasign_getHexPaddedDigestInfoForString
FN:3564,(anonymous_241)
FN:3570,_zeroPaddingOfSignature
FN:3588,_rsasign_signString
FN:3589,(anonymous_244)
FN:3605,_rsasign_signWithMessageHash
FN:3613,_rsasign_signStringWithSHA1
FN:3617,_rsasign_signStringWithSHA256
FN:3622,pss_mgf1_str
FN:3654,_rsasign_signStringPSS
FN:3655,(anonymous_250)
FN:3680,_rsasign_signWithMessageHashPSS
FN:3686,(anonymous_252)
FN:3740,_rsasign_getDecryptSignatureBI
FN:3747,_rsasign_getHexDigestInfoFromSig
FN:3753,_rsasign_getAlgNameAndHashFromHexDisgestInfo
FN:3765,_rsasign_verifySignatureWithArgs
FN:3771,(anonymous_257)
FN:3776,_rsasign_verifyHexSignatureForMessage
FN:3794,_rsasign_verifyString
FN:3806,(anonymous_260)
FN:3822,_rsasign_verifyWithMessageHash
FN:3855,_rsasign_verifyStringPSS
FN:3856,(anonymous_263)
FN:3882,_rsasign_verifyWithMessageHashPSS
FN:3889,(anonymous_265)
FN:4006,_rsapem_extractEncodedData
FN:4012,_rsapem_getPosArrayOfChildrenFromHex
FN:4027,_rsapem_getHexValueArrayOfChildrenFromHex
FN:4043,_rsapem_getPosArrayOfChildrenFromPublicKeyHex
FN:4051,_rsapem_getPosArrayOfChildrenFromPrivateKeyHex
FN:4060,_rsapem_getHexValueArrayOfChildrenFromPublicKeyHex
FN:4076,_rsapem_getHexValueArrayOfChildrenFromPrivateKeyHex
FN:4086,_rsapem_readPrivateKeyFromPkcs1PemString
FN:4093,_rsapem_readPrivateKeyFromPkcs8PemString
FN:4100,_rsapem_readPublicKeyFromX509PemString
FN:4110,_rsapem_padWithZero
FN:4120,_rsapem_encodeLength
FN:4133,_rsapem_derEncodeNumber
FN:4145,_rsapem_privateKeyToPkcs1HexString
FN:4163,_rsapem_privateKeyToPkcs8HexString
FN:4179,_rsapem_publicKeyToX509HexString
FN:4198,_rsapem_privateKeyToPkcs1PemString
FN:4205,_rsapem_privateKeyToPkcs8PemString
FN:4212,_rsapem_publicKeyToX509PemString
FN:4216,_rsa_splitKey
FN:4247,(anonymous_286)
FN:4261,(anonymous_287)
FN:4262,F
FN:4283,(anonymous_289)
FN:4295,(anonymous_290)
FN:4321,(anonymous_291)
FN:4340,(anonymous_292)
FN:4354,(anonymous_293)
FN:4376,(anonymous_294)
FN:4401,(anonymous_295)
FN:4424,(anonymous_296)
FN:4439,(anonymous_297)
FN:4478,(anonymous_298)
FN:4497,(anonymous_299)
FN:4517,(anonymous_300)
FN:4549,(anonymous_301)
FN:4578,(anonymous_302)
FN:4609,(anonymous_303)
FN:4637,(anonymous_304)
FN:4668,(anonymous_305)
FN:4689,(anonymous_306)
FN:4709,(anonymous_307)
FN:4725,(anonymous_308)
FN:4750,(anonymous_309)
FN:4800,(anonymous_310)
FN:4830,(anonymous_311)
FN:4845,(anonymous_312)
FN:4865,(anonymous_313)
FN:4890,(anonymous_314)
FN:4917,(anonymous_315)
FN:4918,(anonymous_316)
FN:4936,(anonymous_317)
FN:4937,(anonymous_318)
FN:4956,(anonymous_319)
FN:4982,(anonymous_320)
FN:5180,(anonymous_321)
FN:5199,(anonymous_322)
FN:5224,(anonymous_323)
FN:5246,(anonymous_324)
FN:5259,(anonymous_325)
FN:5260,isPrime
FN:5271,getFractionalBits
FN:5298,(anonymous_328)
FN:5302,(anonymous_329)
FN:5364,(anonymous_330)
FN:5385,(anonymous_331)
FN:5431,(anonymous_332)
FN:5441,X64Word_create
FN:5491,(anonymous_334)
FN:5501,(anonymous_335)
FN:5510,(anonymous_336)
FN:5668,(anonymous_337)
FN:5692,(anonymous_338)
FN:5782,(anonymous_339)
FN:5795,(anonymous_340)
FN:5819,(anonymous_341)
FN:5840,(anonymous_342)
FN:5857,(anonymous_343)
FN:5892,_getSignatureInputByString
FN:5896,_getHashBySignatureInput
FN:5897,(anonymous_346)
FN:5902,_jws_verifySignature
FN:5921,(anonymous_348)
FN:5938,(anonymous_349)
FN:5971,(anonymous_350)
FN:5979,_jws_getHashAlgFromParsedHead
FN:5991,_jws_getHashAlgFromHead
FN:5995,_jws_generateSignatureValueBySI_NED
FN:6004,_jws_generateSignatureValueBySI_Key
FN:6023,_jws_generateSignatureValueByNED
FN:6043,(anonymous_356)
FN:6070,(anonymous_357)
FN:6086,_jws_generateSignatureValueBySI_PemPrvKey
FN:6109,(anonymous_359)
FN:6142,_rsapem_extractEncodedData2
FN:6153,(anonymous_361)
FN:6158,(anonymous_362)
FN:6163,(anonymous_363)
FN:6170,(anonymous_364)
FN:6177,_asnhex_getStartPosOfV_AtObj
FN:6182,_asnhex_getPosOfNextSibling_AtObj
FN:6187,_asnhex_getHexOfV_AtObj
FN:6194,(anonymous_368)
FN:6200,(anonymous_369)
FN:6216,(anonymous_370)
FN:6221,(anonymous_371)
FN:6226,(anonymous_372)
FN:6241,(anonymous_373)
FN:6256,(anonymous_374)
FN:6263,(anonymous_375)
FN:6268,(anonymous_376)
FN:6275,(anonymous_377)
FN:6283,(anonymous_378)
FN:6313,(anonymous_379)
FNF:379
FNH:203
FNDA:0,alert
FNDA:704,SecureRandom
FNDA:708,(anonymous_3)
FNDA:456,parseBigInt
FNDA:0,linebrk
FNDA:0,byte2Hex
FNDA:0,pkcs1pad2
FNDA:0,oaep_mgf1_arr
FNDA:0,oaep_pad
FNDA:18,RSAKey
FNDA:13,RSASetPublic
FNDA:205,RSADoPublic
FNDA:0,RSAEncrypt
FNDA:0,RSAEncryptOAEP
FNDA:0,pkcs1unpad2
FNDA:0,oaep_mgf1_str
FNDA:0,oaep_unpad
FNDA:0,RSASetPrivate
FNDA:1,RSASetPrivateEx
FNDA:4,RSAGenerate
FNDA:242,RSADoPrivate
FNDA:0,RSADecrypt
FNDA:0,RSADecryptOAEP
FNDA:250,hex2b64
FNDA:219,b64tohex
FNDA:0,b64toBA
FNDA:38027,BigInteger
FNDA:37248,nbi
FNDA:0,am1
FNDA:0,am2
FNDA:101236921,am3
FNDA:303575,int2char
FNDA:283714,intAt
FNDA:2325,bnpCopyTo
FNDA:1157,bnpFromInt
FNDA:839,nbv
FNDA:779,bnpFromString
FNDA:2024161,bnpClamp
FNDA:382,bnToString
FNDA:0,bnNegate
FNDA:1111720,bnAbs
FNDA:982111,bnCompareTo
FNDA:7055,nbits
FNDA:3531,bnBitLength
FNDA:5516,bnpDLShiftTo
FNDA:962787,bnpDRShiftTo
FNDA:4495,bnpLShiftTo
FNDA:51091,bnpRShiftTo
FNDA:36230,bnpSubTo
FNDA:141427,bnpMultiplyTo
FNDA:820882,bnpSquareTo
FNDA:2246,bnpDivRemTo
FNDA:734,bnMod
FNDA:271,Classic
FNDA:271,cConvert
FNDA:271,cRevert
FNDA:271,cReduce
FNDA:0,cMulTo
FNDA:271,cSqrTo
FNDA:1007,bnpInvDigit
FNDA:1007,Montgomery
FNDA:1007,montConvert
FNDA:1007,montRevert
FNDA:962553,montReduce
FNDA:820611,montSqrTo
FNDA:140935,montMulTo
FNDA:48817,bnpIsEven
FNDA:476,bnpExp
FNDA:476,bnModPowInt
FNDA:40,bnClone
FNDA:329,bnIntValue
FNDA:0,bnByteValue
FNDA:0,bnShortValue
FNDA:3,bnpChunkSize
FNDA:15496,bnSigNum
FNDA:3,bnpToRadix
FNDA:0,bnpFromRadix
FNDA:16,bnpFromNumber
FNDA:100,bnToByteArray
FNDA:0,bnEquals
FNDA:0,bnMin
FNDA:0,bnMax
FNDA:3,bnpBitwiseTo
FNDA:0,op_and
FNDA:0,bnAnd
FNDA:114,op_or
FNDA:0,bnOr
FNDA:0,op_xor
FNDA:0,bnXor
FNDA:0,op_andnot
FNDA:0,bnAndNot
FNDA:0,bnNot
FNDA:3,bnShiftLeft
FNDA:286,bnShiftRight
FNDA:16786,lbit
FNDA:16786,bnGetLowestSetBit
FNDA:0,cbit
FNDA:0,bnBitCount
FNDA:8,bnTestBit
FNDA:0,bnpChangeBit
FNDA:0,bnSetBit
FNDA:0,bnClearBit
FNDA:0,bnFlipBit
FNDA:4467,bnpAddTo
FNDA:328,bnAdd
FNDA:544,bnSubtract
FNDA:492,bnMultiply
FNDA:0,bnSquare
FNDA:0,bnDivide
FNDA:0,bnRemainder
FNDA:0,bnDivideAndRemainder
FNDA:0,bnpDMultiply
FNDA:1737,bnpDAddOffset
FNDA:0,NullExp
FNDA:0,nNop
FNDA:0,nMulTo
FNDA:0,nSqrTo
FNDA:0,bnPow
FNDA:0,bnpMultiplyLowerTo
FNDA:0,bnpMultiplyUpperTo
FNDA:0,Barrett
FNDA:0,barrettConvert
FNDA:0,barrettRevert
FNDA:0,barrettReduce
FNDA:0,barrettSqrTo
FNDA:0,barrettMulTo
FNDA:802,bnModPow
FNDA:12,bnGCD
FNDA:26003,bnpModInt
FNDA:8,bnModInverse
FNDA:1751,bnIsProbablePrime
FNDA:286,bnpMillerRabin
FNDA:1,(anonymous_133)
FNDA:217,(anonymous_134)
FNDA:95,(anonymous_135)
FNDA:95,(anonymous_136)
FNDA:122,(anonymous_137)
FNDA:61,(anonymous_138)
FNDA:0,(anonymous_139)
FNDA:34,(anonymous_140)
FNDA:0,(anonymous_141)
FNDA:0,(anonymous_142)
FNDA:0,(anonymous_143)
FNDA:0,(anonymous_144)
FNDA:0,(anonymous_145)
FNDA:0,Base64x
FNDA:0,stoBA
FNDA:0,BAtos
FNDA:584,BAtohex
FNDA:0,stohex
FNDA:0,stob64
FNDA:0,stob64u
FNDA:0,b64utos
FNDA:2316,b64tob64u
FNDA:2225,b64utob64
FNDA:242,hextob64u
FNDA:205,b64utohex
FNDA:1544,(anonymous_158)
FNDA:1708,(anonymous_159)
FNDA:0,(anonymous_160)
FNDA:0,(anonymous_161)
FNDA:0,utf8tob64
FNDA:0,b64toutf8
FNDA:0,utf8tohex
FNDA:0,hextoutf8
FNDA:1512,hextorstr
FNDA:1512,rstrtohex
FNDA:0,uricmptohex
FNDA:0,hextouricmp
FNDA:0,encodeURIComponentAll
FNDA:0,newline_toUnix
FNDA:0,newline_toDos
FNDA:1,(anonymous_173)
FNDA:126,(anonymous_174)
FNDA:126,(anonymous_175)
FNDA:231,(anonymous_176)
FNDA:1512,(anonymous_177)
FNDA:0,(anonymous_178)
FNDA:0,(anonymous_179)
FNDA:0,(anonymous_180)
FNDA:0,(anonymous_181)
FNDA:0,(anonymous_182)
FNDA:0,(anonymous_183)
FNDA:0,(anonymous_184)
FNDA:0,(anonymous_185)
FNDA:1743,(anonymous_186)
FNDA:1743,(anonymous_187)
FNDA:231,(anonymous_188)
FNDA:1512,(anonymous_189)
FNDA:1743,(anonymous_190)
FNDA:231,(anonymous_191)
FNDA:1512,(anonymous_192)
FNDA:0,(anonymous_193)
FNDA:0,(anonymous_194)
FNDA:0,(anonymous_195)
FNDA:0,(anonymous_196)
FNDA:0,(anonymous_197)
FNDA:0,(anonymous_198)
FNDA:0,(anonymous_199)
FNDA:0,(anonymous_200)
FNDA:0,(anonymous_201)
FNDA:0,(anonymous_202)
FNDA:0,(anonymous_203)
FNDA:0,(anonymous_204)
FNDA:0,(anonymous_205)
FNDA:0,(anonymous_206)
FNDA:0,(anonymous_207)
FNDA:0,(anonymous_208)
FNDA:0,(anonymous_209)
FNDA:0,(anonymous_210)
FNDA:0,(anonymous_211)
FNDA:0,(anonymous_212)
FNDA:0,(anonymous_213)
FNDA:0,(anonymous_214)
FNDA:0,(anonymous_215)
FNDA:0,(anonymous_216)
FNDA:0,(anonymous_217)
FNDA:0,(anonymous_218)
FNDA:0,(anonymous_219)
FNDA:0,(anonymous_220)
FNDA:0,(anonymous_221)
FNDA:0,(anonymous_222)
FNDA:0,(anonymous_223)
FNDA:0,(anonymous_224)
FNDA:0,(anonymous_225)
FNDA:0,(anonymous_226)
FNDA:0,(anonymous_227)
FNDA:0,(anonymous_228)
FNDA:0,(anonymous_229)
FNDA:0,(anonymous_230)
FNDA:0,(anonymous_231)
FNDA:0,(anonymous_232)
FNDA:0,(anonymous_233)
FNDA:0,(anonymous_234)
FNDA:0,(anonymous_235)
FNDA:0,(anonymous_236)
FNDA:0,(anonymous_237)
FNDA:0,(anonymous_238)
FNDA:1,(anonymous_239)
FNDA:0,_rsasign_getHexPaddedDigestInfoForString
FNDA:0,(anonymous_241)
FNDA:242,_zeroPaddingOfSignature
FNDA:126,_rsasign_signString
FNDA:126,(anonymous_244)
FNDA:126,_rsasign_signWithMessageHash
FNDA:0,_rsasign_signStringWithSHA1
FNDA:0,_rsasign_signStringWithSHA256
FNDA:216,pss_mgf1_str
FNDA:116,_rsasign_signStringPSS
FNDA:116,(anonymous_250)
FNDA:116,_rsasign_signWithMessageHashPSS
FNDA:696,(anonymous_252)
FNDA:0,_rsasign_getDecryptSignatureBI
FNDA:0,_rsasign_getHexDigestInfoFromSig
FNDA:105,_rsasign_getAlgNameAndHashFromHexDisgestInfo
FNDA:0,_rsasign_verifySignatureWithArgs
FNDA:0,(anonymous_257)
FNDA:0,_rsasign_verifyHexSignatureForMessage
FNDA:105,_rsasign_verifyString
FNDA:105,(anonymous_260)
FNDA:0,_rsasign_verifyWithMessageHash
FNDA:100,_rsasign_verifyStringPSS
FNDA:100,(anonymous_263)
FNDA:100,_rsasign_verifyWithMessageHashPSS
FNDA:600,(anonymous_265)
FNDA:14,_rsapem_extractEncodedData
FNDA:1,_rsapem_getPosArrayOfChildrenFromHex
FNDA:1,_rsapem_getHexValueArrayOfChildrenFromHex
FNDA:26,_rsapem_getPosArrayOfChildrenFromPublicKeyHex
FNDA:0,_rsapem_getPosArrayOfChildrenFromPrivateKeyHex
FNDA:13,_rsapem_getHexValueArrayOfChildrenFromPublicKeyHex
FNDA:0,_rsapem_getHexValueArrayOfChildrenFromPrivateKeyHex
FNDA:1,_rsapem_readPrivateKeyFromPkcs1PemString
FNDA:0,_rsapem_readPrivateKeyFromPkcs8PemString
FNDA:13,_rsapem_readPublicKeyFromX509PemString
FNDA:104,_rsapem_padWithZero
FNDA:60,_rsapem_encodeLength
FNDA:44,_rsapem_derEncodeNumber
FNDA:4,_rsapem_privateKeyToPkcs1HexString
FNDA:0,_rsapem_privateKeyToPkcs8HexString
FNDA:4,_rsapem_publicKeyToX509HexString
FNDA:4,_rsapem_privateKeyToPkcs1PemString
FNDA:0,_rsapem_privateKeyToPkcs8PemString
FNDA:4,_rsapem_publicKeyToX509PemString
FNDA:0,_rsa_splitKey
FNDA:1,(anonymous_286)
FNDA:1,(anonymous_287)
FNDA:4303,F
FNDA:4303,(anonymous_289)
FNDA:4295,(anonymous_290)
FNDA:2552,(anonymous_291)
FNDA:0,(anonymous_292)
FNDA:7,(anonymous_293)
FNDA:0,(anonymous_294)
FNDA:8715,(anonymous_295)
FNDA:1743,(anonymous_296)
FNDA:1743,(anonymous_297)
FNDA:1743,(anonymous_298)
FNDA:0,(anonymous_299)
FNDA:0,(anonymous_300)
FNDA:1743,(anonymous_301)
FNDA:1512,(anonymous_302)
FNDA:0,(anonymous_303)
FNDA:231,(anonymous_304)
FNDA:0,(anonymous_305)
FNDA:231,(anonymous_306)
FNDA:1743,(anonymous_307)
FNDA:1743,(anonymous_308)
FNDA:3486,(anonymous_309)
FNDA:0,(anonymous_310)
FNDA:1743,(anonymous_311)
FNDA:1743,(anonymous_312)
FNDA:1743,(anonymous_313)
FNDA:1743,(anonymous_314)
FNDA:2,(anonymous_315)
FNDA:0,(anonymous_316)
FNDA:2,(anonymous_317)
FNDA:0,(anonymous_318)
FNDA:1,(anonymous_319)
FNDA:5352,(anonymous_320)
FNDA:649,(anonymous_321)
FNDA:649,(anonymous_322)
FNDA:0,(anonymous_323)
FNDA:1,(anonymous_324)
FNDA:1,(anonymous_325)
FNDA:310,isPrime
FNDA:72,getFractionalBits
FNDA:1094,(anonymous_328)
FNDA:2454,(anonymous_329)
FNDA:1094,(anonymous_330)
FNDA:0,(anonymous_331)
FNDA:1,(anonymous_332)
FNDA:160,X64Word_create
FNDA:1,(anonymous_334)
FNDA:649,(anonymous_335)
FNDA:1343,(anonymous_336)
FNDA:649,(anonymous_337)
FNDA:0,(anonymous_338)
FNDA:2202,(anonymous_339)
FNDA:978,(anonymous_340)
FNDA:0,(anonymous_341)
FNDA:0,(anonymous_342)
FNDA:854,(anonymous_343)
FNDA:772,_getSignatureInputByString
FNDA:0,_getHashBySignatureInput
FNDA:0,(anonymous_346)
FNDA:0,_jws_verifySignature
FNDA:0,(anonymous_348)
FNDA:517,(anonymous_349)
FNDA:0,(anonymous_350)
FNDA:1289,_jws_getHashAlgFromParsedHead
FNDA:0,_jws_getHashAlgFromHead
FNDA:0,_jws_generateSignatureValueBySI_NED
FNDA:772,_jws_generateSignatureValueBySI_Key
FNDA:0,_jws_generateSignatureValueByNED
FNDA:0,(anonymous_356)
FNDA:772,(anonymous_357)
FNDA:0,_jws_generateSignatureValueBySI_PemPrvKey
FNDA:0,(anonymous_359)
FNDA:14,_rsapem_extractEncodedData2
FNDA:1,(anonymous_361)
FNDA:13,(anonymous_362)
FNDA:4,(anonymous_363)
FNDA:4,(anonymous_364)
FNDA:27,_asnhex_getStartPosOfV_AtObj
FNDA:34,_asnhex_getPosOfNextSibling_AtObj
FNDA:61,_asnhex_getHexOfV_AtObj
FNDA:2202,(anonymous_368)
FNDA:1626,(anonymous_369)
FNDA:32,(anonymous_370)
FNDA:32,(anonymous_371)
FNDA:843,(anonymous_372)
FNDA:843,(anonymous_373)
FNDA:337,(anonymous_374)
FNDA:1544,(anonymous_375)
FNDA:1744,(anonymous_376)
FNDA:584,(anonymous_377)
FNDA:288,(anonymous_378)
FNDA:576,(anonymous_379)
DA:2,1
DA:4,1
DA:6,1
DA:10,1
DA:12,0
DA:15,1
DA:16,1
DA:18,1
DA:20,704
DA:23,1
DA:25,708
DA:27,708
DA:29,81352
DA:37,1
DA:38,456
DA:41,1
DA:42,0
DA:43,0
DA:44,0
DA:45,0
DA:46,0
DA:48,0
DA:51,1
DA:52,0
DA:53,0
DA:55,0
DA:59,1
DA:60,0
DA:61,0
DA:62,0
DA:64,0
DA:65,0
DA:66,0
DA:67,0
DA:68,0
DA:69,0
DA:71,0
DA:72,0
DA:73,0
DA:76,0
DA:77,0
DA:78,0
DA:81,0
DA:82,0
DA:83,0
DA:84,0
DA:85,0
DA:86,0
DA:87,0
DA:89,0
DA:90,0
DA:91,0
DA:95,1
DA:97,0
DA:99,0
DA:101,0
DA:106,0
DA:109,0
DA:112,1
DA:115,1
DA:117,0
DA:119,0
DA:122,0
DA:124,0
DA:126,0
DA:129,0
DA:130,0
DA:131,0
DA:133,0
DA:134,0
DA:136,0
DA:138,0
DA:141,0
DA:142,0
DA:144,0
DA:146,0
DA:149,0
DA:153,1
DA:154,18
DA:155,18
DA:156,18
DA:157,18
DA:158,18
DA:159,18
DA:160,18
DA:161,18
DA:165,1
DA:166,13
DA:168,0
DA:169,0
DA:171,13
DA:172,13
DA:173,13
DA:176,0
DA:180,1
DA:181,205
DA:185,1
DA:186,0
DA:187,0
DA:188,0
DA:189,0
DA:190,0
DA:191,0
DA:195,1
DA:196,0
DA:197,0
DA:198,0
DA:199,0
DA:200,0
DA:201,0
DA:211,1
DA:214,1
DA:215,1
DA:216,1
DA:219,1
DA:225,1
DA:226,0
DA:227,0
DA:228,0
DA:229,0
DA:230,0
DA:231,0
DA:232,0
DA:233,0
DA:234,0
DA:235,0
DA:236,0
DA:237,0
DA:238,0
DA:240,0
DA:241,0
DA:242,0
DA:245,0
DA:246,0
DA:249,0
DA:253,1
DA:255,0
DA:257,0
DA:259,0
DA:264,0
DA:267,0
DA:270,1
DA:273,1
DA:275,0
DA:277,0
DA:279,0
DA:281,0
DA:284,0
DA:286,0
DA:289,0
DA:291,0
DA:293,0
DA:296,0
DA:297,0
DA:299,0
DA:300,0
DA:302,0
DA:304,0
DA:307,0
DA:310,0
DA:312,0
DA:314,0
DA:317,0
DA:319,0
DA:321,0
DA:324,0
DA:326,0
DA:327,0
DA:329,0
DA:331,0
DA:334,0
DA:338,1
DA:339,0
DA:341,0
DA:342,0
DA:343,0
DA:345,0
DA:346,0
DA:347,0
DA:348,0
DA:351,0
DA:355,1
DA:357,1
DA:358,1
DA:359,1
DA:360,1
DA:362,1
DA:363,1
DA:364,1
DA:365,1
DA:366,1
DA:367,1
DA:368,1
DA:369,1
DA:370,1
DA:372,0
DA:377,1
DA:378,4
DA:379,4
DA:380,4
DA:381,4
DA:382,4
DA:383,4
DA:384,4
DA:385,4
DA:387,4
DA:388,4
DA:389,4
DA:391,4
DA:392,2
DA:393,2
DA:394,2
DA:396,4
DA:397,4
DA:398,4
DA:399,4
DA:400,4
DA:401,4
DA:402,4
DA:403,4
DA:404,4
DA:405,4
DA:411,1
DA:412,242
DA:413,0
DA:416,242
DA:417,242
DA:419,242
DA:420,86
DA:425,242
DA:430,1
DA:431,0
DA:432,0
DA:433,0
DA:434,0
DA:439,1
DA:440,0
DA:441,0
DA:442,0
DA:443,0
DA:454,1
DA:457,1
DA:458,1
DA:459,1
DA:460,1
DA:461,1
DA:463,1
DA:464,1
DA:466,1
DA:467,250
DA:468,250
DA:469,250
DA:470,250
DA:471,45098
DA:472,45098
DA:474,250
DA:475,2
DA:476,2
DA:478,248
DA:479,242
DA:480,242
DA:482,486
DA:483,250
DA:487,1
DA:488,219
DA:489,219
DA:490,219
DA:491,219
DA:492,219
DA:493,219
DA:494,76999
DA:495,76790
DA:496,76790
DA:497,76790
DA:498,19301
DA:499,19301
DA:500,19301
DA:502,57489
DA:503,19301
DA:504,19301
DA:505,19301
DA:507,38188
DA:508,19096
DA:509,19096
DA:510,19096
DA:511,19096
DA:514,19092
DA:515,19092
DA:516,19092
DA:519,219
DA:520,0
DA:521,219
DA:525,1
DA:527,0
DA:528,0
DA:529,0
DA:530,0
DA:531,0
DA:533,0
DA:542,1
DA:545,1
DA:546,1
DA:549,1
DA:550,38027
DA:551,779
DA:552,771
DA:553,655
DA:557,37248
DA:567,1
DA:568,0
DA:569,0
DA:570,0
DA:571,0
DA:573,0
DA:578,1
DA:579,0
DA:580,0
DA:581,0
DA:582,0
DA:583,0
DA:584,0
DA:585,0
DA:586,0
DA:588,0
DA:592,1
DA:593,101236921
DA:594,101236921
DA:595,2114379445
DA:596,2114379445
DA:597,2114379445
DA:598,2114379445
DA:599,2114379445
DA:600,2114379445
DA:602,101236921
DA:604,1
DA:605,0
DA:606,0
DA:608,1
DA:609,0
DA:610,0
DA:613,1
DA:614,1
DA:617,1
DA:618,1
DA:619,1
DA:621,1
DA:622,1
DA:623,1
DA:624,1
DA:627,1
DA:628,1
DA:629,1
DA:630,1
DA:631,10
DA:632,1
DA:633,26
DA:634,1
DA:635,26
DA:637,303575
DA:638,1
DA:639,283714
DA:640,283714
DA:644,1
DA:645,100893
DA:646,2325
DA:647,2325
DA:651,1
DA:652,1157
DA:653,1157
DA:654,1157
DA:655,17
DA:656,17
DA:660,839
DA:663,1
DA:664,779
DA:665,779
DA:666,124
DA:667,124
DA:668,0
DA:669,0
DA:670,0
DA:671,0
DA:672,779
DA:673,779
DA:674,779
DA:675,779
DA:676,314442
DA:677,314442
DA:678,0
DA:679,0
DA:681,314442
DA:682,314442
DA:683,45502
DA:684,268940
DA:685,4436
DA:686,4436
DA:689,264504
DA:690,314442
DA:691,314442
DA:693,779
DA:694,0
DA:695,0
DA:697,779
DA:698,779
DA:702,1
DA:703,2024161
DA:704,2024161
DA:708,1
DA:709,382
DA:710,382
DA:711,382
DA:712,3
DA:713,3
DA:714,3
DA:715,3
DA:716,3
DA:717,379
DA:718,379
DA:719,379
DA:720,379
DA:721,379
DA:722,190302
DA:723,0
DA:724,0
DA:727,190302
DA:728,190302
DA:730,190302
DA:731,190302
DA:734,379
DA:738,1
DA:741,1111720
DA:744,1
DA:745,982111
DA:746,982111
DA:747,982104
DA:748,982104
DA:749,982104
DA:750,970819
DA:751,89
DA:755,1
DA:756,7055
DA:757,7055
DA:758,7055
DA:759,7055
DA:760,7055
DA:761,7055
DA:762,7055
DA:766,1
DA:767,3531
DA:768,3531
DA:772,1
DA:773,5516
DA:774,118519
DA:775,206138
DA:776,5516
DA:777,5516
DA:781,1
DA:782,35758553
DA:783,962787
DA:784,962787
DA:788,1
DA:789,4495
DA:790,4495
DA:791,4495
DA:792,4495
DA:793,4495
DA:794,242944
DA:795,242944
DA:797,4495
DA:798,4495
DA:799,4495
DA:800,4495
DA:801,4495
DA:805,1
DA:806,51091
DA:807,51091
DA:808,51091
DA:809,51079
DA:810,51079
DA:811,51079
DA:812,51079
DA:813,51079
DA:814,1620221
DA:815,1620221
DA:817,51079
DA:818,51079
DA:819,51079
DA:823,1
DA:824,36230
DA:825,36230
DA:826,687620
DA:827,687620
DA:828,687620
DA:830,36230
DA:831,22997
DA:832,22997
DA:833,677807
DA:834,677807
DA:835,677807
DA:837,22997
DA:840,13233
DA:841,13233
DA:842,1156
DA:843,1156
DA:844,1156
DA:846,13233
DA:848,36230
DA:849,36230
DA:850,36229
DA:851,36230
DA:852,36230
DA:857,1
DA:858,141427
DA:859,141427
DA:860,141427
DA:861,5240361
DA:862,5240375
DA:863,141427
DA:864,141427
DA:865,141427
DA:869,1
DA:870,820882
DA:871,820882
DA:872,60987406
DA:873,820882
DA:874,29672821
DA:875,29672821
DA:876,3760
DA:877,3760
DA:880,820882
DA:881,820882
DA:882,820882
DA:887,1
DA:888,2246
DA:889,2246
DA:890,2246
DA:891,2246
DA:892,0
DA:893,0
DA:894,0
DA:896,2246
DA:897,2246
DA:898,2246
DA:899,2246
DA:900,0
DA:901,2246
DA:902,2246
DA:903,2246
DA:904,2246
DA:905,2246
DA:906,2246
DA:907,2246
DA:908,2246
DA:909,6
DA:910,6
DA:912,2246
DA:913,2246
DA:914,2246
DA:915,2246
DA:917,79031
DA:918,79031
DA:919,17
DA:920,17
DA:921,17
DA:924,2246
DA:925,234
DA:926,234
DA:928,2246
DA:929,2246
DA:930,2246
DA:931,2246
DA:935,1
DA:936,734
DA:937,734
DA:938,734
DA:939,734
DA:943,271
DA:944,1
DA:945,271
DA:946,271
DA:948,271
DA:949,271
DA:950,1
DA:951,271
DA:953,1
DA:954,1
DA:955,1
DA:956,1
DA:957,1
DA:969,1
DA:970,1007
DA:971,1007
DA:972,1007
DA:973,1007
DA:974,1007
DA:975,1007
DA:976,1007
DA:979,1007
DA:981,1007
DA:985,1
DA:986,1007
DA:987,1007
DA:988,1007
DA:989,1007
DA:990,1007
DA:991,1007
DA:995,1
DA:996,1007
DA:997,1007
DA:998,1007
DA:999,1007
DA:1000,1007
DA:1004,1
DA:1005,1007
DA:1006,1007
DA:1007,1007
DA:1008,1007
DA:1012,1
DA:1013,962553
DA:1014,1289516
DA:1015,962553
DA:1017,35750991
DA:1018,35750991
DA:1020,35750991
DA:1021,35750991
DA:1023,35750991
DA:1025,962553
DA:1026,962553
DA:1027,962553
DA:1031,820611
DA:1034,140935
DA:1036,1
DA:1037,1
DA:1038,1
DA:1039,1
DA:1040,1
DA:1043,48817
DA:1046,1
DA:1047,476
DA:1048,476
DA:1049,476
DA:1050,476
DA:1051,3551
DA:1052,3551
DA:1053,3346
DA:1055,476
DA:1059,1
DA:1060,476
DA:1061,476
DA:1062,476
DA:1066,1
DA:1067,1
DA:1068,1
DA:1069,1
DA:1070,1
DA:1071,1
DA:1072,1
DA:1073,1
DA:1074,1
DA:1075,1
DA:1076,1
DA:1077,1
DA:1078,1
DA:1079,1
DA:1080,1
DA:1083,1
DA:1084,1
DA:1085,1
DA:1086,1
DA:1087,1
DA:1088,1
DA:1089,1
DA:1092,1
DA:1093,1
DA:1104,40
DA:1107,1
DA:1108,329
DA:1109,0
DA:1110,0
DA:1112,329
DA:1113,0
DA:1115,0
DA:1119,1
DA:1122,1
DA:1125,3
DA:1128,1
DA:1129,15496
DA:1130,15489
DA:1131,15466
DA:1135,1
DA:1136,3
DA:1137,3
DA:1138,3
DA:1139,3
DA:1140,3
DA:1141,3
DA:1142,3
DA:1143,231
DA:1144,231
DA:1146,3
DA:1150,1
DA:1151,0
DA:1152,0
DA:1153,0
DA:1154,0
DA:1155,0
DA:1156,0
DA:1157,0
DA:1158,0
DA:1159,0
DA:1161,0
DA:1162,0
DA:1163,0
DA:1164,0
DA:1165,0
DA:1166,0
DA:1169,0
DA:1170,0
DA:1171,0
DA:1173,0
DA:1177,1
DA:1178,16
DA:1180,8
DA:1182,8
DA:1183,8
DA:1184,3
DA:1185,8
DA:1186,8
DA:1187,1735
DA:1188,1735
DA:1194,8
DA:1195,8
DA:1196,8
DA:1197,8
DA:1198,8
DA:1203,1
DA:1204,100
DA:1205,100
DA:1206,100
DA:1207,100
DA:1208,100
DA:1209,16
DA:1210,100
DA:1211,25836
DA:1212,3684
DA:1213,3684
DA:1216,22152
DA:1217,22152
DA:1219,25836
DA:1220,25836
DA:1221,25836
DA:1224,100
DA:1227,1
DA:1228,1
DA:1229,1
DA:1232,1
DA:1233,3
DA:1234,111
DA:1235,3
DA:1236,0
DA:1237,0
DA:1238,0
DA:1241,3
DA:1242,3
DA:1243,3
DA:1245,3
DA:1246,3
DA:1250,1
DA:1251,1
DA:1254,114
DA:1255,1
DA:1258,1
DA:1259,1
DA:1262,1
DA:1263,1
DA:1266,1
DA:1267,0
DA:1268,0
DA:1269,0
DA:1270,0
DA:1271,0
DA:1275,1
DA:1276,3
DA:1277,3
DA:1278,3
DA:1282,1
DA:1283,286
DA:1284,286
DA:1285,286
DA:1289,1
DA:1290,16786
DA:1291,16786
DA:1292,16786
DA:1293,16786
DA:1294,16786
DA:1295,16786
DA:1296,16786
DA:1297,16786
DA:1301,1
DA:1302,16786
DA:1303,16786
DA:1304,0
DA:1305,0
DA:1309,1
DA:1310,0
DA:1311,0
DA:1312,0
DA:1316,1
DA:1317,0
DA:1318,0
DA:1319,0
DA:1323,1
DA:1324,8
DA:1325,8
DA:1326,8
DA:1330,1
DA:1331,0
DA:1332,0
DA:1333,0
DA:1337,1
DA:1340,1
DA:1343,1
DA:1346,1
DA:1347,4467
DA:1348,4467
DA:1349,16638
DA:1350,16638
DA:1351,16638
DA:1353,4467
DA:1354,242
DA:1355,242
DA:1356,8941
DA:1357,8941
DA:1358,8941
DA:1360,242
DA:1363,4225
DA:1364,4225
DA:1365,0
DA:1366,0
DA:1367,0
DA:1369,4225
DA:1371,4467
DA:1372,4467
DA:1373,4467
DA:1374,4467
DA:1375,4467
DA:1379,328
DA:1382,544
DA:1385,492
DA:1388,1
DA:1391,1
DA:1394,1
DA:1397,1
DA:1398,0
DA:1399,0
DA:1400,0
DA:1404,1
DA:1405,0
DA:1406,0
DA:1407,0
DA:1411,1
DA:1412,1737
DA:1413,1737
DA:1414,1737
DA:1415,1737
DA:1416,0
DA:1417,0
DA:1418,0
DA:1423,1
DA:1424,1
DA:1425,1
DA:1426,1
DA:1428,1
DA:1429,1
DA:1430,1
DA:1431,1
DA:1434,1
DA:1438,1
DA:1439,0
DA:1440,0
DA:1441,0
DA:1442,0
DA:1443,0
DA:1444,0
DA:1445,0
DA:1446,0
DA:1451,1
DA:1452,0
DA:1453,0
DA:1454,0
DA:1455,0
DA:1456,0
DA:1457,0
DA:1458,0
DA:1459,0
DA:1463,1
DA:1465,0
DA:1466,0
DA:1467,0
DA:1468,0
DA:1469,0
DA:1472,1
DA:1473,0
DA:1474,0
DA:1475,0
DA:1478,1
DA:1481,1
DA:1482,0
DA:1483,0
DA:1484,0
DA:1485,0
DA:1486,0
DA:1487,0
DA:1488,0
DA:1492,1
DA:1495,1
DA:1497,1
DA:1498,1
DA:1499,1
DA:1500,1
DA:1501,1
DA:1504,1
DA:1505,802
DA:1506,802
DA:1507,802
DA:1508,802
DA:1509,802
DA:1510,802
DA:1511,802
DA:1512,802
DA:1513,0
DA:1514,802
DA:1515,0
DA:1517,802
DA:1520,802
DA:1521,802
DA:1522,802
DA:1523,802
DA:1524,802
DA:1525,802
DA:1526,24862
DA:1527,24862
DA:1528,24862
DA:1532,802
DA:1533,802
DA:1534,802
DA:1535,116670
DA:1537,22273
DA:1538,22273
DA:1541,116670
DA:1542,116670
DA:1543,116670
DA:1544,116670
DA:1545,802
DA:1546,802
DA:1549,270210
DA:1550,115868
DA:1551,115868
DA:1554,116670
DA:1555,235455
DA:1556,235455
DA:1559,802
DA:1563,1
DA:1564,12
DA:1565,12
DA:1566,12
DA:1567,12
DA:1568,12
DA:1569,12
DA:1570,12
DA:1571,0
DA:1572,0
DA:1574,12
DA:1575,8238
DA:1576,8238
DA:1577,8238
DA:1578,8173
DA:1579,8173
DA:1582,65
DA:1583,65
DA:1586,12
DA:1587,12
DA:1591,1
DA:1592,26003
DA:1593,26003
DA:1594,26003
DA:1595,26003
DA:1596,962111
DA:1597,26003
DA:1601,1
DA:1602,8
DA:1603,8
DA:1604,8
DA:1605,8
DA:1606,8
DA:1607,6978
DA:1608,10987
DA:1609,10987
DA:1610,8167
DA:1611,8167
DA:1613,2820
DA:1614,10987
DA:1616,6978
DA:1617,3014
DA:1618,3014
DA:1619,42
DA:1620,42
DA:1622,2972
DA:1623,3014
DA:1625,6978
DA:1626,5478
DA:1627,5478
DA:1628,5478
DA:1631,1500
DA:1632,1500
DA:1633,1500
DA:1636,8
DA:1637,8
DA:1638,8
DA:1639,7
DA:1642,1
DA:1643,1
DA:1646,1
DA:1647,1751
DA:1648,1751
DA:1649,0
DA:1650,0
DA:1651,0
DA:1653,1751
DA:1654,1751
DA:1655,1751
DA:1656,26003
DA:1657,40677
DA:1658,26003
DA:1659,61809
DA:1661,286
DA:1665,1
DA:1666,286
DA:1667,286
DA:1668,286
DA:1669,286
DA:1670,286
DA:1671,286
DA:1672,286
DA:1673,286
DA:1675,318
DA:1676,318
DA:1677,318
DA:1678,287
DA:1679,287
DA:1680,271
DA:1681,271
DA:1683,287
DA:1686,16
DA:1690,1
DA:1691,1
DA:1692,1
DA:1693,1
DA:1694,1
DA:1695,1
DA:1696,1
DA:1697,1
DA:1698,1
DA:1699,1
DA:1700,1
DA:1701,1
DA:1702,1
DA:1705,1
DA:1706,1
DA:1707,1
DA:1708,1
DA:1709,1
DA:1710,1
DA:1711,1
DA:1712,1
DA:1713,1
DA:1714,1
DA:1715,1
DA:1716,1
DA:1717,1
DA:1718,1
DA:1719,1
DA:1720,1
DA:1721,1
DA:1722,1
DA:1723,1
DA:1724,1
DA:1725,1
DA:1726,1
DA:1727,1
DA:1728,1
DA:1729,1
DA:1730,1
DA:1731,1
DA:1732,1
DA:1733,1
DA:1734,1
DA:1735,1
DA:1736,1
DA:1737,1
DA:1740,1
DA:1793,1
DA:1803,1
DA:1804,217
DA:1805,131
DA:1806,131
DA:1807,131
DA:1808,0
DA:1820,1
DA:1821,95
DA:1822,95
DA:1823,95
DA:1842,1
DA:1843,95
DA:1844,95
DA:1845,95
DA:1846,95
DA:1847,43
DA:1849,52
DA:1851,95
DA:1862,1
DA:1863,122
DA:1864,122
DA:1865,122
DA:1877,1
DA:1878,61
DA:1879,61
DA:1880,61
DA:1893,1
DA:1894,0
DA:1895,0
DA:1896,0
DA:1897,0
DA:1909,1
DA:1910,34
DA:1911,34
DA:1912,34
DA:1924,1
DA:1925,0
DA:1926,0
DA:1927,0
DA:1929,0
DA:1930,0
DA:1931,0
DA:1932,0
DA:1933,0
DA:1934,0
DA:1935,0
DA:1937,0
DA:1938,0
DA:1940,0
DA:1943,0
DA:1957,1
DA:1958,0
DA:1959,0
DA:1974,1
DA:1975,0
DA:1976,0
DA:1978,0
DA:1979,0
DA:1980,0
DA:1994,1
DA:1995,0
DA:1996,0
DA:2010,1
DA:2011,0
DA:2012,0
DA:2059,1
DA:2068,1
DA:2069,0
DA:2070,0
DA:2071,0
DA:2073,0
DA:2081,1
DA:2082,0
DA:2083,0
DA:2084,0
DA:2086,0
DA:2095,1
DA:2096,584
DA:2097,584
DA:2098,74752
DA:2099,74752
DA:2100,74752
DA:2102,584
DA:2112,1
DA:2113,0
DA:2123,1
DA:2124,0
DA:2134,1
DA:2135,0
DA:2144,1
DA:2145,0
DA:2155,1
DA:2156,2316
DA:2157,2316
DA:2158,2316
DA:2159,2316
DA:2168,1
DA:2169,2225
DA:2170,1418
DA:2171,2225
DA:2172,2225
DA:2173,2225
DA:2182,1
DA:2183,242
DA:2191,1
DA:2192,205
DA:2195,1
DA:2197,1
DA:2199,1
DA:2201,1544
DA:2204,1
DA:2206,1708
DA:2218,0
DA:2220,0
DA:2229,0
DA:2231,0
DA:2242,1
DA:2243,0
DA:2252,1
DA:2253,0
DA:2263,1
DA:2264,0
DA:2275,1
DA:2276,0
DA:2287,1
DA:2288,1512
DA:2289,1512
DA:2290,65664
DA:2292,1512
DA:2303,1
DA:2304,1512
DA:2305,1512
DA:2306,155722
DA:2308,1512
DA:2318,1
DA:2319,0
DA:2328,1
DA:2329,0
DA:2343,1
DA:2344,0
DA:2345,0
DA:2346,0
DA:2347,0
DA:2348,0
DA:2349,0
DA:2351,0
DA:2354,0
DA:2364,1
DA:2365,0
DA:2366,0
DA:2375,1
DA:2376,0
DA:2377,0
DA:2378,0
DA:2409,1
DA:2424,1
DA:2434,1
DA:2435,1
DA:2449,1
DA:2492,1
DA:2511,1
DA:2512,126
DA:2513,0
DA:2514,126
DA:2527,1
DA:2528,126
DA:2529,126
DA:2531,126
DA:2532,0
DA:2534,126
DA:2535,126
DA:2536,126
DA:2537,126
DA:2538,126
DA:2539,23564
DA:2541,126
DA:2542,126
DA:2555,1
DA:2556,231
DA:2557,231
DA:2570,1
DA:2571,1512
DA:2572,1512
DA:2584,1
DA:2585,0
DA:2586,0
DA:2598,1
DA:2599,0
DA:2600,0
DA:2603,1
DA:2604,0
DA:2605,0
DA:2617,1
DA:2618,0
DA:2619,0
DA:2622,1
DA:2623,0
DA:2624,0
DA:2636,1
DA:2637,0
DA:2638,0
DA:2650,1
DA:2651,0
DA:2652,0
DA:2658,1
DA:2697,1
DA:2698,1743
DA:2699,1743
DA:2700,1743
DA:2716,1743
DA:2717,1743
DA:2720,1743
DA:2722,1743
DA:2723,1743
DA:2725,0
DA:2727,1743
DA:2728,231
DA:2730,1743
DA:2731,1512
DA:2732,1512
DA:2734,1743
DA:2735,1743
DA:2736,1743
DA:2738,1743
DA:2739,231
DA:2740,231
DA:2742,1743
DA:2743,1512
DA:2744,1512
DA:2747,1743
DA:2749,0
DA:2750,0
DA:2752,0
DA:2754,0
DA:2755,0
DA:2757,0
DA:2758,0
DA:2759,0
DA:2761,0
DA:2762,0
DA:2763,0
DA:2765,0
DA:2766,0
DA:2767,0
DA:2769,0
DA:2770,0
DA:2771,0
DA:2786,1743
DA:2787,0
DA:2800,1743
DA:2801,0
DA:2813,1743
DA:2814,0
DA:2827,1743
DA:2828,0
DA:2841,1743
DA:2842,0
DA:2845,1743
DA:2846,1743
DA:2847,1743
DA:2848,1743
DA:2849,1743
DA:2850,1743
DA:2876,1
DA:2877,0
DA:2878,0
DA:2879,0
DA:2880,0
DA:2881,0
DA:2883,0
DA:2884,0
DA:2886,0
DA:2887,0
DA:2888,0
DA:2891,0
DA:2892,0
DA:2894,0
DA:2897,0
DA:2899,0
DA:2900,0
DA:2901,0
DA:2903,0
DA:2905,0
DA:2906,0
DA:2908,0
DA:2909,0
DA:2910,0
DA:2912,0
DA:2913,0
DA:2914,0
DA:2916,0
DA:2917,0
DA:2918,0
DA:2920,0
DA:2921,0
DA:2922,0
DA:2937,0
DA:2938,0
DA:2951,0
DA:2952,0
DA:2964,0
DA:2965,0
DA:2978,0
DA:2979,0
DA:2993,0
DA:2994,0
DA:2997,0
DA:2998,0
DA:2999,0
DA:3001,0
DA:3002,0
DA:3003,0
DA:3004,0
DA:3005,0
DA:3085,1
DA:3086,0
DA:3087,0
DA:3089,0
DA:3090,0
DA:3091,0
DA:3092,0
DA:3093,0
DA:3094,0
DA:3095,0
DA:3096,0
DA:3097,0
DA:3098,0
DA:3100,0
DA:3101,0
DA:3102,0
DA:3103,0
DA:3105,0
DA:3106,0
DA:3107,0
DA:3108,0
DA:3112,0
DA:3113,0
DA:3114,0
DA:3115,0
DA:3116,0
DA:3118,0
DA:3132,0
DA:3133,0
DA:3134,0
DA:3135,0
DA:3137,0
DA:3138,0
DA:3139,0
DA:3141,0
DA:3145,0
DA:3146,0
DA:3147,0
DA:3149,0
DA:3150,0
DA:3151,0
DA:3154,0
DA:3155,0
DA:3157,0
DA:3160,0
DA:3161,0
DA:3162,0
DA:3163,0
DA:3165,0
DA:3166,0
DA:3167,0
DA:3169,0
DA:3170,0
DA:3171,0
DA:3175,0
DA:3176,0
DA:3179,0
DA:3181,0
DA:3182,0
DA:3183,0
DA:3184,0
DA:3185,0
DA:3186,0
DA:3187,0
DA:3189,0
DA:3191,0
DA:3192,0
DA:3193,0
DA:3194,0
DA:3195,0
DA:3196,0
DA:3197,0
DA:3199,0
DA:3204,0
DA:3205,0
DA:3207,0
DA:3208,0
DA:3210,0
DA:3212,0
DA:3215,0
DA:3216,0
DA:3218,0
DA:3219,0
DA:3220,0
DA:3221,0
DA:3222,0
DA:3223,0
DA:3225,0
DA:3228,0
DA:3229,0
DA:3230,0
DA:3231,0
DA:3232,0
DA:3235,0
DA:3236,0
DA:3238,0
DA:3239,0
DA:3242,0
DA:3243,0
DA:3244,0
DA:3246,0
DA:3247,0
DA:3248,0
DA:3249,0
DA:3252,0
DA:3253,0
DA:3255,0
DA:3256,0
DA:3258,0
DA:3260,0
DA:3262,0
DA:3263,0
DA:3264,0
DA:3266,0
DA:3267,0
DA:3268,0
DA:3270,0
DA:3271,0
DA:3272,0
DA:3274,0
DA:3275,0
DA:3276,0
DA:3277,0
DA:3280,0
DA:3281,0
DA:3282,0
DA:3283,0
DA:3285,0
DA:3323,0
DA:3324,0
DA:3347,0
DA:3348,0
DA:3363,0
DA:3364,0
DA:3385,0
DA:3386,0
DA:3399,0
DA:3400,0
DA:3413,0
DA:3414,0
DA:3427,0
DA:3428,0
DA:3442,0
DA:3443,0
DA:3457,0
DA:3458,0
DA:3472,0
DA:3473,0
DA:3476,0
DA:3478,0
DA:3479,0
DA:3480,0
DA:3481,0
DA:3482,0
DA:3484,0
DA:3486,0
DA:3487,0
DA:3488,0
DA:3491,0
DA:3493,0
DA:3494,0
DA:3495,0
DA:3497,0
DA:3498,0
DA:3499,0
DA:3500,0
DA:3502,0
DA:3518,1
DA:3519,1
DA:3556,1
DA:3557,1
DA:3563,1
DA:3564,0
DA:3565,0
DA:3567,0
DA:3570,1
DA:3571,242
DA:3572,242
DA:3573,242
DA:3574,13
DA:3576,242
DA:3588,1
DA:3589,126
DA:3590,126
DA:3592,126
DA:3605,1
DA:3606,126
DA:3607,126
DA:3608,126
DA:3609,126
DA:3610,126
DA:3613,1
DA:3614,0
DA:3617,1
DA:3618,0
DA:3622,1
DA:3623,216
DA:3625,216
DA:3626,1080
DA:3631,1080
DA:3634,216
DA:3654,1
DA:3655,116
DA:3656,116
DA:3658,116
DA:3659,116
DA:3680,1
DA:3681,116
DA:3682,116
DA:3683,116
DA:3684,116
DA:3685,116
DA:3686,696
DA:3688,116
DA:3689,116
DA:3690,0
DA:3691,0
DA:3692,0
DA:3693,0
DA:3696,116
DA:3697,0
DA:3700,116
DA:3702,116
DA:3703,116
DA:3704,116
DA:3705,116
DA:3708,116
DA:3709,116
DA:3711,116
DA:3712,18328
DA:3715,116
DA:3716,116
DA:3717,116
DA:3719,116
DA:3720,24012
DA:3723,116
DA:3724,116
DA:3726,116
DA:3727,5568
DA:3730,116
DA:3732,116
DA:3740,1
DA:3741,0
DA:3742,0
DA:3743,0
DA:3744,0
DA:3747,1
DA:3748,0
DA:3749,0
DA:3750,0
DA:3753,1
DA:3754,105
DA:3755,415
DA:3756,415
DA:3757,415
DA:3758,105
DA:3759,105
DA:3762,0
DA:3765,1
DA:3766,0
DA:3767,0
DA:3768,0
DA:3769,0
DA:3770,0
DA:3771,0
DA:3772,0
DA:3773,0
DA:3776,1
DA:3777,0
DA:3778,0
DA:3781,0
DA:3794,1
DA:3795,105
DA:3796,105
DA:3797,105
DA:3798,105
DA:3799,105
DA:3800,105
DA:3801,105
DA:3803,105
DA:3804,105
DA:3805,105
DA:3806,105
DA:3807,105
DA:3808,105
DA:3822,1
DA:3823,0
DA:3824,0
DA:3825,0
DA:3826,0
DA:3827,0
DA:3828,0
DA:3829,0
DA:3831,0
DA:3832,0
DA:3833,0
DA:3834,0
DA:3855,1
DA:3856,100
DA:3857,100
DA:3859,100
DA:3860,100
DA:3882,1
DA:3883,100
DA:3885,100
DA:3886,0
DA:3889,600
DA:3890,100
DA:3891,100
DA:3892,100
DA:3893,100
DA:3894,100
DA:3896,100
DA:3897,100
DA:3898,0
DA:3899,0
DA:3900,0
DA:3901,0
DA:3904,100
DA:3905,0
DA:3908,100
DA:3910,100
DA:3911,25600
DA:3914,100
DA:3915,0
DA:3918,100
DA:3919,0
DA:3922,100
DA:3924,100
DA:3925,100
DA:3927,100
DA:3929,100
DA:3930,0
DA:3933,100
DA:3934,100
DA:3936,100
DA:3937,20700
DA:3940,100
DA:3942,100
DA:3944,100
DA:3945,15800
DA:3946,0
DA:3950,100
DA:3951,0
DA:3954,100
DA:3958,1
DA:3959,1
DA:3960,1
DA:3961,1
DA:3962,1
DA:3963,1
DA:3964,1
DA:3966,1
DA:3967,1
DA:3968,1
DA:3969,1
DA:3970,1
DA:3972,1
DA:3973,1
DA:3974,1
DA:3975,1
DA:3976,1
DA:3978,1
DA:3979,1
DA:3980,1
DA:3981,1
DA:4006,1
DA:4007,14
DA:4008,14
DA:4009,14
DA:4012,1
DA:4013,1
DA:4014,1
DA:4015,1
DA:4016,1
DA:4017,1
DA:4018,1
DA:4019,1
DA:4020,1
DA:4021,1
DA:4022,1
DA:4023,1
DA:4024,1
DA:4027,1
DA:4028,1
DA:4029,1
DA:4030,1
DA:4031,1
DA:4032,1
DA:4033,1
DA:4034,1
DA:4035,1
DA:4036,1
DA:4037,1
DA:4038,1
DA:4039,1
DA:4040,1
DA:4043,1
DA:4044,26
DA:4045,26
DA:4046,26
DA:4047,26
DA:4048,26
DA:4051,1
DA:4052,0
DA:4053,0
DA:4054,0
DA:4055,0
DA:4056,0
DA:4057,0
DA:4060,1
DA:4061,13
DA:4062,13
DA:4063,13
DA:4065,13
DA:4066,13
DA:4067,13
DA:4068,13
DA:4070,13
DA:4071,13
DA:4072,13
DA:4076,1
DA:4077,0
DA:4078,0
DA:4079,0
DA:4080,0
DA:4082,0
DA:4083,0
DA:4086,1
DA:4087,1
DA:4088,1
DA:4089,1
DA:4090,1
DA:4093,1
DA:4094,0
DA:4095,0
DA:4096,0
DA:4097,0
DA:4100,1
DA:4101,13
DA:4102,13
DA:4103,13
DA:4104,13
DA:4110,1
DA:4111,104
DA:4112,55
DA:4114,49
DA:4120,1
DA:4121,60
DA:4122,48
DA:4123,48
DA:4124,48
DA:4126,12
DA:4133,1
DA:4134,44
DA:4135,44
DA:4136,18
DA:4138,44
DA:4139,44
DA:4145,1
DA:4146,4
DA:4147,4
DA:4148,4
DA:4149,4
DA:4150,4
DA:4151,4
DA:4152,4
DA:4153,4
DA:4154,4
DA:4156,4
DA:4157,4
DA:4163,1
DA:4164,0
DA:4165,0
DA:4166,0
DA:4167,0
DA:4168,0
DA:4170,0
DA:4172,0
DA:4173,0
DA:4179,1
DA:4180,4
DA:4181,4
DA:4182,4
DA:4184,4
DA:4185,4
DA:4187,4
DA:4188,4
DA:4190,4
DA:4192,4
DA:4198,1
DA:4199,4
DA:4205,1
DA:4206,0
DA:4212,1
DA:4213,4
DA:4216,1
DA:4217,0
DA:4218,0
DA:4219,0
DA:4220,0
DA:4222,0
DA:4225,0
DA:4228,1
DA:4229,1
DA:4231,1
DA:4232,1
DA:4234,1
DA:4235,1
DA:4247,1
DA:4251,1
DA:4256,1
DA:4261,1
DA:4262,1
DA:4264,1
DA:4285,4303
DA:4286,4303
DA:4289,4303
DA:4290,7
DA:4294,4303
DA:4295,4299
DA:4296,4295
DA:4301,4303
DA:4304,4303
DA:4306,4303
DA:4322,2552
DA:4323,2552
DA:4325,2552
DA:4355,7
DA:4356,32
DA:4357,32
DA:4362,7
DA:4363,1
DA:4377,0
DA:4388,1
DA:4402,8715
DA:4404,8715
DA:4405,5878
DA:4407,2837
DA:4425,1743
DA:4441,1743
DA:4442,1743
DA:4443,1743
DA:4444,1743
DA:4447,1743
DA:4450,1743
DA:4452,0
DA:4453,0
DA:4454,0
DA:4456,1743
DA:4458,0
DA:4459,0
DA:4463,1743
DA:4465,1743
DA:4468,1743
DA:4480,1743
DA:4481,1743
DA:4484,1743
DA:4485,1743
DA:4498,0
DA:4499,0
DA:4501,0
DA:4518,0
DA:4519,0
DA:4520,0
DA:4523,0
DA:4530,1
DA:4535,1
DA:4551,1743
DA:4552,1743
DA:4555,1743
DA:4556,1743
DA:4557,76544
DA:4558,76544
DA:4559,76544
DA:4562,1743
DA:4580,1512
DA:4583,1512
DA:4584,1512
DA:4585,155722
DA:4588,1512
DA:4595,1
DA:4611,0
DA:4612,0
DA:4615,0
DA:4616,0
DA:4617,0
DA:4618,0
DA:4621,0
DA:4639,231
DA:4642,231
DA:4643,231
DA:4644,85543
DA:4647,231
DA:4654,1
DA:4669,0
DA:4670,0
DA:4672,0
DA:4690,231
DA:4701,1
DA:4711,1743
DA:4712,1743
DA:4727,1743
DA:4728,231
DA:4732,1743
DA:4733,1743
DA:4752,3486
DA:4753,3486
DA:4754,3486
DA:4755,3486
DA:4756,3486
DA:4759,3486
DA:4760,3486
DA:4762,0
DA:4766,3486
DA:4770,3486
DA:4773,3486
DA:4776,3486
DA:4777,2335
DA:4779,3797
DA:4783,2335
DA:4784,2335
DA:4788,3486
DA:4801,0
DA:4802,0
DA:4804,0
DA:4815,1
DA:4832,1743
DA:4835,1743
DA:4847,1743
DA:4850,1743
DA:4867,1743
DA:4870,1743
DA:4873,1743
DA:4892,1743
DA:4893,0
DA:4897,1743
DA:4899,1743
DA:4918,2
DA:4919,0
DA:4937,2
DA:4938,0
DA:4946,1
DA:4948,1
DA:4956,1
DA:4958,1
DA:4959,1
DA:4960,1
DA:4961,1
DA:4966,1
DA:4971,1
DA:4983,5352
DA:4984,5352
DA:5159,1
DA:5181,649
DA:5183,649
DA:5184,0
DA:5186,649
DA:5201,649
DA:5202,649
DA:5205,649
DA:5206,649
DA:5207,5192
DA:5208,5192
DA:5209,5192
DA:5212,649
DA:5225,0
DA:5228,0
DA:5231,0
DA:5232,0
DA:5233,0
DA:5236,0
DA:5246,1
DA:5248,1
DA:5249,1
DA:5250,1
DA:5251,1
DA:5252,1
DA:5255,1
DA:5256,1
DA:5259,1
DA:5260,1
DA:5261,310
DA:5262,310
DA:5263,1118
DA:5264,246
DA:5268,64
DA:5271,1
DA:5272,72
DA:5275,1
DA:5276,1
DA:5277,1
DA:5278,310
DA:5279,64
DA:5280,8
DA:5282,64
DA:5284,64
DA:5287,310
DA:5292,1
DA:5297,1
DA:5299,1094
DA:5304,2454
DA:5307,2454
DA:5308,2454
DA:5309,2454
DA:5310,2454
DA:5311,2454
DA:5312,2454
DA:5313,2454
DA:5314,2454
DA:5317,2454
DA:5318,157056
DA:5319,39264
DA:5321,117792
DA:5322,117792
DA:5326,117792
DA:5327,117792
DA:5331,117792
DA:5334,157056
DA:5335,157056
DA:5337,157056
DA:5338,157056
DA:5340,157056
DA:5341,157056
DA:5343,157056
DA:5344,157056
DA:5345,157056
DA:5346,157056
DA:5347,157056
DA:5348,157056
DA:5349,157056
DA:5350,157056
DA:5354,2454
DA:5355,2454
DA:5356,2454
DA:5357,2454
DA:5358,2454
DA:5359,2454
DA:5360,2454
DA:5361,2454
DA:5366,1094
DA:5367,1094
DA:5369,1094
DA:5370,1094
DA:5373,1094
DA:5374,1094
DA:5375,1094
DA:5376,1094
DA:5379,1094
DA:5382,1094
DA:5386,0
DA:5387,0
DA:5389,0
DA:5407,1
DA:5423,1
DA:5431,1
DA:5433,1
DA:5434,1
DA:5435,1
DA:5436,1
DA:5437,1
DA:5438,1
DA:5439,1
DA:5441,1
DA:5442,160
DA:5446,1
DA:5490,1
DA:5491,1
DA:5492,1
DA:5493,80
DA:5500,1
DA:5502,649
DA:5512,1343
DA:5514,1343
DA:5515,1343
DA:5516,1343
DA:5517,1343
DA:5518,1343
DA:5519,1343
DA:5520,1343
DA:5521,1343
DA:5523,1343
DA:5524,1343
DA:5525,1343
DA:5526,1343
DA:5527,1343
DA:5528,1343
DA:5529,1343
DA:5530,1343
DA:5531,1343
DA:5532,1343
DA:5533,1343
DA:5534,1343
DA:5535,1343
DA:5536,1343
DA:5537,1343
DA:5538,1343
DA:5541,1343
DA:5542,1343
DA:5543,1343
DA:5544,1343
DA:5545,1343
DA:5546,1343
DA:5547,1343
DA:5548,1343
DA:5549,1343
DA:5550,1343
DA:5551,1343
DA:5552,1343
DA:5553,1343
DA:5554,1343
DA:5555,1343
DA:5556,1343
DA:5559,1343
DA:5561,107440
DA:5564,107440
DA:5565,21488
DA:5566,21488
DA:5569,85952
DA:5570,85952
DA:5571,85952
DA:5572,85952
DA:5573,85952
DA:5576,85952
DA:5577,85952
DA:5578,85952
DA:5579,85952
DA:5580,85952
DA:5583,85952
DA:5584,85952
DA:5585,85952
DA:5587,85952
DA:5588,85952
DA:5589,85952
DA:5591,85952
DA:5592,85952
DA:5593,85952
DA:5594,85952
DA:5595,85952
DA:5596,85952
DA:5598,85952
DA:5599,85952
DA:5602,107440
DA:5603,107440
DA:5604,107440
DA:5605,107440
DA:5607,107440
DA:5608,107440
DA:5609,107440
DA:5610,107440
DA:5613,107440
DA:5614,107440
DA:5615,107440
DA:5617,107440
DA:5618,107440
DA:5619,107440
DA:5620,107440
DA:5621,107440
DA:5622,107440
DA:5623,107440
DA:5624,107440
DA:5627,107440
DA:5628,107440
DA:5631,107440
DA:5632,107440
DA:5633,107440
DA:5634,107440
DA:5635,107440
DA:5636,107440
DA:5637,107440
DA:5638,107440
DA:5639,107440
DA:5640,107440
DA:5641,107440
DA:5642,107440
DA:5643,107440
DA:5644,107440
DA:5645,107440
DA:5646,107440
DA:5650,1343
DA:5651,1343
DA:5652,1343
DA:5653,1343
DA:5654,1343
DA:5655,1343
DA:5656,1343
DA:5657,1343
DA:5658,1343
DA:5659,1343
DA:5660,1343
DA:5661,1343
DA:5662,1343
DA:5663,1343
DA:5664,1343
DA:5665,1343
DA:5670,649
DA:5671,649
DA:5673,649
DA:5674,649
DA:5677,649
DA:5678,649
DA:5679,649
DA:5680,649
DA:5683,649
DA:5686,649
DA:5689,649
DA:5693,0
DA:5694,0
DA:5696,0
DA:5716,1
DA:5732,1
DA:5759,1
DA:5760,1
DA:5782,1
DA:5795,2202
DA:5796,978
DA:5797,978
DA:5798,978
DA:5799,978
DA:5800,978
DA:5801,978
DA:5802,978
DA:5804,0
DA:5819,2202
DA:5820,0
DA:5821,0
DA:5822,0
DA:5823,0
DA:5824,0
DA:5825,0
DA:5827,0
DA:5840,2202
DA:5841,0
DA:5842,0
DA:5844,0
DA:5857,2202
DA:5858,854
DA:5860,0
DA:5862,854
DA:5863,0
DA:5865,854
DA:5866,854
DA:5867,854
DA:5868,854
DA:5869,854
DA:5870,854
DA:5871,854
DA:5872,854
DA:5873,854
DA:5875,854
DA:5876,205
DA:5877,205
DA:5878,205
DA:5879,205
DA:5882,854
DA:5883,854
DA:5884,854
DA:5885,854
DA:5887,854
DA:5888,0
DA:5892,1
DA:5893,772
DA:5896,1
DA:5897,0
DA:5898,0
DA:5899,0
DA:5902,1
DA:5903,0
DA:5904,0
DA:5905,0
DA:5921,2202
DA:5922,0
DA:5923,0
DA:5938,2202
DA:5939,517
DA:5940,517
DA:5941,517
DA:5943,517
DA:5944,312
DA:5949,205
DA:5950,100
DA:5953,105
DA:5971,2202
DA:5972,0
DA:5973,0
DA:5974,0
DA:5975,0
DA:5979,1
DA:5980,1289
DA:5981,1289
DA:5983,1289
DA:5985,0
DA:5986,1289
DA:5987,1289
DA:5988,1289
DA:5991,1
DA:5992,0
DA:5995,1
DA:5996,0
DA:5997,0
DA:5999,0
DA:6000,0
DA:6001,0
DA:6004,1
DA:6005,772
DA:6006,772
DA:6007,0
DA:6009,772
DA:6012,772
DA:6014,772
DA:6015,530
DA:6016,242
DA:6017,116
DA:6019,126
DA:6023,1
DA:6024,0
DA:6025,0
DA:6043,2202
DA:6044,0
DA:6045,0
DA:6046,0
DA:6047,0
DA:6049,0
DA:6050,0
DA:6051,0
DA:6052,0
DA:6054,0
DA:6070,2202
DA:6071,772
DA:6072,772
DA:6073,0
DA:6074,772
DA:6075,772
DA:6077,772
DA:6078,772
DA:6079,772
DA:6080,772
DA:6082,772
DA:6086,1
DA:6087,0
DA:6088,0
DA:6089,0
DA:6090,0
DA:6091,0
DA:6109,2202
DA:6110,0
DA:6111,0
DA:6112,0
DA:6113,0
DA:6115,0
DA:6116,0
DA:6117,0
DA:6118,0
DA:6120,0
DA:6132,1
DA:6134,1
DA:6135,1
DA:6136,1
DA:6137,1
DA:6139,1
DA:6142,1
DA:6144,14
DA:6145,14
DA:6146,14
DA:6147,14
DA:6148,14
DA:6149,14
DA:6150,14
DA:6153,1
DA:6155,1
DA:6158,1
DA:6160,13
DA:6163,1
DA:6165,4
DA:6170,1
DA:6172,4
DA:6177,1
DA:6179,27
DA:6182,1
DA:6184,34
DA:6187,1
DA:6189,61
DA:6192,1
DA:6194,1
DA:6196,2202
DA:6198,2202
DA:6200,2202
DA:6202,1626
DA:6204,648
DA:6206,648
DA:6209,648
DA:6212,978
DA:6216,1
DA:6218,32
DA:6221,1
DA:6223,32
DA:6226,1
DA:6228,843
DA:6230,843
DA:6232,0
DA:6235,843
DA:6238,0
DA:6241,1
DA:6243,843
DA:6245,843
DA:6247,715
DA:6250,843
DA:6253,0
DA:6256,1
DA:6258,337
DA:6261,1
DA:6263,1
DA:6265,1544
DA:6268,1
DA:6270,1744
DA:6273,1
DA:6275,1
DA:6277,584
DA:6279,8
DA:6280,8
DA:6283,584
DA:6285,584
DA:6287,584
DA:6289,584
DA:6292,584
DA:6294,584
DA:6296,1752
DA:6299,584
DA:6301,584
DA:6303,584
DA:6305,584
DA:6306,584
DA:6307,584
DA:6308,584
DA:6310,584
DA:6313,1
DA:6315,576
DA:6317,0
DA:6318,0
DA:6321,576
DA:6323,288
DA:6327,288
DA:6330,576
DA:6332,576
DA:6337,576
DA:6339,0
DA:6342,576
DA:6344,0
DA:6347,576
DA:6349,0
DA:6352,576
DA:6354,0
DA:6357,576
DA:6359,192
DA:6362,384
DA:6364,0
DA:6367,384
DA:6369,128
DA:6372,256
DA:6374,0
DA:6377,256
DA:6379,128
DA:6382,128
DA:6388,1
DA:6390,1
DA:6391,1
DA:6392,1
DA:6393,1
DA:6394,1
LF:2585
LH:1795
BRDA:52,1,0,0
BRDA:52,1,1,0
BRDA:60,2,0,0
BRDA:60,2,1,0
BRDA:66,3,0,0
BRDA:66,3,1,0
BRDA:68,4,0,0
BRDA:68,4,1,0
BRDA:71,5,0,0
BRDA:71,5,1,0
BRDA:71,6,0,0
BRDA:71,6,1,0
BRDA:117,7,0,0
BRDA:117,7,1,0
BRDA:133,8,0,0
BRDA:133,8,1,0
BRDA:166,9,0,0
BRDA:166,9,1,13
BRDA:171,10,0,13
BRDA:171,10,1,0
BRDA:171,11,0,13
BRDA:171,11,1,13
BRDA:171,11,2,13
BRDA:171,11,3,13
BRDA:187,12,0,0
BRDA:187,12,1,0
BRDA:189,13,0,0
BRDA:189,13,1,0
BRDA:191,14,0,0
BRDA:191,14,1,0
BRDA:197,15,0,0
BRDA:197,15,1,0
BRDA:199,16,0,0
BRDA:199,16,1,0
BRDA:201,17,0,0
BRDA:201,17,1,0
BRDA:228,18,0,0
BRDA:228,18,1,0
BRDA:229,19,0,0
BRDA:229,19,1,0
BRDA:229,20,0,0
BRDA:229,20,1,0
BRDA:233,21,0,0
BRDA:233,21,1,0
BRDA:237,22,0,0
BRDA:237,22,1,0
BRDA:240,23,0,0
BRDA:240,23,1,0
BRDA:240,24,0,0
BRDA:240,24,1,0
BRDA:291,25,0,0
BRDA:291,25,1,0
BRDA:299,26,0,0
BRDA:299,26,1,0
BRDA:319,27,0,0
BRDA:319,27,1,0
BRDA:327,28,0,0
BRDA:327,28,1,0
BRDA:329,29,0,0
BRDA:329,29,1,0
BRDA:339,30,0,0
BRDA:339,30,1,0
BRDA:345,31,0,0
BRDA:345,31,1,0
BRDA:345,32,0,0
BRDA:345,32,1,0
BRDA:345,32,2,0
BRDA:345,32,3,0
BRDA:357,33,0,0
BRDA:357,33,1,1
BRDA:358,34,0,0
BRDA:358,34,1,1
BRDA:359,35,0,0
BRDA:359,35,1,1
BRDA:360,36,0,0
BRDA:360,36,1,1
BRDA:362,37,0,1
BRDA:362,37,1,0
BRDA:362,38,0,1
BRDA:362,38,1,1
BRDA:362,38,2,1
BRDA:362,38,3,1
BRDA:385,39,0,4
BRDA:385,39,1,0
BRDA:385,40,0,4
BRDA:385,40,1,4
BRDA:389,41,0,4
BRDA:389,41,1,0
BRDA:389,42,0,4
BRDA:389,42,1,4
BRDA:391,43,0,2
BRDA:391,43,1,2
BRDA:399,44,0,4
BRDA:399,44,1,0
BRDA:412,45,0,0
BRDA:412,45,1,242
BRDA:412,46,0,242
BRDA:412,46,1,242
BRDA:433,47,0,0
BRDA:433,47,1,0
BRDA:442,48,0,0
BRDA:442,48,1,0
BRDA:474,49,0,2
BRDA:474,49,1,248
BRDA:478,50,0,242
BRDA:478,50,1,6
BRDA:482,51,0,250
BRDA:482,51,1,0
BRDA:494,52,0,209
BRDA:494,52,1,76790
BRDA:496,53,0,0
BRDA:496,53,1,76790
BRDA:497,54,0,19301
BRDA:497,54,1,57489
BRDA:502,55,0,19301
BRDA:502,55,1,38188
BRDA:507,56,0,19096
BRDA:507,56,1,19092
BRDA:519,57,0,0
BRDA:519,57,1,219
BRDA:550,58,0,779
BRDA:550,58,1,37248
BRDA:551,59,0,8
BRDA:551,59,1,771
BRDA:552,60,0,116
BRDA:552,60,1,655
BRDA:552,61,0,771
BRDA:552,61,1,116
BRDA:604,62,0,0
BRDA:604,62,1,1
BRDA:604,63,0,1
BRDA:604,63,1,1
BRDA:608,64,0,0
BRDA:608,64,1,1
BRDA:608,65,0,1
BRDA:608,65,1,1
BRDA:640,66,0,0
BRDA:640,66,1,283714
BRDA:653,67,0,0
BRDA:653,67,1,1157
BRDA:654,68,0,1140
BRDA:654,68,1,17
BRDA:655,69,0,0
BRDA:655,69,1,17
BRDA:665,70,0,655
BRDA:665,70,1,124
BRDA:666,71,0,0
BRDA:666,71,1,124
BRDA:667,72,0,124
BRDA:667,72,1,0
BRDA:668,73,0,0
BRDA:668,73,1,0
BRDA:669,74,0,0
BRDA:669,74,1,0
BRDA:670,75,0,0
BRDA:670,75,1,0
BRDA:676,76,0,30728
BRDA:676,76,1,283714
BRDA:677,77,0,0
BRDA:677,77,1,314442
BRDA:678,78,0,0
BRDA:678,78,1,0
BRDA:682,79,0,45502
BRDA:682,79,1,268940
BRDA:684,80,0,4436
BRDA:684,80,1,264504
BRDA:691,81,0,49159
BRDA:691,81,1,265283
BRDA:693,82,0,0
BRDA:693,82,1,779
BRDA:693,83,0,779
BRDA:693,83,1,124
BRDA:695,84,0,0
BRDA:695,84,1,0
BRDA:698,85,0,0
BRDA:698,85,1,779
BRDA:704,86,0,3277459
BRDA:704,86,1,3277428
BRDA:709,87,0,0
BRDA:709,87,1,382
BRDA:711,88,0,379
BRDA:711,88,1,3
BRDA:712,89,0,0
BRDA:712,89,1,3
BRDA:713,90,0,0
BRDA:713,90,1,3
BRDA:714,91,0,0
BRDA:714,91,1,3
BRDA:715,92,0,0
BRDA:715,92,1,3
BRDA:719,93,0,379
BRDA:719,93,1,0
BRDA:720,94,0,0
BRDA:720,94,1,379
BRDA:720,95,0,379
BRDA:720,95,1,0
BRDA:722,96,0,0
BRDA:722,96,1,190302
BRDA:728,97,0,27186
BRDA:728,97,1,163116
BRDA:730,98,0,177254
BRDA:730,98,1,13048
BRDA:731,99,0,188597
BRDA:731,99,1,1705
BRDA:734,100,0,379
BRDA:734,100,1,0
BRDA:741,101,0,0
BRDA:741,101,1,1111720
BRDA:746,102,0,7
BRDA:746,102,1,982104
BRDA:749,103,0,13338
BRDA:749,103,1,968766
BRDA:749,104,0,0
BRDA:749,104,1,13338
BRDA:750,105,0,968677
BRDA:750,105,1,2142
BRDA:757,106,0,454
BRDA:757,106,1,6601
BRDA:758,107,0,5392
BRDA:758,107,1,1663
BRDA:759,108,0,5073
BRDA:759,108,1,1982
BRDA:760,109,0,6297
BRDA:760,109,1,758
BRDA:761,110,0,5158
BRDA:761,110,1,1897
BRDA:767,111,0,0
BRDA:767,111,1,3531
BRDA:808,112,0,12
BRDA:808,112,1,51079
BRDA:817,113,0,51079
BRDA:817,113,1,0
BRDA:830,114,0,22997
BRDA:830,114,1,13233
BRDA:848,115,0,12423
BRDA:848,115,1,23807
BRDA:849,116,0,1
BRDA:849,116,1,36229
BRDA:850,117,0,1
BRDA:850,117,1,36228
BRDA:865,118,0,0
BRDA:865,118,1,141427
BRDA:875,119,0,3760
BRDA:875,119,1,29669061
BRDA:880,120,0,820882
BRDA:880,120,1,0
BRDA:889,121,0,0
BRDA:889,121,1,2246
BRDA:891,122,0,0
BRDA:891,122,1,2246
BRDA:892,123,0,0
BRDA:892,123,1,0
BRDA:893,124,0,0
BRDA:893,124,1,0
BRDA:896,125,0,0
BRDA:896,125,1,2246
BRDA:899,126,0,2246
BRDA:899,126,1,0
BRDA:903,127,0,0
BRDA:903,127,1,2246
BRDA:904,128,0,2012
BRDA:904,128,1,234
BRDA:906,129,0,2012
BRDA:906,129,1,234
BRDA:908,130,0,6
BRDA:908,130,1,2240
BRDA:917,131,0,0
BRDA:917,131,1,79031
BRDA:918,132,0,17
BRDA:918,132,1,79014
BRDA:924,133,0,234
BRDA:924,133,1,2012
BRDA:926,134,0,0
BRDA:926,134,1,234
BRDA:930,135,0,2246
BRDA:930,135,1,0
BRDA:931,136,0,0
BRDA:931,136,1,2246
BRDA:938,137,0,0
BRDA:938,137,1,734
BRDA:938,138,0,734
BRDA:938,138,1,0
BRDA:945,139,0,0
BRDA:945,139,1,271
BRDA:945,140,0,271
BRDA:945,140,1,271
BRDA:970,141,0,0
BRDA:970,141,1,1007
BRDA:972,142,0,0
BRDA:972,142,1,1007
BRDA:981,143,0,0
BRDA:981,143,1,1007
BRDA:999,144,0,0
BRDA:999,144,1,1007
BRDA:999,145,0,1007
BRDA:999,145,1,0
BRDA:1027,146,0,69
BRDA:1027,146,1,962484
BRDA:1043,147,0,48813
BRDA:1043,147,1,4
BRDA:1047,148,0,0
BRDA:1047,148,1,476
BRDA:1047,149,0,476
BRDA:1047,149,1,476
BRDA:1052,150,0,205
BRDA:1052,150,1,3346
BRDA:1061,151,0,271
BRDA:1061,151,1,205
BRDA:1061,152,0,476
BRDA:1061,152,1,205
BRDA:1108,153,0,0
BRDA:1108,153,1,329
BRDA:1109,154,0,0
BRDA:1109,154,1,0
BRDA:1110,155,0,0
BRDA:1110,155,1,0
BRDA:1112,156,0,329
BRDA:1112,156,1,0
BRDA:1113,157,0,0
BRDA:1113,157,1,0
BRDA:1119,158,0,0
BRDA:1119,158,1,0
BRDA:1122,159,0,0
BRDA:1122,159,1,0
BRDA:1129,160,0,7
BRDA:1129,160,1,15489
BRDA:1130,161,0,23
BRDA:1130,161,1,15466
BRDA:1130,162,0,15489
BRDA:1130,162,1,15466
BRDA:1130,162,2,359
BRDA:1136,163,0,3
BRDA:1136,163,1,0
BRDA:1137,164,0,0
BRDA:1137,164,1,3
BRDA:1137,165,0,3
BRDA:1137,165,1,3
BRDA:1137,165,2,3
BRDA:1152,166,0,0
BRDA:1152,166,1,0
BRDA:1157,167,0,0
BRDA:1157,167,1,0
BRDA:1158,168,0,0
BRDA:1158,168,1,0
BRDA:1158,169,0,0
BRDA:1158,169,1,0
BRDA:1162,170,0,0
BRDA:1162,170,1,0
BRDA:1169,171,0,0
BRDA:1169,171,1,0
BRDA:1173,172,0,0
BRDA:1173,172,1,0
BRDA:1178,173,0,8
BRDA:1178,173,1,8
BRDA:1180,174,0,0
BRDA:1180,174,1,8
BRDA:1183,175,0,3
BRDA:1183,175,1,5
BRDA:1185,176,0,2
BRDA:1185,176,1,6
BRDA:1188,177,0,0
BRDA:1188,177,1,1735
BRDA:1197,178,0,0
BRDA:1197,178,1,8
BRDA:1207,179,0,100
BRDA:1207,179,1,0
BRDA:1208,180,0,16
BRDA:1208,180,1,84
BRDA:1208,181,0,100
BRDA:1208,181,1,16
BRDA:1211,182,0,3684
BRDA:1211,182,1,22152
BRDA:1217,183,0,3700
BRDA:1217,183,1,18452
BRDA:1219,184,0,12734
BRDA:1219,184,1,13102
BRDA:1220,185,0,0
BRDA:1220,185,1,25836
BRDA:1220,186,0,25836
BRDA:1220,186,1,336
BRDA:1221,187,0,25584
BRDA:1221,187,1,252
BRDA:1221,188,0,25836
BRDA:1221,188,1,336
BRDA:1228,189,0,0
BRDA:1228,189,1,0
BRDA:1229,190,0,0
BRDA:1229,190,1,0
BRDA:1235,191,0,0
BRDA:1235,191,1,3
BRDA:1277,192,0,0
BRDA:1277,192,1,3
BRDA:1284,193,0,0
BRDA:1284,193,1,286
BRDA:1290,194,0,0
BRDA:1290,194,1,16786
BRDA:1292,195,0,0
BRDA:1292,195,1,16786
BRDA:1293,196,0,34
BRDA:1293,196,1,16752
BRDA:1294,197,0,496
BRDA:1294,197,1,16290
BRDA:1295,198,0,1814
BRDA:1295,198,1,14972
BRDA:1296,199,0,2912
BRDA:1296,199,1,13874
BRDA:1303,200,0,16786
BRDA:1303,200,1,0
BRDA:1304,201,0,0
BRDA:1304,201,1,0
BRDA:1325,202,0,0
BRDA:1325,202,1,8
BRDA:1353,203,0,242
BRDA:1353,203,1,4225
BRDA:1371,204,0,3
BRDA:1371,204,1,4464
BRDA:1372,205,0,0
BRDA:1372,205,1,4467
BRDA:1373,206,0,0
BRDA:1373,206,1,4467
BRDA:1412,207,0,0
BRDA:1412,207,1,1737
BRDA:1417,208,0,0
BRDA:1417,208,1,0
BRDA:1473,209,0,0
BRDA:1473,209,1,0
BRDA:1473,210,0,0
BRDA:1473,210,1,0
BRDA:1474,211,0,0
BRDA:1474,211,1,0
BRDA:1483,212,0,0
BRDA:1483,212,1,0
BRDA:1506,213,0,0
BRDA:1506,213,1,802
BRDA:1507,214,0,0
BRDA:1507,214,1,802
BRDA:1508,215,0,0
BRDA:1508,215,1,802
BRDA:1509,216,0,0
BRDA:1509,216,1,802
BRDA:1510,217,0,0
BRDA:1510,217,1,802
BRDA:1512,218,0,0
BRDA:1512,218,1,802
BRDA:1514,219,0,0
BRDA:1514,219,1,802
BRDA:1522,220,0,802
BRDA:1522,220,1,0
BRDA:1535,221,0,94397
BRDA:1535,221,1,22273
BRDA:1538,222,0,21509
BRDA:1538,222,1,764
BRDA:1543,223,0,21437
BRDA:1543,223,1,95233
BRDA:1544,224,0,802
BRDA:1544,224,1,115868
BRDA:1550,225,0,40654
BRDA:1550,225,1,75214
BRDA:1554,226,0,352125
BRDA:1554,226,1,351323
BRDA:1556,227,0,8237
BRDA:1556,227,1,227218
BRDA:1564,228,0,0
BRDA:1564,228,1,12
BRDA:1565,229,0,0
BRDA:1565,229,1,12
BRDA:1566,230,0,0
BRDA:1566,230,1,12
BRDA:1568,231,0,0
BRDA:1568,231,1,12
BRDA:1569,232,0,0
BRDA:1569,232,1,12
BRDA:1570,233,0,0
BRDA:1570,233,1,12
BRDA:1575,234,0,4082
BRDA:1575,234,1,4156
BRDA:1576,235,0,28
BRDA:1576,235,1,8210
BRDA:1577,236,0,8173
BRDA:1577,236,1,65
BRDA:1586,237,0,0
BRDA:1586,237,1,12
BRDA:1592,238,0,0
BRDA:1592,238,1,26003
BRDA:1593,239,0,0
BRDA:1593,239,1,26003
BRDA:1594,240,0,26003
BRDA:1594,240,1,0
BRDA:1595,241,0,0
BRDA:1595,241,1,26003
BRDA:1603,242,0,0
BRDA:1603,242,1,8
BRDA:1603,243,0,8
BRDA:1603,243,1,0
BRDA:1603,243,2,8
BRDA:1609,244,0,8167
BRDA:1609,244,1,2820
BRDA:1610,245,0,4111
BRDA:1610,245,1,4056
BRDA:1610,246,0,8167
BRDA:1610,246,1,4056
BRDA:1613,247,0,1426
BRDA:1613,247,1,1394
BRDA:1618,248,0,42
BRDA:1618,248,1,2972
BRDA:1619,249,0,21
BRDA:1619,249,1,21
BRDA:1619,250,0,42
BRDA:1619,250,1,21
BRDA:1622,251,0,1489
BRDA:1622,251,1,1483
BRDA:1625,252,0,5478
BRDA:1625,252,1,1500
BRDA:1627,253,0,4085
BRDA:1627,253,1,1393
BRDA:1632,254,0,22
BRDA:1632,254,1,1478
BRDA:1636,255,0,0
BRDA:1636,255,1,8
BRDA:1637,256,0,0
BRDA:1637,256,1,8
BRDA:1638,257,0,7
BRDA:1638,257,1,1
BRDA:1639,258,0,0
BRDA:1639,258,1,7
BRDA:1648,259,0,0
BRDA:1648,259,1,1751
BRDA:1648,260,0,1751
BRDA:1648,260,1,0
BRDA:1650,261,0,0
BRDA:1650,261,1,0
BRDA:1653,262,0,0
BRDA:1653,262,1,1751
BRDA:1657,263,0,66680
BRDA:1657,263,1,66394
BRDA:1659,264,0,1465
BRDA:1659,264,1,60344
BRDA:1668,265,0,0
BRDA:1668,265,1,286
BRDA:1671,266,0,0
BRDA:1671,266,1,286
BRDA:1677,267,0,287
BRDA:1677,267,1,31
BRDA:1677,268,0,318
BRDA:1677,268,1,305
BRDA:1679,269,0,558
BRDA:1679,269,1,272
BRDA:1681,270,0,0
BRDA:1681,270,1,271
BRDA:1683,271,0,270
BRDA:1683,271,1,17
BRDA:1804,272,0,86
BRDA:1804,272,1,131
BRDA:1806,273,0,0
BRDA:1806,273,1,131
BRDA:1807,274,0,131
BRDA:1807,274,1,0
BRDA:1807,275,0,131
BRDA:1807,275,1,131
BRDA:1822,276,0,0
BRDA:1822,276,1,95
BRDA:1844,277,0,0
BRDA:1844,277,1,95
BRDA:1846,278,0,43
BRDA:1846,278,1,52
BRDA:1864,279,0,0
BRDA:1864,279,1,122
BRDA:1934,280,0,0
BRDA:1934,280,1,0
BRDA:1934,281,0,0
BRDA:1934,281,1,0
BRDA:1935,282,0,0
BRDA:1935,282,1,0
BRDA:1975,283,0,0
BRDA:1975,283,1,0
BRDA:2099,284,0,4701
BRDA:2099,284,1,70051
BRDA:2169,285,0,807
BRDA:2169,285,1,1418
BRDA:2170,286,0,537
BRDA:2170,286,1,881
BRDA:2197,287,0,1
BRDA:2197,287,1,0
BRDA:2347,288,0,0
BRDA:2347,288,1,0
BRDA:2409,289,0,1
BRDA:2409,289,1,0
BRDA:2409,290,0,1
BRDA:2409,290,1,0
BRDA:2424,291,0,1
BRDA:2424,291,1,0
BRDA:2424,292,0,1
BRDA:2424,292,1,0
BRDA:2512,293,0,0
BRDA:2512,293,1,126
BRDA:2531,294,0,0
BRDA:2531,294,1,126
BRDA:2717,295,0,0
BRDA:2717,295,1,1743
BRDA:2717,296,0,1743
BRDA:2717,296,1,1743
BRDA:2720,297,0,1743
BRDA:2720,297,1,0
BRDA:2720,298,0,1743
BRDA:2720,298,1,1743
BRDA:2747,299,0,0
BRDA:2747,299,1,1743
BRDA:2747,300,0,1743
BRDA:2747,300,1,1094
BRDA:2845,301,0,1743
BRDA:2845,301,1,0
BRDA:2846,302,0,1743
BRDA:2846,302,1,0
BRDA:2848,303,0,1743
BRDA:2848,303,1,0
BRDA:2884,304,0,0
BRDA:2884,304,1,0
BRDA:2887,305,0,0
BRDA:2887,305,1,0
BRDA:2891,306,0,0
BRDA:2891,306,1,0
BRDA:2897,307,0,0
BRDA:2897,307,1,0
BRDA:2897,308,0,0
BRDA:2897,308,1,0
BRDA:2997,309,0,0
BRDA:2997,309,1,0
BRDA:2998,310,0,0
BRDA:2998,310,1,0
BRDA:3001,311,0,0
BRDA:3001,311,1,0
BRDA:3003,312,0,0
BRDA:3003,312,1,0
BRDA:3106,313,0,0
BRDA:3106,313,1,0
BRDA:3134,314,0,0
BRDA:3134,314,1,0
BRDA:3137,315,0,0
BRDA:3137,315,1,0
BRDA:3146,316,0,0
BRDA:3146,316,1,0
BRDA:3147,317,0,0
BRDA:3147,317,1,0
BRDA:3147,318,0,0
BRDA:3147,318,1,0
BRDA:3151,319,0,0
BRDA:3151,319,1,0
BRDA:3151,320,0,0
BRDA:3151,320,1,0
BRDA:3151,320,2,0
BRDA:3157,321,0,0
BRDA:3157,321,1,0
BRDA:3157,322,0,0
BRDA:3157,322,1,0
BRDA:3157,322,2,0
BRDA:3163,323,0,0
BRDA:3163,323,1,0
BRDA:3163,324,0,0
BRDA:3163,324,1,0
BRDA:3167,325,0,0
BRDA:3167,325,1,0
BRDA:3167,326,0,0
BRDA:3167,326,1,0
BRDA:3171,327,0,0
BRDA:3171,327,1,0
BRDA:3171,328,0,0
BRDA:3171,328,1,0
BRDA:3171,328,2,0
BRDA:3171,328,3,0
BRDA:3181,329,0,0
BRDA:3181,329,1,0
BRDA:3182,330,0,0
BRDA:3182,330,1,0
BRDA:3185,331,0,0
BRDA:3185,331,1,0
BRDA:3191,332,0,0
BRDA:3191,332,1,0
BRDA:3192,333,0,0
BRDA:3192,333,1,0
BRDA:3195,334,0,0
BRDA:3195,334,1,0
BRDA:3205,335,0,0
BRDA:3205,335,1,0
BRDA:3205,336,0,0
BRDA:3205,336,1,0
BRDA:3216,337,0,0
BRDA:3216,337,1,0
BRDA:3216,338,0,0
BRDA:3216,338,1,0
BRDA:3220,339,0,0
BRDA:3220,339,1,0
BRDA:3222,340,0,0
BRDA:3222,340,1,0
BRDA:3244,341,0,0
BRDA:3244,341,1,0
BRDA:3244,342,0,0
BRDA:3244,342,1,0
BRDA:3248,343,0,0
BRDA:3248,343,1,0
BRDA:3252,344,0,0
BRDA:3252,344,1,0
BRDA:3255,345,0,0
BRDA:3255,345,1,0
BRDA:3272,346,0,0
BRDA:3272,346,1,0
BRDA:3272,347,0,0
BRDA:3272,347,1,0
BRDA:3276,348,0,0
BRDA:3276,348,1,0
BRDA:3280,349,0,0
BRDA:3280,349,1,0
BRDA:3282,350,0,0
BRDA:3282,350,1,0
BRDA:3478,351,0,0
BRDA:3478,351,1,0
BRDA:3479,352,0,0
BRDA:3479,352,1,0
BRDA:3481,353,0,0
BRDA:3481,353,1,0
BRDA:3491,354,0,0
BRDA:3491,354,1,0
BRDA:3493,355,0,0
BRDA:3493,355,1,0
BRDA:3494,356,0,0
BRDA:3494,356,1,0
BRDA:3658,357,0,116
BRDA:3658,357,1,0
BRDA:3688,358,0,116
BRDA:3688,358,1,0
BRDA:3688,359,0,116
BRDA:3688,359,1,0
BRDA:3690,360,0,0
BRDA:3690,360,1,0
BRDA:3692,361,0,0
BRDA:3692,361,1,0
BRDA:3696,362,0,0
BRDA:3696,362,1,116
BRDA:3702,363,0,116
BRDA:3702,363,1,0
BRDA:3757,364,0,105
BRDA:3757,364,1,310
BRDA:3768,365,0,0
BRDA:3768,365,1,0
BRDA:3798,366,0,0
BRDA:3798,366,1,105
BRDA:3803,367,0,0
BRDA:3803,367,1,105
BRDA:3826,368,0,0
BRDA:3826,368,1,0
BRDA:3831,369,0,0
BRDA:3831,369,1,0
BRDA:3859,370,0,100
BRDA:3859,370,1,0
BRDA:3885,371,0,0
BRDA:3885,371,1,100
BRDA:3896,372,0,100
BRDA:3896,372,1,0
BRDA:3896,373,0,100
BRDA:3896,373,1,0
BRDA:3898,374,0,0
BRDA:3898,374,1,0
BRDA:3900,375,0,0
BRDA:3900,375,1,0
BRDA:3904,376,0,0
BRDA:3904,376,1,100
BRDA:3918,377,0,0
BRDA:3918,377,1,100
BRDA:3929,378,0,0
BRDA:3929,378,1,100
BRDA:3945,379,0,0
BRDA:3945,379,1,15800
BRDA:3950,380,0,0
BRDA:3950,380,1,100
BRDA:4111,381,0,55
BRDA:4111,381,1,49
BRDA:4121,382,0,48
BRDA:4121,382,1,12
BRDA:4135,383,0,18
BRDA:4135,383,1,26
BRDA:4219,384,0,0
BRDA:4219,384,1,0
BRDA:4219,385,0,0
BRDA:4219,385,1,0
BRDA:4219,385,2,0
BRDA:4247,386,0,1
BRDA:4247,386,1,1
BRDA:4289,387,0,7
BRDA:4289,387,1,4296
BRDA:4294,388,0,4299
BRDA:4294,388,1,4
BRDA:4356,389,0,32
BRDA:4356,389,1,0
BRDA:4362,390,0,1
BRDA:4362,390,1,6
BRDA:4402,391,0,8715
BRDA:4402,391,1,2894
BRDA:4404,392,0,5878
BRDA:4404,392,1,2837
BRDA:4425,393,0,1743
BRDA:4425,393,1,0
BRDA:4450,394,0,0
BRDA:4450,394,1,1743
BRDA:4456,395,0,0
BRDA:4456,395,1,1743
BRDA:4727,396,0,231
BRDA:4727,396,1,1512
BRDA:4760,397,0,0
BRDA:4760,397,1,3486
BRDA:4776,398,0,2335
BRDA:4776,398,1,1151
BRDA:4892,399,0,0
BRDA:4892,399,1,1743
BRDA:5181,400,0,649
BRDA:5181,400,1,0
BRDA:5183,401,0,0
BRDA:5183,401,1,649
BRDA:5263,402,0,246
BRDA:5263,402,1,872
BRDA:5278,403,0,64
BRDA:5278,403,1,246
BRDA:5279,404,0,8
BRDA:5279,404,1,56
BRDA:5318,405,0,39264
BRDA:5318,405,1,117792
BRDA:5564,406,0,21488
BRDA:5564,406,1,85952
BRDA:5592,407,0,38691
BRDA:5592,407,1,47261
BRDA:5594,408,0,41240
BRDA:5594,408,1,44712
BRDA:5596,409,0,38160
BRDA:5596,409,1,47792
BRDA:5618,410,0,53155
BRDA:5618,410,1,54285
BRDA:5620,411,0,54591
BRDA:5620,411,1,52849
BRDA:5622,412,0,56548
BRDA:5622,412,1,50892
BRDA:5624,413,0,48587
BRDA:5624,413,1,58853
BRDA:5628,414,0,53648
BRDA:5628,414,1,53792
BRDA:5638,415,0,54581
BRDA:5638,415,1,52859
BRDA:5646,416,0,54285
BRDA:5646,416,1,53155
BRDA:5651,417,0,975
BRDA:5651,417,1,368
BRDA:5653,418,0,666
BRDA:5653,418,1,677
BRDA:5655,419,0,995
BRDA:5655,419,1,348
BRDA:5657,420,0,566
BRDA:5657,420,1,777
BRDA:5659,421,0,824
BRDA:5659,421,1,519
BRDA:5661,422,0,472
BRDA:5661,422,1,871
BRDA:5663,423,0,974
BRDA:5663,423,1,369
BRDA:5665,424,0,394
BRDA:5665,424,1,949
BRDA:5759,425,0,0
BRDA:5759,425,1,1
BRDA:5759,426,0,1
BRDA:5759,426,1,1
BRDA:5760,427,0,1
BRDA:5760,427,1,0
BRDA:5760,428,0,1
BRDA:5760,428,1,0
BRDA:5799,429,0,0
BRDA:5799,429,1,978
BRDA:5800,430,0,0
BRDA:5800,430,1,978
BRDA:5801,431,0,978
BRDA:5801,431,1,0
BRDA:5823,432,0,0
BRDA:5823,432,1,0
BRDA:5824,433,0,0
BRDA:5824,433,1,0
BRDA:5841,434,0,0
BRDA:5841,434,1,0
BRDA:5858,435,0,0
BRDA:5858,435,1,854
BRDA:5858,436,0,854
BRDA:5858,436,1,0
BRDA:5858,436,2,0
BRDA:5862,437,0,0
BRDA:5862,437,1,854
BRDA:5875,438,0,205
BRDA:5875,438,1,649
BRDA:5887,439,0,0
BRDA:5887,439,1,854
BRDA:5898,440,0,0
BRDA:5898,440,1,0
BRDA:5943,441,0,312
BRDA:5943,441,1,205
BRDA:5949,442,0,100
BRDA:5949,442,1,105
BRDA:5983,443,0,0
BRDA:5983,443,1,1289
BRDA:5983,444,0,1289
BRDA:5983,444,1,935
BRDA:5983,444,2,622
BRDA:5983,444,3,311
BRDA:5986,445,0,665
BRDA:5986,445,1,624
BRDA:5987,446,0,624
BRDA:5987,446,1,665
BRDA:6006,447,0,0
BRDA:6006,447,1,772
BRDA:6014,448,0,530
BRDA:6014,448,1,242
BRDA:6016,449,0,116
BRDA:6016,449,1,126
BRDA:6044,450,0,0
BRDA:6044,450,1,0
BRDA:6072,451,0,0
BRDA:6072,451,1,772
BRDA:6110,452,0,0
BRDA:6110,452,1,0
BRDA:6202,453,0,648
BRDA:6202,453,1,978
BRDA:6204,454,0,648
BRDA:6204,454,1,0
BRDA:6218,455,0,32
BRDA:6218,455,1,32
BRDA:6223,456,0,32
BRDA:6223,456,1,32
BRDA:6228,457,0,843
BRDA:6228,457,1,0
BRDA:6230,458,0,0
BRDA:6230,458,1,843
BRDA:6230,459,0,843
BRDA:6230,459,1,0
BRDA:6243,460,0,843
BRDA:6243,460,1,0
BRDA:6245,461,0,715
BRDA:6245,461,1,128
BRDA:6245,462,0,843
BRDA:6245,462,1,715
BRDA:6265,463,0,1296
BRDA:6265,463,1,248
BRDA:6277,464,0,8
BRDA:6277,464,1,576
BRDA:6283,465,0,584
BRDA:6283,465,1,288
BRDA:6303,466,0,584
BRDA:6303,466,1,200
BRDA:6315,467,0,0
BRDA:6315,467,1,576
BRDA:6321,468,0,288
BRDA:6321,468,1,288
BRDA:6330,469,0,576
BRDA:6330,469,1,0
BRDA:6335,470,0,576
BRDA:6335,470,1,192
BRDA:6337,471,0,0
BRDA:6337,471,1,576
BRDA:6342,472,0,0
BRDA:6342,472,1,576
BRDA:6347,473,0,0
BRDA:6347,473,1,576
BRDA:6352,474,0,0
BRDA:6352,474,1,576
BRDA:6357,475,0,192
BRDA:6357,475,1,384
BRDA:6362,476,0,0
BRDA:6362,476,1,384
BRDA:6367,477,0,128
BRDA:6367,477,1,256
BRDA:6372,478,0,0
BRDA:6372,478,1,256
BRDA:6377,479,0,128
BRDA:6377,479,1,128
BRF:975
BRH:528
end_of_record
